<?xml version="1.0" encoding="UTF-8"?>
<testsuite xmlns:xsi="http://www.w3.org/2001/XMLSchema-instance" xsi:noNamespaceSchemaLocation="https://maven.apache.org/surefire/maven-surefire-plugin/xsd/surefire-test-report-3.0.xsd" version="3.0" name="com.tonic.runners.TestRunner" time="107.916" tests="1" errors="0" skipped="0" failures="1">
  <properties>
    <property name="java.specification.version" value="23"/>
    <property name="sun.jnu.encoding" value="UTF-8"/>
    <property name="java.class.path" value="/Users/vrize/.m2/repository/org/apache/maven/surefire/surefire-api/3.1.2/surefire-api-3.1.2.jar:/Users/vrize/.m2/repository/org/apache/maven/surefire/surefire-booter/3.1.2/surefire-booter-3.1.2.jar:/Users/vrize/.m2/repository/org/apache/maven/surefire/surefire-extensions-spi/3.1.2/surefire-extensions-spi-3.1.2.jar:/Users/vrize/.m2/repository/org/apache/maven/surefire/surefire-logger-api/3.1.2/surefire-logger-api-3.1.2.jar:/Users/vrize/.m2/repository/org/apache/maven/surefire/surefire-shared-utils/3.1.2/surefire-shared-utils-3.1.2.jar:/Users/vrize/Documents/vrize2/BOH_Automation/tonic-ai-automation/target/test-classes:/Users/vrize/Documents/vrize2/BOH_Automation/tonic-ai-automation/target/classes:/Users/vrize/.m2/repository/com/microsoft/playwright/playwright/1.44.0/playwright-1.44.0.jar:/Users/vrize/.m2/repository/com/google/code/gson/gson/2.10.1/gson-2.10.1.jar:/Users/vrize/.m2/repository/org/opentest4j/opentest4j/1.3.0/opentest4j-1.3.0.jar:/Users/vrize/.m2/repository/com/microsoft/playwright/driver/1.44.0/driver-1.44.0.jar:/Users/vrize/.m2/repository/com/microsoft/playwright/driver-bundle/1.44.0/driver-bundle-1.44.0.jar:/Users/vrize/.m2/repository/org/testng/testng/7.8.0/testng-7.8.0.jar:/Users/vrize/.m2/repository/org/slf4j/slf4j-api/1.7.36/slf4j-api-1.7.36.jar:/Users/vrize/.m2/repository/com/beust/jcommander/1.82/jcommander-1.82.jar:/Users/vrize/.m2/repository/org/webjars/jquery/3.6.1/jquery-3.6.1.jar:/Users/vrize/.m2/repository/io/qameta/allure/allure-testng/2.24.0/allure-testng-2.24.0.jar:/Users/vrize/.m2/repository/io/qameta/allure/allure-java-commons/2.24.0/allure-java-commons-2.24.0.jar:/Users/vrize/.m2/repository/io/qameta/allure/allure-model/2.24.0/allure-model-2.24.0.jar:/Users/vrize/.m2/repository/io/qameta/allure/allure-test-filter/2.24.0/allure-test-filter-2.24.0.jar:/Users/vrize/.m2/repository/com/aventstack/chaintest-testng/1.0.12/chaintest-testng-1.0.12.jar:/Users/vrize/.m2/repository/com/aventstack/chaintest-core/1.0.12/chaintest-core-1.0.12.jar:/Users/vrize/.m2/repository/org/freemarker/freemarker/2.3.33/freemarker-2.3.33.jar:/Users/vrize/.m2/repository/com/azure/azure-storage-blob/12.28.0/azure-storage-blob-12.28.0.jar:/Users/vrize/.m2/repository/com/azure/azure-core/1.52.0/azure-core-1.52.0.jar:/Users/vrize/.m2/repository/com/fasterxml/jackson/datatype/jackson-datatype-jsr310/2.17.2/jackson-datatype-jsr310-2.17.2.jar:/Users/vrize/.m2/repository/io/projectreactor/reactor-core/3.4.38/reactor-core-3.4.38.jar:/Users/vrize/.m2/repository/com/azure/azure-core-http-netty/1.15.4/azure-core-http-netty-1.15.4.jar:/Users/vrize/.m2/repository/io/netty/netty-handler/4.1.110.Final/netty-handler-4.1.110.Final.jar:/Users/vrize/.m2/repository/io/netty/netty-handler-proxy/4.1.110.Final/netty-handler-proxy-4.1.110.Final.jar:/Users/vrize/.m2/repository/io/netty/netty-codec-socks/4.1.110.Final/netty-codec-socks-4.1.110.Final.jar:/Users/vrize/.m2/repository/io/netty/netty-buffer/4.1.110.Final/netty-buffer-4.1.110.Final.jar:/Users/vrize/.m2/repository/io/netty/netty-codec/4.1.110.Final/netty-codec-4.1.110.Final.jar:/Users/vrize/.m2/repository/io/netty/netty-codec-http/4.1.110.Final/netty-codec-http-4.1.110.Final.jar:/Users/vrize/.m2/repository/io/netty/netty-codec-http2/4.1.110.Final/netty-codec-http2-4.1.110.Final.jar:/Users/vrize/.m2/repository/io/netty/netty-transport-native-unix-common/4.1.110.Final/netty-transport-native-unix-common-4.1.110.Final.jar:/Users/vrize/.m2/repository/io/netty/netty-transport-native-epoll/4.1.110.Final/netty-transport-native-epoll-4.1.110.Final-linux-x86_64.jar:/Users/vrize/.m2/repository/io/netty/netty-transport-native-kqueue/4.1.110.Final/netty-transport-native-kqueue-4.1.110.Final-osx-x86_64.jar:/Users/vrize/.m2/repository/io/netty/netty-transport-classes-kqueue/4.1.110.Final/netty-transport-classes-kqueue-4.1.110.Final.jar:/Users/vrize/.m2/repository/io/netty/netty-tcnative-boringssl-static/2.0.65.Final/netty-tcnative-boringssl-static-2.0.65.Final.jar:/Users/vrize/.m2/repository/io/netty/netty-tcnative-classes/2.0.65.Final/netty-tcnative-classes-2.0.65.Final.jar:/Users/vrize/.m2/repository/io/netty/netty-tcnative-boringssl-static/2.0.65.Final/netty-tcnative-boringssl-static-2.0.65.Final-linux-x86_64.jar:/Users/vrize/.m2/repository/io/netty/netty-tcnative-boringssl-static/2.0.65.Final/netty-tcnative-boringssl-static-2.0.65.Final-linux-aarch_64.jar:/Users/vrize/.m2/repository/io/netty/netty-tcnative-boringssl-static/2.0.65.Final/netty-tcnative-boringssl-static-2.0.65.Final-osx-x86_64.jar:/Users/vrize/.m2/repository/io/netty/netty-tcnative-boringssl-static/2.0.65.Final/netty-tcnative-boringssl-static-2.0.65.Final-osx-aarch_64.jar:/Users/vrize/.m2/repository/io/netty/netty-tcnative-boringssl-static/2.0.65.Final/netty-tcnative-boringssl-static-2.0.65.Final-windows-x86_64.jar:/Users/vrize/.m2/repository/io/projectreactor/netty/reactor-netty-http/1.0.45/reactor-netty-http-1.0.45.jar:/Users/vrize/.m2/repository/io/netty/netty-resolver-dns/4.1.109.Final/netty-resolver-dns-4.1.109.Final.jar:/Users/vrize/.m2/repository/io/netty/netty-codec-dns/4.1.109.Final/netty-codec-dns-4.1.109.Final.jar:/Users/vrize/.m2/repository/io/netty/netty-resolver-dns-native-macos/4.1.109.Final/netty-resolver-dns-native-macos-4.1.109.Final-osx-x86_64.jar:/Users/vrize/.m2/repository/io/netty/netty-resolver-dns-classes-macos/4.1.109.Final/netty-resolver-dns-classes-macos-4.1.109.Final.jar:/Users/vrize/.m2/repository/io/projectreactor/netty/reactor-netty-core/1.0.45/reactor-netty-core-1.0.45.jar:/Users/vrize/.m2/repository/io/netty/netty-common/4.1.110.Final/netty-common-4.1.110.Final.jar:/Users/vrize/.m2/repository/com/azure/azure-storage-internal-avro/12.13.0/azure-storage-internal-avro-12.13.0.jar:/Users/vrize/.m2/repository/com/azure/azure-xml/1.1.0/azure-xml-1.1.0.jar:/Users/vrize/.m2/repository/com/azure/azure-storage-common/12.28.0/azure-storage-common-12.28.0.jar:/Users/vrize/.m2/repository/com/azure/azure-identity/1.13.3/azure-identity-1.13.3.jar:/Users/vrize/.m2/repository/com/azure/azure-json/1.3.0/azure-json-1.3.0.jar:/Users/vrize/.m2/repository/com/microsoft/azure/msal4j/1.17.1/msal4j-1.17.1.jar:/Users/vrize/.m2/repository/com/nimbusds/oauth2-oidc-sdk/11.18/oauth2-oidc-sdk-11.18.jar:/Users/vrize/.m2/repository/com/github/stephenc/jcip/jcip-annotations/1.0-1/jcip-annotations-1.0-1.jar:/Users/vrize/.m2/repository/com/nimbusds/content-type/2.3/content-type-2.3.jar:/Users/vrize/.m2/repository/com/nimbusds/lang-tag/1.7/lang-tag-1.7.jar:/Users/vrize/.m2/repository/com/nimbusds/nimbus-jose-jwt/9.40/nimbus-jose-jwt-9.40.jar:/Users/vrize/.m2/repository/net/minidev/json-smart/2.5.0/json-smart-2.5.0.jar:/Users/vrize/.m2/repository/net/minidev/accessors-smart/2.5.0/accessors-smart-2.5.0.jar:/Users/vrize/.m2/repository/org/ow2/asm/asm/9.3/asm-9.3.jar:/Users/vrize/.m2/repository/com/microsoft/azure/msal4j-persistence-extension/1.3.0/msal4j-persistence-extension-1.3.0.jar:/Users/vrize/.m2/repository/net/java/dev/jna/jna-platform/5.6.0/jna-platform-5.6.0.jar:/Users/vrize/.m2/repository/software/amazon/awssdk/s3/2.29.39/s3-2.29.39.jar:/Users/vrize/.m2/repository/software/amazon/awssdk/aws-xml-protocol/2.29.39/aws-xml-protocol-2.29.39.jar:/Users/vrize/.m2/repository/software/amazon/awssdk/aws-query-protocol/2.29.39/aws-query-protocol-2.29.39.jar:/Users/vrize/.m2/repository/software/amazon/awssdk/protocol-core/2.29.39/protocol-core-2.29.39.jar:/Users/vrize/.m2/repository/software/amazon/awssdk/arns/2.29.39/arns-2.29.39.jar:/Users/vrize/.m2/repository/software/amazon/awssdk/profiles/2.29.39/profiles-2.29.39.jar:/Users/vrize/.m2/repository/software/amazon/awssdk/crt-core/2.29.39/crt-core-2.29.39.jar:/Users/vrize/.m2/repository/software/amazon/awssdk/http-auth/2.29.39/http-auth-2.29.39.jar:/Users/vrize/.m2/repository/software/amazon/awssdk/identity-spi/2.29.39/identity-spi-2.29.39.jar:/Users/vrize/.m2/repository/software/amazon/awssdk/http-auth-spi/2.29.39/http-auth-spi-2.29.39.jar:/Users/vrize/.m2/repository/org/reactivestreams/reactive-streams/1.0.4/reactive-streams-1.0.4.jar:/Users/vrize/.m2/repository/software/amazon/awssdk/http-auth-aws/2.29.39/http-auth-aws-2.29.39.jar:/Users/vrize/.m2/repository/software/amazon/awssdk/checksums/2.29.39/checksums-2.29.39.jar:/Users/vrize/.m2/repository/software/amazon/awssdk/checksums-spi/2.29.39/checksums-spi-2.29.39.jar:/Users/vrize/.m2/repository/software/amazon/awssdk/retries-spi/2.29.39/retries-spi-2.29.39.jar:/Users/vrize/.m2/repository/software/amazon/awssdk/sdk-core/2.29.39/sdk-core-2.29.39.jar:/Users/vrize/.m2/repository/software/amazon/awssdk/retries/2.29.39/retries-2.29.39.jar:/Users/vrize/.m2/repository/software/amazon/awssdk/auth/2.29.39/auth-2.29.39.jar:/Users/vrize/.m2/repository/software/amazon/awssdk/http-auth-aws-eventstream/2.29.39/http-auth-aws-eventstream-2.29.39.jar:/Users/vrize/.m2/repository/software/amazon/eventstream/eventstream/1.0.1/eventstream-1.0.1.jar:/Users/vrize/.m2/repository/software/amazon/awssdk/http-client-spi/2.29.39/http-client-spi-2.29.39.jar:/Users/vrize/.m2/repository/software/amazon/awssdk/regions/2.29.39/regions-2.29.39.jar:/Users/vrize/.m2/repository/software/amazon/awssdk/annotations/2.29.39/annotations-2.29.39.jar:/Users/vrize/.m2/repository/software/amazon/awssdk/utils/2.29.39/utils-2.29.39.jar:/Users/vrize/.m2/repository/software/amazon/awssdk/aws-core/2.29.39/aws-core-2.29.39.jar:/Users/vrize/.m2/repository/software/amazon/awssdk/metrics-spi/2.29.39/metrics-spi-2.29.39.jar:/Users/vrize/.m2/repository/software/amazon/awssdk/json-utils/2.29.39/json-utils-2.29.39.jar:/Users/vrize/.m2/repository/software/amazon/awssdk/third-party-jackson-core/2.29.39/third-party-jackson-core-2.29.39.jar:/Users/vrize/.m2/repository/software/amazon/awssdk/endpoints-spi/2.29.39/endpoints-spi-2.29.39.jar:/Users/vrize/.m2/repository/software/amazon/awssdk/netty-nio-client/2.29.39/netty-nio-client-2.29.39.jar:/Users/vrize/.m2/repository/io/netty/netty-transport/4.1.115.Final/netty-transport-4.1.115.Final.jar:/Users/vrize/.m2/repository/io/netty/netty-transport-classes-epoll/4.1.115.Final/netty-transport-classes-epoll-4.1.115.Final.jar:/Users/vrize/.m2/repository/io/netty/netty-resolver/4.1.115.Final/netty-resolver-4.1.115.Final.jar:/Users/vrize/.m2/repository/software/amazon/awssdk/apache-client/2.29.39/apache-client-2.29.39.jar:/Users/vrize/.m2/repository/com/aventstack/chaintest-cucumber-jvm/1.0.12/chaintest-cucumber-jvm-1.0.12.jar:/Users/vrize/.m2/repository/io/cucumber/cucumber-plugin/7.11.1/cucumber-plugin-7.11.1.jar:/Users/vrize/.m2/repository/ch/qos/logback/logback-classic/1.5.9/logback-classic-1.5.9.jar:/Users/vrize/.m2/repository/ch/qos/logback/logback-core/1.5.9/logback-core-1.5.9.jar:/Users/vrize/.m2/repository/com/fasterxml/jackson/core/jackson-databind/2.14.2/jackson-databind-2.14.2.jar:/Users/vrize/.m2/repository/com/fasterxml/jackson/core/jackson-annotations/2.14.2/jackson-annotations-2.14.2.jar:/Users/vrize/.m2/repository/com/fasterxml/jackson/core/jackson-core/2.14.2/jackson-core-2.14.2.jar:/Users/vrize/.m2/repository/org/projectlombok/lombok/1.18.30/lombok-1.18.30.jar:/Users/vrize/.m2/repository/org/hamcrest/hamcrest-library/2.2/hamcrest-library-2.2.jar:/Users/vrize/.m2/repository/org/hamcrest/hamcrest-core/2.2/hamcrest-core-2.2.jar:/Users/vrize/.m2/repository/org/seleniumhq/selenium/selenium-java/4.17.0/selenium-java-4.17.0.jar:/Users/vrize/.m2/repository/org/seleniumhq/selenium/selenium-api/4.17.0/selenium-api-4.17.0.jar:/Users/vrize/.m2/repository/org/seleniumhq/selenium/selenium-chrome-driver/4.17.0/selenium-chrome-driver-4.17.0.jar:/Users/vrize/.m2/repository/com/google/auto/service/auto-service-annotations/1.1.1/auto-service-annotations-1.1.1.jar:/Users/vrize/.m2/repository/org/seleniumhq/selenium/selenium-chromium-driver/4.17.0/selenium-chromium-driver-4.17.0.jar:/Users/vrize/.m2/repository/org/seleniumhq/selenium/selenium-json/4.17.0/selenium-json-4.17.0.jar:/Users/vrize/.m2/repository/org/seleniumhq/selenium/selenium-manager/4.17.0/selenium-manager-4.17.0.jar:/Users/vrize/.m2/repository/org/seleniumhq/selenium/selenium-devtools-v119/4.17.0/selenium-devtools-v119-4.17.0.jar:/Users/vrize/.m2/repository/org/seleniumhq/selenium/selenium-devtools-v120/4.17.0/selenium-devtools-v120-4.17.0.jar:/Users/vrize/.m2/repository/org/seleniumhq/selenium/selenium-devtools-v121/4.17.0/selenium-devtools-v121-4.17.0.jar:/Users/vrize/.m2/repository/org/seleniumhq/selenium/selenium-devtools-v85/4.17.0/selenium-devtools-v85-4.17.0.jar:/Users/vrize/.m2/repository/org/seleniumhq/selenium/selenium-edge-driver/4.17.0/selenium-edge-driver-4.17.0.jar:/Users/vrize/.m2/repository/org/seleniumhq/selenium/selenium-firefox-driver/4.17.0/selenium-firefox-driver-4.17.0.jar:/Users/vrize/.m2/repository/org/seleniumhq/selenium/selenium-http/4.17.0/selenium-http-4.17.0.jar:/Users/vrize/.m2/repository/dev/failsafe/failsafe/3.3.2/failsafe-3.3.2.jar:/Users/vrize/.m2/repository/org/seleniumhq/selenium/selenium-ie-driver/4.17.0/selenium-ie-driver-4.17.0.jar:/Users/vrize/.m2/repository/org/seleniumhq/selenium/selenium-remote-driver/4.17.0/selenium-remote-driver-4.17.0.jar:/Users/vrize/.m2/repository/com/google/guava/guava/33.0.0-jre/guava-33.0.0-jre.jar:/Users/vrize/.m2/repository/com/google/guava/failureaccess/1.0.2/failureaccess-1.0.2.jar:/Users/vrize/.m2/repository/com/google/guava/listenablefuture/9999.0-empty-to-avoid-conflict-with-guava/listenablefuture-9999.0-empty-to-avoid-conflict-with-guava.jar:/Users/vrize/.m2/repository/com/google/code/findbugs/jsr305/3.0.2/jsr305-3.0.2.jar:/Users/vrize/.m2/repository/org/checkerframework/checker-qual/3.41.0/checker-qual-3.41.0.jar:/Users/vrize/.m2/repository/com/google/errorprone/error_prone_annotations/2.23.0/error_prone_annotations-2.23.0.jar:/Users/vrize/.m2/repository/com/google/j2objc/j2objc-annotations/2.8/j2objc-annotations-2.8.jar:/Users/vrize/.m2/repository/io/opentelemetry/semconv/opentelemetry-semconv/1.23.1-alpha/opentelemetry-semconv-1.23.1-alpha.jar:/Users/vrize/.m2/repository/io/opentelemetry/opentelemetry-api/1.34.1/opentelemetry-api-1.34.1.jar:/Users/vrize/.m2/repository/io/opentelemetry/opentelemetry-context/1.34.1/opentelemetry-context-1.34.1.jar:/Users/vrize/.m2/repository/io/opentelemetry/opentelemetry-exporter-logging/1.34.1/opentelemetry-exporter-logging-1.34.1.jar:/Users/vrize/.m2/repository/io/opentelemetry/opentelemetry-sdk-common/1.34.1/opentelemetry-sdk-common-1.34.1.jar:/Users/vrize/.m2/repository/io/opentelemetry/opentelemetry-sdk-extension-autoconfigure-spi/1.34.1/opentelemetry-sdk-extension-autoconfigure-spi-1.34.1.jar:/Users/vrize/.m2/repository/io/opentelemetry/opentelemetry-sdk-extension-autoconfigure/1.34.1/opentelemetry-sdk-extension-autoconfigure-1.34.1.jar:/Users/vrize/.m2/repository/io/opentelemetry/opentelemetry-api-events/1.34.1-alpha/opentelemetry-api-events-1.34.1-alpha.jar:/Users/vrize/.m2/repository/io/opentelemetry/opentelemetry-sdk-trace/1.34.1/opentelemetry-sdk-trace-1.34.1.jar:/Users/vrize/.m2/repository/io/opentelemetry/opentelemetry-sdk/1.34.1/opentelemetry-sdk-1.34.1.jar:/Users/vrize/.m2/repository/io/opentelemetry/opentelemetry-sdk-metrics/1.34.1/opentelemetry-sdk-metrics-1.34.1.jar:/Users/vrize/.m2/repository/io/opentelemetry/opentelemetry-extension-incubator/1.34.1-alpha/opentelemetry-extension-incubator-1.34.1-alpha.jar:/Users/vrize/.m2/repository/io/opentelemetry/opentelemetry-sdk-logs/1.34.1/opentelemetry-sdk-logs-1.34.1.jar:/Users/vrize/.m2/repository/net/bytebuddy/byte-buddy/1.14.11/byte-buddy-1.14.11.jar:/Users/vrize/.m2/repository/org/seleniumhq/selenium/selenium-os/4.17.0/selenium-os-4.17.0.jar:/Users/vrize/.m2/repository/org/apache/commons/commons-exec/1.3/commons-exec-1.3.jar:/Users/vrize/.m2/repository/org/seleniumhq/selenium/selenium-safari-driver/4.17.0/selenium-safari-driver-4.17.0.jar:/Users/vrize/.m2/repository/org/seleniumhq/selenium/selenium-support/4.17.0/selenium-support-4.17.0.jar:/Users/vrize/.m2/repository/io/appium/java-client/9.1.0/java-client-9.1.0.jar:/Users/vrize/.m2/repository/net/datafaker/datafaker/2.1.0/datafaker-2.1.0.jar:/Users/vrize/.m2/repository/org/yaml/snakeyaml/2.2/snakeyaml-2.2.jar:/Users/vrize/.m2/repository/com/github/mifmif/generex/1.0.2/generex-1.0.2.jar:/Users/vrize/.m2/repository/dk/brics/automaton/automaton/1.11-8/automaton-1.11-8.jar:/Users/vrize/.m2/repository/commons-io/commons-io/2.15.1/commons-io-2.15.1.jar:/Users/vrize/.m2/repository/ru/yandex/qatools/ashot/ashot/1.5.4/ashot-1.5.4.jar:/Users/vrize/.m2/repository/org/jetbrains/annotations/24.1.0/annotations-24.1.0.jar:/Users/vrize/.m2/repository/com/googlecode/json-simple/json-simple/1.1.1/json-simple-1.1.1.jar:/Users/vrize/.m2/repository/junit/junit/4.10/junit-4.10.jar:/Users/vrize/.m2/repository/org/json/json/20240303/json-20240303.jar:/Users/vrize/.m2/repository/net/sourceforge/tess4j/tess4j/5.9.0/tess4j-5.9.0.jar:/Users/vrize/.m2/repository/net/java/dev/jna/jna/5.13.0/jna-5.13.0.jar:/Users/vrize/.m2/repository/com/github/jai-imageio/jai-imageio-core/1.4.0/jai-imageio-core-1.4.0.jar:/Users/vrize/.m2/repository/org/apache/pdfbox/pdfbox/3.0.1/pdfbox-3.0.1.jar:/Users/vrize/.m2/repository/org/apache/pdfbox/pdfbox-io/3.0.1/pdfbox-io-3.0.1.jar:/Users/vrize/.m2/repository/org/apache/pdfbox/fontbox/3.0.1/fontbox-3.0.1.jar:/Users/vrize/.m2/repository/commons-logging/commons-logging/1.2/commons-logging-1.2.jar:/Users/vrize/.m2/repository/org/apache/pdfbox/pdfbox-tools/3.0.1/pdfbox-tools-3.0.1.jar:/Users/vrize/.m2/repository/org/apache/pdfbox/pdfbox-debugger/3.0.1/pdfbox-debugger-3.0.1.jar:/Users/vrize/.m2/repository/info/picocli/picocli/4.7.5/picocli-4.7.5.jar:/Users/vrize/.m2/repository/org/apache/pdfbox/jbig2-imageio/3.0.4/jbig2-imageio-3.0.4.jar:/Users/vrize/.m2/repository/net/sourceforge/lept4j/lept4j/1.18.2/lept4j-1.18.2.jar:/Users/vrize/.m2/repository/org/jboss/jboss-vfs/3.2.17.Final/jboss-vfs-3.2.17.Final.jar:/Users/vrize/.m2/repository/org/jboss/logging/jboss-logging/3.1.4.GA/jboss-logging-3.1.4.GA.jar:/Users/vrize/.m2/repository/net/rcarz/jira-client/0.5/jira-client-0.5.jar:/Users/vrize/.m2/repository/org/apache/httpcomponents/httpclient/4.2.5/httpclient-4.2.5.jar:/Users/vrize/.m2/repository/org/apache/httpcomponents/httpcore/4.2.4/httpcore-4.2.4.jar:/Users/vrize/.m2/repository/org/apache/httpcomponents/httpmime/4.2.5/httpmime-4.2.5.jar:/Users/vrize/.m2/repository/net/sf/json-lib/json-lib/2.4/json-lib-2.4-jdk15.jar:/Users/vrize/.m2/repository/commons-lang/commons-lang/2.5/commons-lang-2.5.jar:/Users/vrize/.m2/repository/net/sf/ezmorph/ezmorph/1.0.6/ezmorph-1.0.6.jar:/Users/vrize/.m2/repository/joda-time/joda-time/2.3/joda-time-2.3.jar:/Users/vrize/.m2/repository/org/mockito/mockito-all/1.9.0/mockito-all-1.9.0.jar:/Users/vrize/.m2/repository/commons-httpclient/commons-httpclient/3.1/commons-httpclient-3.1.jar:/Users/vrize/.m2/repository/net/serenity-bdd/serenity-core/3.6.21/serenity-core-3.6.21.jar:/Users/vrize/.m2/repository/net/serenity-bdd/serenity-model/3.6.21/serenity-model-3.6.21.jar:/Users/vrize/.m2/repository/org/apache/commons/commons-text/1.10.0/commons-text-1.10.0.jar:/Users/vrize/.m2/repository/commons-net/commons-net/3.9.0/commons-net-3.9.0.jar:/Users/vrize/.m2/repository/com/google/inject/guice/5.1.0/guice-5.1.0.jar:/Users/vrize/.m2/repository/javax/inject/javax.inject/1/javax.inject-1.jar:/Users/vrize/.m2/repository/aopalliance/aopalliance/1.0/aopalliance-1.0.jar:/Users/vrize/.m2/repository/org/jsoup/jsoup/1.14.3/jsoup-1.14.3.jar:/Users/vrize/.m2/repository/com/thoughtworks/xstream/xstream/1.4.20/xstream-1.4.20.jar:/Users/vrize/.m2/repository/io/github/x-stream/mxparser/1.2.2/mxparser-1.2.2.jar:/Users/vrize/.m2/repository/xmlpull/xmlpull/1.1.3.1/xmlpull-1.1.3.1.jar:/Users/vrize/.m2/repository/com/typesafe/config/1.4.2/config-1.4.2.jar:/Users/vrize/.m2/repository/org/imgscalr/imgscalr-lib/4.2/imgscalr-lib-4.2.jar:/Users/vrize/.m2/repository/org/awaitility/awaitility/4.2.0/awaitility-4.2.0.jar:/Users/vrize/.m2/repository/io/github/classgraph/classgraph/4.8.138/classgraph-4.8.138.jar:/Users/vrize/.m2/repository/net/sourceforge/jexcelapi/jxl/2.6.12/jxl-2.6.12.jar:/Users/vrize/.m2/repository/net/bytebuddy/byte-buddy-agent/1.14.2/byte-buddy-agent-1.14.2.jar:/Users/vrize/.m2/repository/org/objenesis/objenesis/3.3/objenesis-3.3.jar:/Users/vrize/.m2/repository/net/serenity-bdd/serenity-reports/3.6.21/serenity-reports-3.6.21.jar:/Users/vrize/.m2/repository/net/serenity-bdd/serenity-stats/3.6.21/serenity-stats-3.6.21.jar:/Users/vrize/.m2/repository/org/jetbrains/kotlin/kotlin-stdlib/1.8.10/kotlin-stdlib-1.8.10.jar:/Users/vrize/.m2/repository/org/jetbrains/kotlin/kotlin-stdlib-common/1.8.10/kotlin-stdlib-common-1.8.10.jar:/Users/vrize/.m2/repository/net/serenity-bdd/serenity-reports-configuration/3.6.21/serenity-reports-configuration-3.6.21.jar:/Users/vrize/.m2/repository/com/vladsch/flexmark/flexmark-all/0.62.2/flexmark-all-0.62.2.jar:/Users/vrize/.m2/repository/com/vladsch/flexmark/flexmark/0.62.2/flexmark-0.62.2.jar:/Users/vrize/.m2/repository/com/vladsch/flexmark/flexmark-ext-abbreviation/0.62.2/flexmark-ext-abbreviation-0.62.2.jar:/Users/vrize/.m2/repository/com/vladsch/flexmark/flexmark-util/0.62.2/flexmark-util-0.62.2.jar:/Users/vrize/.m2/repository/com/vladsch/flexmark/flexmark-ext-admonition/0.62.2/flexmark-ext-admonition-0.62.2.jar:/Users/vrize/.m2/repository/com/vladsch/flexmark/flexmark-ext-anchorlink/0.62.2/flexmark-ext-anchorlink-0.62.2.jar:/Users/vrize/.m2/repository/com/vladsch/flexmark/flexmark-ext-aside/0.62.2/flexmark-ext-aside-0.62.2.jar:/Users/vrize/.m2/repository/com/vladsch/flexmark/flexmark-ext-attributes/0.62.2/flexmark-ext-attributes-0.62.2.jar:/Users/vrize/.m2/repository/com/vladsch/flexmark/flexmark-ext-autolink/0.62.2/flexmark-ext-autolink-0.62.2.jar:/Users/vrize/.m2/repository/org/nibor/autolink/autolink/0.6.0/autolink-0.6.0.jar:/Users/vrize/.m2/repository/com/vladsch/flexmark/flexmark-ext-definition/0.62.2/flexmark-ext-definition-0.62.2.jar:/Users/vrize/.m2/repository/com/vladsch/flexmark/flexmark-ext-emoji/0.62.2/flexmark-ext-emoji-0.62.2.jar:/Users/vrize/.m2/repository/com/vladsch/flexmark/flexmark-ext-enumerated-reference/0.62.2/flexmark-ext-enumerated-reference-0.62.2.jar:/Users/vrize/.m2/repository/com/vladsch/flexmark/flexmark-ext-escaped-character/0.62.2/flexmark-ext-escaped-character-0.62.2.jar:/Users/vrize/.m2/repository/com/vladsch/flexmark/flexmark-ext-footnotes/0.62.2/flexmark-ext-footnotes-0.62.2.jar:/Users/vrize/.m2/repository/com/vladsch/flexmark/flexmark-ext-gfm-issues/0.62.2/flexmark-ext-gfm-issues-0.62.2.jar:/Users/vrize/.m2/repository/com/vladsch/flexmark/flexmark-ext-gfm-strikethrough/0.62.2/flexmark-ext-gfm-strikethrough-0.62.2.jar:/Users/vrize/.m2/repository/com/vladsch/flexmark/flexmark-ext-gfm-tasklist/0.62.2/flexmark-ext-gfm-tasklist-0.62.2.jar:/Users/vrize/.m2/repository/com/vladsch/flexmark/flexmark-ext-gfm-users/0.62.2/flexmark-ext-gfm-users-0.62.2.jar:/Users/vrize/.m2/repository/com/vladsch/flexmark/flexmark-ext-gitlab/0.62.2/flexmark-ext-gitlab-0.62.2.jar:/Users/vrize/.m2/repository/com/vladsch/flexmark/flexmark-ext-jekyll-front-matter/0.62.2/flexmark-ext-jekyll-front-matter-0.62.2.jar:/Users/vrize/.m2/repository/com/vladsch/flexmark/flexmark-ext-jekyll-tag/0.62.2/flexmark-ext-jekyll-tag-0.62.2.jar:/Users/vrize/.m2/repository/com/vladsch/flexmark/flexmark-ext-media-tags/0.62.2/flexmark-ext-media-tags-0.62.2.jar:/Users/vrize/.m2/repository/com/vladsch/flexmark/flexmark-ext-macros/0.62.2/flexmark-ext-macros-0.62.2.jar:/Users/vrize/.m2/repository/com/vladsch/flexmark/flexmark-ext-ins/0.62.2/flexmark-ext-ins-0.62.2.jar:/Users/vrize/.m2/repository/com/vladsch/flexmark/flexmark-ext-xwiki-macros/0.62.2/flexmark-ext-xwiki-macros-0.62.2.jar:/Users/vrize/.m2/repository/com/vladsch/flexmark/flexmark-ext-superscript/0.62.2/flexmark-ext-superscript-0.62.2.jar:/Users/vrize/.m2/repository/com/vladsch/flexmark/flexmark-ext-tables/0.62.2/flexmark-ext-tables-0.62.2.jar:/Users/vrize/.m2/repository/com/vladsch/flexmark/flexmark-ext-toc/0.62.2/flexmark-ext-toc-0.62.2.jar:/Users/vrize/.m2/repository/com/vladsch/flexmark/flexmark-ext-typographic/0.62.2/flexmark-ext-typographic-0.62.2.jar:/Users/vrize/.m2/repository/com/vladsch/flexmark/flexmark-ext-wikilink/0.62.2/flexmark-ext-wikilink-0.62.2.jar:/Users/vrize/.m2/repository/com/vladsch/flexmark/flexmark-ext-yaml-front-matter/0.62.2/flexmark-ext-yaml-front-matter-0.62.2.jar:/Users/vrize/.m2/repository/com/vladsch/flexmark/flexmark-ext-youtube-embedded/0.62.2/flexmark-ext-youtube-embedded-0.62.2.jar:/Users/vrize/.m2/repository/com/vladsch/flexmark/flexmark-html2md-converter/0.62.2/flexmark-html2md-converter-0.62.2.jar:/Users/vrize/.m2/repository/com/vladsch/flexmark/flexmark-jira-converter/0.62.2/flexmark-jira-converter-0.62.2.jar:/Users/vrize/.m2/repository/com/vladsch/flexmark/flexmark-pdf-converter/0.62.2/flexmark-pdf-converter-0.62.2.jar:/Users/vrize/.m2/repository/com/openhtmltopdf/openhtmltopdf-core/1.0.0/openhtmltopdf-core-1.0.0.jar:/Users/vrize/.m2/repository/com/openhtmltopdf/openhtmltopdf-pdfbox/1.0.0/openhtmltopdf-pdfbox-1.0.0.jar:/Users/vrize/.m2/repository/org/apache/pdfbox/xmpbox/2.0.16/xmpbox-2.0.16.jar:/Users/vrize/.m2/repository/de/rototor/pdfbox/graphics2d/0.24/graphics2d-0.24.jar:/Users/vrize/.m2/repository/com/openhtmltopdf/openhtmltopdf-rtl-support/1.0.0/openhtmltopdf-rtl-support-1.0.0.jar:/Users/vrize/.m2/repository/com/openhtmltopdf/openhtmltopdf-jsoup-dom-converter/1.0.0/openhtmltopdf-jsoup-dom-converter-1.0.0.jar:/Users/vrize/.m2/repository/com/vladsch/flexmark/flexmark-profile-pegdown/0.62.2/flexmark-profile-pegdown-0.62.2.jar:/Users/vrize/.m2/repository/com/vladsch/flexmark/flexmark-util-ast/0.62.2/flexmark-util-ast-0.62.2.jar:/Users/vrize/.m2/repository/com/vladsch/flexmark/flexmark-util-builder/0.62.2/flexmark-util-builder-0.62.2.jar:/Users/vrize/.m2/repository/com/vladsch/flexmark/flexmark-util-collection/0.62.2/flexmark-util-collection-0.62.2.jar:/Users/vrize/.m2/repository/com/vladsch/flexmark/flexmark-util-data/0.62.2/flexmark-util-data-0.62.2.jar:/Users/vrize/.m2/repository/com/vladsch/flexmark/flexmark-util-dependency/0.62.2/flexmark-util-dependency-0.62.2.jar:/Users/vrize/.m2/repository/com/vladsch/flexmark/flexmark-util-format/0.62.2/flexmark-util-format-0.62.2.jar:/Users/vrize/.m2/repository/com/vladsch/flexmark/flexmark-util-html/0.62.2/flexmark-util-html-0.62.2.jar:/Users/vrize/.m2/repository/com/vladsch/flexmark/flexmark-util-misc/0.62.2/flexmark-util-misc-0.62.2.jar:/Users/vrize/.m2/repository/com/vladsch/flexmark/flexmark-util-options/0.62.2/flexmark-util-options-0.62.2.jar:/Users/vrize/.m2/repository/com/vladsch/flexmark/flexmark-util-sequence/0.62.2/flexmark-util-sequence-0.62.2.jar:/Users/vrize/.m2/repository/com/vladsch/flexmark/flexmark-util-visitor/0.62.2/flexmark-util-visitor-0.62.2.jar:/Users/vrize/.m2/repository/com/vladsch/flexmark/flexmark-youtrack-converter/0.62.2/flexmark-youtrack-converter-0.62.2.jar:/Users/vrize/.m2/repository/com/ibm/icu/icu4j/72.1/icu4j-72.1.jar:/Users/vrize/.m2/repository/es/nitaur/markdown/txtmark/0.16/txtmark-0.16.jar:/Users/vrize/.m2/repository/net/serenity-bdd/serenity-report-resources/3.6.21/serenity-report-resources-3.6.21.jar:/Users/vrize/.m2/repository/commons-codec/commons-codec/1.15/commons-codec-1.15.jar:/Users/vrize/.m2/repository/org/apache/groovy/groovy/4.0.10/groovy-4.0.10.jar:/Users/vrize/.m2/repository/net/sf/opencsv/opencsv/2.0/opencsv-2.0.jar:/Users/vrize/.m2/repository/commons-beanutils/commons-beanutils/1.9.4/commons-beanutils-1.9.4.jar:/Users/vrize/.m2/repository/org/apache/commons/commons-lang3/3.12.0/commons-lang3-3.12.0.jar:/Users/vrize/.m2/repository/commons-collections/commons-collections/3.2.2/commons-collections-3.2.2.jar:/Users/vrize/.m2/repository/org/fluentlenium/fluentlenium-core/0.10.2/fluentlenium-core-0.10.2.jar:/Users/vrize/.m2/repository/io/github/bonigarcia/webdrivermanager/5.3.0/webdrivermanager-5.3.0.jar:/Users/vrize/.m2/repository/com/github/docker-java/docker-java/3.2.13/docker-java-3.2.13.jar:/Users/vrize/.m2/repository/com/github/docker-java/docker-java-core/3.2.13/docker-java-core-3.2.13.jar:/Users/vrize/.m2/repository/com/github/docker-java/docker-java-api/3.2.13/docker-java-api-3.2.13.jar:/Users/vrize/.m2/repository/org/apache/commons/commons-compress/1.21/commons-compress-1.21.jar:/Users/vrize/.m2/repository/org/bouncycastle/bcpkix-jdk15on/1.64/bcpkix-jdk15on-1.64.jar:/Users/vrize/.m2/repository/org/bouncycastle/bcprov-jdk15on/1.64/bcprov-jdk15on-1.64.jar:/Users/vrize/.m2/repository/org/slf4j/jcl-over-slf4j/1.7.30/jcl-over-slf4j-1.7.30.jar:/Users/vrize/.m2/repository/com/github/docker-java/docker-java-transport-httpclient5/3.2.13/docker-java-transport-httpclient5-3.2.13.jar:/Users/vrize/.m2/repository/com/github/docker-java/docker-java-transport/3.2.13/docker-java-transport-3.2.13.jar:/Users/vrize/.m2/repository/org/brotli/dec/0.1.2/dec-0.1.2.jar:/Users/vrize/.m2/repository/org/apache/httpcomponents/client5/httpclient5/5.1.3/httpclient5-5.1.3.jar:/Users/vrize/.m2/repository/org/apache/httpcomponents/core5/httpcore5/5.1.3/httpcore5-5.1.3.jar:/Users/vrize/.m2/repository/org/apache/httpcomponents/core5/httpcore5-h2/5.1.3/httpcore5-h2-5.1.3.jar:/Users/vrize/.m2/repository/com/jhlabs/filters/2.0.235/filters-2.0.235.jar:/Users/vrize/.m2/repository/com/paulhammant/ngwebdriver/1.1.6/ngwebdriver-1.1.6.jar:/Users/vrize/.m2/repository/org/hamcrest/hamcrest/2.2/hamcrest-2.2.jar:/Users/vrize/.m2/repository/com/google/jimfs/jimfs/1.2/jimfs-1.2.jar:/Users/vrize/.m2/repository/org/mockito/mockito-core/3.3.3/mockito-core-3.3.3.jar:/Users/vrize/.m2/repository/org/assertj/assertj-core/3.24.2/assertj-core-3.24.2.jar:/Users/vrize/.m2/repository/javax/xml/bind/jaxb-api/2.3.1/jaxb-api-2.3.1.jar:/Users/vrize/.m2/repository/javax/activation/javax.activation-api/1.2.0/javax.activation-api-1.2.0.jar:/Users/vrize/.m2/repository/com/sun/xml/bind/jaxb-core/2.3.0.1/jaxb-core-2.3.0.1.jar:/Users/vrize/.m2/repository/com/sun/xml/bind/jaxb-impl/2.3.3/jaxb-impl-2.3.3.jar:/Users/vrize/.m2/repository/jakarta/xml/bind/jakarta.xml.bind-api/2.3.3/jakarta.xml.bind-api-2.3.3.jar:/Users/vrize/.m2/repository/com/sun/activation/jakarta.activation/1.2.2/jakarta.activation-1.2.2.jar:/Users/vrize/.m2/repository/javax/activation/activation/1.1.1/activation-1.1.1.jar:/Users/vrize/.m2/repository/net/serenity-bdd/serenity-cucumber/3.6.21/serenity-cucumber-3.6.21.jar:/Users/vrize/.m2/repository/net/serenity-bdd/serenity-screenplay/3.6.21/serenity-screenplay-3.6.21.jar:/Users/vrize/.m2/repository/net/serenity-bdd/serenity-screenplay-webdriver/3.6.21/serenity-screenplay-webdriver-3.6.21.jar:/Users/vrize/.m2/repository/org/apache/commons/commons-csv/1.5/commons-csv-1.5.jar:/Users/vrize/.m2/repository/io/cucumber/cucumber-testng/7.23.0/cucumber-testng-7.23.0.jar:/Users/vrize/.m2/repository/org/apiguardian/apiguardian-api/1.1.2/apiguardian-api-1.1.2.jar:/Users/vrize/.m2/repository/io/cucumber/cucumber-core/7.23.0/cucumber-core-7.23.0.jar:/Users/vrize/.m2/repository/io/cucumber/cucumber-gherkin/7.23.0/cucumber-gherkin-7.23.0.jar:/Users/vrize/.m2/repository/io/cucumber/cucumber-gherkin-messages/7.23.0/cucumber-gherkin-messages-7.23.0.jar:/Users/vrize/.m2/repository/io/cucumber/messages/27.2.0/messages-27.2.0.jar:/Users/vrize/.m2/repository/io/cucumber/testng-xml-formatter/0.3.1/testng-xml-formatter-0.3.1.jar:/Users/vrize/.m2/repository/io/cucumber/query/13.6.0/query-13.6.0.jar:/Users/vrize/.m2/repository/io/cucumber/tag-expressions/6.1.2/tag-expressions-6.1.2.jar:/Users/vrize/.m2/repository/io/cucumber/cucumber-expressions/18.0.1/cucumber-expressions-18.0.1.jar:/Users/vrize/.m2/repository/io/cucumber/datatable/7.23.0/datatable-7.23.0.jar:/Users/vrize/.m2/repository/io/cucumber/docstring/7.23.0/docstring-7.23.0.jar:/Users/vrize/.m2/repository/io/cucumber/html-formatter/21.10.1/html-formatter-21.10.1.jar:/Users/vrize/.m2/repository/io/cucumber/junit-xml-formatter/0.7.1/junit-xml-formatter-0.7.1.jar:/Users/vrize/.m2/repository/io/cucumber/ci-environment/10.0.1/ci-environment-10.0.1.jar:/Users/vrize/.m2/repository/io/cucumber/cucumber-java/7.23.0/cucumber-java-7.23.0.jar:/Users/vrize/.m2/repository/io/cucumber/gherkin/32.1.1/gherkin-32.1.1.jar:/Users/vrize/.m2/repository/io/cucumber/cucumber-junit/7.23.0/cucumber-junit-7.23.0.jar:/Users/vrize/.m2/repository/org/slf4j/slf4j-simple/1.7.36/slf4j-simple-1.7.36.jar:/Users/vrize/.m2/repository/org/apache/maven/surefire/surefire-testng/3.1.2/surefire-testng-3.1.2.jar:/Users/vrize/.m2/repository/org/apache/maven/surefire/common-java5/3.1.2/common-java5-3.1.2.jar:/Users/vrize/.m2/repository/org/apache/maven/surefire/surefire-grouper/3.1.2/surefire-grouper-3.1.2.jar:/Users/vrize/.m2/repository/org/apache/maven/surefire/surefire-testng-utils/3.1.2/surefire-testng-utils-3.1.2.jar"/>
    <property name="java.vm.vendor" value="Homebrew"/>
    <property name="sun.arch.data.model" value="64"/>
    <property name="retry.immediate.rerun" value="true"/>
    <property name="java.vendor.url" value="https://github.com/Homebrew/homebrew-core/issues"/>
    <property name="user.timezone" value="America/New_York"/>
    <property name="os.name" value="Mac OS X"/>
    <property name="java.vm.specification.version" value="23"/>
    <property name="sun.java.launcher" value="SUN_STANDARD"/>
    <property name="user.country" value="US"/>
    <property name="sun.boot.library.path" value="/opt/homebrew/Cellar/openjdk/23.0.2/libexec/openjdk.jdk/Contents/Home/lib"/>
    <property name="sun.java.command" value="org.apache.maven.surefire.booter.ForkedBooter /Users/vrize/Documents/vrize2/BOH_Automation/tonic-ai-automation/target/surefire 2025-08-22T04-55-51_432-jvmRun1 surefire-20250822045551472_1tmp surefire_0-20250822045551472_2tmp"/>
    <property name="http.nonProxyHosts" value="local|*.local|169.254/16|*.169.254/16"/>
    <property name="jdk.debug" value="release"/>
    <property name="test" value="TestRunner"/>
    <property name="surefire.test.class.path" value="/Users/vrize/Documents/vrize2/BOH_Automation/tonic-ai-automation/target/test-classes:/Users/vrize/Documents/vrize2/BOH_Automation/tonic-ai-automation/target/classes:/Users/vrize/.m2/repository/com/microsoft/playwright/playwright/1.44.0/playwright-1.44.0.jar:/Users/vrize/.m2/repository/com/google/code/gson/gson/2.10.1/gson-2.10.1.jar:/Users/vrize/.m2/repository/org/opentest4j/opentest4j/1.3.0/opentest4j-1.3.0.jar:/Users/vrize/.m2/repository/com/microsoft/playwright/driver/1.44.0/driver-1.44.0.jar:/Users/vrize/.m2/repository/com/microsoft/playwright/driver-bundle/1.44.0/driver-bundle-1.44.0.jar:/Users/vrize/.m2/repository/org/testng/testng/7.8.0/testng-7.8.0.jar:/Users/vrize/.m2/repository/org/slf4j/slf4j-api/1.7.36/slf4j-api-1.7.36.jar:/Users/vrize/.m2/repository/com/beust/jcommander/1.82/jcommander-1.82.jar:/Users/vrize/.m2/repository/org/webjars/jquery/3.6.1/jquery-3.6.1.jar:/Users/vrize/.m2/repository/io/qameta/allure/allure-testng/2.24.0/allure-testng-2.24.0.jar:/Users/vrize/.m2/repository/io/qameta/allure/allure-java-commons/2.24.0/allure-java-commons-2.24.0.jar:/Users/vrize/.m2/repository/io/qameta/allure/allure-model/2.24.0/allure-model-2.24.0.jar:/Users/vrize/.m2/repository/io/qameta/allure/allure-test-filter/2.24.0/allure-test-filter-2.24.0.jar:/Users/vrize/.m2/repository/com/aventstack/chaintest-testng/1.0.12/chaintest-testng-1.0.12.jar:/Users/vrize/.m2/repository/com/aventstack/chaintest-core/1.0.12/chaintest-core-1.0.12.jar:/Users/vrize/.m2/repository/org/freemarker/freemarker/2.3.33/freemarker-2.3.33.jar:/Users/vrize/.m2/repository/com/azure/azure-storage-blob/12.28.0/azure-storage-blob-12.28.0.jar:/Users/vrize/.m2/repository/com/azure/azure-core/1.52.0/azure-core-1.52.0.jar:/Users/vrize/.m2/repository/com/fasterxml/jackson/datatype/jackson-datatype-jsr310/2.17.2/jackson-datatype-jsr310-2.17.2.jar:/Users/vrize/.m2/repository/io/projectreactor/reactor-core/3.4.38/reactor-core-3.4.38.jar:/Users/vrize/.m2/repository/com/azure/azure-core-http-netty/1.15.4/azure-core-http-netty-1.15.4.jar:/Users/vrize/.m2/repository/io/netty/netty-handler/4.1.110.Final/netty-handler-4.1.110.Final.jar:/Users/vrize/.m2/repository/io/netty/netty-handler-proxy/4.1.110.Final/netty-handler-proxy-4.1.110.Final.jar:/Users/vrize/.m2/repository/io/netty/netty-codec-socks/4.1.110.Final/netty-codec-socks-4.1.110.Final.jar:/Users/vrize/.m2/repository/io/netty/netty-buffer/4.1.110.Final/netty-buffer-4.1.110.Final.jar:/Users/vrize/.m2/repository/io/netty/netty-codec/4.1.110.Final/netty-codec-4.1.110.Final.jar:/Users/vrize/.m2/repository/io/netty/netty-codec-http/4.1.110.Final/netty-codec-http-4.1.110.Final.jar:/Users/vrize/.m2/repository/io/netty/netty-codec-http2/4.1.110.Final/netty-codec-http2-4.1.110.Final.jar:/Users/vrize/.m2/repository/io/netty/netty-transport-native-unix-common/4.1.110.Final/netty-transport-native-unix-common-4.1.110.Final.jar:/Users/vrize/.m2/repository/io/netty/netty-transport-native-epoll/4.1.110.Final/netty-transport-native-epoll-4.1.110.Final-linux-x86_64.jar:/Users/vrize/.m2/repository/io/netty/netty-transport-native-kqueue/4.1.110.Final/netty-transport-native-kqueue-4.1.110.Final-osx-x86_64.jar:/Users/vrize/.m2/repository/io/netty/netty-transport-classes-kqueue/4.1.110.Final/netty-transport-classes-kqueue-4.1.110.Final.jar:/Users/vrize/.m2/repository/io/netty/netty-tcnative-boringssl-static/2.0.65.Final/netty-tcnative-boringssl-static-2.0.65.Final.jar:/Users/vrize/.m2/repository/io/netty/netty-tcnative-classes/2.0.65.Final/netty-tcnative-classes-2.0.65.Final.jar:/Users/vrize/.m2/repository/io/netty/netty-tcnative-boringssl-static/2.0.65.Final/netty-tcnative-boringssl-static-2.0.65.Final-linux-x86_64.jar:/Users/vrize/.m2/repository/io/netty/netty-tcnative-boringssl-static/2.0.65.Final/netty-tcnative-boringssl-static-2.0.65.Final-linux-aarch_64.jar:/Users/vrize/.m2/repository/io/netty/netty-tcnative-boringssl-static/2.0.65.Final/netty-tcnative-boringssl-static-2.0.65.Final-osx-x86_64.jar:/Users/vrize/.m2/repository/io/netty/netty-tcnative-boringssl-static/2.0.65.Final/netty-tcnative-boringssl-static-2.0.65.Final-osx-aarch_64.jar:/Users/vrize/.m2/repository/io/netty/netty-tcnative-boringssl-static/2.0.65.Final/netty-tcnative-boringssl-static-2.0.65.Final-windows-x86_64.jar:/Users/vrize/.m2/repository/io/projectreactor/netty/reactor-netty-http/1.0.45/reactor-netty-http-1.0.45.jar:/Users/vrize/.m2/repository/io/netty/netty-resolver-dns/4.1.109.Final/netty-resolver-dns-4.1.109.Final.jar:/Users/vrize/.m2/repository/io/netty/netty-codec-dns/4.1.109.Final/netty-codec-dns-4.1.109.Final.jar:/Users/vrize/.m2/repository/io/netty/netty-resolver-dns-native-macos/4.1.109.Final/netty-resolver-dns-native-macos-4.1.109.Final-osx-x86_64.jar:/Users/vrize/.m2/repository/io/netty/netty-resolver-dns-classes-macos/4.1.109.Final/netty-resolver-dns-classes-macos-4.1.109.Final.jar:/Users/vrize/.m2/repository/io/projectreactor/netty/reactor-netty-core/1.0.45/reactor-netty-core-1.0.45.jar:/Users/vrize/.m2/repository/io/netty/netty-common/4.1.110.Final/netty-common-4.1.110.Final.jar:/Users/vrize/.m2/repository/com/azure/azure-storage-internal-avro/12.13.0/azure-storage-internal-avro-12.13.0.jar:/Users/vrize/.m2/repository/com/azure/azure-xml/1.1.0/azure-xml-1.1.0.jar:/Users/vrize/.m2/repository/com/azure/azure-storage-common/12.28.0/azure-storage-common-12.28.0.jar:/Users/vrize/.m2/repository/com/azure/azure-identity/1.13.3/azure-identity-1.13.3.jar:/Users/vrize/.m2/repository/com/azure/azure-json/1.3.0/azure-json-1.3.0.jar:/Users/vrize/.m2/repository/com/microsoft/azure/msal4j/1.17.1/msal4j-1.17.1.jar:/Users/vrize/.m2/repository/com/nimbusds/oauth2-oidc-sdk/11.18/oauth2-oidc-sdk-11.18.jar:/Users/vrize/.m2/repository/com/github/stephenc/jcip/jcip-annotations/1.0-1/jcip-annotations-1.0-1.jar:/Users/vrize/.m2/repository/com/nimbusds/content-type/2.3/content-type-2.3.jar:/Users/vrize/.m2/repository/com/nimbusds/lang-tag/1.7/lang-tag-1.7.jar:/Users/vrize/.m2/repository/com/nimbusds/nimbus-jose-jwt/9.40/nimbus-jose-jwt-9.40.jar:/Users/vrize/.m2/repository/net/minidev/json-smart/2.5.0/json-smart-2.5.0.jar:/Users/vrize/.m2/repository/net/minidev/accessors-smart/2.5.0/accessors-smart-2.5.0.jar:/Users/vrize/.m2/repository/org/ow2/asm/asm/9.3/asm-9.3.jar:/Users/vrize/.m2/repository/com/microsoft/azure/msal4j-persistence-extension/1.3.0/msal4j-persistence-extension-1.3.0.jar:/Users/vrize/.m2/repository/net/java/dev/jna/jna-platform/5.6.0/jna-platform-5.6.0.jar:/Users/vrize/.m2/repository/software/amazon/awssdk/s3/2.29.39/s3-2.29.39.jar:/Users/vrize/.m2/repository/software/amazon/awssdk/aws-xml-protocol/2.29.39/aws-xml-protocol-2.29.39.jar:/Users/vrize/.m2/repository/software/amazon/awssdk/aws-query-protocol/2.29.39/aws-query-protocol-2.29.39.jar:/Users/vrize/.m2/repository/software/amazon/awssdk/protocol-core/2.29.39/protocol-core-2.29.39.jar:/Users/vrize/.m2/repository/software/amazon/awssdk/arns/2.29.39/arns-2.29.39.jar:/Users/vrize/.m2/repository/software/amazon/awssdk/profiles/2.29.39/profiles-2.29.39.jar:/Users/vrize/.m2/repository/software/amazon/awssdk/crt-core/2.29.39/crt-core-2.29.39.jar:/Users/vrize/.m2/repository/software/amazon/awssdk/http-auth/2.29.39/http-auth-2.29.39.jar:/Users/vrize/.m2/repository/software/amazon/awssdk/identity-spi/2.29.39/identity-spi-2.29.39.jar:/Users/vrize/.m2/repository/software/amazon/awssdk/http-auth-spi/2.29.39/http-auth-spi-2.29.39.jar:/Users/vrize/.m2/repository/org/reactivestreams/reactive-streams/1.0.4/reactive-streams-1.0.4.jar:/Users/vrize/.m2/repository/software/amazon/awssdk/http-auth-aws/2.29.39/http-auth-aws-2.29.39.jar:/Users/vrize/.m2/repository/software/amazon/awssdk/checksums/2.29.39/checksums-2.29.39.jar:/Users/vrize/.m2/repository/software/amazon/awssdk/checksums-spi/2.29.39/checksums-spi-2.29.39.jar:/Users/vrize/.m2/repository/software/amazon/awssdk/retries-spi/2.29.39/retries-spi-2.29.39.jar:/Users/vrize/.m2/repository/software/amazon/awssdk/sdk-core/2.29.39/sdk-core-2.29.39.jar:/Users/vrize/.m2/repository/software/amazon/awssdk/retries/2.29.39/retries-2.29.39.jar:/Users/vrize/.m2/repository/software/amazon/awssdk/auth/2.29.39/auth-2.29.39.jar:/Users/vrize/.m2/repository/software/amazon/awssdk/http-auth-aws-eventstream/2.29.39/http-auth-aws-eventstream-2.29.39.jar:/Users/vrize/.m2/repository/software/amazon/eventstream/eventstream/1.0.1/eventstream-1.0.1.jar:/Users/vrize/.m2/repository/software/amazon/awssdk/http-client-spi/2.29.39/http-client-spi-2.29.39.jar:/Users/vrize/.m2/repository/software/amazon/awssdk/regions/2.29.39/regions-2.29.39.jar:/Users/vrize/.m2/repository/software/amazon/awssdk/annotations/2.29.39/annotations-2.29.39.jar:/Users/vrize/.m2/repository/software/amazon/awssdk/utils/2.29.39/utils-2.29.39.jar:/Users/vrize/.m2/repository/software/amazon/awssdk/aws-core/2.29.39/aws-core-2.29.39.jar:/Users/vrize/.m2/repository/software/amazon/awssdk/metrics-spi/2.29.39/metrics-spi-2.29.39.jar:/Users/vrize/.m2/repository/software/amazon/awssdk/json-utils/2.29.39/json-utils-2.29.39.jar:/Users/vrize/.m2/repository/software/amazon/awssdk/third-party-jackson-core/2.29.39/third-party-jackson-core-2.29.39.jar:/Users/vrize/.m2/repository/software/amazon/awssdk/endpoints-spi/2.29.39/endpoints-spi-2.29.39.jar:/Users/vrize/.m2/repository/software/amazon/awssdk/netty-nio-client/2.29.39/netty-nio-client-2.29.39.jar:/Users/vrize/.m2/repository/io/netty/netty-transport/4.1.115.Final/netty-transport-4.1.115.Final.jar:/Users/vrize/.m2/repository/io/netty/netty-transport-classes-epoll/4.1.115.Final/netty-transport-classes-epoll-4.1.115.Final.jar:/Users/vrize/.m2/repository/io/netty/netty-resolver/4.1.115.Final/netty-resolver-4.1.115.Final.jar:/Users/vrize/.m2/repository/software/amazon/awssdk/apache-client/2.29.39/apache-client-2.29.39.jar:/Users/vrize/.m2/repository/com/aventstack/chaintest-cucumber-jvm/1.0.12/chaintest-cucumber-jvm-1.0.12.jar:/Users/vrize/.m2/repository/io/cucumber/cucumber-plugin/7.11.1/cucumber-plugin-7.11.1.jar:/Users/vrize/.m2/repository/ch/qos/logback/logback-classic/1.5.9/logback-classic-1.5.9.jar:/Users/vrize/.m2/repository/ch/qos/logback/logback-core/1.5.9/logback-core-1.5.9.jar:/Users/vrize/.m2/repository/com/fasterxml/jackson/core/jackson-databind/2.14.2/jackson-databind-2.14.2.jar:/Users/vrize/.m2/repository/com/fasterxml/jackson/core/jackson-annotations/2.14.2/jackson-annotations-2.14.2.jar:/Users/vrize/.m2/repository/com/fasterxml/jackson/core/jackson-core/2.14.2/jackson-core-2.14.2.jar:/Users/vrize/.m2/repository/org/projectlombok/lombok/1.18.30/lombok-1.18.30.jar:/Users/vrize/.m2/repository/org/hamcrest/hamcrest-library/2.2/hamcrest-library-2.2.jar:/Users/vrize/.m2/repository/org/hamcrest/hamcrest-core/2.2/hamcrest-core-2.2.jar:/Users/vrize/.m2/repository/org/seleniumhq/selenium/selenium-java/4.17.0/selenium-java-4.17.0.jar:/Users/vrize/.m2/repository/org/seleniumhq/selenium/selenium-api/4.17.0/selenium-api-4.17.0.jar:/Users/vrize/.m2/repository/org/seleniumhq/selenium/selenium-chrome-driver/4.17.0/selenium-chrome-driver-4.17.0.jar:/Users/vrize/.m2/repository/com/google/auto/service/auto-service-annotations/1.1.1/auto-service-annotations-1.1.1.jar:/Users/vrize/.m2/repository/org/seleniumhq/selenium/selenium-chromium-driver/4.17.0/selenium-chromium-driver-4.17.0.jar:/Users/vrize/.m2/repository/org/seleniumhq/selenium/selenium-json/4.17.0/selenium-json-4.17.0.jar:/Users/vrize/.m2/repository/org/seleniumhq/selenium/selenium-manager/4.17.0/selenium-manager-4.17.0.jar:/Users/vrize/.m2/repository/org/seleniumhq/selenium/selenium-devtools-v119/4.17.0/selenium-devtools-v119-4.17.0.jar:/Users/vrize/.m2/repository/org/seleniumhq/selenium/selenium-devtools-v120/4.17.0/selenium-devtools-v120-4.17.0.jar:/Users/vrize/.m2/repository/org/seleniumhq/selenium/selenium-devtools-v121/4.17.0/selenium-devtools-v121-4.17.0.jar:/Users/vrize/.m2/repository/org/seleniumhq/selenium/selenium-devtools-v85/4.17.0/selenium-devtools-v85-4.17.0.jar:/Users/vrize/.m2/repository/org/seleniumhq/selenium/selenium-edge-driver/4.17.0/selenium-edge-driver-4.17.0.jar:/Users/vrize/.m2/repository/org/seleniumhq/selenium/selenium-firefox-driver/4.17.0/selenium-firefox-driver-4.17.0.jar:/Users/vrize/.m2/repository/org/seleniumhq/selenium/selenium-http/4.17.0/selenium-http-4.17.0.jar:/Users/vrize/.m2/repository/dev/failsafe/failsafe/3.3.2/failsafe-3.3.2.jar:/Users/vrize/.m2/repository/org/seleniumhq/selenium/selenium-ie-driver/4.17.0/selenium-ie-driver-4.17.0.jar:/Users/vrize/.m2/repository/org/seleniumhq/selenium/selenium-remote-driver/4.17.0/selenium-remote-driver-4.17.0.jar:/Users/vrize/.m2/repository/com/google/guava/guava/33.0.0-jre/guava-33.0.0-jre.jar:/Users/vrize/.m2/repository/com/google/guava/failureaccess/1.0.2/failureaccess-1.0.2.jar:/Users/vrize/.m2/repository/com/google/guava/listenablefuture/9999.0-empty-to-avoid-conflict-with-guava/listenablefuture-9999.0-empty-to-avoid-conflict-with-guava.jar:/Users/vrize/.m2/repository/com/google/code/findbugs/jsr305/3.0.2/jsr305-3.0.2.jar:/Users/vrize/.m2/repository/org/checkerframework/checker-qual/3.41.0/checker-qual-3.41.0.jar:/Users/vrize/.m2/repository/com/google/errorprone/error_prone_annotations/2.23.0/error_prone_annotations-2.23.0.jar:/Users/vrize/.m2/repository/com/google/j2objc/j2objc-annotations/2.8/j2objc-annotations-2.8.jar:/Users/vrize/.m2/repository/io/opentelemetry/semconv/opentelemetry-semconv/1.23.1-alpha/opentelemetry-semconv-1.23.1-alpha.jar:/Users/vrize/.m2/repository/io/opentelemetry/opentelemetry-api/1.34.1/opentelemetry-api-1.34.1.jar:/Users/vrize/.m2/repository/io/opentelemetry/opentelemetry-context/1.34.1/opentelemetry-context-1.34.1.jar:/Users/vrize/.m2/repository/io/opentelemetry/opentelemetry-exporter-logging/1.34.1/opentelemetry-exporter-logging-1.34.1.jar:/Users/vrize/.m2/repository/io/opentelemetry/opentelemetry-sdk-common/1.34.1/opentelemetry-sdk-common-1.34.1.jar:/Users/vrize/.m2/repository/io/opentelemetry/opentelemetry-sdk-extension-autoconfigure-spi/1.34.1/opentelemetry-sdk-extension-autoconfigure-spi-1.34.1.jar:/Users/vrize/.m2/repository/io/opentelemetry/opentelemetry-sdk-extension-autoconfigure/1.34.1/opentelemetry-sdk-extension-autoconfigure-1.34.1.jar:/Users/vrize/.m2/repository/io/opentelemetry/opentelemetry-api-events/1.34.1-alpha/opentelemetry-api-events-1.34.1-alpha.jar:/Users/vrize/.m2/repository/io/opentelemetry/opentelemetry-sdk-trace/1.34.1/opentelemetry-sdk-trace-1.34.1.jar:/Users/vrize/.m2/repository/io/opentelemetry/opentelemetry-sdk/1.34.1/opentelemetry-sdk-1.34.1.jar:/Users/vrize/.m2/repository/io/opentelemetry/opentelemetry-sdk-metrics/1.34.1/opentelemetry-sdk-metrics-1.34.1.jar:/Users/vrize/.m2/repository/io/opentelemetry/opentelemetry-extension-incubator/1.34.1-alpha/opentelemetry-extension-incubator-1.34.1-alpha.jar:/Users/vrize/.m2/repository/io/opentelemetry/opentelemetry-sdk-logs/1.34.1/opentelemetry-sdk-logs-1.34.1.jar:/Users/vrize/.m2/repository/net/bytebuddy/byte-buddy/1.14.11/byte-buddy-1.14.11.jar:/Users/vrize/.m2/repository/org/seleniumhq/selenium/selenium-os/4.17.0/selenium-os-4.17.0.jar:/Users/vrize/.m2/repository/org/apache/commons/commons-exec/1.3/commons-exec-1.3.jar:/Users/vrize/.m2/repository/org/seleniumhq/selenium/selenium-safari-driver/4.17.0/selenium-safari-driver-4.17.0.jar:/Users/vrize/.m2/repository/org/seleniumhq/selenium/selenium-support/4.17.0/selenium-support-4.17.0.jar:/Users/vrize/.m2/repository/io/appium/java-client/9.1.0/java-client-9.1.0.jar:/Users/vrize/.m2/repository/net/datafaker/datafaker/2.1.0/datafaker-2.1.0.jar:/Users/vrize/.m2/repository/org/yaml/snakeyaml/2.2/snakeyaml-2.2.jar:/Users/vrize/.m2/repository/com/github/mifmif/generex/1.0.2/generex-1.0.2.jar:/Users/vrize/.m2/repository/dk/brics/automaton/automaton/1.11-8/automaton-1.11-8.jar:/Users/vrize/.m2/repository/commons-io/commons-io/2.15.1/commons-io-2.15.1.jar:/Users/vrize/.m2/repository/ru/yandex/qatools/ashot/ashot/1.5.4/ashot-1.5.4.jar:/Users/vrize/.m2/repository/org/jetbrains/annotations/24.1.0/annotations-24.1.0.jar:/Users/vrize/.m2/repository/com/googlecode/json-simple/json-simple/1.1.1/json-simple-1.1.1.jar:/Users/vrize/.m2/repository/junit/junit/4.10/junit-4.10.jar:/Users/vrize/.m2/repository/org/json/json/20240303/json-20240303.jar:/Users/vrize/.m2/repository/net/sourceforge/tess4j/tess4j/5.9.0/tess4j-5.9.0.jar:/Users/vrize/.m2/repository/net/java/dev/jna/jna/5.13.0/jna-5.13.0.jar:/Users/vrize/.m2/repository/com/github/jai-imageio/jai-imageio-core/1.4.0/jai-imageio-core-1.4.0.jar:/Users/vrize/.m2/repository/org/apache/pdfbox/pdfbox/3.0.1/pdfbox-3.0.1.jar:/Users/vrize/.m2/repository/org/apache/pdfbox/pdfbox-io/3.0.1/pdfbox-io-3.0.1.jar:/Users/vrize/.m2/repository/org/apache/pdfbox/fontbox/3.0.1/fontbox-3.0.1.jar:/Users/vrize/.m2/repository/commons-logging/commons-logging/1.2/commons-logging-1.2.jar:/Users/vrize/.m2/repository/org/apache/pdfbox/pdfbox-tools/3.0.1/pdfbox-tools-3.0.1.jar:/Users/vrize/.m2/repository/org/apache/pdfbox/pdfbox-debugger/3.0.1/pdfbox-debugger-3.0.1.jar:/Users/vrize/.m2/repository/info/picocli/picocli/4.7.5/picocli-4.7.5.jar:/Users/vrize/.m2/repository/org/apache/pdfbox/jbig2-imageio/3.0.4/jbig2-imageio-3.0.4.jar:/Users/vrize/.m2/repository/net/sourceforge/lept4j/lept4j/1.18.2/lept4j-1.18.2.jar:/Users/vrize/.m2/repository/org/jboss/jboss-vfs/3.2.17.Final/jboss-vfs-3.2.17.Final.jar:/Users/vrize/.m2/repository/org/jboss/logging/jboss-logging/3.1.4.GA/jboss-logging-3.1.4.GA.jar:/Users/vrize/.m2/repository/net/rcarz/jira-client/0.5/jira-client-0.5.jar:/Users/vrize/.m2/repository/org/apache/httpcomponents/httpclient/4.2.5/httpclient-4.2.5.jar:/Users/vrize/.m2/repository/org/apache/httpcomponents/httpcore/4.2.4/httpcore-4.2.4.jar:/Users/vrize/.m2/repository/org/apache/httpcomponents/httpmime/4.2.5/httpmime-4.2.5.jar:/Users/vrize/.m2/repository/net/sf/json-lib/json-lib/2.4/json-lib-2.4-jdk15.jar:/Users/vrize/.m2/repository/commons-lang/commons-lang/2.5/commons-lang-2.5.jar:/Users/vrize/.m2/repository/net/sf/ezmorph/ezmorph/1.0.6/ezmorph-1.0.6.jar:/Users/vrize/.m2/repository/joda-time/joda-time/2.3/joda-time-2.3.jar:/Users/vrize/.m2/repository/org/mockito/mockito-all/1.9.0/mockito-all-1.9.0.jar:/Users/vrize/.m2/repository/commons-httpclient/commons-httpclient/3.1/commons-httpclient-3.1.jar:/Users/vrize/.m2/repository/net/serenity-bdd/serenity-core/3.6.21/serenity-core-3.6.21.jar:/Users/vrize/.m2/repository/net/serenity-bdd/serenity-model/3.6.21/serenity-model-3.6.21.jar:/Users/vrize/.m2/repository/org/apache/commons/commons-text/1.10.0/commons-text-1.10.0.jar:/Users/vrize/.m2/repository/commons-net/commons-net/3.9.0/commons-net-3.9.0.jar:/Users/vrize/.m2/repository/com/google/inject/guice/5.1.0/guice-5.1.0.jar:/Users/vrize/.m2/repository/javax/inject/javax.inject/1/javax.inject-1.jar:/Users/vrize/.m2/repository/aopalliance/aopalliance/1.0/aopalliance-1.0.jar:/Users/vrize/.m2/repository/org/jsoup/jsoup/1.14.3/jsoup-1.14.3.jar:/Users/vrize/.m2/repository/com/thoughtworks/xstream/xstream/1.4.20/xstream-1.4.20.jar:/Users/vrize/.m2/repository/io/github/x-stream/mxparser/1.2.2/mxparser-1.2.2.jar:/Users/vrize/.m2/repository/xmlpull/xmlpull/1.1.3.1/xmlpull-1.1.3.1.jar:/Users/vrize/.m2/repository/com/typesafe/config/1.4.2/config-1.4.2.jar:/Users/vrize/.m2/repository/org/imgscalr/imgscalr-lib/4.2/imgscalr-lib-4.2.jar:/Users/vrize/.m2/repository/org/awaitility/awaitility/4.2.0/awaitility-4.2.0.jar:/Users/vrize/.m2/repository/io/github/classgraph/classgraph/4.8.138/classgraph-4.8.138.jar:/Users/vrize/.m2/repository/net/sourceforge/jexcelapi/jxl/2.6.12/jxl-2.6.12.jar:/Users/vrize/.m2/repository/net/bytebuddy/byte-buddy-agent/1.14.2/byte-buddy-agent-1.14.2.jar:/Users/vrize/.m2/repository/org/objenesis/objenesis/3.3/objenesis-3.3.jar:/Users/vrize/.m2/repository/net/serenity-bdd/serenity-reports/3.6.21/serenity-reports-3.6.21.jar:/Users/vrize/.m2/repository/net/serenity-bdd/serenity-stats/3.6.21/serenity-stats-3.6.21.jar:/Users/vrize/.m2/repository/org/jetbrains/kotlin/kotlin-stdlib/1.8.10/kotlin-stdlib-1.8.10.jar:/Users/vrize/.m2/repository/org/jetbrains/kotlin/kotlin-stdlib-common/1.8.10/kotlin-stdlib-common-1.8.10.jar:/Users/vrize/.m2/repository/net/serenity-bdd/serenity-reports-configuration/3.6.21/serenity-reports-configuration-3.6.21.jar:/Users/vrize/.m2/repository/com/vladsch/flexmark/flexmark-all/0.62.2/flexmark-all-0.62.2.jar:/Users/vrize/.m2/repository/com/vladsch/flexmark/flexmark/0.62.2/flexmark-0.62.2.jar:/Users/vrize/.m2/repository/com/vladsch/flexmark/flexmark-ext-abbreviation/0.62.2/flexmark-ext-abbreviation-0.62.2.jar:/Users/vrize/.m2/repository/com/vladsch/flexmark/flexmark-util/0.62.2/flexmark-util-0.62.2.jar:/Users/vrize/.m2/repository/com/vladsch/flexmark/flexmark-ext-admonition/0.62.2/flexmark-ext-admonition-0.62.2.jar:/Users/vrize/.m2/repository/com/vladsch/flexmark/flexmark-ext-anchorlink/0.62.2/flexmark-ext-anchorlink-0.62.2.jar:/Users/vrize/.m2/repository/com/vladsch/flexmark/flexmark-ext-aside/0.62.2/flexmark-ext-aside-0.62.2.jar:/Users/vrize/.m2/repository/com/vladsch/flexmark/flexmark-ext-attributes/0.62.2/flexmark-ext-attributes-0.62.2.jar:/Users/vrize/.m2/repository/com/vladsch/flexmark/flexmark-ext-autolink/0.62.2/flexmark-ext-autolink-0.62.2.jar:/Users/vrize/.m2/repository/org/nibor/autolink/autolink/0.6.0/autolink-0.6.0.jar:/Users/vrize/.m2/repository/com/vladsch/flexmark/flexmark-ext-definition/0.62.2/flexmark-ext-definition-0.62.2.jar:/Users/vrize/.m2/repository/com/vladsch/flexmark/flexmark-ext-emoji/0.62.2/flexmark-ext-emoji-0.62.2.jar:/Users/vrize/.m2/repository/com/vladsch/flexmark/flexmark-ext-enumerated-reference/0.62.2/flexmark-ext-enumerated-reference-0.62.2.jar:/Users/vrize/.m2/repository/com/vladsch/flexmark/flexmark-ext-escaped-character/0.62.2/flexmark-ext-escaped-character-0.62.2.jar:/Users/vrize/.m2/repository/com/vladsch/flexmark/flexmark-ext-footnotes/0.62.2/flexmark-ext-footnotes-0.62.2.jar:/Users/vrize/.m2/repository/com/vladsch/flexmark/flexmark-ext-gfm-issues/0.62.2/flexmark-ext-gfm-issues-0.62.2.jar:/Users/vrize/.m2/repository/com/vladsch/flexmark/flexmark-ext-gfm-strikethrough/0.62.2/flexmark-ext-gfm-strikethrough-0.62.2.jar:/Users/vrize/.m2/repository/com/vladsch/flexmark/flexmark-ext-gfm-tasklist/0.62.2/flexmark-ext-gfm-tasklist-0.62.2.jar:/Users/vrize/.m2/repository/com/vladsch/flexmark/flexmark-ext-gfm-users/0.62.2/flexmark-ext-gfm-users-0.62.2.jar:/Users/vrize/.m2/repository/com/vladsch/flexmark/flexmark-ext-gitlab/0.62.2/flexmark-ext-gitlab-0.62.2.jar:/Users/vrize/.m2/repository/com/vladsch/flexmark/flexmark-ext-jekyll-front-matter/0.62.2/flexmark-ext-jekyll-front-matter-0.62.2.jar:/Users/vrize/.m2/repository/com/vladsch/flexmark/flexmark-ext-jekyll-tag/0.62.2/flexmark-ext-jekyll-tag-0.62.2.jar:/Users/vrize/.m2/repository/com/vladsch/flexmark/flexmark-ext-media-tags/0.62.2/flexmark-ext-media-tags-0.62.2.jar:/Users/vrize/.m2/repository/com/vladsch/flexmark/flexmark-ext-macros/0.62.2/flexmark-ext-macros-0.62.2.jar:/Users/vrize/.m2/repository/com/vladsch/flexmark/flexmark-ext-ins/0.62.2/flexmark-ext-ins-0.62.2.jar:/Users/vrize/.m2/repository/com/vladsch/flexmark/flexmark-ext-xwiki-macros/0.62.2/flexmark-ext-xwiki-macros-0.62.2.jar:/Users/vrize/.m2/repository/com/vladsch/flexmark/flexmark-ext-superscript/0.62.2/flexmark-ext-superscript-0.62.2.jar:/Users/vrize/.m2/repository/com/vladsch/flexmark/flexmark-ext-tables/0.62.2/flexmark-ext-tables-0.62.2.jar:/Users/vrize/.m2/repository/com/vladsch/flexmark/flexmark-ext-toc/0.62.2/flexmark-ext-toc-0.62.2.jar:/Users/vrize/.m2/repository/com/vladsch/flexmark/flexmark-ext-typographic/0.62.2/flexmark-ext-typographic-0.62.2.jar:/Users/vrize/.m2/repository/com/vladsch/flexmark/flexmark-ext-wikilink/0.62.2/flexmark-ext-wikilink-0.62.2.jar:/Users/vrize/.m2/repository/com/vladsch/flexmark/flexmark-ext-yaml-front-matter/0.62.2/flexmark-ext-yaml-front-matter-0.62.2.jar:/Users/vrize/.m2/repository/com/vladsch/flexmark/flexmark-ext-youtube-embedded/0.62.2/flexmark-ext-youtube-embedded-0.62.2.jar:/Users/vrize/.m2/repository/com/vladsch/flexmark/flexmark-html2md-converter/0.62.2/flexmark-html2md-converter-0.62.2.jar:/Users/vrize/.m2/repository/com/vladsch/flexmark/flexmark-jira-converter/0.62.2/flexmark-jira-converter-0.62.2.jar:/Users/vrize/.m2/repository/com/vladsch/flexmark/flexmark-pdf-converter/0.62.2/flexmark-pdf-converter-0.62.2.jar:/Users/vrize/.m2/repository/com/openhtmltopdf/openhtmltopdf-core/1.0.0/openhtmltopdf-core-1.0.0.jar:/Users/vrize/.m2/repository/com/openhtmltopdf/openhtmltopdf-pdfbox/1.0.0/openhtmltopdf-pdfbox-1.0.0.jar:/Users/vrize/.m2/repository/org/apache/pdfbox/xmpbox/2.0.16/xmpbox-2.0.16.jar:/Users/vrize/.m2/repository/de/rototor/pdfbox/graphics2d/0.24/graphics2d-0.24.jar:/Users/vrize/.m2/repository/com/openhtmltopdf/openhtmltopdf-rtl-support/1.0.0/openhtmltopdf-rtl-support-1.0.0.jar:/Users/vrize/.m2/repository/com/openhtmltopdf/openhtmltopdf-jsoup-dom-converter/1.0.0/openhtmltopdf-jsoup-dom-converter-1.0.0.jar:/Users/vrize/.m2/repository/com/vladsch/flexmark/flexmark-profile-pegdown/0.62.2/flexmark-profile-pegdown-0.62.2.jar:/Users/vrize/.m2/repository/com/vladsch/flexmark/flexmark-util-ast/0.62.2/flexmark-util-ast-0.62.2.jar:/Users/vrize/.m2/repository/com/vladsch/flexmark/flexmark-util-builder/0.62.2/flexmark-util-builder-0.62.2.jar:/Users/vrize/.m2/repository/com/vladsch/flexmark/flexmark-util-collection/0.62.2/flexmark-util-collection-0.62.2.jar:/Users/vrize/.m2/repository/com/vladsch/flexmark/flexmark-util-data/0.62.2/flexmark-util-data-0.62.2.jar:/Users/vrize/.m2/repository/com/vladsch/flexmark/flexmark-util-dependency/0.62.2/flexmark-util-dependency-0.62.2.jar:/Users/vrize/.m2/repository/com/vladsch/flexmark/flexmark-util-format/0.62.2/flexmark-util-format-0.62.2.jar:/Users/vrize/.m2/repository/com/vladsch/flexmark/flexmark-util-html/0.62.2/flexmark-util-html-0.62.2.jar:/Users/vrize/.m2/repository/com/vladsch/flexmark/flexmark-util-misc/0.62.2/flexmark-util-misc-0.62.2.jar:/Users/vrize/.m2/repository/com/vladsch/flexmark/flexmark-util-options/0.62.2/flexmark-util-options-0.62.2.jar:/Users/vrize/.m2/repository/com/vladsch/flexmark/flexmark-util-sequence/0.62.2/flexmark-util-sequence-0.62.2.jar:/Users/vrize/.m2/repository/com/vladsch/flexmark/flexmark-util-visitor/0.62.2/flexmark-util-visitor-0.62.2.jar:/Users/vrize/.m2/repository/com/vladsch/flexmark/flexmark-youtrack-converter/0.62.2/flexmark-youtrack-converter-0.62.2.jar:/Users/vrize/.m2/repository/com/ibm/icu/icu4j/72.1/icu4j-72.1.jar:/Users/vrize/.m2/repository/es/nitaur/markdown/txtmark/0.16/txtmark-0.16.jar:/Users/vrize/.m2/repository/net/serenity-bdd/serenity-report-resources/3.6.21/serenity-report-resources-3.6.21.jar:/Users/vrize/.m2/repository/commons-codec/commons-codec/1.15/commons-codec-1.15.jar:/Users/vrize/.m2/repository/org/apache/groovy/groovy/4.0.10/groovy-4.0.10.jar:/Users/vrize/.m2/repository/net/sf/opencsv/opencsv/2.0/opencsv-2.0.jar:/Users/vrize/.m2/repository/commons-beanutils/commons-beanutils/1.9.4/commons-beanutils-1.9.4.jar:/Users/vrize/.m2/repository/org/apache/commons/commons-lang3/3.12.0/commons-lang3-3.12.0.jar:/Users/vrize/.m2/repository/commons-collections/commons-collections/3.2.2/commons-collections-3.2.2.jar:/Users/vrize/.m2/repository/org/fluentlenium/fluentlenium-core/0.10.2/fluentlenium-core-0.10.2.jar:/Users/vrize/.m2/repository/io/github/bonigarcia/webdrivermanager/5.3.0/webdrivermanager-5.3.0.jar:/Users/vrize/.m2/repository/com/github/docker-java/docker-java/3.2.13/docker-java-3.2.13.jar:/Users/vrize/.m2/repository/com/github/docker-java/docker-java-core/3.2.13/docker-java-core-3.2.13.jar:/Users/vrize/.m2/repository/com/github/docker-java/docker-java-api/3.2.13/docker-java-api-3.2.13.jar:/Users/vrize/.m2/repository/org/apache/commons/commons-compress/1.21/commons-compress-1.21.jar:/Users/vrize/.m2/repository/org/bouncycastle/bcpkix-jdk15on/1.64/bcpkix-jdk15on-1.64.jar:/Users/vrize/.m2/repository/org/bouncycastle/bcprov-jdk15on/1.64/bcprov-jdk15on-1.64.jar:/Users/vrize/.m2/repository/org/slf4j/jcl-over-slf4j/1.7.30/jcl-over-slf4j-1.7.30.jar:/Users/vrize/.m2/repository/com/github/docker-java/docker-java-transport-httpclient5/3.2.13/docker-java-transport-httpclient5-3.2.13.jar:/Users/vrize/.m2/repository/com/github/docker-java/docker-java-transport/3.2.13/docker-java-transport-3.2.13.jar:/Users/vrize/.m2/repository/org/brotli/dec/0.1.2/dec-0.1.2.jar:/Users/vrize/.m2/repository/org/apache/httpcomponents/client5/httpclient5/5.1.3/httpclient5-5.1.3.jar:/Users/vrize/.m2/repository/org/apache/httpcomponents/core5/httpcore5/5.1.3/httpcore5-5.1.3.jar:/Users/vrize/.m2/repository/org/apache/httpcomponents/core5/httpcore5-h2/5.1.3/httpcore5-h2-5.1.3.jar:/Users/vrize/.m2/repository/com/jhlabs/filters/2.0.235/filters-2.0.235.jar:/Users/vrize/.m2/repository/com/paulhammant/ngwebdriver/1.1.6/ngwebdriver-1.1.6.jar:/Users/vrize/.m2/repository/org/hamcrest/hamcrest/2.2/hamcrest-2.2.jar:/Users/vrize/.m2/repository/com/google/jimfs/jimfs/1.2/jimfs-1.2.jar:/Users/vrize/.m2/repository/org/mockito/mockito-core/3.3.3/mockito-core-3.3.3.jar:/Users/vrize/.m2/repository/org/assertj/assertj-core/3.24.2/assertj-core-3.24.2.jar:/Users/vrize/.m2/repository/javax/xml/bind/jaxb-api/2.3.1/jaxb-api-2.3.1.jar:/Users/vrize/.m2/repository/javax/activation/javax.activation-api/1.2.0/javax.activation-api-1.2.0.jar:/Users/vrize/.m2/repository/com/sun/xml/bind/jaxb-core/2.3.0.1/jaxb-core-2.3.0.1.jar:/Users/vrize/.m2/repository/com/sun/xml/bind/jaxb-impl/2.3.3/jaxb-impl-2.3.3.jar:/Users/vrize/.m2/repository/jakarta/xml/bind/jakarta.xml.bind-api/2.3.3/jakarta.xml.bind-api-2.3.3.jar:/Users/vrize/.m2/repository/com/sun/activation/jakarta.activation/1.2.2/jakarta.activation-1.2.2.jar:/Users/vrize/.m2/repository/javax/activation/activation/1.1.1/activation-1.1.1.jar:/Users/vrize/.m2/repository/net/serenity-bdd/serenity-cucumber/3.6.21/serenity-cucumber-3.6.21.jar:/Users/vrize/.m2/repository/net/serenity-bdd/serenity-screenplay/3.6.21/serenity-screenplay-3.6.21.jar:/Users/vrize/.m2/repository/net/serenity-bdd/serenity-screenplay-webdriver/3.6.21/serenity-screenplay-webdriver-3.6.21.jar:/Users/vrize/.m2/repository/org/apache/commons/commons-csv/1.5/commons-csv-1.5.jar:/Users/vrize/.m2/repository/io/cucumber/cucumber-testng/7.23.0/cucumber-testng-7.23.0.jar:/Users/vrize/.m2/repository/org/apiguardian/apiguardian-api/1.1.2/apiguardian-api-1.1.2.jar:/Users/vrize/.m2/repository/io/cucumber/cucumber-core/7.23.0/cucumber-core-7.23.0.jar:/Users/vrize/.m2/repository/io/cucumber/cucumber-gherkin/7.23.0/cucumber-gherkin-7.23.0.jar:/Users/vrize/.m2/repository/io/cucumber/cucumber-gherkin-messages/7.23.0/cucumber-gherkin-messages-7.23.0.jar:/Users/vrize/.m2/repository/io/cucumber/messages/27.2.0/messages-27.2.0.jar:/Users/vrize/.m2/repository/io/cucumber/testng-xml-formatter/0.3.1/testng-xml-formatter-0.3.1.jar:/Users/vrize/.m2/repository/io/cucumber/query/13.6.0/query-13.6.0.jar:/Users/vrize/.m2/repository/io/cucumber/tag-expressions/6.1.2/tag-expressions-6.1.2.jar:/Users/vrize/.m2/repository/io/cucumber/cucumber-expressions/18.0.1/cucumber-expressions-18.0.1.jar:/Users/vrize/.m2/repository/io/cucumber/datatable/7.23.0/datatable-7.23.0.jar:/Users/vrize/.m2/repository/io/cucumber/docstring/7.23.0/docstring-7.23.0.jar:/Users/vrize/.m2/repository/io/cucumber/html-formatter/21.10.1/html-formatter-21.10.1.jar:/Users/vrize/.m2/repository/io/cucumber/junit-xml-formatter/0.7.1/junit-xml-formatter-0.7.1.jar:/Users/vrize/.m2/repository/io/cucumber/ci-environment/10.0.1/ci-environment-10.0.1.jar:/Users/vrize/.m2/repository/io/cucumber/cucumber-java/7.23.0/cucumber-java-7.23.0.jar:/Users/vrize/.m2/repository/io/cucumber/gherkin/32.1.1/gherkin-32.1.1.jar:/Users/vrize/.m2/repository/io/cucumber/cucumber-junit/7.23.0/cucumber-junit-7.23.0.jar:/Users/vrize/.m2/repository/org/slf4j/slf4j-simple/1.7.36/slf4j-simple-1.7.36.jar:"/>
    <property name="allure.results.directory" value="/Users/vrize/Documents/vrize2/BOH_Automation/tonic-ai-automation/target/allure-results"/>
    <property name="sun.cpu.endian" value="little"/>
    <property name="user.home" value="/Users/vrize"/>
    <property name="user.language" value="en"/>
    <property name="java.specification.vendor" value="Oracle Corporation"/>
    <property name="java.version.date" value="2025-01-21"/>
    <property name="java.home" value="/opt/homebrew/Cellar/openjdk/23.0.2/libexec/openjdk.jdk/Contents/Home"/>
    <property name="file.separator" value="/"/>
    <property name="basedir" value="/Users/vrize/Documents/vrize2/BOH_Automation/tonic-ai-automation"/>
    <property name="java.vm.compressedOopsMode" value="Zero based"/>
    <property name="line.separator" value="&#10;"/>
    <property name="java.vm.specification.vendor" value="Oracle Corporation"/>
    <property name="java.specification.name" value="Java Platform API Specification"/>
    <property name="apple.awt.application.name" value="ForkedBooter"/>
    <property name="sun.management.compiler" value="HotSpot 64-Bit Tiered Compilers"/>
    <property name="ftp.nonProxyHosts" value="local|*.local|169.254/16|*.169.254/16"/>
    <property name="java.runtime.version" value="23.0.2"/>
    <property name="user.name" value="vrize"/>
    <property name="stdout.encoding" value="UTF-8"/>
    <property name="path.separator" value=":"/>
    <property name="os.version" value="15.6"/>
    <property name="java.runtime.name" value="OpenJDK Runtime Environment"/>
    <property name="file.encoding" value="UTF-8"/>
    <property name="jnidispatch.path" value="/Users/vrize/Library/Caches/JNA/temp/jna692907736829196290.tmp"/>
    <property name="retry.count" value="3"/>
    <property name="java.vm.name" value="OpenJDK 64-Bit Server VM"/>
    <property name="cucumber.publish.enabled" value="false"/>
    <property name="retry.enabled" value="true"/>
    <property name="jna.platform.library.path" value="/usr/lib:/usr/lib"/>
    <property name="java.vendor.version" value="Homebrew"/>
    <property name="localRepository" value="/Users/vrize/.m2/repository"/>
    <property name="jna.loaded" value="true"/>
    <property name="java.vendor.url.bug" value="https://github.com/Homebrew/homebrew-core/issues"/>
    <property name="java.io.tmpdir" value="/var/folders/jf/fh6y1kns1gn1smrq5b72_w9h0000gn/T/"/>
    <property name="java.version" value="23.0.2"/>
    <property name="cucumber.filter.tags" value="@SampleE2E"/>
    <property name="user.dir" value="/Users/vrize/Documents/vrize2/BOH_Automation/tonic-ai-automation"/>
    <property name="os.arch" value="aarch64"/>
    <property name="java.vm.specification.name" value="Java Virtual Machine Specification"/>
    <property name="native.encoding" value="UTF-8"/>
    <property name="java.library.path" value="/opt/homebrew/lib"/>
    <property name="java.vm.info" value="mixed mode, sharing"/>
    <property name="stderr.encoding" value="UTF-8"/>
    <property name="java.vendor" value="Homebrew"/>
    <property name="java.vm.version" value="23.0.2"/>
    <property name="jna.encoding" value="UTF8"/>
    <property name="sun.io.unicode.encoding" value="UnicodeBig"/>
    <property name="socksNonProxyHosts" value="local|*.local|169.254/16|*.169.254/16"/>
    <property name="java.class.version" value="67.0"/>
  </properties>
  <testcase name="runScenario[&quot;Add new category in BOH and validate the added category in FOH&quot;, &quot;Menu Category Management&quot;](1)" classname="com.tonic.runners.TestRunner" time="97.94">
    <failure message="Store Login Required!" type="java.lang.AssertionError"><![CDATA[java.lang.AssertionError: Store Login Required!
	at org.testng.Assert.fail(Assert.java:111)
	at com.tonic.pageObjects.mobile.Login.performResourceLogin(Login.java:46)
	at com.tonic.stepDefinitions.web.menu.MenuConfigurationSteps.theMobileAppIsLaunchedWithCredentials(MenuConfigurationSteps.java:126)
	at ✽.The user is logged into the Tonic FOH with resource id "7","4" and "1"(file:///Users/vrize/Documents/vrize2/BOH_Automation/tonic-ai-automation/src/test/resources/features/web/menu/MenuConfiguration.feature:38)
]]></failure>
    <system-out><![CDATA[[XRAY] Suppressing execId creation for retry attempt
[XRAY] Test run started

@menu @MenuConfiguration @regression @SampleE2E
Scenario: Add new category in BOH and validate the added category in FOH      # src/test/resources/features/web/menu/MenuConfiguration.feature:31
[XRAY] Test case started: Add new category in BOH and validate the added category in FOH | No Xray Key found
[HOOKS] Platform detected: HYBRID, isHybrid: true
App creds: prasanna@vrize.com:NonRoot@123
user is logged in successfully....
User is on the Menu Configuration Page
  Given The user navigates to "Configuration" > "Menu Configuration"          # com.tonic.stepDefinitions.web.menu.ModifiersSteps.theUserNavigatesTo(java.lang.String,java.lang.String)
  And User is on the "Menu Configuration" page                                # com.tonic.stepDefinitions.web.menu.ModifiersSteps.userIsOnTheSpecificPage(java.lang.String)
Categories list size: 141
  When The user clicks on plus icon to "Add New Category"                     # com.tonic.stepDefinitions.web.menu.MenuConfigurationSteps.theUserClicksOnPlusIconToAddCategory(java.lang.String)
  And The user enters value as "Foods" in "Enter category name here" field    # com.tonic.stepDefinitions.web.menu.MenuConfigurationSteps.userEntersAValueAsInField(java.lang.String,java.lang.String)
  And The user enables the "store-toggle"                                     # com.tonic.stepDefinitions.web.menu.MenuConfigurationSteps.theUserEnablesThe(java.lang.String)
  And The user clicks on "Saves the category & redirects" icon                # com.tonic.stepDefinitions.web.menu.MenuConfigurationSteps.userClicksOnTheIcon(java.lang.String)
  Then "Category Added Successfully" Pop up message should display            # com.tonic.stepDefinitions.web.menu.MenuConfigurationSteps.popUpMessageShouldDisplay(java.lang.String)
[DRIVER_FACTORY] Using device: android, runMode: local from config properties
AppiumDriver initialized using config properties
  When The user launches the mobile application                               # com.tonic.stepDefinitions.web.menu.MenuConfigurationSteps.theUserLaunchesTheMobileApplication()
  When The user is logged into the Tonic FOH with resource id "7","4" and "1" # com.tonic.stepDefinitions.web.menu.MenuConfigurationSteps.theMobileAppIsLaunchedWithCredentials(java.lang.String,java.lang.String,java.lang.String)
      java.lang.AssertionError: Store Login Required!
      	at org.testng.Assert.fail(Assert.java:111)
      	at com.tonic.pageObjects.mobile.Login.performResourceLogin(Login.java:46)
      	at com.tonic.stepDefinitions.web.menu.MenuConfigurationSteps.theMobileAppIsLaunchedWithCredentials(MenuConfigurationSteps.java:126)
      	at ✽.The user is logged into the Tonic FOH with resource id "7","4" and "1"(file:///Users/vrize/Documents/vrize2/BOH_Automation/tonic-ai-automation/src/test/resources/features/web/menu/MenuConfiguration.feature:38)

    Embedding Step_Screenshot [image/png 0 bytes]

  And Creates a new order by clicking on QS                                   # com.tonic.stepDefinitions.web.menu.MenuConfigurationSteps.createANewOrderByClickingOnQS()
  When The user clicks on Swipe Right icon on mobile                          # com.tonic.stepDefinitions.web.menu.MenuConfigurationSteps.tapOnSwipeRightIcon()
  Then User should be able to see added category                              # com.tonic.stepDefinitions.web.menu.MenuConfigurationSteps.validateCategory()
[HOOKS] Cleaning up mobile resources...
[HOOKS] Mobile app terminated successfully
[HOOKS] Mobile driver quit successfully
[HOOKS] Appium server stopped successfully
[HOOKS] Mobile cleanup completed
[XRAY] Test case finished: Add new category in BOH and validate the added category in FOH | No Xray Key found | Status: FAILED
]]></system-out>
    <system-err><![CDATA[[main] WARN org.testng.TestNG - Ignoring duplicate listener : io.qameta.allure.testng.AllureTestNg
[main] WARN org.testng.TestNG - Ignoring duplicate listener : io.qameta.allure.testng.AllureTestNg
[main] WARN org.testng.TestNG - Ignoring duplicate listener : io.qameta.allure.testng.AllureTestNg
[main] INFO com.tonic.listeners.CucumberRetryListener - Cucumber test run started with enhanced retry configuration - Enabled: true, Max Retries: 3, Immediate Rerun: true
[main] INFO com.tonic.utils.PropertyBuilder - Successfully loaded 88 properties from: /Users/vrize/Documents/vrize2/BOH_Automation/tonic-ai-automation/src/main/resources/config.properties
[main] INFO com.tonic.listeners.XrayLogger - Xray integration is disabled (xray_enabled=false). Skipping Test Execution initialization.
[TestNG-PoolService-0] INFO com.tonic.hooks.Hooks - === HOOK EXECUTION TRACKING ===
[TestNG-PoolService-0] INFO com.tonic.hooks.Hooks - Thread ID: 34
[TestNG-PoolService-0] INFO com.tonic.hooks.Hooks - Thread Name: TestNG-PoolService-0
[TestNG-PoolService-0] INFO com.tonic.hooks.Hooks - Scenario: Add new category in BOH and validate the added category in FOH
[TestNG-PoolService-0] INFO com.tonic.hooks.Hooks - [HOOKS] Starting Appium server for HYBRID mode (driver will be initialized later)...
[TestNG-PoolService-0] INFO com.tonic.hooks.Hooks - [HOOKS] Appium server started for HYBRID mode
[TestNG-PoolService-0] INFO com.tonic.hooks.Hooks - === XRAY DISABLED - LAUNCHING SINGLE BROWSER ===
[TestNG-PoolService-0] INFO com.tonic.hooks.Hooks - Thread ID: 34
[TestNG-PoolService-0] INFO com.tonic.factory.PlaywrightFactory - Loaded config properties from: src/main/resources/config.properties
[TestNG-PoolService-0] INFO com.tonic.factory.PlaywrightFactory - === BROWSER LAUNCH TRACKING ===
[TestNG-PoolService-0] INFO com.tonic.factory.PlaywrightFactory - Thread ID: 34
[TestNG-PoolService-0] INFO com.tonic.factory.PlaywrightFactory - Thread Name: TestNG-PoolService-0
[TestNG-PoolService-0] INFO com.tonic.factory.PlaywrightFactory - Launching browser: chrome
[TestNG-PoolService-0] INFO com.tonic.factory.PlaywrightFactory - === BROWSER INSTANCE CREATED ===
[TestNG-PoolService-0] INFO com.tonic.factory.PlaywrightFactory - Thread ID: 34
[TestNG-PoolService-0] INFO com.tonic.factory.PlaywrightFactory - Browser instance launched successfully
[TestNG-PoolService-0] INFO com.tonic.utils.PropertyBuilder - Successfully loaded 27 environment properties from: src/test/resources/config/environment.properties
[TestNG-PoolService-0] INFO com.tonic.factory.PlaywrightFactory - === NAVIGATING TO URL ===
[TestNG-PoolService-0] INFO com.tonic.factory.PlaywrightFactory - Thread ID: 34
[TestNG-PoolService-0] INFO com.tonic.factory.PlaywrightFactory - Navigating to URL: https://scrum-e-dev.nonprod.tonicpos.com/login
[TestNG-PoolService-0] INFO com.tonic.factory.PlaywrightFactory - === BROWSER INITIALIZATION COMPLETED ===
[TestNG-PoolService-0] INFO com.tonic.factory.PlaywrightFactory - Thread ID: 34
[TestNG-PoolService-0] INFO com.tonic.factory.PlaywrightFactory - Browser ready for test execution
[TestNG-PoolService-0] INFO com.tonic.common.web.BasePage - Clicked element with locator: //*[(text())='Home']
[TestNG-PoolService-0] INFO com.tonic.common.web.BasePage - Clicked element with locator: //*[(text())='Configuration']
[TestNG-PoolService-0] INFO com.tonic.common.web.BasePage - Clicked element with locator: //*[(text())='Menu Configuration']
[TestNG-PoolService-0] INFO com.tonic.common.web.BasePage - Page HeaderMenu Configuration is visible
[TestNG-PoolService-0] INFO com.tonic.stepDefinitions.BaseStep - User is on the Menu Configuration Page
[TestNG-PoolService-0] INFO com.tonic.common.web.BasePage - Clicked element with locator: //*[normalize-space(text())='Add new category']
[TestNG-PoolService-0] INFO com.tonic.common.web.BasePage - HeaderAdd New Category is visible
[TestNG-PoolService-0] INFO com.tonic.common.web.BasePage - Enter category name here is visible
[TestNG-PoolService-0] INFO com.tonic.common.web.BasePage - Filled value 'Foods555B' into field: //input[contains(@placeholder, 'Enter category name here')]
[TestNG-PoolService-0] INFO com.tonic.common.web.BasePage - Clicked element with locator: //label[@for='store-toggle-input']
[TestNG-PoolService-0] INFO com.tonic.common.web.BasePage - Clicked element with locator: //button[contains(@mattooltip, 'Saves the category & redirects')]
[TestNG-PoolService-0] INFO com.tonic.stepDefinitions.BaseStep - Launching mobile application for HYBRID mode...
[TestNG-PoolService-0] INFO com.tonic.stepDefinitions.BaseStep - Mobile driver initialized successfully
[TestNG-PoolService-0] INFO com.tonic.common.mobile.BasePage - Mobile BasePage initialized with driver: AndroidDriver
[TestNG-PoolService-0] INFO com.tonic.stepDefinitions.BaseStep - Login object initialized successfully
[TestNG-PoolService-0] INFO com.tonic.stepDefinitions.BaseStep - Waiting for app to load completely...
[TestNG-PoolService-0] INFO com.tonic.common.mobile.BasePage - Mobile app launch completed in 791ms
[TestNG-PoolService-0] INFO com.tonic.stepDefinitions.BaseStep - App launch wait completed
[TestNG-PoolService-0] WARN com.tonic.common.mobile.BasePage - Mobile wait 'UI_INTERACTION' timed out after 8190ms - Error: Expected condition failed: waiting for com.tonic.common.mobile.BasePage$$Lambda/0x00003ffc0168fbb8@4ae46dc (tried for 8 second(s) with 500 milliseconds interval)
Build info: version: '4.17.0', revision: 'e52b1be057*'
System info: os.name: 'Mac OS X', os.arch: 'aarch64', os.version: '15.6', java.version: '23.0.2'
Driver info: driver.version: unknown
[TestNG-PoolService-0] INFO com.tonic.stepDefinitions.BaseStep - UI interaction wait completed
[TestNG-PoolService-0] WARN com.tonic.common.mobile.BasePage - Mobile wait 'NAVIGATION' timed out after 5270ms - Error: Expected condition failed: waiting for com.tonic.common.mobile.BasePage$$Lambda/0x00003ffc01690918@3fa839aa (tried for 5 second(s) with 500 milliseconds interval)
Build info: version: '4.17.0', revision: 'e52b1be057*'
System info: os.name: 'Mac OS X', os.arch: 'aarch64', os.version: '15.6', java.version: '23.0.2'
Driver info: driver.version: unknown
[TestNG-PoolService-0] INFO com.tonic.stepDefinitions.BaseStep - Navigation wait completed
[TestNG-PoolService-0] INFO com.tonic.stepDefinitions.BaseStep - Mobile application launched and fully loaded successfully
[TestNG-PoolService-0] INFO com.tonic.stepDefinitions.BaseStep - Starting login process with resource ID: 7,4,1
[TestNG-PoolService-0] INFO com.tonic.common.mobile.BasePage - Screenshot saved successfully: /Users/vrize/Documents/vrize2/BOH_Automation/tonic-ai-automation/screenshots/Before Resource Login_20250822_045707_067.png
[TestNG-PoolService-0] INFO com.tonic.common.mobile.BasePage - Screenshot captured: /Users/vrize/Documents/vrize2/BOH_Automation/tonic-ai-automation/screenshots/Before Resource Login_20250822_045707_067.png
[TestNG-PoolService-0] INFO com.tonic.common.mobile.BasePage - === TEXT EXTRACTION FROM SCREENSHOT: Before Resource Login ===
[TestNG-PoolService-0] INFO com.tonic.common.mobile.BasePage - Extracted Text:
457Q O *d40 ORDYX.COM SUPPORT: +1.561.807.1503 tonic. PROFILE HOST URL https://secure.ordyx.com/rest STORE ID
[TestNG-PoolService-0] ERROR com.tonic.utils.PlaywrightScreenshotUtils - Screenshot failure - Failed to take screenshot with full traceability. Context: Test: 'Add new category in BOH and validate the added category in FOH', Step: 'null', Additional: 'null', Filename: 'Add_new_category_in_BOH_and_validate_the_added_category_in_FOH_20250822_045708_1755853028793_d9f8a66a.png'
com.microsoft.playwright.TimeoutError: Error {
  message='Timeout 30000ms exceeded.
  name='TimeoutError
  stack='TimeoutError: Timeout 30000ms exceeded.
    at ProgressController.run (/private/var/folders/jf/fh6y1kns1gn1smrq5b72_w9h0000gn/T/playwright-java-16527085977999430743/package/lib/server/progress.js:78:26)
    at Page.screenshot (/private/var/folders/jf/fh6y1kns1gn1smrq5b72_w9h0000gn/T/playwright-java-16527085977999430743/package/lib/server/page.js:490:23)
    at PageDispatcher.screenshot (/private/var/folders/jf/fh6y1kns1gn1smrq5b72_w9h0000gn/T/playwright-java-16527085977999430743/package/lib/server/dispatchers/pageDispatcher.js:204:32)
    at PageDispatcher._handleCommand (/private/var/folders/jf/fh6y1kns1gn1smrq5b72_w9h0000gn/T/playwright-java-16527085977999430743/package/lib/server/dispatchers/dispatcher.js:94:40)
    at DispatcherConnection.dispatch (/private/var/folders/jf/fh6y1kns1gn1smrq5b72_w9h0000gn/T/playwright-java-16527085977999430743/package/lib/server/dispatchers/dispatcher.js:361:39)
}
Call log:
- taking page screenshot
- waiting for fonts to load...
- fonts loaded

	at com.microsoft.playwright.impl.WaitableResult.get(WaitableResult.java:52)
	at com.microsoft.playwright.impl.ChannelOwner.runUntil(ChannelOwner.java:120)
	at com.microsoft.playwright.impl.Connection.sendMessage(Connection.java:130)
	at com.microsoft.playwright.impl.ChannelOwner.sendMessage(ChannelOwner.java:106)
	at com.microsoft.playwright.impl.PageImpl.screenshotImpl(PageImpl.java:1185)
	at com.microsoft.playwright.impl.PageImpl.lambda$screenshot$66(PageImpl.java:1129)
	at com.microsoft.playwright.impl.LoggingSupport.withLogging(LoggingSupport.java:47)
	at com.microsoft.playwright.impl.ChannelOwner.withLogging(ChannelOwner.java:89)
	at com.microsoft.playwright.impl.PageImpl.screenshot(PageImpl.java:1129)
	at com.tonic.utils.PlaywrightScreenshotUtils.takeScreenshotWithFullTraceability(PlaywrightScreenshotUtils.java:578)
	at com.tonic.utils.PlaywrightScreenshotUtils.takeScreenshotWithFullTraceability(PlaywrightScreenshotUtils.java:659)
	at com.tonic.utils.PlaywrightScreenshotUtils.takeScreenshotWithFullTraceabilityAsBase64(PlaywrightScreenshotUtils.java:675)
	at com.tonic.hooks.Hooks.attachScreenshot(Hooks.java:331)
	at java.base/jdk.internal.reflect.DirectMethodHandleAccessor.invoke(DirectMethodHandleAccessor.java:103)
	at java.base/java.lang.reflect.Method.invoke(Method.java:580)
	at io.cucumber.java.Invoker.doInvoke(Invoker.java:66)
	at io.cucumber.java.Invoker.invoke(Invoker.java:24)
	at io.cucumber.java.AbstractGlueDefinition.invokeMethod(AbstractGlueDefinition.java:47)
	at io.cucumber.java.JavaHookDefinition.execute(JavaHookDefinition.java:68)
	at io.cucumber.core.runner.CoreHookDefinition.execute(CoreHookDefinition.java:47)
	at io.cucumber.core.runner.HookDefinitionMatch.runStep(HookDefinitionMatch.java:21)
	at io.cucumber.core.runner.ExecutionMode$1.execute(ExecutionMode.java:10)
	at io.cucumber.core.runner.TestStep.executeStep(TestStep.java:81)
	at io.cucumber.core.runner.TestStep.run(TestStep.java:53)
	at io.cucumber.core.runner.PickleStepTestStep.run(PickleStepTestStep.java:56)
	at io.cucumber.core.runner.TestCase.run(TestCase.java:86)
	at io.cucumber.core.runner.Runner.runPickle(Runner.java:77)
	at io.cucumber.testng.TestNGCucumberRunner.lambda$runScenario$1(TestNGCucumberRunner.java:135)
	at io.cucumber.core.runtime.CucumberExecutionContext.lambda$runTestCase$5(CucumberExecutionContext.java:136)
	at io.cucumber.core.runtime.RethrowingThrowableCollector.executeAndThrow(RethrowingThrowableCollector.java:23)
	at io.cucumber.core.runtime.CucumberExecutionContext.runTestCase(CucumberExecutionContext.java:136)
	at io.cucumber.testng.TestNGCucumberRunner.runScenario(TestNGCucumberRunner.java:132)
	at io.cucumber.testng.AbstractTestNGCucumberTests.runScenario(AbstractTestNGCucumberTests.java:35)
	at java.base/jdk.internal.reflect.DirectMethodHandleAccessor.invoke(DirectMethodHandleAccessor.java:103)
	at java.base/java.lang.reflect.Method.invoke(Method.java:580)
	at org.testng.internal.invokers.MethodInvocationHelper.invokeMethod(MethodInvocationHelper.java:139)
	at org.testng.internal.invokers.TestInvoker.invokeMethod(TestInvoker.java:664)
	at org.testng.internal.invokers.TestInvoker.invokeTestMethod(TestInvoker.java:227)
	at org.testng.internal.invokers.TestMethodWithDataProviderMethodWorker.call(TestMethodWithDataProviderMethodWorker.java:80)
	at org.testng.internal.invokers.TestMethodWithDataProviderMethodWorker.call(TestMethodWithDataProviderMethodWorker.java:17)
	at java.base/java.util.concurrent.FutureTask.run(FutureTask.java:317)
	at java.base/java.util.concurrent.Executors$RunnableAdapter.call(Executors.java:572)
	at java.base/java.util.concurrent.FutureTask.run(FutureTask.java:317)
	at java.base/java.util.concurrent.ThreadPoolExecutor.runWorker(ThreadPoolExecutor.java:1144)
	at java.base/java.util.concurrent.ThreadPoolExecutor$Worker.run(ThreadPoolExecutor.java:642)
	at java.base/java.lang.Thread.run(Thread.java:1575)
Caused by: com.microsoft.playwright.TimeoutError: Error {
  message='Timeout 30000ms exceeded.
  name='TimeoutError
  stack='TimeoutError: Timeout 30000ms exceeded.
    at ProgressController.run (/private/var/folders/jf/fh6y1kns1gn1smrq5b72_w9h0000gn/T/playwright-java-16527085977999430743/package/lib/server/progress.js:78:26)
    at Page.screenshot (/private/var/folders/jf/fh6y1kns1gn1smrq5b72_w9h0000gn/T/playwright-java-16527085977999430743/package/lib/server/page.js:490:23)
    at PageDispatcher.screenshot (/private/var/folders/jf/fh6y1kns1gn1smrq5b72_w9h0000gn/T/playwright-java-16527085977999430743/package/lib/server/dispatchers/pageDispatcher.js:204:32)
    at PageDispatcher._handleCommand (/private/var/folders/jf/fh6y1kns1gn1smrq5b72_w9h0000gn/T/playwright-java-16527085977999430743/package/lib/server/dispatchers/dispatcher.js:94:40)
    at DispatcherConnection.dispatch (/private/var/folders/jf/fh6y1kns1gn1smrq5b72_w9h0000gn/T/playwright-java-16527085977999430743/package/lib/server/dispatchers/dispatcher.js:361:39)
}
Call log:
- taking page screenshot
- waiting for fonts to load...
- fonts loaded

	at com.microsoft.playwright.impl.Connection.dispatch(Connection.java:254)
	at com.microsoft.playwright.impl.Connection.processOneMessage(Connection.java:211)
	at com.microsoft.playwright.impl.ChannelOwner.runUntil(ChannelOwner.java:118)
	... 44 more
[TestNG-PoolService-0] INFO com.tonic.listeners.CucumberRetryListener - Cucumber scenario FAILED (attempt 1/4): Add new category in BOH and validate the added category in FOH - Will be retried
[TestNG-PoolService-0] INFO com.tonic.listeners.CucumberRetryListener - Added scenario to immediate rerun list: ///Users/vrize/Documents/vrize2/BOH_Automation/tonic-ai-automation/src/test/resources/features/web/menu/MenuConfiguration.feature:31
[TestNG-PoolService-0] INFO com.tonic.listeners.CucumberRetryListener - Created immediate rerun file with 1 failed scenarios: target/rerun.txt
]]></system-err>
  </testcase>
</testsuite>