<?xml version="1.0" encoding="UTF-8"?>
<testsuite xmlns:xsi="http://www.w3.org/2001/XMLSchema-instance" xsi:noNamespaceSchemaLocation="https://maven.apache.org/surefire/maven-surefire-plugin/xsd/surefire-test-report-3.0.xsd" version="3.0" name="TestSuite" time="38.393" tests="1" errors="0" skipped="0" failures="0">
  <properties>
    <property name="java.specification.version" value="23"/>
    <property name="sun.jnu.encoding" value="UTF-8"/>
    <property name="java.class.path" value="/Users/vrize/.m2/repository/org/apache/maven/surefire/surefire-api/3.1.2/surefire-api-3.1.2.jar:/Users/vrize/.m2/repository/org/apache/maven/surefire/surefire-booter/3.1.2/surefire-booter-3.1.2.jar:/Users/vrize/.m2/repository/org/apache/maven/surefire/surefire-extensions-spi/3.1.2/surefire-extensions-spi-3.1.2.jar:/Users/vrize/.m2/repository/org/apache/maven/surefire/surefire-logger-api/3.1.2/surefire-logger-api-3.1.2.jar:/Users/vrize/.m2/repository/org/apache/maven/surefire/surefire-shared-utils/3.1.2/surefire-shared-utils-3.1.2.jar:/Users/vrize/Documents/vrize2/BOH_Automation/tonic-ai-automation/target/test-classes:/Users/vrize/Documents/vrize2/BOH_Automation/tonic-ai-automation/target/classes:/Users/vrize/.m2/repository/com/microsoft/playwright/playwright/1.44.0/playwright-1.44.0.jar:/Users/vrize/.m2/repository/com/google/code/gson/gson/2.10.1/gson-2.10.1.jar:/Users/vrize/.m2/repository/org/opentest4j/opentest4j/1.3.0/opentest4j-1.3.0.jar:/Users/vrize/.m2/repository/com/microsoft/playwright/driver/1.44.0/driver-1.44.0.jar:/Users/vrize/.m2/repository/com/microsoft/playwright/driver-bundle/1.44.0/driver-bundle-1.44.0.jar:/Users/vrize/.m2/repository/org/testng/testng/7.8.0/testng-7.8.0.jar:/Users/vrize/.m2/repository/org/slf4j/slf4j-api/1.7.36/slf4j-api-1.7.36.jar:/Users/vrize/.m2/repository/com/beust/jcommander/1.82/jcommander-1.82.jar:/Users/vrize/.m2/repository/org/webjars/jquery/3.6.1/jquery-3.6.1.jar:/Users/vrize/.m2/repository/io/qameta/allure/allure-testng/2.24.0/allure-testng-2.24.0.jar:/Users/vrize/.m2/repository/io/qameta/allure/allure-java-commons/2.24.0/allure-java-commons-2.24.0.jar:/Users/vrize/.m2/repository/io/qameta/allure/allure-model/2.24.0/allure-model-2.24.0.jar:/Users/vrize/.m2/repository/io/qameta/allure/allure-test-filter/2.24.0/allure-test-filter-2.24.0.jar:/Users/vrize/.m2/repository/com/aventstack/chaintest-testng/1.0.12/chaintest-testng-1.0.12.jar:/Users/vrize/.m2/repository/com/aventstack/chaintest-core/1.0.12/chaintest-core-1.0.12.jar:/Users/vrize/.m2/repository/org/freemarker/freemarker/2.3.33/freemarker-2.3.33.jar:/Users/vrize/.m2/repository/com/azure/azure-storage-blob/12.28.0/azure-storage-blob-12.28.0.jar:/Users/vrize/.m2/repository/com/azure/azure-core/1.52.0/azure-core-1.52.0.jar:/Users/vrize/.m2/repository/com/fasterxml/jackson/datatype/jackson-datatype-jsr310/2.17.2/jackson-datatype-jsr310-2.17.2.jar:/Users/vrize/.m2/repository/io/projectreactor/reactor-core/3.4.38/reactor-core-3.4.38.jar:/Users/vrize/.m2/repository/com/azure/azure-core-http-netty/1.15.4/azure-core-http-netty-1.15.4.jar:/Users/vrize/.m2/repository/io/netty/netty-handler/4.1.110.Final/netty-handler-4.1.110.Final.jar:/Users/vrize/.m2/repository/io/netty/netty-handler-proxy/4.1.110.Final/netty-handler-proxy-4.1.110.Final.jar:/Users/vrize/.m2/repository/io/netty/netty-codec-socks/4.1.110.Final/netty-codec-socks-4.1.110.Final.jar:/Users/vrize/.m2/repository/io/netty/netty-buffer/4.1.110.Final/netty-buffer-4.1.110.Final.jar:/Users/vrize/.m2/repository/io/netty/netty-codec/4.1.110.Final/netty-codec-4.1.110.Final.jar:/Users/vrize/.m2/repository/io/netty/netty-codec-http/4.1.110.Final/netty-codec-http-4.1.110.Final.jar:/Users/vrize/.m2/repository/io/netty/netty-codec-http2/4.1.110.Final/netty-codec-http2-4.1.110.Final.jar:/Users/vrize/.m2/repository/io/netty/netty-transport-native-unix-common/4.1.110.Final/netty-transport-native-unix-common-4.1.110.Final.jar:/Users/vrize/.m2/repository/io/netty/netty-transport-native-epoll/4.1.110.Final/netty-transport-native-epoll-4.1.110.Final-linux-x86_64.jar:/Users/vrize/.m2/repository/io/netty/netty-transport-native-kqueue/4.1.110.Final/netty-transport-native-kqueue-4.1.110.Final-osx-x86_64.jar:/Users/vrize/.m2/repository/io/netty/netty-transport-classes-kqueue/4.1.110.Final/netty-transport-classes-kqueue-4.1.110.Final.jar:/Users/vrize/.m2/repository/io/netty/netty-tcnative-boringssl-static/2.0.65.Final/netty-tcnative-boringssl-static-2.0.65.Final.jar:/Users/vrize/.m2/repository/io/netty/netty-tcnative-classes/2.0.65.Final/netty-tcnative-classes-2.0.65.Final.jar:/Users/vrize/.m2/repository/io/netty/netty-tcnative-boringssl-static/2.0.65.Final/netty-tcnative-boringssl-static-2.0.65.Final-linux-x86_64.jar:/Users/vrize/.m2/repository/io/netty/netty-tcnative-boringssl-static/2.0.65.Final/netty-tcnative-boringssl-static-2.0.65.Final-linux-aarch_64.jar:/Users/vrize/.m2/repository/io/netty/netty-tcnative-boringssl-static/2.0.65.Final/netty-tcnative-boringssl-static-2.0.65.Final-osx-x86_64.jar:/Users/vrize/.m2/repository/io/netty/netty-tcnative-boringssl-static/2.0.65.Final/netty-tcnative-boringssl-static-2.0.65.Final-osx-aarch_64.jar:/Users/vrize/.m2/repository/io/netty/netty-tcnative-boringssl-static/2.0.65.Final/netty-tcnative-boringssl-static-2.0.65.Final-windows-x86_64.jar:/Users/vrize/.m2/repository/io/projectreactor/netty/reactor-netty-http/1.0.45/reactor-netty-http-1.0.45.jar:/Users/vrize/.m2/repository/io/netty/netty-resolver-dns/4.1.109.Final/netty-resolver-dns-4.1.109.Final.jar:/Users/vrize/.m2/repository/io/netty/netty-codec-dns/4.1.109.Final/netty-codec-dns-4.1.109.Final.jar:/Users/vrize/.m2/repository/io/netty/netty-resolver-dns-native-macos/4.1.109.Final/netty-resolver-dns-native-macos-4.1.109.Final-osx-x86_64.jar:/Users/vrize/.m2/repository/io/netty/netty-resolver-dns-classes-macos/4.1.109.Final/netty-resolver-dns-classes-macos-4.1.109.Final.jar:/Users/vrize/.m2/repository/io/projectreactor/netty/reactor-netty-core/1.0.45/reactor-netty-core-1.0.45.jar:/Users/vrize/.m2/repository/io/netty/netty-common/4.1.110.Final/netty-common-4.1.110.Final.jar:/Users/vrize/.m2/repository/com/azure/azure-storage-internal-avro/12.13.0/azure-storage-internal-avro-12.13.0.jar:/Users/vrize/.m2/repository/com/azure/azure-xml/1.1.0/azure-xml-1.1.0.jar:/Users/vrize/.m2/repository/com/azure/azure-storage-common/12.28.0/azure-storage-common-12.28.0.jar:/Users/vrize/.m2/repository/com/azure/azure-identity/1.13.3/azure-identity-1.13.3.jar:/Users/vrize/.m2/repository/com/azure/azure-json/1.3.0/azure-json-1.3.0.jar:/Users/vrize/.m2/repository/com/microsoft/azure/msal4j/1.17.1/msal4j-1.17.1.jar:/Users/vrize/.m2/repository/com/nimbusds/oauth2-oidc-sdk/11.18/oauth2-oidc-sdk-11.18.jar:/Users/vrize/.m2/repository/com/github/stephenc/jcip/jcip-annotations/1.0-1/jcip-annotations-1.0-1.jar:/Users/vrize/.m2/repository/com/nimbusds/content-type/2.3/content-type-2.3.jar:/Users/vrize/.m2/repository/com/nimbusds/lang-tag/1.7/lang-tag-1.7.jar:/Users/vrize/.m2/repository/com/nimbusds/nimbus-jose-jwt/9.40/nimbus-jose-jwt-9.40.jar:/Users/vrize/.m2/repository/net/minidev/json-smart/2.5.0/json-smart-2.5.0.jar:/Users/vrize/.m2/repository/net/minidev/accessors-smart/2.5.0/accessors-smart-2.5.0.jar:/Users/vrize/.m2/repository/org/ow2/asm/asm/9.3/asm-9.3.jar:/Users/vrize/.m2/repository/com/microsoft/azure/msal4j-persistence-extension/1.3.0/msal4j-persistence-extension-1.3.0.jar:/Users/vrize/.m2/repository/net/java/dev/jna/jna-platform/5.6.0/jna-platform-5.6.0.jar:/Users/vrize/.m2/repository/software/amazon/awssdk/s3/2.29.39/s3-2.29.39.jar:/Users/vrize/.m2/repository/software/amazon/awssdk/aws-xml-protocol/2.29.39/aws-xml-protocol-2.29.39.jar:/Users/vrize/.m2/repository/software/amazon/awssdk/aws-query-protocol/2.29.39/aws-query-protocol-2.29.39.jar:/Users/vrize/.m2/repository/software/amazon/awssdk/protocol-core/2.29.39/protocol-core-2.29.39.jar:/Users/vrize/.m2/repository/software/amazon/awssdk/arns/2.29.39/arns-2.29.39.jar:/Users/vrize/.m2/repository/software/amazon/awssdk/profiles/2.29.39/profiles-2.29.39.jar:/Users/vrize/.m2/repository/software/amazon/awssdk/crt-core/2.29.39/crt-core-2.29.39.jar:/Users/vrize/.m2/repository/software/amazon/awssdk/http-auth/2.29.39/http-auth-2.29.39.jar:/Users/vrize/.m2/repository/software/amazon/awssdk/identity-spi/2.29.39/identity-spi-2.29.39.jar:/Users/vrize/.m2/repository/software/amazon/awssdk/http-auth-spi/2.29.39/http-auth-spi-2.29.39.jar:/Users/vrize/.m2/repository/org/reactivestreams/reactive-streams/1.0.4/reactive-streams-1.0.4.jar:/Users/vrize/.m2/repository/software/amazon/awssdk/http-auth-aws/2.29.39/http-auth-aws-2.29.39.jar:/Users/vrize/.m2/repository/software/amazon/awssdk/checksums/2.29.39/checksums-2.29.39.jar:/Users/vrize/.m2/repository/software/amazon/awssdk/checksums-spi/2.29.39/checksums-spi-2.29.39.jar:/Users/vrize/.m2/repository/software/amazon/awssdk/retries-spi/2.29.39/retries-spi-2.29.39.jar:/Users/vrize/.m2/repository/software/amazon/awssdk/sdk-core/2.29.39/sdk-core-2.29.39.jar:/Users/vrize/.m2/repository/software/amazon/awssdk/retries/2.29.39/retries-2.29.39.jar:/Users/vrize/.m2/repository/software/amazon/awssdk/auth/2.29.39/auth-2.29.39.jar:/Users/vrize/.m2/repository/software/amazon/awssdk/http-auth-aws-eventstream/2.29.39/http-auth-aws-eventstream-2.29.39.jar:/Users/vrize/.m2/repository/software/amazon/eventstream/eventstream/1.0.1/eventstream-1.0.1.jar:/Users/vrize/.m2/repository/software/amazon/awssdk/http-client-spi/2.29.39/http-client-spi-2.29.39.jar:/Users/vrize/.m2/repository/software/amazon/awssdk/regions/2.29.39/regions-2.29.39.jar:/Users/vrize/.m2/repository/software/amazon/awssdk/annotations/2.29.39/annotations-2.29.39.jar:/Users/vrize/.m2/repository/software/amazon/awssdk/utils/2.29.39/utils-2.29.39.jar:/Users/vrize/.m2/repository/software/amazon/awssdk/aws-core/2.29.39/aws-core-2.29.39.jar:/Users/vrize/.m2/repository/software/amazon/awssdk/metrics-spi/2.29.39/metrics-spi-2.29.39.jar:/Users/vrize/.m2/repository/software/amazon/awssdk/json-utils/2.29.39/json-utils-2.29.39.jar:/Users/vrize/.m2/repository/software/amazon/awssdk/third-party-jackson-core/2.29.39/third-party-jackson-core-2.29.39.jar:/Users/vrize/.m2/repository/software/amazon/awssdk/endpoints-spi/2.29.39/endpoints-spi-2.29.39.jar:/Users/vrize/.m2/repository/software/amazon/awssdk/netty-nio-client/2.29.39/netty-nio-client-2.29.39.jar:/Users/vrize/.m2/repository/io/netty/netty-transport/4.1.115.Final/netty-transport-4.1.115.Final.jar:/Users/vrize/.m2/repository/io/netty/netty-transport-classes-epoll/4.1.115.Final/netty-transport-classes-epoll-4.1.115.Final.jar:/Users/vrize/.m2/repository/io/netty/netty-resolver/4.1.115.Final/netty-resolver-4.1.115.Final.jar:/Users/vrize/.m2/repository/software/amazon/awssdk/apache-client/2.29.39/apache-client-2.29.39.jar:/Users/vrize/.m2/repository/com/aventstack/chaintest-cucumber-jvm/1.0.12/chaintest-cucumber-jvm-1.0.12.jar:/Users/vrize/.m2/repository/io/cucumber/cucumber-plugin/7.11.1/cucumber-plugin-7.11.1.jar:/Users/vrize/.m2/repository/ch/qos/logback/logback-classic/1.5.9/logback-classic-1.5.9.jar:/Users/vrize/.m2/repository/ch/qos/logback/logback-core/1.5.9/logback-core-1.5.9.jar:/Users/vrize/.m2/repository/com/fasterxml/jackson/core/jackson-databind/2.14.2/jackson-databind-2.14.2.jar:/Users/vrize/.m2/repository/com/fasterxml/jackson/core/jackson-annotations/2.14.2/jackson-annotations-2.14.2.jar:/Users/vrize/.m2/repository/com/fasterxml/jackson/core/jackson-core/2.14.2/jackson-core-2.14.2.jar:/Users/vrize/.m2/repository/org/projectlombok/lombok/1.18.30/lombok-1.18.30.jar:/Users/vrize/.m2/repository/org/hamcrest/hamcrest-library/2.2/hamcrest-library-2.2.jar:/Users/vrize/.m2/repository/org/hamcrest/hamcrest-core/2.2/hamcrest-core-2.2.jar:/Users/vrize/.m2/repository/org/seleniumhq/selenium/selenium-java/4.17.0/selenium-java-4.17.0.jar:/Users/vrize/.m2/repository/org/seleniumhq/selenium/selenium-api/4.17.0/selenium-api-4.17.0.jar:/Users/vrize/.m2/repository/org/seleniumhq/selenium/selenium-chrome-driver/4.17.0/selenium-chrome-driver-4.17.0.jar:/Users/vrize/.m2/repository/com/google/auto/service/auto-service-annotations/1.1.1/auto-service-annotations-1.1.1.jar:/Users/vrize/.m2/repository/org/seleniumhq/selenium/selenium-chromium-driver/4.17.0/selenium-chromium-driver-4.17.0.jar:/Users/vrize/.m2/repository/org/seleniumhq/selenium/selenium-json/4.17.0/selenium-json-4.17.0.jar:/Users/vrize/.m2/repository/org/seleniumhq/selenium/selenium-manager/4.17.0/selenium-manager-4.17.0.jar:/Users/vrize/.m2/repository/org/seleniumhq/selenium/selenium-devtools-v119/4.17.0/selenium-devtools-v119-4.17.0.jar:/Users/vrize/.m2/repository/org/seleniumhq/selenium/selenium-devtools-v120/4.17.0/selenium-devtools-v120-4.17.0.jar:/Users/vrize/.m2/repository/org/seleniumhq/selenium/selenium-devtools-v121/4.17.0/selenium-devtools-v121-4.17.0.jar:/Users/vrize/.m2/repository/org/seleniumhq/selenium/selenium-devtools-v85/4.17.0/selenium-devtools-v85-4.17.0.jar:/Users/vrize/.m2/repository/org/seleniumhq/selenium/selenium-edge-driver/4.17.0/selenium-edge-driver-4.17.0.jar:/Users/vrize/.m2/repository/org/seleniumhq/selenium/selenium-firefox-driver/4.17.0/selenium-firefox-driver-4.17.0.jar:/Users/vrize/.m2/repository/org/seleniumhq/selenium/selenium-http/4.17.0/selenium-http-4.17.0.jar:/Users/vrize/.m2/repository/dev/failsafe/failsafe/3.3.2/failsafe-3.3.2.jar:/Users/vrize/.m2/repository/org/seleniumhq/selenium/selenium-ie-driver/4.17.0/selenium-ie-driver-4.17.0.jar:/Users/vrize/.m2/repository/org/seleniumhq/selenium/selenium-remote-driver/4.17.0/selenium-remote-driver-4.17.0.jar:/Users/vrize/.m2/repository/com/google/guava/guava/33.0.0-jre/guava-33.0.0-jre.jar:/Users/vrize/.m2/repository/com/google/guava/failureaccess/1.0.2/failureaccess-1.0.2.jar:/Users/vrize/.m2/repository/com/google/guava/listenablefuture/9999.0-empty-to-avoid-conflict-with-guava/listenablefuture-9999.0-empty-to-avoid-conflict-with-guava.jar:/Users/vrize/.m2/repository/com/google/code/findbugs/jsr305/3.0.2/jsr305-3.0.2.jar:/Users/vrize/.m2/repository/org/checkerframework/checker-qual/3.41.0/checker-qual-3.41.0.jar:/Users/vrize/.m2/repository/com/google/errorprone/error_prone_annotations/2.23.0/error_prone_annotations-2.23.0.jar:/Users/vrize/.m2/repository/com/google/j2objc/j2objc-annotations/2.8/j2objc-annotations-2.8.jar:/Users/vrize/.m2/repository/io/opentelemetry/semconv/opentelemetry-semconv/1.23.1-alpha/opentelemetry-semconv-1.23.1-alpha.jar:/Users/vrize/.m2/repository/io/opentelemetry/opentelemetry-api/1.34.1/opentelemetry-api-1.34.1.jar:/Users/vrize/.m2/repository/io/opentelemetry/opentelemetry-context/1.34.1/opentelemetry-context-1.34.1.jar:/Users/vrize/.m2/repository/io/opentelemetry/opentelemetry-exporter-logging/1.34.1/opentelemetry-exporter-logging-1.34.1.jar:/Users/vrize/.m2/repository/io/opentelemetry/opentelemetry-sdk-common/1.34.1/opentelemetry-sdk-common-1.34.1.jar:/Users/vrize/.m2/repository/io/opentelemetry/opentelemetry-sdk-extension-autoconfigure-spi/1.34.1/opentelemetry-sdk-extension-autoconfigure-spi-1.34.1.jar:/Users/vrize/.m2/repository/io/opentelemetry/opentelemetry-sdk-extension-autoconfigure/1.34.1/opentelemetry-sdk-extension-autoconfigure-1.34.1.jar:/Users/vrize/.m2/repository/io/opentelemetry/opentelemetry-api-events/1.34.1-alpha/opentelemetry-api-events-1.34.1-alpha.jar:/Users/vrize/.m2/repository/io/opentelemetry/opentelemetry-sdk-trace/1.34.1/opentelemetry-sdk-trace-1.34.1.jar:/Users/vrize/.m2/repository/io/opentelemetry/opentelemetry-sdk/1.34.1/opentelemetry-sdk-1.34.1.jar:/Users/vrize/.m2/repository/io/opentelemetry/opentelemetry-sdk-metrics/1.34.1/opentelemetry-sdk-metrics-1.34.1.jar:/Users/vrize/.m2/repository/io/opentelemetry/opentelemetry-extension-incubator/1.34.1-alpha/opentelemetry-extension-incubator-1.34.1-alpha.jar:/Users/vrize/.m2/repository/io/opentelemetry/opentelemetry-sdk-logs/1.34.1/opentelemetry-sdk-logs-1.34.1.jar:/Users/vrize/.m2/repository/net/bytebuddy/byte-buddy/1.14.11/byte-buddy-1.14.11.jar:/Users/vrize/.m2/repository/org/seleniumhq/selenium/selenium-os/4.17.0/selenium-os-4.17.0.jar:/Users/vrize/.m2/repository/org/apache/commons/commons-exec/1.3/commons-exec-1.3.jar:/Users/vrize/.m2/repository/org/seleniumhq/selenium/selenium-safari-driver/4.17.0/selenium-safari-driver-4.17.0.jar:/Users/vrize/.m2/repository/org/seleniumhq/selenium/selenium-support/4.17.0/selenium-support-4.17.0.jar:/Users/vrize/.m2/repository/io/appium/java-client/9.1.0/java-client-9.1.0.jar:/Users/vrize/.m2/repository/net/datafaker/datafaker/2.1.0/datafaker-2.1.0.jar:/Users/vrize/.m2/repository/org/yaml/snakeyaml/2.2/snakeyaml-2.2.jar:/Users/vrize/.m2/repository/com/github/mifmif/generex/1.0.2/generex-1.0.2.jar:/Users/vrize/.m2/repository/dk/brics/automaton/automaton/1.11-8/automaton-1.11-8.jar:/Users/vrize/.m2/repository/commons-io/commons-io/2.15.1/commons-io-2.15.1.jar:/Users/vrize/.m2/repository/ru/yandex/qatools/ashot/ashot/1.5.4/ashot-1.5.4.jar:/Users/vrize/.m2/repository/org/jetbrains/annotations/24.1.0/annotations-24.1.0.jar:/Users/vrize/.m2/repository/com/googlecode/json-simple/json-simple/1.1.1/json-simple-1.1.1.jar:/Users/vrize/.m2/repository/junit/junit/4.10/junit-4.10.jar:/Users/vrize/.m2/repository/org/json/json/20240303/json-20240303.jar:/Users/vrize/.m2/repository/net/sourceforge/tess4j/tess4j/5.9.0/tess4j-5.9.0.jar:/Users/vrize/.m2/repository/net/java/dev/jna/jna/5.13.0/jna-5.13.0.jar:/Users/vrize/.m2/repository/com/github/jai-imageio/jai-imageio-core/1.4.0/jai-imageio-core-1.4.0.jar:/Users/vrize/.m2/repository/org/apache/pdfbox/pdfbox/3.0.1/pdfbox-3.0.1.jar:/Users/vrize/.m2/repository/org/apache/pdfbox/pdfbox-io/3.0.1/pdfbox-io-3.0.1.jar:/Users/vrize/.m2/repository/org/apache/pdfbox/fontbox/3.0.1/fontbox-3.0.1.jar:/Users/vrize/.m2/repository/commons-logging/commons-logging/1.2/commons-logging-1.2.jar:/Users/vrize/.m2/repository/org/apache/pdfbox/pdfbox-tools/3.0.1/pdfbox-tools-3.0.1.jar:/Users/vrize/.m2/repository/org/apache/pdfbox/pdfbox-debugger/3.0.1/pdfbox-debugger-3.0.1.jar:/Users/vrize/.m2/repository/info/picocli/picocli/4.7.5/picocli-4.7.5.jar:/Users/vrize/.m2/repository/org/apache/pdfbox/jbig2-imageio/3.0.4/jbig2-imageio-3.0.4.jar:/Users/vrize/.m2/repository/net/sourceforge/lept4j/lept4j/1.18.2/lept4j-1.18.2.jar:/Users/vrize/.m2/repository/org/jboss/jboss-vfs/3.2.17.Final/jboss-vfs-3.2.17.Final.jar:/Users/vrize/.m2/repository/org/jboss/logging/jboss-logging/3.1.4.GA/jboss-logging-3.1.4.GA.jar:/Users/vrize/.m2/repository/net/rcarz/jira-client/0.5/jira-client-0.5.jar:/Users/vrize/.m2/repository/org/apache/httpcomponents/httpclient/4.2.5/httpclient-4.2.5.jar:/Users/vrize/.m2/repository/org/apache/httpcomponents/httpcore/4.2.4/httpcore-4.2.4.jar:/Users/vrize/.m2/repository/org/apache/httpcomponents/httpmime/4.2.5/httpmime-4.2.5.jar:/Users/vrize/.m2/repository/net/sf/json-lib/json-lib/2.4/json-lib-2.4-jdk15.jar:/Users/vrize/.m2/repository/commons-lang/commons-lang/2.5/commons-lang-2.5.jar:/Users/vrize/.m2/repository/net/sf/ezmorph/ezmorph/1.0.6/ezmorph-1.0.6.jar:/Users/vrize/.m2/repository/joda-time/joda-time/2.3/joda-time-2.3.jar:/Users/vrize/.m2/repository/org/mockito/mockito-all/1.9.0/mockito-all-1.9.0.jar:/Users/vrize/.m2/repository/commons-httpclient/commons-httpclient/3.1/commons-httpclient-3.1.jar:/Users/vrize/.m2/repository/net/serenity-bdd/serenity-core/3.6.21/serenity-core-3.6.21.jar:/Users/vrize/.m2/repository/net/serenity-bdd/serenity-model/3.6.21/serenity-model-3.6.21.jar:/Users/vrize/.m2/repository/org/apache/commons/commons-text/1.10.0/commons-text-1.10.0.jar:/Users/vrize/.m2/repository/commons-net/commons-net/3.9.0/commons-net-3.9.0.jar:/Users/vrize/.m2/repository/com/google/inject/guice/5.1.0/guice-5.1.0.jar:/Users/vrize/.m2/repository/javax/inject/javax.inject/1/javax.inject-1.jar:/Users/vrize/.m2/repository/aopalliance/aopalliance/1.0/aopalliance-1.0.jar:/Users/vrize/.m2/repository/org/jsoup/jsoup/1.14.3/jsoup-1.14.3.jar:/Users/vrize/.m2/repository/com/thoughtworks/xstream/xstream/1.4.20/xstream-1.4.20.jar:/Users/vrize/.m2/repository/io/github/x-stream/mxparser/1.2.2/mxparser-1.2.2.jar:/Users/vrize/.m2/repository/xmlpull/xmlpull/1.1.3.1/xmlpull-1.1.3.1.jar:/Users/vrize/.m2/repository/com/typesafe/config/1.4.2/config-1.4.2.jar:/Users/vrize/.m2/repository/org/imgscalr/imgscalr-lib/4.2/imgscalr-lib-4.2.jar:/Users/vrize/.m2/repository/org/awaitility/awaitility/4.2.0/awaitility-4.2.0.jar:/Users/vrize/.m2/repository/io/github/classgraph/classgraph/4.8.138/classgraph-4.8.138.jar:/Users/vrize/.m2/repository/net/sourceforge/jexcelapi/jxl/2.6.12/jxl-2.6.12.jar:/Users/vrize/.m2/repository/net/bytebuddy/byte-buddy-agent/1.14.2/byte-buddy-agent-1.14.2.jar:/Users/vrize/.m2/repository/org/objenesis/objenesis/3.3/objenesis-3.3.jar:/Users/vrize/.m2/repository/net/serenity-bdd/serenity-reports/3.6.21/serenity-reports-3.6.21.jar:/Users/vrize/.m2/repository/net/serenity-bdd/serenity-stats/3.6.21/serenity-stats-3.6.21.jar:/Users/vrize/.m2/repository/org/jetbrains/kotlin/kotlin-stdlib/1.8.10/kotlin-stdlib-1.8.10.jar:/Users/vrize/.m2/repository/org/jetbrains/kotlin/kotlin-stdlib-common/1.8.10/kotlin-stdlib-common-1.8.10.jar:/Users/vrize/.m2/repository/net/serenity-bdd/serenity-reports-configuration/3.6.21/serenity-reports-configuration-3.6.21.jar:/Users/vrize/.m2/repository/com/vladsch/flexmark/flexmark-all/0.62.2/flexmark-all-0.62.2.jar:/Users/vrize/.m2/repository/com/vladsch/flexmark/flexmark/0.62.2/flexmark-0.62.2.jar:/Users/vrize/.m2/repository/com/vladsch/flexmark/flexmark-ext-abbreviation/0.62.2/flexmark-ext-abbreviation-0.62.2.jar:/Users/vrize/.m2/repository/com/vladsch/flexmark/flexmark-util/0.62.2/flexmark-util-0.62.2.jar:/Users/vrize/.m2/repository/com/vladsch/flexmark/flexmark-ext-admonition/0.62.2/flexmark-ext-admonition-0.62.2.jar:/Users/vrize/.m2/repository/com/vladsch/flexmark/flexmark-ext-anchorlink/0.62.2/flexmark-ext-anchorlink-0.62.2.jar:/Users/vrize/.m2/repository/com/vladsch/flexmark/flexmark-ext-aside/0.62.2/flexmark-ext-aside-0.62.2.jar:/Users/vrize/.m2/repository/com/vladsch/flexmark/flexmark-ext-attributes/0.62.2/flexmark-ext-attributes-0.62.2.jar:/Users/vrize/.m2/repository/com/vladsch/flexmark/flexmark-ext-autolink/0.62.2/flexmark-ext-autolink-0.62.2.jar:/Users/vrize/.m2/repository/org/nibor/autolink/autolink/0.6.0/autolink-0.6.0.jar:/Users/vrize/.m2/repository/com/vladsch/flexmark/flexmark-ext-definition/0.62.2/flexmark-ext-definition-0.62.2.jar:/Users/vrize/.m2/repository/com/vladsch/flexmark/flexmark-ext-emoji/0.62.2/flexmark-ext-emoji-0.62.2.jar:/Users/vrize/.m2/repository/com/vladsch/flexmark/flexmark-ext-enumerated-reference/0.62.2/flexmark-ext-enumerated-reference-0.62.2.jar:/Users/vrize/.m2/repository/com/vladsch/flexmark/flexmark-ext-escaped-character/0.62.2/flexmark-ext-escaped-character-0.62.2.jar:/Users/vrize/.m2/repository/com/vladsch/flexmark/flexmark-ext-footnotes/0.62.2/flexmark-ext-footnotes-0.62.2.jar:/Users/vrize/.m2/repository/com/vladsch/flexmark/flexmark-ext-gfm-issues/0.62.2/flexmark-ext-gfm-issues-0.62.2.jar:/Users/vrize/.m2/repository/com/vladsch/flexmark/flexmark-ext-gfm-strikethrough/0.62.2/flexmark-ext-gfm-strikethrough-0.62.2.jar:/Users/vrize/.m2/repository/com/vladsch/flexmark/flexmark-ext-gfm-tasklist/0.62.2/flexmark-ext-gfm-tasklist-0.62.2.jar:/Users/vrize/.m2/repository/com/vladsch/flexmark/flexmark-ext-gfm-users/0.62.2/flexmark-ext-gfm-users-0.62.2.jar:/Users/vrize/.m2/repository/com/vladsch/flexmark/flexmark-ext-gitlab/0.62.2/flexmark-ext-gitlab-0.62.2.jar:/Users/vrize/.m2/repository/com/vladsch/flexmark/flexmark-ext-jekyll-front-matter/0.62.2/flexmark-ext-jekyll-front-matter-0.62.2.jar:/Users/vrize/.m2/repository/com/vladsch/flexmark/flexmark-ext-jekyll-tag/0.62.2/flexmark-ext-jekyll-tag-0.62.2.jar:/Users/vrize/.m2/repository/com/vladsch/flexmark/flexmark-ext-media-tags/0.62.2/flexmark-ext-media-tags-0.62.2.jar:/Users/vrize/.m2/repository/com/vladsch/flexmark/flexmark-ext-macros/0.62.2/flexmark-ext-macros-0.62.2.jar:/Users/vrize/.m2/repository/com/vladsch/flexmark/flexmark-ext-ins/0.62.2/flexmark-ext-ins-0.62.2.jar:/Users/vrize/.m2/repository/com/vladsch/flexmark/flexmark-ext-xwiki-macros/0.62.2/flexmark-ext-xwiki-macros-0.62.2.jar:/Users/vrize/.m2/repository/com/vladsch/flexmark/flexmark-ext-superscript/0.62.2/flexmark-ext-superscript-0.62.2.jar:/Users/vrize/.m2/repository/com/vladsch/flexmark/flexmark-ext-tables/0.62.2/flexmark-ext-tables-0.62.2.jar:/Users/vrize/.m2/repository/com/vladsch/flexmark/flexmark-ext-toc/0.62.2/flexmark-ext-toc-0.62.2.jar:/Users/vrize/.m2/repository/com/vladsch/flexmark/flexmark-ext-typographic/0.62.2/flexmark-ext-typographic-0.62.2.jar:/Users/vrize/.m2/repository/com/vladsch/flexmark/flexmark-ext-wikilink/0.62.2/flexmark-ext-wikilink-0.62.2.jar:/Users/vrize/.m2/repository/com/vladsch/flexmark/flexmark-ext-yaml-front-matter/0.62.2/flexmark-ext-yaml-front-matter-0.62.2.jar:/Users/vrize/.m2/repository/com/vladsch/flexmark/flexmark-ext-youtube-embedded/0.62.2/flexmark-ext-youtube-embedded-0.62.2.jar:/Users/vrize/.m2/repository/com/vladsch/flexmark/flexmark-html2md-converter/0.62.2/flexmark-html2md-converter-0.62.2.jar:/Users/vrize/.m2/repository/com/vladsch/flexmark/flexmark-jira-converter/0.62.2/flexmark-jira-converter-0.62.2.jar:/Users/vrize/.m2/repository/com/vladsch/flexmark/flexmark-pdf-converter/0.62.2/flexmark-pdf-converter-0.62.2.jar:/Users/vrize/.m2/repository/com/openhtmltopdf/openhtmltopdf-core/1.0.0/openhtmltopdf-core-1.0.0.jar:/Users/vrize/.m2/repository/com/openhtmltopdf/openhtmltopdf-pdfbox/1.0.0/openhtmltopdf-pdfbox-1.0.0.jar:/Users/vrize/.m2/repository/org/apache/pdfbox/xmpbox/2.0.16/xmpbox-2.0.16.jar:/Users/vrize/.m2/repository/de/rototor/pdfbox/graphics2d/0.24/graphics2d-0.24.jar:/Users/vrize/.m2/repository/com/openhtmltopdf/openhtmltopdf-rtl-support/1.0.0/openhtmltopdf-rtl-support-1.0.0.jar:/Users/vrize/.m2/repository/com/openhtmltopdf/openhtmltopdf-jsoup-dom-converter/1.0.0/openhtmltopdf-jsoup-dom-converter-1.0.0.jar:/Users/vrize/.m2/repository/com/vladsch/flexmark/flexmark-profile-pegdown/0.62.2/flexmark-profile-pegdown-0.62.2.jar:/Users/vrize/.m2/repository/com/vladsch/flexmark/flexmark-util-ast/0.62.2/flexmark-util-ast-0.62.2.jar:/Users/vrize/.m2/repository/com/vladsch/flexmark/flexmark-util-builder/0.62.2/flexmark-util-builder-0.62.2.jar:/Users/vrize/.m2/repository/com/vladsch/flexmark/flexmark-util-collection/0.62.2/flexmark-util-collection-0.62.2.jar:/Users/vrize/.m2/repository/com/vladsch/flexmark/flexmark-util-data/0.62.2/flexmark-util-data-0.62.2.jar:/Users/vrize/.m2/repository/com/vladsch/flexmark/flexmark-util-dependency/0.62.2/flexmark-util-dependency-0.62.2.jar:/Users/vrize/.m2/repository/com/vladsch/flexmark/flexmark-util-format/0.62.2/flexmark-util-format-0.62.2.jar:/Users/vrize/.m2/repository/com/vladsch/flexmark/flexmark-util-html/0.62.2/flexmark-util-html-0.62.2.jar:/Users/vrize/.m2/repository/com/vladsch/flexmark/flexmark-util-misc/0.62.2/flexmark-util-misc-0.62.2.jar:/Users/vrize/.m2/repository/com/vladsch/flexmark/flexmark-util-options/0.62.2/flexmark-util-options-0.62.2.jar:/Users/vrize/.m2/repository/com/vladsch/flexmark/flexmark-util-sequence/0.62.2/flexmark-util-sequence-0.62.2.jar:/Users/vrize/.m2/repository/com/vladsch/flexmark/flexmark-util-visitor/0.62.2/flexmark-util-visitor-0.62.2.jar:/Users/vrize/.m2/repository/com/vladsch/flexmark/flexmark-youtrack-converter/0.62.2/flexmark-youtrack-converter-0.62.2.jar:/Users/vrize/.m2/repository/com/ibm/icu/icu4j/72.1/icu4j-72.1.jar:/Users/vrize/.m2/repository/es/nitaur/markdown/txtmark/0.16/txtmark-0.16.jar:/Users/vrize/.m2/repository/net/serenity-bdd/serenity-report-resources/3.6.21/serenity-report-resources-3.6.21.jar:/Users/vrize/.m2/repository/commons-codec/commons-codec/1.15/commons-codec-1.15.jar:/Users/vrize/.m2/repository/org/apache/groovy/groovy/4.0.10/groovy-4.0.10.jar:/Users/vrize/.m2/repository/net/sf/opencsv/opencsv/2.0/opencsv-2.0.jar:/Users/vrize/.m2/repository/commons-beanutils/commons-beanutils/1.9.4/commons-beanutils-1.9.4.jar:/Users/vrize/.m2/repository/org/apache/commons/commons-lang3/3.12.0/commons-lang3-3.12.0.jar:/Users/vrize/.m2/repository/commons-collections/commons-collections/3.2.2/commons-collections-3.2.2.jar:/Users/vrize/.m2/repository/org/fluentlenium/fluentlenium-core/0.10.2/fluentlenium-core-0.10.2.jar:/Users/vrize/.m2/repository/io/github/bonigarcia/webdrivermanager/5.3.0/webdrivermanager-5.3.0.jar:/Users/vrize/.m2/repository/com/github/docker-java/docker-java/3.2.13/docker-java-3.2.13.jar:/Users/vrize/.m2/repository/com/github/docker-java/docker-java-core/3.2.13/docker-java-core-3.2.13.jar:/Users/vrize/.m2/repository/com/github/docker-java/docker-java-api/3.2.13/docker-java-api-3.2.13.jar:/Users/vrize/.m2/repository/org/apache/commons/commons-compress/1.21/commons-compress-1.21.jar:/Users/vrize/.m2/repository/org/bouncycastle/bcpkix-jdk15on/1.64/bcpkix-jdk15on-1.64.jar:/Users/vrize/.m2/repository/org/bouncycastle/bcprov-jdk15on/1.64/bcprov-jdk15on-1.64.jar:/Users/vrize/.m2/repository/org/slf4j/jcl-over-slf4j/1.7.30/jcl-over-slf4j-1.7.30.jar:/Users/vrize/.m2/repository/com/github/docker-java/docker-java-transport-httpclient5/3.2.13/docker-java-transport-httpclient5-3.2.13.jar:/Users/vrize/.m2/repository/com/github/docker-java/docker-java-transport/3.2.13/docker-java-transport-3.2.13.jar:/Users/vrize/.m2/repository/org/brotli/dec/0.1.2/dec-0.1.2.jar:/Users/vrize/.m2/repository/org/apache/httpcomponents/client5/httpclient5/5.1.3/httpclient5-5.1.3.jar:/Users/vrize/.m2/repository/org/apache/httpcomponents/core5/httpcore5/5.1.3/httpcore5-5.1.3.jar:/Users/vrize/.m2/repository/org/apache/httpcomponents/core5/httpcore5-h2/5.1.3/httpcore5-h2-5.1.3.jar:/Users/vrize/.m2/repository/com/jhlabs/filters/2.0.235/filters-2.0.235.jar:/Users/vrize/.m2/repository/com/paulhammant/ngwebdriver/1.1.6/ngwebdriver-1.1.6.jar:/Users/vrize/.m2/repository/org/hamcrest/hamcrest/2.2/hamcrest-2.2.jar:/Users/vrize/.m2/repository/com/google/jimfs/jimfs/1.2/jimfs-1.2.jar:/Users/vrize/.m2/repository/org/mockito/mockito-core/3.3.3/mockito-core-3.3.3.jar:/Users/vrize/.m2/repository/org/assertj/assertj-core/3.24.2/assertj-core-3.24.2.jar:/Users/vrize/.m2/repository/javax/xml/bind/jaxb-api/2.3.1/jaxb-api-2.3.1.jar:/Users/vrize/.m2/repository/javax/activation/javax.activation-api/1.2.0/javax.activation-api-1.2.0.jar:/Users/vrize/.m2/repository/com/sun/xml/bind/jaxb-core/2.3.0.1/jaxb-core-2.3.0.1.jar:/Users/vrize/.m2/repository/com/sun/xml/bind/jaxb-impl/2.3.3/jaxb-impl-2.3.3.jar:/Users/vrize/.m2/repository/jakarta/xml/bind/jakarta.xml.bind-api/2.3.3/jakarta.xml.bind-api-2.3.3.jar:/Users/vrize/.m2/repository/com/sun/activation/jakarta.activation/1.2.2/jakarta.activation-1.2.2.jar:/Users/vrize/.m2/repository/javax/activation/activation/1.1.1/activation-1.1.1.jar:/Users/vrize/.m2/repository/net/serenity-bdd/serenity-cucumber/3.6.21/serenity-cucumber-3.6.21.jar:/Users/vrize/.m2/repository/net/serenity-bdd/serenity-screenplay/3.6.21/serenity-screenplay-3.6.21.jar:/Users/vrize/.m2/repository/net/serenity-bdd/serenity-screenplay-webdriver/3.6.21/serenity-screenplay-webdriver-3.6.21.jar:/Users/vrize/.m2/repository/org/apache/commons/commons-csv/1.5/commons-csv-1.5.jar:/Users/vrize/.m2/repository/io/cucumber/cucumber-testng/7.23.0/cucumber-testng-7.23.0.jar:/Users/vrize/.m2/repository/org/apiguardian/apiguardian-api/1.1.2/apiguardian-api-1.1.2.jar:/Users/vrize/.m2/repository/io/cucumber/cucumber-core/7.23.0/cucumber-core-7.23.0.jar:/Users/vrize/.m2/repository/io/cucumber/cucumber-gherkin/7.23.0/cucumber-gherkin-7.23.0.jar:/Users/vrize/.m2/repository/io/cucumber/cucumber-gherkin-messages/7.23.0/cucumber-gherkin-messages-7.23.0.jar:/Users/vrize/.m2/repository/io/cucumber/messages/27.2.0/messages-27.2.0.jar:/Users/vrize/.m2/repository/io/cucumber/testng-xml-formatter/0.3.1/testng-xml-formatter-0.3.1.jar:/Users/vrize/.m2/repository/io/cucumber/query/13.5.0/query-13.5.0.jar:/Users/vrize/.m2/repository/io/cucumber/tag-expressions/6.1.2/tag-expressions-6.1.2.jar:/Users/vrize/.m2/repository/io/cucumber/cucumber-expressions/18.0.1/cucumber-expressions-18.0.1.jar:/Users/vrize/.m2/repository/io/cucumber/datatable/7.23.0/datatable-7.23.0.jar:/Users/vrize/.m2/repository/io/cucumber/docstring/7.23.0/docstring-7.23.0.jar:/Users/vrize/.m2/repository/io/cucumber/html-formatter/21.10.1/html-formatter-21.10.1.jar:/Users/vrize/.m2/repository/io/cucumber/junit-xml-formatter/0.7.1/junit-xml-formatter-0.7.1.jar:/Users/vrize/.m2/repository/io/cucumber/ci-environment/10.0.1/ci-environment-10.0.1.jar:/Users/vrize/.m2/repository/io/cucumber/cucumber-java/7.23.0/cucumber-java-7.23.0.jar:/Users/vrize/.m2/repository/io/cucumber/gherkin/32.1.1/gherkin-32.1.1.jar:/Users/vrize/.m2/repository/io/cucumber/cucumber-junit/7.23.0/cucumber-junit-7.23.0.jar:/Users/vrize/.m2/repository/org/slf4j/slf4j-simple/1.7.36/slf4j-simple-1.7.36.jar:/Users/vrize/.m2/repository/org/apache/maven/surefire/surefire-testng/3.1.2/surefire-testng-3.1.2.jar:/Users/vrize/.m2/repository/org/apache/maven/surefire/common-java5/3.1.2/common-java5-3.1.2.jar:/Users/vrize/.m2/repository/org/apache/maven/surefire/surefire-grouper/3.1.2/surefire-grouper-3.1.2.jar:/Users/vrize/.m2/repository/org/apache/maven/surefire/surefire-testng-utils/3.1.2/surefire-testng-utils-3.1.2.jar"/>
    <property name="java.vm.vendor" value="Homebrew"/>
    <property name="sun.arch.data.model" value="64"/>
    <property name="jna.library.path" value="/opt/homebrew/lib:/usr/local/lib:/usr/lib"/>
    <property name="java.vendor.url" value="https://github.com/Homebrew/homebrew-core/issues"/>
    <property name="user.timezone" value="America/New_York"/>
    <property name="os.name" value="Mac OS X"/>
    <property name="java.vm.specification.version" value="23"/>
    <property name="sun.java.launcher" value="SUN_STANDARD"/>
    <property name="user.country" value="US"/>
    <property name="sun.boot.library.path" value="/opt/homebrew/Cellar/openjdk/23.0.2/libexec/openjdk.jdk/Contents/Home/lib"/>
    <property name="sun.java.command" value="org.apache.maven.surefire.booter.ForkedBooter /Users/vrize/Documents/vrize2/BOH_Automation/tonic-ai-automation/target/surefire 2025-08-08T04-02-11_535-jvmRun1 surefire-20250808040211597_1tmp surefire_0-20250808040211597_2tmp"/>
    <property name="http.nonProxyHosts" value="local|*.local|169.254/16|*.169.254/16"/>
    <property name="jdk.debug" value="release"/>
    <property name="surefire.test.class.path" value="/Users/vrize/Documents/vrize2/BOH_Automation/tonic-ai-automation/target/test-classes:/Users/vrize/Documents/vrize2/BOH_Automation/tonic-ai-automation/target/classes:/Users/vrize/.m2/repository/com/microsoft/playwright/playwright/1.44.0/playwright-1.44.0.jar:/Users/vrize/.m2/repository/com/google/code/gson/gson/2.10.1/gson-2.10.1.jar:/Users/vrize/.m2/repository/org/opentest4j/opentest4j/1.3.0/opentest4j-1.3.0.jar:/Users/vrize/.m2/repository/com/microsoft/playwright/driver/1.44.0/driver-1.44.0.jar:/Users/vrize/.m2/repository/com/microsoft/playwright/driver-bundle/1.44.0/driver-bundle-1.44.0.jar:/Users/vrize/.m2/repository/org/testng/testng/7.8.0/testng-7.8.0.jar:/Users/vrize/.m2/repository/org/slf4j/slf4j-api/1.7.36/slf4j-api-1.7.36.jar:/Users/vrize/.m2/repository/com/beust/jcommander/1.82/jcommander-1.82.jar:/Users/vrize/.m2/repository/org/webjars/jquery/3.6.1/jquery-3.6.1.jar:/Users/vrize/.m2/repository/io/qameta/allure/allure-testng/2.24.0/allure-testng-2.24.0.jar:/Users/vrize/.m2/repository/io/qameta/allure/allure-java-commons/2.24.0/allure-java-commons-2.24.0.jar:/Users/vrize/.m2/repository/io/qameta/allure/allure-model/2.24.0/allure-model-2.24.0.jar:/Users/vrize/.m2/repository/io/qameta/allure/allure-test-filter/2.24.0/allure-test-filter-2.24.0.jar:/Users/vrize/.m2/repository/com/aventstack/chaintest-testng/1.0.12/chaintest-testng-1.0.12.jar:/Users/vrize/.m2/repository/com/aventstack/chaintest-core/1.0.12/chaintest-core-1.0.12.jar:/Users/vrize/.m2/repository/org/freemarker/freemarker/2.3.33/freemarker-2.3.33.jar:/Users/vrize/.m2/repository/com/azure/azure-storage-blob/12.28.0/azure-storage-blob-12.28.0.jar:/Users/vrize/.m2/repository/com/azure/azure-core/1.52.0/azure-core-1.52.0.jar:/Users/vrize/.m2/repository/com/fasterxml/jackson/datatype/jackson-datatype-jsr310/2.17.2/jackson-datatype-jsr310-2.17.2.jar:/Users/vrize/.m2/repository/io/projectreactor/reactor-core/3.4.38/reactor-core-3.4.38.jar:/Users/vrize/.m2/repository/com/azure/azure-core-http-netty/1.15.4/azure-core-http-netty-1.15.4.jar:/Users/vrize/.m2/repository/io/netty/netty-handler/4.1.110.Final/netty-handler-4.1.110.Final.jar:/Users/vrize/.m2/repository/io/netty/netty-handler-proxy/4.1.110.Final/netty-handler-proxy-4.1.110.Final.jar:/Users/vrize/.m2/repository/io/netty/netty-codec-socks/4.1.110.Final/netty-codec-socks-4.1.110.Final.jar:/Users/vrize/.m2/repository/io/netty/netty-buffer/4.1.110.Final/netty-buffer-4.1.110.Final.jar:/Users/vrize/.m2/repository/io/netty/netty-codec/4.1.110.Final/netty-codec-4.1.110.Final.jar:/Users/vrize/.m2/repository/io/netty/netty-codec-http/4.1.110.Final/netty-codec-http-4.1.110.Final.jar:/Users/vrize/.m2/repository/io/netty/netty-codec-http2/4.1.110.Final/netty-codec-http2-4.1.110.Final.jar:/Users/vrize/.m2/repository/io/netty/netty-transport-native-unix-common/4.1.110.Final/netty-transport-native-unix-common-4.1.110.Final.jar:/Users/vrize/.m2/repository/io/netty/netty-transport-native-epoll/4.1.110.Final/netty-transport-native-epoll-4.1.110.Final-linux-x86_64.jar:/Users/vrize/.m2/repository/io/netty/netty-transport-native-kqueue/4.1.110.Final/netty-transport-native-kqueue-4.1.110.Final-osx-x86_64.jar:/Users/vrize/.m2/repository/io/netty/netty-transport-classes-kqueue/4.1.110.Final/netty-transport-classes-kqueue-4.1.110.Final.jar:/Users/vrize/.m2/repository/io/netty/netty-tcnative-boringssl-static/2.0.65.Final/netty-tcnative-boringssl-static-2.0.65.Final.jar:/Users/vrize/.m2/repository/io/netty/netty-tcnative-classes/2.0.65.Final/netty-tcnative-classes-2.0.65.Final.jar:/Users/vrize/.m2/repository/io/netty/netty-tcnative-boringssl-static/2.0.65.Final/netty-tcnative-boringssl-static-2.0.65.Final-linux-x86_64.jar:/Users/vrize/.m2/repository/io/netty/netty-tcnative-boringssl-static/2.0.65.Final/netty-tcnative-boringssl-static-2.0.65.Final-linux-aarch_64.jar:/Users/vrize/.m2/repository/io/netty/netty-tcnative-boringssl-static/2.0.65.Final/netty-tcnative-boringssl-static-2.0.65.Final-osx-x86_64.jar:/Users/vrize/.m2/repository/io/netty/netty-tcnative-boringssl-static/2.0.65.Final/netty-tcnative-boringssl-static-2.0.65.Final-osx-aarch_64.jar:/Users/vrize/.m2/repository/io/netty/netty-tcnative-boringssl-static/2.0.65.Final/netty-tcnative-boringssl-static-2.0.65.Final-windows-x86_64.jar:/Users/vrize/.m2/repository/io/projectreactor/netty/reactor-netty-http/1.0.45/reactor-netty-http-1.0.45.jar:/Users/vrize/.m2/repository/io/netty/netty-resolver-dns/4.1.109.Final/netty-resolver-dns-4.1.109.Final.jar:/Users/vrize/.m2/repository/io/netty/netty-codec-dns/4.1.109.Final/netty-codec-dns-4.1.109.Final.jar:/Users/vrize/.m2/repository/io/netty/netty-resolver-dns-native-macos/4.1.109.Final/netty-resolver-dns-native-macos-4.1.109.Final-osx-x86_64.jar:/Users/vrize/.m2/repository/io/netty/netty-resolver-dns-classes-macos/4.1.109.Final/netty-resolver-dns-classes-macos-4.1.109.Final.jar:/Users/vrize/.m2/repository/io/projectreactor/netty/reactor-netty-core/1.0.45/reactor-netty-core-1.0.45.jar:/Users/vrize/.m2/repository/io/netty/netty-common/4.1.110.Final/netty-common-4.1.110.Final.jar:/Users/vrize/.m2/repository/com/azure/azure-storage-internal-avro/12.13.0/azure-storage-internal-avro-12.13.0.jar:/Users/vrize/.m2/repository/com/azure/azure-xml/1.1.0/azure-xml-1.1.0.jar:/Users/vrize/.m2/repository/com/azure/azure-storage-common/12.28.0/azure-storage-common-12.28.0.jar:/Users/vrize/.m2/repository/com/azure/azure-identity/1.13.3/azure-identity-1.13.3.jar:/Users/vrize/.m2/repository/com/azure/azure-json/1.3.0/azure-json-1.3.0.jar:/Users/vrize/.m2/repository/com/microsoft/azure/msal4j/1.17.1/msal4j-1.17.1.jar:/Users/vrize/.m2/repository/com/nimbusds/oauth2-oidc-sdk/11.18/oauth2-oidc-sdk-11.18.jar:/Users/vrize/.m2/repository/com/github/stephenc/jcip/jcip-annotations/1.0-1/jcip-annotations-1.0-1.jar:/Users/vrize/.m2/repository/com/nimbusds/content-type/2.3/content-type-2.3.jar:/Users/vrize/.m2/repository/com/nimbusds/lang-tag/1.7/lang-tag-1.7.jar:/Users/vrize/.m2/repository/com/nimbusds/nimbus-jose-jwt/9.40/nimbus-jose-jwt-9.40.jar:/Users/vrize/.m2/repository/net/minidev/json-smart/2.5.0/json-smart-2.5.0.jar:/Users/vrize/.m2/repository/net/minidev/accessors-smart/2.5.0/accessors-smart-2.5.0.jar:/Users/vrize/.m2/repository/org/ow2/asm/asm/9.3/asm-9.3.jar:/Users/vrize/.m2/repository/com/microsoft/azure/msal4j-persistence-extension/1.3.0/msal4j-persistence-extension-1.3.0.jar:/Users/vrize/.m2/repository/net/java/dev/jna/jna-platform/5.6.0/jna-platform-5.6.0.jar:/Users/vrize/.m2/repository/software/amazon/awssdk/s3/2.29.39/s3-2.29.39.jar:/Users/vrize/.m2/repository/software/amazon/awssdk/aws-xml-protocol/2.29.39/aws-xml-protocol-2.29.39.jar:/Users/vrize/.m2/repository/software/amazon/awssdk/aws-query-protocol/2.29.39/aws-query-protocol-2.29.39.jar:/Users/vrize/.m2/repository/software/amazon/awssdk/protocol-core/2.29.39/protocol-core-2.29.39.jar:/Users/vrize/.m2/repository/software/amazon/awssdk/arns/2.29.39/arns-2.29.39.jar:/Users/vrize/.m2/repository/software/amazon/awssdk/profiles/2.29.39/profiles-2.29.39.jar:/Users/vrize/.m2/repository/software/amazon/awssdk/crt-core/2.29.39/crt-core-2.29.39.jar:/Users/vrize/.m2/repository/software/amazon/awssdk/http-auth/2.29.39/http-auth-2.29.39.jar:/Users/vrize/.m2/repository/software/amazon/awssdk/identity-spi/2.29.39/identity-spi-2.29.39.jar:/Users/vrize/.m2/repository/software/amazon/awssdk/http-auth-spi/2.29.39/http-auth-spi-2.29.39.jar:/Users/vrize/.m2/repository/org/reactivestreams/reactive-streams/1.0.4/reactive-streams-1.0.4.jar:/Users/vrize/.m2/repository/software/amazon/awssdk/http-auth-aws/2.29.39/http-auth-aws-2.29.39.jar:/Users/vrize/.m2/repository/software/amazon/awssdk/checksums/2.29.39/checksums-2.29.39.jar:/Users/vrize/.m2/repository/software/amazon/awssdk/checksums-spi/2.29.39/checksums-spi-2.29.39.jar:/Users/vrize/.m2/repository/software/amazon/awssdk/retries-spi/2.29.39/retries-spi-2.29.39.jar:/Users/vrize/.m2/repository/software/amazon/awssdk/sdk-core/2.29.39/sdk-core-2.29.39.jar:/Users/vrize/.m2/repository/software/amazon/awssdk/retries/2.29.39/retries-2.29.39.jar:/Users/vrize/.m2/repository/software/amazon/awssdk/auth/2.29.39/auth-2.29.39.jar:/Users/vrize/.m2/repository/software/amazon/awssdk/http-auth-aws-eventstream/2.29.39/http-auth-aws-eventstream-2.29.39.jar:/Users/vrize/.m2/repository/software/amazon/eventstream/eventstream/1.0.1/eventstream-1.0.1.jar:/Users/vrize/.m2/repository/software/amazon/awssdk/http-client-spi/2.29.39/http-client-spi-2.29.39.jar:/Users/vrize/.m2/repository/software/amazon/awssdk/regions/2.29.39/regions-2.29.39.jar:/Users/vrize/.m2/repository/software/amazon/awssdk/annotations/2.29.39/annotations-2.29.39.jar:/Users/vrize/.m2/repository/software/amazon/awssdk/utils/2.29.39/utils-2.29.39.jar:/Users/vrize/.m2/repository/software/amazon/awssdk/aws-core/2.29.39/aws-core-2.29.39.jar:/Users/vrize/.m2/repository/software/amazon/awssdk/metrics-spi/2.29.39/metrics-spi-2.29.39.jar:/Users/vrize/.m2/repository/software/amazon/awssdk/json-utils/2.29.39/json-utils-2.29.39.jar:/Users/vrize/.m2/repository/software/amazon/awssdk/third-party-jackson-core/2.29.39/third-party-jackson-core-2.29.39.jar:/Users/vrize/.m2/repository/software/amazon/awssdk/endpoints-spi/2.29.39/endpoints-spi-2.29.39.jar:/Users/vrize/.m2/repository/software/amazon/awssdk/netty-nio-client/2.29.39/netty-nio-client-2.29.39.jar:/Users/vrize/.m2/repository/io/netty/netty-transport/4.1.115.Final/netty-transport-4.1.115.Final.jar:/Users/vrize/.m2/repository/io/netty/netty-transport-classes-epoll/4.1.115.Final/netty-transport-classes-epoll-4.1.115.Final.jar:/Users/vrize/.m2/repository/io/netty/netty-resolver/4.1.115.Final/netty-resolver-4.1.115.Final.jar:/Users/vrize/.m2/repository/software/amazon/awssdk/apache-client/2.29.39/apache-client-2.29.39.jar:/Users/vrize/.m2/repository/com/aventstack/chaintest-cucumber-jvm/1.0.12/chaintest-cucumber-jvm-1.0.12.jar:/Users/vrize/.m2/repository/io/cucumber/cucumber-plugin/7.11.1/cucumber-plugin-7.11.1.jar:/Users/vrize/.m2/repository/ch/qos/logback/logback-classic/1.5.9/logback-classic-1.5.9.jar:/Users/vrize/.m2/repository/ch/qos/logback/logback-core/1.5.9/logback-core-1.5.9.jar:/Users/vrize/.m2/repository/com/fasterxml/jackson/core/jackson-databind/2.14.2/jackson-databind-2.14.2.jar:/Users/vrize/.m2/repository/com/fasterxml/jackson/core/jackson-annotations/2.14.2/jackson-annotations-2.14.2.jar:/Users/vrize/.m2/repository/com/fasterxml/jackson/core/jackson-core/2.14.2/jackson-core-2.14.2.jar:/Users/vrize/.m2/repository/org/projectlombok/lombok/1.18.30/lombok-1.18.30.jar:/Users/vrize/.m2/repository/org/hamcrest/hamcrest-library/2.2/hamcrest-library-2.2.jar:/Users/vrize/.m2/repository/org/hamcrest/hamcrest-core/2.2/hamcrest-core-2.2.jar:/Users/vrize/.m2/repository/org/seleniumhq/selenium/selenium-java/4.17.0/selenium-java-4.17.0.jar:/Users/vrize/.m2/repository/org/seleniumhq/selenium/selenium-api/4.17.0/selenium-api-4.17.0.jar:/Users/vrize/.m2/repository/org/seleniumhq/selenium/selenium-chrome-driver/4.17.0/selenium-chrome-driver-4.17.0.jar:/Users/vrize/.m2/repository/com/google/auto/service/auto-service-annotations/1.1.1/auto-service-annotations-1.1.1.jar:/Users/vrize/.m2/repository/org/seleniumhq/selenium/selenium-chromium-driver/4.17.0/selenium-chromium-driver-4.17.0.jar:/Users/vrize/.m2/repository/org/seleniumhq/selenium/selenium-json/4.17.0/selenium-json-4.17.0.jar:/Users/vrize/.m2/repository/org/seleniumhq/selenium/selenium-manager/4.17.0/selenium-manager-4.17.0.jar:/Users/vrize/.m2/repository/org/seleniumhq/selenium/selenium-devtools-v119/4.17.0/selenium-devtools-v119-4.17.0.jar:/Users/vrize/.m2/repository/org/seleniumhq/selenium/selenium-devtools-v120/4.17.0/selenium-devtools-v120-4.17.0.jar:/Users/vrize/.m2/repository/org/seleniumhq/selenium/selenium-devtools-v121/4.17.0/selenium-devtools-v121-4.17.0.jar:/Users/vrize/.m2/repository/org/seleniumhq/selenium/selenium-devtools-v85/4.17.0/selenium-devtools-v85-4.17.0.jar:/Users/vrize/.m2/repository/org/seleniumhq/selenium/selenium-edge-driver/4.17.0/selenium-edge-driver-4.17.0.jar:/Users/vrize/.m2/repository/org/seleniumhq/selenium/selenium-firefox-driver/4.17.0/selenium-firefox-driver-4.17.0.jar:/Users/vrize/.m2/repository/org/seleniumhq/selenium/selenium-http/4.17.0/selenium-http-4.17.0.jar:/Users/vrize/.m2/repository/dev/failsafe/failsafe/3.3.2/failsafe-3.3.2.jar:/Users/vrize/.m2/repository/org/seleniumhq/selenium/selenium-ie-driver/4.17.0/selenium-ie-driver-4.17.0.jar:/Users/vrize/.m2/repository/org/seleniumhq/selenium/selenium-remote-driver/4.17.0/selenium-remote-driver-4.17.0.jar:/Users/vrize/.m2/repository/com/google/guava/guava/33.0.0-jre/guava-33.0.0-jre.jar:/Users/vrize/.m2/repository/com/google/guava/failureaccess/1.0.2/failureaccess-1.0.2.jar:/Users/vrize/.m2/repository/com/google/guava/listenablefuture/9999.0-empty-to-avoid-conflict-with-guava/listenablefuture-9999.0-empty-to-avoid-conflict-with-guava.jar:/Users/vrize/.m2/repository/com/google/code/findbugs/jsr305/3.0.2/jsr305-3.0.2.jar:/Users/vrize/.m2/repository/org/checkerframework/checker-qual/3.41.0/checker-qual-3.41.0.jar:/Users/vrize/.m2/repository/com/google/errorprone/error_prone_annotations/2.23.0/error_prone_annotations-2.23.0.jar:/Users/vrize/.m2/repository/com/google/j2objc/j2objc-annotations/2.8/j2objc-annotations-2.8.jar:/Users/vrize/.m2/repository/io/opentelemetry/semconv/opentelemetry-semconv/1.23.1-alpha/opentelemetry-semconv-1.23.1-alpha.jar:/Users/vrize/.m2/repository/io/opentelemetry/opentelemetry-api/1.34.1/opentelemetry-api-1.34.1.jar:/Users/vrize/.m2/repository/io/opentelemetry/opentelemetry-context/1.34.1/opentelemetry-context-1.34.1.jar:/Users/vrize/.m2/repository/io/opentelemetry/opentelemetry-exporter-logging/1.34.1/opentelemetry-exporter-logging-1.34.1.jar:/Users/vrize/.m2/repository/io/opentelemetry/opentelemetry-sdk-common/1.34.1/opentelemetry-sdk-common-1.34.1.jar:/Users/vrize/.m2/repository/io/opentelemetry/opentelemetry-sdk-extension-autoconfigure-spi/1.34.1/opentelemetry-sdk-extension-autoconfigure-spi-1.34.1.jar:/Users/vrize/.m2/repository/io/opentelemetry/opentelemetry-sdk-extension-autoconfigure/1.34.1/opentelemetry-sdk-extension-autoconfigure-1.34.1.jar:/Users/vrize/.m2/repository/io/opentelemetry/opentelemetry-api-events/1.34.1-alpha/opentelemetry-api-events-1.34.1-alpha.jar:/Users/vrize/.m2/repository/io/opentelemetry/opentelemetry-sdk-trace/1.34.1/opentelemetry-sdk-trace-1.34.1.jar:/Users/vrize/.m2/repository/io/opentelemetry/opentelemetry-sdk/1.34.1/opentelemetry-sdk-1.34.1.jar:/Users/vrize/.m2/repository/io/opentelemetry/opentelemetry-sdk-metrics/1.34.1/opentelemetry-sdk-metrics-1.34.1.jar:/Users/vrize/.m2/repository/io/opentelemetry/opentelemetry-extension-incubator/1.34.1-alpha/opentelemetry-extension-incubator-1.34.1-alpha.jar:/Users/vrize/.m2/repository/io/opentelemetry/opentelemetry-sdk-logs/1.34.1/opentelemetry-sdk-logs-1.34.1.jar:/Users/vrize/.m2/repository/net/bytebuddy/byte-buddy/1.14.11/byte-buddy-1.14.11.jar:/Users/vrize/.m2/repository/org/seleniumhq/selenium/selenium-os/4.17.0/selenium-os-4.17.0.jar:/Users/vrize/.m2/repository/org/apache/commons/commons-exec/1.3/commons-exec-1.3.jar:/Users/vrize/.m2/repository/org/seleniumhq/selenium/selenium-safari-driver/4.17.0/selenium-safari-driver-4.17.0.jar:/Users/vrize/.m2/repository/org/seleniumhq/selenium/selenium-support/4.17.0/selenium-support-4.17.0.jar:/Users/vrize/.m2/repository/io/appium/java-client/9.1.0/java-client-9.1.0.jar:/Users/vrize/.m2/repository/net/datafaker/datafaker/2.1.0/datafaker-2.1.0.jar:/Users/vrize/.m2/repository/org/yaml/snakeyaml/2.2/snakeyaml-2.2.jar:/Users/vrize/.m2/repository/com/github/mifmif/generex/1.0.2/generex-1.0.2.jar:/Users/vrize/.m2/repository/dk/brics/automaton/automaton/1.11-8/automaton-1.11-8.jar:/Users/vrize/.m2/repository/commons-io/commons-io/2.15.1/commons-io-2.15.1.jar:/Users/vrize/.m2/repository/ru/yandex/qatools/ashot/ashot/1.5.4/ashot-1.5.4.jar:/Users/vrize/.m2/repository/org/jetbrains/annotations/24.1.0/annotations-24.1.0.jar:/Users/vrize/.m2/repository/com/googlecode/json-simple/json-simple/1.1.1/json-simple-1.1.1.jar:/Users/vrize/.m2/repository/junit/junit/4.10/junit-4.10.jar:/Users/vrize/.m2/repository/org/json/json/20240303/json-20240303.jar:/Users/vrize/.m2/repository/net/sourceforge/tess4j/tess4j/5.9.0/tess4j-5.9.0.jar:/Users/vrize/.m2/repository/net/java/dev/jna/jna/5.13.0/jna-5.13.0.jar:/Users/vrize/.m2/repository/com/github/jai-imageio/jai-imageio-core/1.4.0/jai-imageio-core-1.4.0.jar:/Users/vrize/.m2/repository/org/apache/pdfbox/pdfbox/3.0.1/pdfbox-3.0.1.jar:/Users/vrize/.m2/repository/org/apache/pdfbox/pdfbox-io/3.0.1/pdfbox-io-3.0.1.jar:/Users/vrize/.m2/repository/org/apache/pdfbox/fontbox/3.0.1/fontbox-3.0.1.jar:/Users/vrize/.m2/repository/commons-logging/commons-logging/1.2/commons-logging-1.2.jar:/Users/vrize/.m2/repository/org/apache/pdfbox/pdfbox-tools/3.0.1/pdfbox-tools-3.0.1.jar:/Users/vrize/.m2/repository/org/apache/pdfbox/pdfbox-debugger/3.0.1/pdfbox-debugger-3.0.1.jar:/Users/vrize/.m2/repository/info/picocli/picocli/4.7.5/picocli-4.7.5.jar:/Users/vrize/.m2/repository/org/apache/pdfbox/jbig2-imageio/3.0.4/jbig2-imageio-3.0.4.jar:/Users/vrize/.m2/repository/net/sourceforge/lept4j/lept4j/1.18.2/lept4j-1.18.2.jar:/Users/vrize/.m2/repository/org/jboss/jboss-vfs/3.2.17.Final/jboss-vfs-3.2.17.Final.jar:/Users/vrize/.m2/repository/org/jboss/logging/jboss-logging/3.1.4.GA/jboss-logging-3.1.4.GA.jar:/Users/vrize/.m2/repository/net/rcarz/jira-client/0.5/jira-client-0.5.jar:/Users/vrize/.m2/repository/org/apache/httpcomponents/httpclient/4.2.5/httpclient-4.2.5.jar:/Users/vrize/.m2/repository/org/apache/httpcomponents/httpcore/4.2.4/httpcore-4.2.4.jar:/Users/vrize/.m2/repository/org/apache/httpcomponents/httpmime/4.2.5/httpmime-4.2.5.jar:/Users/vrize/.m2/repository/net/sf/json-lib/json-lib/2.4/json-lib-2.4-jdk15.jar:/Users/vrize/.m2/repository/commons-lang/commons-lang/2.5/commons-lang-2.5.jar:/Users/vrize/.m2/repository/net/sf/ezmorph/ezmorph/1.0.6/ezmorph-1.0.6.jar:/Users/vrize/.m2/repository/joda-time/joda-time/2.3/joda-time-2.3.jar:/Users/vrize/.m2/repository/org/mockito/mockito-all/1.9.0/mockito-all-1.9.0.jar:/Users/vrize/.m2/repository/commons-httpclient/commons-httpclient/3.1/commons-httpclient-3.1.jar:/Users/vrize/.m2/repository/net/serenity-bdd/serenity-core/3.6.21/serenity-core-3.6.21.jar:/Users/vrize/.m2/repository/net/serenity-bdd/serenity-model/3.6.21/serenity-model-3.6.21.jar:/Users/vrize/.m2/repository/org/apache/commons/commons-text/1.10.0/commons-text-1.10.0.jar:/Users/vrize/.m2/repository/commons-net/commons-net/3.9.0/commons-net-3.9.0.jar:/Users/vrize/.m2/repository/com/google/inject/guice/5.1.0/guice-5.1.0.jar:/Users/vrize/.m2/repository/javax/inject/javax.inject/1/javax.inject-1.jar:/Users/vrize/.m2/repository/aopalliance/aopalliance/1.0/aopalliance-1.0.jar:/Users/vrize/.m2/repository/org/jsoup/jsoup/1.14.3/jsoup-1.14.3.jar:/Users/vrize/.m2/repository/com/thoughtworks/xstream/xstream/1.4.20/xstream-1.4.20.jar:/Users/vrize/.m2/repository/io/github/x-stream/mxparser/1.2.2/mxparser-1.2.2.jar:/Users/vrize/.m2/repository/xmlpull/xmlpull/1.1.3.1/xmlpull-1.1.3.1.jar:/Users/vrize/.m2/repository/com/typesafe/config/1.4.2/config-1.4.2.jar:/Users/vrize/.m2/repository/org/imgscalr/imgscalr-lib/4.2/imgscalr-lib-4.2.jar:/Users/vrize/.m2/repository/org/awaitility/awaitility/4.2.0/awaitility-4.2.0.jar:/Users/vrize/.m2/repository/io/github/classgraph/classgraph/4.8.138/classgraph-4.8.138.jar:/Users/vrize/.m2/repository/net/sourceforge/jexcelapi/jxl/2.6.12/jxl-2.6.12.jar:/Users/vrize/.m2/repository/net/bytebuddy/byte-buddy-agent/1.14.2/byte-buddy-agent-1.14.2.jar:/Users/vrize/.m2/repository/org/objenesis/objenesis/3.3/objenesis-3.3.jar:/Users/vrize/.m2/repository/net/serenity-bdd/serenity-reports/3.6.21/serenity-reports-3.6.21.jar:/Users/vrize/.m2/repository/net/serenity-bdd/serenity-stats/3.6.21/serenity-stats-3.6.21.jar:/Users/vrize/.m2/repository/org/jetbrains/kotlin/kotlin-stdlib/1.8.10/kotlin-stdlib-1.8.10.jar:/Users/vrize/.m2/repository/org/jetbrains/kotlin/kotlin-stdlib-common/1.8.10/kotlin-stdlib-common-1.8.10.jar:/Users/vrize/.m2/repository/net/serenity-bdd/serenity-reports-configuration/3.6.21/serenity-reports-configuration-3.6.21.jar:/Users/vrize/.m2/repository/com/vladsch/flexmark/flexmark-all/0.62.2/flexmark-all-0.62.2.jar:/Users/vrize/.m2/repository/com/vladsch/flexmark/flexmark/0.62.2/flexmark-0.62.2.jar:/Users/vrize/.m2/repository/com/vladsch/flexmark/flexmark-ext-abbreviation/0.62.2/flexmark-ext-abbreviation-0.62.2.jar:/Users/vrize/.m2/repository/com/vladsch/flexmark/flexmark-util/0.62.2/flexmark-util-0.62.2.jar:/Users/vrize/.m2/repository/com/vladsch/flexmark/flexmark-ext-admonition/0.62.2/flexmark-ext-admonition-0.62.2.jar:/Users/vrize/.m2/repository/com/vladsch/flexmark/flexmark-ext-anchorlink/0.62.2/flexmark-ext-anchorlink-0.62.2.jar:/Users/vrize/.m2/repository/com/vladsch/flexmark/flexmark-ext-aside/0.62.2/flexmark-ext-aside-0.62.2.jar:/Users/vrize/.m2/repository/com/vladsch/flexmark/flexmark-ext-attributes/0.62.2/flexmark-ext-attributes-0.62.2.jar:/Users/vrize/.m2/repository/com/vladsch/flexmark/flexmark-ext-autolink/0.62.2/flexmark-ext-autolink-0.62.2.jar:/Users/vrize/.m2/repository/org/nibor/autolink/autolink/0.6.0/autolink-0.6.0.jar:/Users/vrize/.m2/repository/com/vladsch/flexmark/flexmark-ext-definition/0.62.2/flexmark-ext-definition-0.62.2.jar:/Users/vrize/.m2/repository/com/vladsch/flexmark/flexmark-ext-emoji/0.62.2/flexmark-ext-emoji-0.62.2.jar:/Users/vrize/.m2/repository/com/vladsch/flexmark/flexmark-ext-enumerated-reference/0.62.2/flexmark-ext-enumerated-reference-0.62.2.jar:/Users/vrize/.m2/repository/com/vladsch/flexmark/flexmark-ext-escaped-character/0.62.2/flexmark-ext-escaped-character-0.62.2.jar:/Users/vrize/.m2/repository/com/vladsch/flexmark/flexmark-ext-footnotes/0.62.2/flexmark-ext-footnotes-0.62.2.jar:/Users/vrize/.m2/repository/com/vladsch/flexmark/flexmark-ext-gfm-issues/0.62.2/flexmark-ext-gfm-issues-0.62.2.jar:/Users/vrize/.m2/repository/com/vladsch/flexmark/flexmark-ext-gfm-strikethrough/0.62.2/flexmark-ext-gfm-strikethrough-0.62.2.jar:/Users/vrize/.m2/repository/com/vladsch/flexmark/flexmark-ext-gfm-tasklist/0.62.2/flexmark-ext-gfm-tasklist-0.62.2.jar:/Users/vrize/.m2/repository/com/vladsch/flexmark/flexmark-ext-gfm-users/0.62.2/flexmark-ext-gfm-users-0.62.2.jar:/Users/vrize/.m2/repository/com/vladsch/flexmark/flexmark-ext-gitlab/0.62.2/flexmark-ext-gitlab-0.62.2.jar:/Users/vrize/.m2/repository/com/vladsch/flexmark/flexmark-ext-jekyll-front-matter/0.62.2/flexmark-ext-jekyll-front-matter-0.62.2.jar:/Users/vrize/.m2/repository/com/vladsch/flexmark/flexmark-ext-jekyll-tag/0.62.2/flexmark-ext-jekyll-tag-0.62.2.jar:/Users/vrize/.m2/repository/com/vladsch/flexmark/flexmark-ext-media-tags/0.62.2/flexmark-ext-media-tags-0.62.2.jar:/Users/vrize/.m2/repository/com/vladsch/flexmark/flexmark-ext-macros/0.62.2/flexmark-ext-macros-0.62.2.jar:/Users/vrize/.m2/repository/com/vladsch/flexmark/flexmark-ext-ins/0.62.2/flexmark-ext-ins-0.62.2.jar:/Users/vrize/.m2/repository/com/vladsch/flexmark/flexmark-ext-xwiki-macros/0.62.2/flexmark-ext-xwiki-macros-0.62.2.jar:/Users/vrize/.m2/repository/com/vladsch/flexmark/flexmark-ext-superscript/0.62.2/flexmark-ext-superscript-0.62.2.jar:/Users/vrize/.m2/repository/com/vladsch/flexmark/flexmark-ext-tables/0.62.2/flexmark-ext-tables-0.62.2.jar:/Users/vrize/.m2/repository/com/vladsch/flexmark/flexmark-ext-toc/0.62.2/flexmark-ext-toc-0.62.2.jar:/Users/vrize/.m2/repository/com/vladsch/flexmark/flexmark-ext-typographic/0.62.2/flexmark-ext-typographic-0.62.2.jar:/Users/vrize/.m2/repository/com/vladsch/flexmark/flexmark-ext-wikilink/0.62.2/flexmark-ext-wikilink-0.62.2.jar:/Users/vrize/.m2/repository/com/vladsch/flexmark/flexmark-ext-yaml-front-matter/0.62.2/flexmark-ext-yaml-front-matter-0.62.2.jar:/Users/vrize/.m2/repository/com/vladsch/flexmark/flexmark-ext-youtube-embedded/0.62.2/flexmark-ext-youtube-embedded-0.62.2.jar:/Users/vrize/.m2/repository/com/vladsch/flexmark/flexmark-html2md-converter/0.62.2/flexmark-html2md-converter-0.62.2.jar:/Users/vrize/.m2/repository/com/vladsch/flexmark/flexmark-jira-converter/0.62.2/flexmark-jira-converter-0.62.2.jar:/Users/vrize/.m2/repository/com/vladsch/flexmark/flexmark-pdf-converter/0.62.2/flexmark-pdf-converter-0.62.2.jar:/Users/vrize/.m2/repository/com/openhtmltopdf/openhtmltopdf-core/1.0.0/openhtmltopdf-core-1.0.0.jar:/Users/vrize/.m2/repository/com/openhtmltopdf/openhtmltopdf-pdfbox/1.0.0/openhtmltopdf-pdfbox-1.0.0.jar:/Users/vrize/.m2/repository/org/apache/pdfbox/xmpbox/2.0.16/xmpbox-2.0.16.jar:/Users/vrize/.m2/repository/de/rototor/pdfbox/graphics2d/0.24/graphics2d-0.24.jar:/Users/vrize/.m2/repository/com/openhtmltopdf/openhtmltopdf-rtl-support/1.0.0/openhtmltopdf-rtl-support-1.0.0.jar:/Users/vrize/.m2/repository/com/openhtmltopdf/openhtmltopdf-jsoup-dom-converter/1.0.0/openhtmltopdf-jsoup-dom-converter-1.0.0.jar:/Users/vrize/.m2/repository/com/vladsch/flexmark/flexmark-profile-pegdown/0.62.2/flexmark-profile-pegdown-0.62.2.jar:/Users/vrize/.m2/repository/com/vladsch/flexmark/flexmark-util-ast/0.62.2/flexmark-util-ast-0.62.2.jar:/Users/vrize/.m2/repository/com/vladsch/flexmark/flexmark-util-builder/0.62.2/flexmark-util-builder-0.62.2.jar:/Users/vrize/.m2/repository/com/vladsch/flexmark/flexmark-util-collection/0.62.2/flexmark-util-collection-0.62.2.jar:/Users/vrize/.m2/repository/com/vladsch/flexmark/flexmark-util-data/0.62.2/flexmark-util-data-0.62.2.jar:/Users/vrize/.m2/repository/com/vladsch/flexmark/flexmark-util-dependency/0.62.2/flexmark-util-dependency-0.62.2.jar:/Users/vrize/.m2/repository/com/vladsch/flexmark/flexmark-util-format/0.62.2/flexmark-util-format-0.62.2.jar:/Users/vrize/.m2/repository/com/vladsch/flexmark/flexmark-util-html/0.62.2/flexmark-util-html-0.62.2.jar:/Users/vrize/.m2/repository/com/vladsch/flexmark/flexmark-util-misc/0.62.2/flexmark-util-misc-0.62.2.jar:/Users/vrize/.m2/repository/com/vladsch/flexmark/flexmark-util-options/0.62.2/flexmark-util-options-0.62.2.jar:/Users/vrize/.m2/repository/com/vladsch/flexmark/flexmark-util-sequence/0.62.2/flexmark-util-sequence-0.62.2.jar:/Users/vrize/.m2/repository/com/vladsch/flexmark/flexmark-util-visitor/0.62.2/flexmark-util-visitor-0.62.2.jar:/Users/vrize/.m2/repository/com/vladsch/flexmark/flexmark-youtrack-converter/0.62.2/flexmark-youtrack-converter-0.62.2.jar:/Users/vrize/.m2/repository/com/ibm/icu/icu4j/72.1/icu4j-72.1.jar:/Users/vrize/.m2/repository/es/nitaur/markdown/txtmark/0.16/txtmark-0.16.jar:/Users/vrize/.m2/repository/net/serenity-bdd/serenity-report-resources/3.6.21/serenity-report-resources-3.6.21.jar:/Users/vrize/.m2/repository/commons-codec/commons-codec/1.15/commons-codec-1.15.jar:/Users/vrize/.m2/repository/org/apache/groovy/groovy/4.0.10/groovy-4.0.10.jar:/Users/vrize/.m2/repository/net/sf/opencsv/opencsv/2.0/opencsv-2.0.jar:/Users/vrize/.m2/repository/commons-beanutils/commons-beanutils/1.9.4/commons-beanutils-1.9.4.jar:/Users/vrize/.m2/repository/org/apache/commons/commons-lang3/3.12.0/commons-lang3-3.12.0.jar:/Users/vrize/.m2/repository/commons-collections/commons-collections/3.2.2/commons-collections-3.2.2.jar:/Users/vrize/.m2/repository/org/fluentlenium/fluentlenium-core/0.10.2/fluentlenium-core-0.10.2.jar:/Users/vrize/.m2/repository/io/github/bonigarcia/webdrivermanager/5.3.0/webdrivermanager-5.3.0.jar:/Users/vrize/.m2/repository/com/github/docker-java/docker-java/3.2.13/docker-java-3.2.13.jar:/Users/vrize/.m2/repository/com/github/docker-java/docker-java-core/3.2.13/docker-java-core-3.2.13.jar:/Users/vrize/.m2/repository/com/github/docker-java/docker-java-api/3.2.13/docker-java-api-3.2.13.jar:/Users/vrize/.m2/repository/org/apache/commons/commons-compress/1.21/commons-compress-1.21.jar:/Users/vrize/.m2/repository/org/bouncycastle/bcpkix-jdk15on/1.64/bcpkix-jdk15on-1.64.jar:/Users/vrize/.m2/repository/org/bouncycastle/bcprov-jdk15on/1.64/bcprov-jdk15on-1.64.jar:/Users/vrize/.m2/repository/org/slf4j/jcl-over-slf4j/1.7.30/jcl-over-slf4j-1.7.30.jar:/Users/vrize/.m2/repository/com/github/docker-java/docker-java-transport-httpclient5/3.2.13/docker-java-transport-httpclient5-3.2.13.jar:/Users/vrize/.m2/repository/com/github/docker-java/docker-java-transport/3.2.13/docker-java-transport-3.2.13.jar:/Users/vrize/.m2/repository/org/brotli/dec/0.1.2/dec-0.1.2.jar:/Users/vrize/.m2/repository/org/apache/httpcomponents/client5/httpclient5/5.1.3/httpclient5-5.1.3.jar:/Users/vrize/.m2/repository/org/apache/httpcomponents/core5/httpcore5/5.1.3/httpcore5-5.1.3.jar:/Users/vrize/.m2/repository/org/apache/httpcomponents/core5/httpcore5-h2/5.1.3/httpcore5-h2-5.1.3.jar:/Users/vrize/.m2/repository/com/jhlabs/filters/2.0.235/filters-2.0.235.jar:/Users/vrize/.m2/repository/com/paulhammant/ngwebdriver/1.1.6/ngwebdriver-1.1.6.jar:/Users/vrize/.m2/repository/org/hamcrest/hamcrest/2.2/hamcrest-2.2.jar:/Users/vrize/.m2/repository/com/google/jimfs/jimfs/1.2/jimfs-1.2.jar:/Users/vrize/.m2/repository/org/mockito/mockito-core/3.3.3/mockito-core-3.3.3.jar:/Users/vrize/.m2/repository/org/assertj/assertj-core/3.24.2/assertj-core-3.24.2.jar:/Users/vrize/.m2/repository/javax/xml/bind/jaxb-api/2.3.1/jaxb-api-2.3.1.jar:/Users/vrize/.m2/repository/javax/activation/javax.activation-api/1.2.0/javax.activation-api-1.2.0.jar:/Users/vrize/.m2/repository/com/sun/xml/bind/jaxb-core/2.3.0.1/jaxb-core-2.3.0.1.jar:/Users/vrize/.m2/repository/com/sun/xml/bind/jaxb-impl/2.3.3/jaxb-impl-2.3.3.jar:/Users/vrize/.m2/repository/jakarta/xml/bind/jakarta.xml.bind-api/2.3.3/jakarta.xml.bind-api-2.3.3.jar:/Users/vrize/.m2/repository/com/sun/activation/jakarta.activation/1.2.2/jakarta.activation-1.2.2.jar:/Users/vrize/.m2/repository/javax/activation/activation/1.1.1/activation-1.1.1.jar:/Users/vrize/.m2/repository/net/serenity-bdd/serenity-cucumber/3.6.21/serenity-cucumber-3.6.21.jar:/Users/vrize/.m2/repository/net/serenity-bdd/serenity-screenplay/3.6.21/serenity-screenplay-3.6.21.jar:/Users/vrize/.m2/repository/net/serenity-bdd/serenity-screenplay-webdriver/3.6.21/serenity-screenplay-webdriver-3.6.21.jar:/Users/vrize/.m2/repository/org/apache/commons/commons-csv/1.5/commons-csv-1.5.jar:/Users/vrize/.m2/repository/io/cucumber/cucumber-testng/7.23.0/cucumber-testng-7.23.0.jar:/Users/vrize/.m2/repository/org/apiguardian/apiguardian-api/1.1.2/apiguardian-api-1.1.2.jar:/Users/vrize/.m2/repository/io/cucumber/cucumber-core/7.23.0/cucumber-core-7.23.0.jar:/Users/vrize/.m2/repository/io/cucumber/cucumber-gherkin/7.23.0/cucumber-gherkin-7.23.0.jar:/Users/vrize/.m2/repository/io/cucumber/cucumber-gherkin-messages/7.23.0/cucumber-gherkin-messages-7.23.0.jar:/Users/vrize/.m2/repository/io/cucumber/messages/27.2.0/messages-27.2.0.jar:/Users/vrize/.m2/repository/io/cucumber/testng-xml-formatter/0.3.1/testng-xml-formatter-0.3.1.jar:/Users/vrize/.m2/repository/io/cucumber/query/13.5.0/query-13.5.0.jar:/Users/vrize/.m2/repository/io/cucumber/tag-expressions/6.1.2/tag-expressions-6.1.2.jar:/Users/vrize/.m2/repository/io/cucumber/cucumber-expressions/18.0.1/cucumber-expressions-18.0.1.jar:/Users/vrize/.m2/repository/io/cucumber/datatable/7.23.0/datatable-7.23.0.jar:/Users/vrize/.m2/repository/io/cucumber/docstring/7.23.0/docstring-7.23.0.jar:/Users/vrize/.m2/repository/io/cucumber/html-formatter/21.10.1/html-formatter-21.10.1.jar:/Users/vrize/.m2/repository/io/cucumber/junit-xml-formatter/0.7.1/junit-xml-formatter-0.7.1.jar:/Users/vrize/.m2/repository/io/cucumber/ci-environment/10.0.1/ci-environment-10.0.1.jar:/Users/vrize/.m2/repository/io/cucumber/cucumber-java/7.23.0/cucumber-java-7.23.0.jar:/Users/vrize/.m2/repository/io/cucumber/gherkin/32.1.1/gherkin-32.1.1.jar:/Users/vrize/.m2/repository/io/cucumber/cucumber-junit/7.23.0/cucumber-junit-7.23.0.jar:/Users/vrize/.m2/repository/org/slf4j/slf4j-simple/1.7.36/slf4j-simple-1.7.36.jar:"/>
    <property name="allure.results.directory" value="/Users/vrize/Documents/vrize2/BOH_Automation/tonic-ai-automation/target/allure-results"/>
    <property name="sun.cpu.endian" value="little"/>
    <property name="user.home" value="/Users/vrize"/>
    <property name="user.language" value="en"/>
    <property name="java.specification.vendor" value="Oracle Corporation"/>
    <property name="java.version.date" value="2025-01-21"/>
    <property name="java.home" value="/opt/homebrew/Cellar/openjdk/23.0.2/libexec/openjdk.jdk/Contents/Home"/>
    <property name="file.separator" value="/"/>
    <property name="basedir" value="/Users/vrize/Documents/vrize2/BOH_Automation/tonic-ai-automation"/>
    <property name="java.vm.compressedOopsMode" value="Zero based"/>
    <property name="line.separator" value="&#10;"/>
    <property name="java.vm.specification.vendor" value="Oracle Corporation"/>
    <property name="java.specification.name" value="Java Platform API Specification"/>
    <property name="apple.awt.application.name" value="ForkedBooter"/>
    <property name="sun.management.compiler" value="HotSpot 64-Bit Tiered Compilers"/>
    <property name="ftp.nonProxyHosts" value="local|*.local|169.254/16|*.169.254/16"/>
    <property name="java.runtime.version" value="23.0.2"/>
    <property name="user.name" value="vrize"/>
    <property name="stdout.encoding" value="UTF-8"/>
    <property name="path.separator" value=":"/>
    <property name="platform" value="mobile"/>
    <property name="os.version" value="15.5"/>
    <property name="java.runtime.name" value="OpenJDK Runtime Environment"/>
    <property name="file.encoding" value="UTF-8"/>
    <property name="jnidispatch.path" value="/Users/vrize/Library/Caches/JNA/temp/jna8637727178118957612.tmp"/>
    <property name="java.vm.name" value="OpenJDK 64-Bit Server VM"/>
    <property name="cucumber.publish.enabled" value="false"/>
    <property name="jna.platform.library.path" value="/usr/lib:/usr/lib"/>
    <property name="java.vendor.version" value="Homebrew"/>
    <property name="localRepository" value="/Users/vrize/.m2/repository"/>
    <property name="jna.loaded" value="true"/>
    <property name="java.vendor.url.bug" value="https://github.com/Homebrew/homebrew-core/issues"/>
    <property name="java.io.tmpdir" value="/var/folders/jf/fh6y1kns1gn1smrq5b72_w9h0000gn/T/"/>
    <property name="idea.version" value="2024.2.3"/>
    <property name="java.version" value="23.0.2"/>
    <property name="cucumber.filter.tags" value="@MobileLoginOCR"/>
    <property name="user.dir" value="/Users/vrize/Documents/vrize2/BOH_Automation/tonic-ai-automation"/>
    <property name="os.arch" value="aarch64"/>
    <property name="java.vm.specification.name" value="Java Virtual Machine Specification"/>
    <property name="native.encoding" value="UTF-8"/>
    <property name="java.library.path" value="/opt/homebrew/lib"/>
    <property name="java.vm.info" value="mixed mode, sharing"/>
    <property name="stderr.encoding" value="UTF-8"/>
    <property name="java.vendor" value="Homebrew"/>
    <property name="java.vm.version" value="23.0.2"/>
    <property name="jna.encoding" value="UTF8"/>
    <property name="sun.io.unicode.encoding" value="UnicodeBig"/>
    <property name="socksNonProxyHosts" value="local|*.local|169.254/16|*.169.254/16"/>
    <property name="java.class.version" value="67.0"/>
  </properties>
  <testcase name="runScenario[&quot;Login to mobile application using OCR coordinate detection&quot;, &quot;Mobile Login using OCR Coordinate-based Interactions&quot;](1)" classname="com.tonic.runners.TestRunner" time="28.511">
    <system-out><![CDATA[[XRAY] Xray integration is disabled (xray.enabled=false). Skipping Test Execution initialization.
[XRAY] Test run started
[XRAY] Xray integration is disabled (xray.enabled=false). Skipping Test Execution initialization.

@mobile @login @OCR @regression @MobileLoginOCR @SmokeTest
Scenario: Login to mobile application using OCR coordinate detection  &amp#27;[90m# src/test/resources/features/mobile/MobileLoginOCR.feature:10&amp#27;[0m
[XRAY] Test case started: Login to mobile application using OCR coordinate detection | No Xray Key found
[HOOKS] Platform detected: mobile, isHybrid: false
[HOOKS] Starting Appium server and initializing MobileDriver...
[DRIVER_FACTORY] Using device: android, runMode: local from config properties
AppiumDriver initialized using config properties
[HOOKS] MobileDriver initialized successfully
  &amp#27;[32mGiven &amp#27;[0m&amp#27;[32mThe mobile application is launched for OCR login testing&amp#27;[0m      &amp#27;[90m# com.tonic.stepDefinitions.mobile.MobileLoginOCRSteps.theMobileApplicationIsLaunchedForOCRLoginTesting()&amp#27;[0m
  &amp#27;[32mGiven &amp#27;[0m&amp#27;[32mThe user takes an initial screenshot for OCR analysis&amp#27;[0m         &amp#27;[90m# com.tonic.stepDefinitions.mobile.MobileLoginOCRSteps.theUserTakesAnInitialScreenshotForOCRAnalysis()&amp#27;[0m
  &amp#27;[32mWhen &amp#27;[0m&amp#27;[32mThe user detects all clickable elements using OCR&amp#27;[0m              &amp#27;[90m# com.tonic.stepDefinitions.mobile.MobileLoginOCRSteps.theUserDetectsAllClickableElementsUsingOCR()&amp#27;[0m
  &amp#27;[32mAnd &amp#27;[0m&amp#27;[32mThe user enters the first digit &amp#27;[0m&amp#27;[32m&amp#27;[1m"7"&amp#27;[0m&amp#27;[32m using OCR coordinate click&amp#27;[0m  &amp#27;[90m# com.tonic.stepDefinitions.mobile.MobileLoginOCRSteps.theUserEntersTheFirstDigitUsingOCRCoordinateClick(java.lang.String)&amp#27;[0m
  &amp#27;[32mAnd &amp#27;[0m&amp#27;[32mThe user enters the second digit &amp#27;[0m&amp#27;[32m&amp#27;[1m"4"&amp#27;[0m&amp#27;[32m using OCR coordinate click&amp#27;[0m &amp#27;[90m# com.tonic.stepDefinitions.mobile.MobileLoginOCRSteps.theUserEntersTheSecondDigitUsingOCRCoordinateClick(java.lang.String)&amp#27;[0m
  &amp#27;[32mAnd &amp#27;[0m&amp#27;[32mThe user enters the third digit &amp#27;[0m&amp#27;[32m&amp#27;[1m"1"&amp#27;[0m&amp#27;[32m using OCR coordinate click&amp#27;[0m  &amp#27;[90m# com.tonic.stepDefinitions.mobile.MobileLoginOCRSteps.theUserEntersTheThirdDigitUsingOCRCoordinateClick(java.lang.String)&amp#27;[0m
  &amp#27;[32mAnd &amp#27;[0m&amp#27;[32mThe user clicks on &amp#27;[0m&amp#27;[32m&amp#27;[1m"LOGIN"&amp#27;[0m&amp#27;[32m button using OCR coordinates&amp#27;[0m         &amp#27;[90m# com.tonic.stepDefinitions.mobile.MobileLoginOCRSteps.theUserClicksOnButtonUsingOCRCoordinates(java.lang.String)&amp#27;[0m
  &amp#27;[32mThen &amp#27;[0m&amp#27;[32mThe user verifies successful login using OCR text detection&amp#27;[0m    &amp#27;[90m# com.tonic.stepDefinitions.mobile.MobileLoginOCRSteps.theUserVerifiesSuccessfulLoginUsingOCRTextDetection()&amp#27;[0m
  &amp#27;[32mAnd &amp#27;[0m&amp#27;[32mThe user takes a post-login screenshot for verification&amp#27;[0m         &amp#27;[90m# com.tonic.stepDefinitions.mobile.MobileLoginOCRSteps.theUserTakesAPostLoginScreenshotForVerification()&amp#27;[0m
[HOOKS] Cleaning up mobile resources...
[HOOKS] Mobile app terminated successfully
[HOOKS] Mobile driver quit successfully
[HOOKS] Appium server stopped successfully
[HOOKS] Mobile cleanup completed
[XRAY] Test case finished: Login to mobile application using OCR coordinate detection | No Xray Key found | Status: PASSED
]]></system-out>
    <system-err><![CDATA[[main] WARN org.testng.TestNG - Ignoring duplicate listener : io.qameta.allure.testng.AllureTestNg
[main] WARN org.testng.TestNG - Ignoring duplicate listener : io.qameta.allure.testng.AllureTestNg
[main] WARN org.testng.TestNG - Ignoring duplicate listener : io.qameta.allure.testng.AllureTestNg
[main] INFO com.tonic.utils.PropertyBuilder - Successfully loaded 81 properties from: /Users/vrize/Documents/vrize2/BOH_Automation/tonic-ai-automation/src/main/resources/config.properties
[TestNG-PoolService-0] INFO com.tonic.stepDefinitions.mobile.MobileLoginOCRSteps - MobileLoginOCRSteps initialized
[TestNG-PoolService-0] INFO com.tonic.stepDefinitions.mobile.MobileLoginOCRSteps - === MOBILE OCR LOGIN: Initializing application ===
[TestNG-PoolService-0] INFO com.tonic.common.mobile.BasePage - Mobile BasePage initialized with provided driver: AndroidDriver
[TestNG-PoolService-0] INFO com.tonic.common.mobile.BasePage - Mobile BasePage initialized with provided driver: AndroidDriver
[TestNG-PoolService-0] INFO com.tonic.common.mobile.BasePage - Mobile app launch completed in 829ms
[TestNG-PoolService-0] INFO com.tonic.stepDefinitions.mobile.MobileLoginOCRSteps - MOBILE OCR LOGIN: Application ready for OCR-based login testing
[TestNG-PoolService-0] INFO com.tonic.stepDefinitions.mobile.MobileLoginOCRSteps - === MOBILE OCR LOGIN: Taking initial screenshot ===
[TestNG-PoolService-0] INFO com.tonic.common.mobile.BasePage - Screenshot saved successfully: screenshots/Mobile_Login_Initial_OCR_1754640152610.png
[TestNG-PoolService-0] INFO com.tonic.stepDefinitions.mobile.MobileLoginOCRSteps - MOBILE OCR LOGIN: Initial screenshot captured: screenshots/Mobile_Login_Initial_OCR_1754640152610.png
[TestNG-PoolService-0] INFO com.tonic.stepDefinitions.mobile.MobileLoginOCRSteps - === MOBILE OCR LOGIN: Detecting clickable elements ===
[TestNG-PoolService-0] INFO com.tonic.common.mobile.BasePage - Screenshot saved successfully: screenshots/Mobile_Login_Element_Detection_1754640153364.png
[TestNG-PoolService-0] INFO com.tonic.common.mobile.BasePage - === OCR EXTRACTION: screenshots/Mobile_Login_Element_Detection_1754640153364.png ===
[TestNG-PoolService-0] INFO com.tonic.common.mobile.BasePage - ✅ Using Tesseract data path: /opt/homebrew/share/tessdata
[TestNG-PoolService-0] INFO com.tonic.common.mobile.BasePage - Attempting OCR extraction with Tesseract REAL coordinates...
[TestNG-PoolService-0] INFO com.tonic.common.mobile.BasePage - 🔍 HOCR: Attempting real coordinate extraction using HOCR format
[TestNG-PoolService-0] INFO com.tonic.common.mobile.BasePage - ✅ HOCR: HOCR output generated successfully
[TestNG-PoolService-0] INFO com.tonic.common.mobile.BasePage - 🔍 HOCR PARSER: Parsing HOCR XML for real coordinates
[TestNG-PoolService-0] INFO com.tonic.common.mobile.BasePage - ✅ HOCR PARSER: Successfully parsed 0 elements with real coordinates
[TestNG-PoolService-0] INFO com.tonic.common.mobile.BasePage - 🎯 HOCR: Successfully parsed 0 elements with real coordinates
[TestNG-PoolService-0] INFO com.tonic.common.mobile.BasePage - ✅ Tesseract OCR text extraction successful:
[TestNG-PoolService-0] INFO com.tonic.common.mobile.BasePage - "<!DOCTYPE html PUBLIC "-//W3C//DTD HTML 4.01 Transitional//EN" "http://www.w3.org/TR/html4/loose.dtd">
<html>
<head>
<title></title>
<meta http-equiv="Content-Type" content="text/html;charset=utf-8" />
<meta name='ocr-system' content='tesseract'/>
</head>
<body>
  <div class='ocr_page' id='page_1' title='image "screenshots/Mobile_Login_Element_Detection_1754640153364.png"; bbox 0 0 1280 2856; ppageno 0; scan_res 70 70'>
   <div class='ocr_carea' id='block_1_1' title="bbox 0 56 1280 2784">
    <p class='ocr_par' id='par_1_1' lang='eng' title="bbox 62 56 1220 1520">
     <span class='ocr_line' id='line_1_1' title="bbox 85 56 1196 101; baseline -0.002 -3; x_size 50.240505; x_descenders 6.2405062; x_ascenders 15">
      <span class='ocrx_word' id='word_1_1' title='bbox 85 58 216 98; x_wconf 84'>40290</span>
      <span class='ocrx_word' id='word_1_2' title='bbox 242 56 287 101; x_wconf 88'>@</span>
      <span class='ocrx_word' id='word_1_3' title='bbox 1065 58 1196 97; x_wconf 0'>V4t</span>
     </span>
     <span class='ocr_line' id='line_1_2' title="bbox 62 197 1220 246; baseline -0.001 0; x_size 53.887932; x_descenders 6.8879313; x_ascenders 14.99138">
      <span class='ocrx_word' id='word_1_4' title='bbox 62 197 394 246; x_wconf 96'>MESSAGES</span>
      <span class='ocrx_word' id='word_1_5' title='bbox 888 198 1220 245; x_wconf 96'>AVAILABLE</span>
     </span>
     <span class='ocr_line' id='line_1_3' title="bbox 136 276 1145 457; baseline 0.001 -4; x_size 192.65823; x_descenders 20.658228; x_ascenders 76">
      <span class='ocrx_word' id='word_1_6' title='bbox 136 295 316 438; x_wconf 9'>es</span>
      <span class='ocrx_word' id='word_1_7' title='bbox 965 276 1145 457; x_wconf 58'>@</span>
     </span>
     <span class='ocr_line' id='line_1_4' title="bbox 542 1109 953 1305; baseline 0 0; x_size 224.72414; x_descenders 28.724138; x_ascenders 62.517242">
      <span class='ocrx_word' id='word_1_8' title='bbox 542 1109 738 1305; x_wconf 0'>8</span>
      <span class='ocrx_word' id='word_1_9' title='bbox 757 1109 953 1305; x_wconf 0'>[9</span>
     </span>
     <span class='ocr_line' id='line_1_5' title="bbox 757 1324 953 1520; baseline 0 0; x_size 224.72414; x_descenders 28.724138; x_ascenders 62.517242">
      <span class='ocrx_word' id='word_1_10' title='bbox 757 1324 953 1520; x_wconf 74'>6</span>
     </span>
    </p>

    <p class='ocr_par' id='par_1_2' lang='eng' title="bbox 0 2597 1280 2784">
     <span class='ocr_line' id='line_1_6' title="bbox 1103 2597 1261 2654; baseline 0 0; x_size 65.392403; x_descenders 8.3924055; x_ascenders 18">
      <span class='ocrx_word' id='word_1_11' title='bbox 1103 2597 1261 2654; x_wconf 96'>tonic.</span>
     </span>
     <span class='ocr_line' id='line_1_7' title="bbox 0 2692 1280 2784; baseline 0 0; x_size 105.48276; x_descenders 13.482759; x_ascenders 29.344828">
      <span class='ocrx_word' id='word_1_12' title='bbox 0 2688 200 2802; x_wconf 52'>KGB</span>
      <span class='ocrx_word' id='word_1_13' title='bbox 237 2688 295 2802; x_wconf 66'>op</span>
      <span class='ocrx_word' id='word_1_14' title='bbox 332 2688 485 2802; x_wconf 56'>Qytss</span>
      <span class='ocrx_word' id='word_1_15' title='bbox 513 2688 637 2802; x_wconf 7'>Qyrse</span>
      <span class='ocrx_word' id='word_1_16' title='bbox 674 2688 969 2802; x_wconf 0'>sampestower212</span>
      <span class='ocrx_word' id='word_1_17' title='bbox 988 2688 1093 2802; x_wconf 92'>(CASH</span>
      <span class='ocrx_word' id='word_1_18' title='bbox 1121 2688 1197 2802; x_wconf 88'>OUT:</span>
      <span class='ocrx_word' id='word_1_19' title='bbox 1216 2688 1273 2802; x_wconf 55'>cds</span>
     </span>
    </p>
   </div>
  </div>
</body>
</html>"
[TestNG-PoolService-0] INFO com.tonic.common.mobile.BasePage - 🧠 INTELLIGENT MAPPING: Analyzing OCR text for coordinate extraction
[TestNG-PoolService-0] INFO com.tonic.common.mobile.BasePage - 📝 TEXT TO ANALYZE: "<!DOCTYPE html PUBLIC "-//W3C//DTD HTML 4.01 Transitional//EN" "http://www.w3.org/TR/html4/loose.dtd">
<html>
<head>
<title></title>
<meta http-equiv="Content-Type" content="text/html;charset=utf-8" />
<meta name='ocr-system' content='tesseract'/>
</head>
<body>
  <div class='ocr_page' id='page_1' title='image "screenshots/Mobile_Login_Element_Detection_1754640153364.png"; bbox 0 0 1280 2856; ppageno 0; scan_res 70 70'>
   <div class='ocr_carea' id='block_1_1' title="bbox 0 56 1280 2784">
    <p class='ocr_par' id='par_1_1' lang='eng' title="bbox 62 56 1220 1520">
     <span class='ocr_line' id='line_1_1' title="bbox 85 56 1196 101; baseline -0.002 -3; x_size 50.240505; x_descenders 6.2405062; x_ascenders 15">
      <span class='ocrx_word' id='word_1_1' title='bbox 85 58 216 98; x_wconf 84'>40290</span>
      <span class='ocrx_word' id='word_1_2' title='bbox 242 56 287 101; x_wconf 88'>@</span>
      <span class='ocrx_word' id='word_1_3' title='bbox 1065 58 1196 97; x_wconf 0'>V4t</span>
     </span>
     <span class='ocr_line' id='line_1_2' title="bbox 62 197 1220 246; baseline -0.001 0; x_size 53.887932; x_descenders 6.8879313; x_ascenders 14.99138">
      <span class='ocrx_word' id='word_1_4' title='bbox 62 197 394 246; x_wconf 96'>MESSAGES</span>
      <span class='ocrx_word' id='word_1_5' title='bbox 888 198 1220 245; x_wconf 96'>AVAILABLE</span>
     </span>
     <span class='ocr_line' id='line_1_3' title="bbox 136 276 1145 457; baseline 0.001 -4; x_size 192.65823; x_descenders 20.658228; x_ascenders 76">
      <span class='ocrx_word' id='word_1_6' title='bbox 136 295 316 438; x_wconf 9'>es</span>
      <span class='ocrx_word' id='word_1_7' title='bbox 965 276 1145 457; x_wconf 58'>@</span>
     </span>
     <span class='ocr_line' id='line_1_4' title="bbox 542 1109 953 1305; baseline 0 0; x_size 224.72414; x_descenders 28.724138; x_ascenders 62.517242">
      <span class='ocrx_word' id='word_1_8' title='bbox 542 1109 738 1305; x_wconf 0'>8</span>
      <span class='ocrx_word' id='word_1_9' title='bbox 757 1109 953 1305; x_wconf 0'>[9</span>
     </span>
     <span class='ocr_line' id='line_1_5' title="bbox 757 1324 953 1520; baseline 0 0; x_size 224.72414; x_descenders 28.724138; x_ascenders 62.517242">
      <span class='ocrx_word' id='word_1_10' title='bbox 757 1324 953 1520; x_wconf 74'>6</span>
     </span>
    </p>

    <p class='ocr_par' id='par_1_2' lang='eng' title="bbox 0 2597 1280 2784">
     <span class='ocr_line' id='line_1_6' title="bbox 1103 2597 1261 2654; baseline 0 0; x_size 65.392403; x_descenders 8.3924055; x_ascenders 18">
      <span class='ocrx_word' id='word_1_11' title='bbox 1103 2597 1261 2654; x_wconf 96'>tonic.</span>
     </span>
     <span class='ocr_line' id='line_1_7' title="bbox 0 2692 1280 2784; baseline 0 0; x_size 105.48276; x_descenders 13.482759; x_ascenders 29.344828">
      <span class='ocrx_word' id='word_1_12' title='bbox 0 2688 200 2802; x_wconf 52'>KGB</span>
      <span class='ocrx_word' id='word_1_13' title='bbox 237 2688 295 2802; x_wconf 66'>op</span>
      <span class='ocrx_word' id='word_1_14' title='bbox 332 2688 485 2802; x_wconf 56'>Qytss</span>
      <span class='ocrx_word' id='word_1_15' title='bbox 513 2688 637 2802; x_wconf 7'>Qyrse</span>
      <span class='ocrx_word' id='word_1_16' title='bbox 674 2688 969 2802; x_wconf 0'>sampestower212</span>
      <span class='ocrx_word' id='word_1_17' title='bbox 988 2688 1093 2802; x_wconf 92'>(CASH</span>
      <span class='ocrx_word' id='word_1_18' title='bbox 1121 2688 1197 2802; x_wconf 88'>OUT:</span>
      <span class='ocrx_word' id='word_1_19' title='bbox 1216 2688 1273 2802; x_wconf 55'>cds</span>
     </span>
    </p>
   </div>
  </div>
</body>
</html>
"
[TestNG-PoolService-0] INFO com.tonic.common.mobile.BasePage - 🔢 DIGIT MAPPED: '3' → Real keypad coordinates (647,1650) with 95% confidence
[TestNG-PoolService-0] INFO com.tonic.common.mobile.BasePage - 🔢 DIGIT MAPPED: '4' → Real keypad coordinates (439,1440) with 95% confidence
[TestNG-PoolService-0] INFO com.tonic.common.mobile.BasePage - 🔢 DIGIT MAPPED: '0' → Real keypad coordinates (439,1860) with 95% confidence
[TestNG-PoolService-0] INFO com.tonic.common.mobile.BasePage - 🔢 DIGIT MAPPED: '1' → Real keypad coordinates (431,1650) with 95% confidence
[TestNG-PoolService-0] INFO com.tonic.common.mobile.BasePage - 🔢 DIGIT MAPPED: '3' → Real keypad coordinates (647,1650) with 95% confidence
[TestNG-PoolService-0] INFO com.tonic.common.mobile.BasePage - 🔢 DIGIT MAPPED: '4' → Real keypad coordinates (439,1440) with 95% confidence
[TestNG-PoolService-0] INFO com.tonic.common.mobile.BasePage - 🔢 DIGIT MAPPED: '8' → Real keypad coordinates (539,1215) with 95% confidence
[TestNG-PoolService-0] INFO com.tonic.common.mobile.BasePage - 🔢 DIGIT MAPPED: '1' → Real keypad coordinates (431,1650) with 95% confidence
[TestNG-PoolService-0] INFO com.tonic.common.mobile.BasePage - 🔢 DIGIT MAPPED: '1' → Real keypad coordinates (431,1650) with 95% confidence
[TestNG-PoolService-0] INFO com.tonic.common.mobile.BasePage - 🔢 DIGIT MAPPED: '7' → Real keypad coordinates (427,1215) with 95% confidence
[TestNG-PoolService-0] INFO com.tonic.common.mobile.BasePage - 🔢 DIGIT MAPPED: '5' → Real keypad coordinates (539,1440) with 95% confidence
[TestNG-PoolService-0] INFO com.tonic.common.mobile.BasePage - 🔢 DIGIT MAPPED: '4' → Real keypad coordinates (439,1440) with 95% confidence
[TestNG-PoolService-0] INFO com.tonic.common.mobile.BasePage - 🔢 DIGIT MAPPED: '6' → Real keypad coordinates (647,1440) with 95% confidence
[TestNG-PoolService-0] INFO com.tonic.common.mobile.BasePage - 🔢 DIGIT MAPPED: '4' → Real keypad coordinates (439,1440) with 95% confidence
[TestNG-PoolService-0] INFO com.tonic.common.mobile.BasePage - 🔢 DIGIT MAPPED: '0' → Real keypad coordinates (439,1860) with 95% confidence
[TestNG-PoolService-0] INFO com.tonic.common.mobile.BasePage - 🔢 DIGIT MAPPED: '1' → Real keypad coordinates (431,1650) with 95% confidence
[TestNG-PoolService-0] INFO com.tonic.common.mobile.BasePage - 🔢 DIGIT MAPPED: '5' → Real keypad coordinates (539,1440) with 95% confidence
[TestNG-PoolService-0] INFO com.tonic.common.mobile.BasePage - 🔢 DIGIT MAPPED: '3' → Real keypad coordinates (647,1650) with 95% confidence
[TestNG-PoolService-0] INFO com.tonic.common.mobile.BasePage - 🔢 DIGIT MAPPED: '3' → Real keypad coordinates (647,1650) with 95% confidence
[TestNG-PoolService-0] INFO com.tonic.common.mobile.BasePage - 🔢 DIGIT MAPPED: '6' → Real keypad coordinates (647,1440) with 95% confidence
[TestNG-PoolService-0] INFO com.tonic.common.mobile.BasePage - 🔢 DIGIT MAPPED: '4' → Real keypad coordinates (439,1440) with 95% confidence
[TestNG-PoolService-0] INFO com.tonic.common.mobile.BasePage - 🔢 DIGIT MAPPED: '0' → Real keypad coordinates (439,1860) with 95% confidence
[TestNG-PoolService-0] INFO com.tonic.common.mobile.BasePage - 🔢 DIGIT MAPPED: '0' → Real keypad coordinates (439,1860) with 95% confidence
[TestNG-PoolService-0] INFO com.tonic.common.mobile.BasePage - 🔢 DIGIT MAPPED: '1' → Real keypad coordinates (431,1650) with 95% confidence
[TestNG-PoolService-0] INFO com.tonic.common.mobile.BasePage - 🔢 DIGIT MAPPED: '2' → Real keypad coordinates (539,1650) with 95% confidence
[TestNG-PoolService-0] INFO com.tonic.common.mobile.BasePage - 🔢 DIGIT MAPPED: '8' → Real keypad coordinates (539,1215) with 95% confidence
[TestNG-PoolService-0] INFO com.tonic.common.mobile.BasePage - 🔢 DIGIT MAPPED: '0' → Real keypad coordinates (439,1860) with 95% confidence
[TestNG-PoolService-0] INFO com.tonic.common.mobile.BasePage - 🔢 DIGIT MAPPED: '2' → Real keypad coordinates (539,1650) with 95% confidence
[TestNG-PoolService-0] INFO com.tonic.common.mobile.BasePage - 🔢 DIGIT MAPPED: '8' → Real keypad coordinates (539,1215) with 95% confidence
[TestNG-PoolService-0] INFO com.tonic.common.mobile.BasePage - 🔢 DIGIT MAPPED: '5' → Real keypad coordinates (539,1440) with 95% confidence
[TestNG-PoolService-0] INFO com.tonic.common.mobile.BasePage - 🔢 DIGIT MAPPED: '6' → Real keypad coordinates (647,1440) with 95% confidence
[TestNG-PoolService-0] INFO com.tonic.common.mobile.BasePage - 🔢 DIGIT MAPPED: '0' → Real keypad coordinates (439,1860) with 95% confidence
[TestNG-PoolService-0] INFO com.tonic.common.mobile.BasePage - 🔢 DIGIT MAPPED: '7' → Real keypad coordinates (427,1215) with 95% confidence
[TestNG-PoolService-0] INFO com.tonic.common.mobile.BasePage - 🔢 DIGIT MAPPED: '0' → Real keypad coordinates (439,1860) with 95% confidence
[TestNG-PoolService-0] INFO com.tonic.common.mobile.BasePage - 🔢 DIGIT MAPPED: '7' → Real keypad coordinates (427,1215) with 95% confidence
[TestNG-PoolService-0] INFO com.tonic.common.mobile.BasePage - 🔢 DIGIT MAPPED: '0' → Real keypad coordinates (439,1860) with 95% confidence
[TestNG-PoolService-0] INFO com.tonic.common.mobile.BasePage - 🔘 LOGIN BUTTON MAPPED: → Coordinates (607,2072) with 90% confidence
[TestNG-PoolService-0] INFO com.tonic.common.mobile.BasePage - 🔢 DIGIT MAPPED: '1' → Real keypad coordinates (431,1650) with 95% confidence
[TestNG-PoolService-0] INFO com.tonic.common.mobile.BasePage - 🔢 DIGIT MAPPED: '1' → Real keypad coordinates (431,1650) with 95% confidence
[TestNG-PoolService-0] INFO com.tonic.common.mobile.BasePage - 🔢 DIGIT MAPPED: '0' → Real keypad coordinates (439,1860) with 95% confidence
[TestNG-PoolService-0] INFO com.tonic.common.mobile.BasePage - 🔢 DIGIT MAPPED: '5' → Real keypad coordinates (539,1440) with 95% confidence
[TestNG-PoolService-0] INFO com.tonic.common.mobile.BasePage - 🔢 DIGIT MAPPED: '6' → Real keypad coordinates (647,1440) with 95% confidence
[TestNG-PoolService-0] INFO com.tonic.common.mobile.BasePage - 🔢 DIGIT MAPPED: '1' → Real keypad coordinates (431,1650) with 95% confidence
[TestNG-PoolService-0] INFO com.tonic.common.mobile.BasePage - 🔢 DIGIT MAPPED: '2' → Real keypad coordinates (539,1650) with 95% confidence
[TestNG-PoolService-0] INFO com.tonic.common.mobile.BasePage - 🔢 DIGIT MAPPED: '8' → Real keypad coordinates (539,1215) with 95% confidence
[TestNG-PoolService-0] INFO com.tonic.common.mobile.BasePage - 🔢 DIGIT MAPPED: '0' → Real keypad coordinates (439,1860) with 95% confidence
[TestNG-PoolService-0] INFO com.tonic.common.mobile.BasePage - 🔢 DIGIT MAPPED: '2' → Real keypad coordinates (539,1650) with 95% confidence
[TestNG-PoolService-0] INFO com.tonic.common.mobile.BasePage - 🔢 DIGIT MAPPED: '7' → Real keypad coordinates (427,1215) with 95% confidence
[TestNG-PoolService-0] INFO com.tonic.common.mobile.BasePage - 🔢 DIGIT MAPPED: '8' → Real keypad coordinates (539,1215) with 95% confidence
[TestNG-PoolService-0] INFO com.tonic.common.mobile.BasePage - 🔢 DIGIT MAPPED: '4' → Real keypad coordinates (439,1440) with 95% confidence
[TestNG-PoolService-0] INFO com.tonic.common.mobile.BasePage - 🔢 DIGIT MAPPED: '1' → Real keypad coordinates (431,1650) with 95% confidence
[TestNG-PoolService-0] INFO com.tonic.common.mobile.BasePage - 🔢 DIGIT MAPPED: '1' → Real keypad coordinates (431,1650) with 95% confidence
[TestNG-PoolService-0] INFO com.tonic.common.mobile.BasePage - 🔢 DIGIT MAPPED: '6' → Real keypad coordinates (647,1440) with 95% confidence
[TestNG-PoolService-0] INFO com.tonic.common.mobile.BasePage - 🔢 DIGIT MAPPED: '2' → Real keypad coordinates (539,1650) with 95% confidence
[TestNG-PoolService-0] INFO com.tonic.common.mobile.BasePage - 🔢 DIGIT MAPPED: '5' → Real keypad coordinates (539,1440) with 95% confidence
[TestNG-PoolService-0] INFO com.tonic.common.mobile.BasePage - 🔢 DIGIT MAPPED: '6' → Real keypad coordinates (647,1440) with 95% confidence
[TestNG-PoolService-0] INFO com.tonic.common.mobile.BasePage - 🔢 DIGIT MAPPED: '1' → Real keypad coordinates (431,1650) with 95% confidence
[TestNG-PoolService-0] INFO com.tonic.common.mobile.BasePage - 🔢 DIGIT MAPPED: '2' → Real keypad coordinates (539,1650) with 95% confidence
[TestNG-PoolService-0] INFO com.tonic.common.mobile.BasePage - 🔢 DIGIT MAPPED: '2' → Real keypad coordinates (539,1650) with 95% confidence
[TestNG-PoolService-0] INFO com.tonic.common.mobile.BasePage - 🔢 DIGIT MAPPED: '0' → Real keypad coordinates (439,1860) with 95% confidence
[TestNG-PoolService-0] INFO com.tonic.common.mobile.BasePage - 🔢 DIGIT MAPPED: '1' → Real keypad coordinates (431,1650) with 95% confidence
[TestNG-PoolService-0] INFO com.tonic.common.mobile.BasePage - 🔢 DIGIT MAPPED: '5' → Real keypad coordinates (539,1440) with 95% confidence
[TestNG-PoolService-0] INFO com.tonic.common.mobile.BasePage - 🔢 DIGIT MAPPED: '2' → Real keypad coordinates (539,1650) with 95% confidence
[TestNG-PoolService-0] INFO com.tonic.common.mobile.BasePage - 🔢 DIGIT MAPPED: '0' → Real keypad coordinates (439,1860) with 95% confidence
[TestNG-PoolService-0] INFO com.tonic.common.mobile.BasePage - 🔢 DIGIT MAPPED: '1' → Real keypad coordinates (431,1650) with 95% confidence
[TestNG-PoolService-0] INFO com.tonic.common.mobile.BasePage - 🔢 DIGIT MAPPED: '1' → Real keypad coordinates (431,1650) with 95% confidence
[TestNG-PoolService-0] INFO com.tonic.common.mobile.BasePage - 🔢 DIGIT MAPPED: '8' → Real keypad coordinates (539,1215) with 95% confidence
[TestNG-PoolService-0] INFO com.tonic.common.mobile.BasePage - 🔢 DIGIT MAPPED: '5' → Real keypad coordinates (539,1440) with 95% confidence
[TestNG-PoolService-0] INFO com.tonic.common.mobile.BasePage - 🔢 DIGIT MAPPED: '5' → Real keypad coordinates (539,1440) with 95% confidence
[TestNG-PoolService-0] INFO com.tonic.common.mobile.BasePage - 🔢 DIGIT MAPPED: '6' → Real keypad coordinates (647,1440) with 95% confidence
[TestNG-PoolService-0] INFO com.tonic.common.mobile.BasePage - 🔢 DIGIT MAPPED: '1' → Real keypad coordinates (431,1650) with 95% confidence
[TestNG-PoolService-0] INFO com.tonic.common.mobile.BasePage - 🔢 DIGIT MAPPED: '1' → Real keypad coordinates (431,1650) with 95% confidence
[TestNG-PoolService-0] INFO com.tonic.common.mobile.BasePage - 🔢 DIGIT MAPPED: '9' → Real keypad coordinates (647,1215) with 95% confidence
[TestNG-PoolService-0] INFO com.tonic.common.mobile.BasePage - 🔢 DIGIT MAPPED: '6' → Real keypad coordinates (647,1440) with 95% confidence
[TestNG-PoolService-0] INFO com.tonic.common.mobile.BasePage - 🔢 DIGIT MAPPED: '1' → Real keypad coordinates (431,1650) with 95% confidence
[TestNG-PoolService-0] INFO com.tonic.common.mobile.BasePage - 🔢 DIGIT MAPPED: '0' → Real keypad coordinates (439,1860) with 95% confidence
[TestNG-PoolService-0] INFO com.tonic.common.mobile.BasePage - 🔢 DIGIT MAPPED: '1' → Real keypad coordinates (431,1650) with 95% confidence
[TestNG-PoolService-0] INFO com.tonic.common.mobile.BasePage - 🔢 DIGIT MAPPED: '0' → Real keypad coordinates (439,1860) with 95% confidence
[TestNG-PoolService-0] INFO com.tonic.common.mobile.BasePage - 🔢 DIGIT MAPPED: '0' → Real keypad coordinates (439,1860) with 95% confidence
[TestNG-PoolService-0] INFO com.tonic.common.mobile.BasePage - 🔢 DIGIT MAPPED: '0' → Real keypad coordinates (439,1860) with 95% confidence
[TestNG-PoolService-0] INFO com.tonic.common.mobile.BasePage - 🔢 DIGIT MAPPED: '2' → Real keypad coordinates (539,1650) with 95% confidence
[TestNG-PoolService-0] INFO com.tonic.common.mobile.BasePage - 🔢 DIGIT MAPPED: '3' → Real keypad coordinates (647,1650) with 95% confidence
[TestNG-PoolService-0] INFO com.tonic.common.mobile.BasePage - 🔢 DIGIT MAPPED: '5' → Real keypad coordinates (539,1440) with 95% confidence
[TestNG-PoolService-0] INFO com.tonic.common.mobile.BasePage - 🔢 DIGIT MAPPED: '0' → Real keypad coordinates (439,1860) with 95% confidence
[TestNG-PoolService-0] INFO com.tonic.common.mobile.BasePage - 🔢 DIGIT MAPPED: '2' → Real keypad coordinates (539,1650) with 95% confidence
[TestNG-PoolService-0] INFO com.tonic.common.mobile.BasePage - 🔢 DIGIT MAPPED: '4' → Real keypad coordinates (439,1440) with 95% confidence
[TestNG-PoolService-0] INFO com.tonic.common.mobile.BasePage - 🔢 DIGIT MAPPED: '0' → Real keypad coordinates (439,1860) with 95% confidence
[TestNG-PoolService-0] INFO com.tonic.common.mobile.BasePage - 🔢 DIGIT MAPPED: '5' → Real keypad coordinates (539,1440) with 95% confidence
[TestNG-PoolService-0] INFO com.tonic.common.mobile.BasePage - 🔢 DIGIT MAPPED: '0' → Real keypad coordinates (439,1860) with 95% confidence
[TestNG-PoolService-0] INFO com.tonic.common.mobile.BasePage - 🔢 DIGIT MAPPED: '5' → Real keypad coordinates (539,1440) with 95% confidence
[TestNG-PoolService-0] INFO com.tonic.common.mobile.BasePage - 🔢 DIGIT MAPPED: '6' → Real keypad coordinates (647,1440) with 95% confidence
[TestNG-PoolService-0] INFO com.tonic.common.mobile.BasePage - 🔢 DIGIT MAPPED: '2' → Real keypad coordinates (539,1650) with 95% confidence
[TestNG-PoolService-0] INFO com.tonic.common.mobile.BasePage - 🔢 DIGIT MAPPED: '4' → Real keypad coordinates (439,1440) with 95% confidence
[TestNG-PoolService-0] INFO com.tonic.common.mobile.BasePage - 🔢 DIGIT MAPPED: '0' → Real keypad coordinates (439,1860) with 95% confidence
[TestNG-PoolService-0] INFO com.tonic.common.mobile.BasePage - 🔢 DIGIT MAPPED: '5' → Real keypad coordinates (539,1440) with 95% confidence
[TestNG-PoolService-0] INFO com.tonic.common.mobile.BasePage - 🔢 DIGIT MAPPED: '0' → Real keypad coordinates (439,1860) with 95% confidence
[TestNG-PoolService-0] INFO com.tonic.common.mobile.BasePage - 🔢 DIGIT MAPPED: '6' → Real keypad coordinates (647,1440) with 95% confidence
[TestNG-PoolService-0] INFO com.tonic.common.mobile.BasePage - 🔢 DIGIT MAPPED: '2' → Real keypad coordinates (539,1650) with 95% confidence
[TestNG-PoolService-0] INFO com.tonic.common.mobile.BasePage - 🔢 DIGIT MAPPED: '1' → Real keypad coordinates (431,1650) with 95% confidence
[TestNG-PoolService-0] INFO com.tonic.common.mobile.BasePage - 🔢 DIGIT MAPPED: '5' → Real keypad coordinates (539,1440) with 95% confidence
[TestNG-PoolService-0] INFO com.tonic.common.mobile.BasePage - 🔢 DIGIT MAPPED: '1' → Real keypad coordinates (431,1650) with 95% confidence
[TestNG-PoolService-0] INFO com.tonic.common.mobile.BasePage - 🔢 DIGIT MAPPED: '1' → Real keypad coordinates (431,1650) with 95% confidence
[TestNG-PoolService-0] INFO com.tonic.common.mobile.BasePage - 🔢 DIGIT MAPPED: '8' → Real keypad coordinates (539,1215) with 95% confidence
[TestNG-PoolService-0] INFO com.tonic.common.mobile.BasePage - 🔢 DIGIT MAPPED: '5' → Real keypad coordinates (539,1440) with 95% confidence
[TestNG-PoolService-0] INFO com.tonic.common.mobile.BasePage - 🔢 DIGIT MAPPED: '5' → Real keypad coordinates (539,1440) with 95% confidence
[TestNG-PoolService-0] INFO com.tonic.common.mobile.BasePage - 🔢 DIGIT MAPPED: '8' → Real keypad coordinates (539,1215) with 95% confidence
[TestNG-PoolService-0] INFO com.tonic.common.mobile.BasePage - 🔢 DIGIT MAPPED: '2' → Real keypad coordinates (539,1650) with 95% confidence
[TestNG-PoolService-0] INFO com.tonic.common.mobile.BasePage - 🔢 DIGIT MAPPED: '1' → Real keypad coordinates (431,1650) with 95% confidence
[TestNG-PoolService-0] INFO com.tonic.common.mobile.BasePage - 🔢 DIGIT MAPPED: '6' → Real keypad coordinates (647,1440) with 95% confidence
[TestNG-PoolService-0] INFO com.tonic.common.mobile.BasePage - 🔢 DIGIT MAPPED: '9' → Real keypad coordinates (647,1215) with 95% confidence
[TestNG-PoolService-0] INFO com.tonic.common.mobile.BasePage - 🔢 DIGIT MAPPED: '8' → Real keypad coordinates (539,1215) with 95% confidence
[TestNG-PoolService-0] INFO com.tonic.common.mobile.BasePage - 🔢 DIGIT MAPPED: '8' → Real keypad coordinates (539,1215) with 95% confidence
[TestNG-PoolService-0] INFO com.tonic.common.mobile.BasePage - 🔢 DIGIT MAPPED: '4' → Real keypad coordinates (439,1440) with 95% confidence
[TestNG-PoolService-0] INFO com.tonic.common.mobile.BasePage - 🔢 DIGIT MAPPED: '4' → Real keypad coordinates (439,1440) with 95% confidence
[TestNG-PoolService-0] INFO com.tonic.common.mobile.BasePage - 🔢 DIGIT MAPPED: '0' → Real keypad coordinates (439,1860) with 95% confidence
[TestNG-PoolService-0] INFO com.tonic.common.mobile.BasePage - 🔢 DIGIT MAPPED: '2' → Real keypad coordinates (539,1650) with 95% confidence
[TestNG-PoolService-0] INFO com.tonic.common.mobile.BasePage - 🔢 DIGIT MAPPED: '9' → Real keypad coordinates (647,1215) with 95% confidence
[TestNG-PoolService-0] INFO com.tonic.common.mobile.BasePage - 🔢 DIGIT MAPPED: '0' → Real keypad coordinates (439,1860) with 95% confidence
[TestNG-PoolService-0] INFO com.tonic.common.mobile.BasePage - 🔢 DIGIT MAPPED: '1' → Real keypad coordinates (431,1650) with 95% confidence
[TestNG-PoolService-0] INFO com.tonic.common.mobile.BasePage - 🔢 DIGIT MAPPED: '2' → Real keypad coordinates (539,1650) with 95% confidence
[TestNG-PoolService-0] INFO com.tonic.common.mobile.BasePage - 🔢 DIGIT MAPPED: '2' → Real keypad coordinates (539,1650) with 95% confidence
[TestNG-PoolService-0] INFO com.tonic.common.mobile.BasePage - 🔢 DIGIT MAPPED: '4' → Real keypad coordinates (439,1440) with 95% confidence
[TestNG-PoolService-0] INFO com.tonic.common.mobile.BasePage - 🔢 DIGIT MAPPED: '2' → Real keypad coordinates (539,1650) with 95% confidence
[TestNG-PoolService-0] INFO com.tonic.common.mobile.BasePage - 🔢 DIGIT MAPPED: '5' → Real keypad coordinates (539,1440) with 95% confidence
[TestNG-PoolService-0] INFO com.tonic.common.mobile.BasePage - 🔢 DIGIT MAPPED: '6' → Real keypad coordinates (647,1440) with 95% confidence
[TestNG-PoolService-0] INFO com.tonic.common.mobile.BasePage - 🔢 DIGIT MAPPED: '2' → Real keypad coordinates (539,1650) with 95% confidence
[TestNG-PoolService-0] INFO com.tonic.common.mobile.BasePage - 🔢 DIGIT MAPPED: '8' → Real keypad coordinates (539,1215) with 95% confidence
[TestNG-PoolService-0] INFO com.tonic.common.mobile.BasePage - 🔢 DIGIT MAPPED: '7' → Real keypad coordinates (427,1215) with 95% confidence
[TestNG-PoolService-0] INFO com.tonic.common.mobile.BasePage - 🔢 DIGIT MAPPED: '1' → Real keypad coordinates (431,1650) with 95% confidence
[TestNG-PoolService-0] INFO com.tonic.common.mobile.BasePage - 🔢 DIGIT MAPPED: '0' → Real keypad coordinates (439,1860) with 95% confidence
[TestNG-PoolService-0] INFO com.tonic.common.mobile.BasePage - 🔢 DIGIT MAPPED: '1' → Real keypad coordinates (431,1650) with 95% confidence
[TestNG-PoolService-0] INFO com.tonic.common.mobile.BasePage - 🔢 DIGIT MAPPED: '8' → Real keypad coordinates (539,1215) with 95% confidence
[TestNG-PoolService-0] INFO com.tonic.common.mobile.BasePage - 🔢 DIGIT MAPPED: '8' → Real keypad coordinates (539,1215) with 95% confidence
[TestNG-PoolService-0] INFO com.tonic.common.mobile.BasePage - 🔢 DIGIT MAPPED: '1' → Real keypad coordinates (431,1650) with 95% confidence
[TestNG-PoolService-0] INFO com.tonic.common.mobile.BasePage - 🔢 DIGIT MAPPED: '3' → Real keypad coordinates (647,1650) with 95% confidence
[TestNG-PoolService-0] INFO com.tonic.common.mobile.BasePage - 🔢 DIGIT MAPPED: '1' → Real keypad coordinates (431,1650) with 95% confidence
[TestNG-PoolService-0] INFO com.tonic.common.mobile.BasePage - 🔢 DIGIT MAPPED: '0' → Real keypad coordinates (439,1860) with 95% confidence
[TestNG-PoolService-0] INFO com.tonic.common.mobile.BasePage - 🔢 DIGIT MAPPED: '6' → Real keypad coordinates (647,1440) with 95% confidence
[TestNG-PoolService-0] INFO com.tonic.common.mobile.BasePage - 🔢 DIGIT MAPPED: '5' → Real keypad coordinates (539,1440) with 95% confidence
[TestNG-PoolService-0] INFO com.tonic.common.mobile.BasePage - 🔢 DIGIT MAPPED: '5' → Real keypad coordinates (539,1440) with 95% confidence
[TestNG-PoolService-0] INFO com.tonic.common.mobile.BasePage - 🔢 DIGIT MAPPED: '8' → Real keypad coordinates (539,1215) with 95% confidence
[TestNG-PoolService-0] INFO com.tonic.common.mobile.BasePage - 🔢 DIGIT MAPPED: '1' → Real keypad coordinates (431,1650) with 95% confidence
[TestNG-PoolService-0] INFO com.tonic.common.mobile.BasePage - 🔢 DIGIT MAPPED: '1' → Real keypad coordinates (431,1650) with 95% confidence
[TestNG-PoolService-0] INFO com.tonic.common.mobile.BasePage - 🔢 DIGIT MAPPED: '9' → Real keypad coordinates (647,1215) with 95% confidence
[TestNG-PoolService-0] INFO com.tonic.common.mobile.BasePage - 🔢 DIGIT MAPPED: '6' → Real keypad coordinates (647,1440) with 95% confidence
[TestNG-PoolService-0] INFO com.tonic.common.mobile.BasePage - 🔢 DIGIT MAPPED: '9' → Real keypad coordinates (647,1215) with 95% confidence
[TestNG-PoolService-0] INFO com.tonic.common.mobile.BasePage - 🔢 DIGIT MAPPED: '7' → Real keypad coordinates (427,1215) with 95% confidence
[TestNG-PoolService-0] INFO com.tonic.common.mobile.BasePage - 🔢 DIGIT MAPPED: '0' → Real keypad coordinates (439,1860) with 95% confidence
[TestNG-PoolService-0] INFO com.tonic.common.mobile.BasePage - 🔢 DIGIT MAPPED: '4' → Real keypad coordinates (439,1440) with 95% confidence
[TestNG-PoolService-0] INFO com.tonic.common.mobile.BasePage - 🔢 DIGIT MAPPED: '1' → Real keypad coordinates (431,1650) with 95% confidence
[TestNG-PoolService-0] INFO com.tonic.common.mobile.BasePage - 🔢 DIGIT MAPPED: '2' → Real keypad coordinates (539,1650) with 95% confidence
[TestNG-PoolService-0] INFO com.tonic.common.mobile.BasePage - 🔢 DIGIT MAPPED: '6' → Real keypad coordinates (647,1440) with 95% confidence
[TestNG-PoolService-0] INFO com.tonic.common.mobile.BasePage - 🔢 DIGIT MAPPED: '2' → Real keypad coordinates (539,1650) with 95% confidence
[TestNG-PoolService-0] INFO com.tonic.common.mobile.BasePage - 🔢 DIGIT MAPPED: '1' → Real keypad coordinates (431,1650) with 95% confidence
[TestNG-PoolService-0] INFO com.tonic.common.mobile.BasePage - 🔢 DIGIT MAPPED: '9' → Real keypad coordinates (647,1215) with 95% confidence
[TestNG-PoolService-0] INFO com.tonic.common.mobile.BasePage - 🔢 DIGIT MAPPED: '7' → Real keypad coordinates (427,1215) with 95% confidence
[TestNG-PoolService-0] INFO com.tonic.common.mobile.BasePage - 🔢 DIGIT MAPPED: '1' → Real keypad coordinates (431,1650) with 95% confidence
[TestNG-PoolService-0] INFO com.tonic.common.mobile.BasePage - 🔢 DIGIT MAPPED: '2' → Real keypad coordinates (539,1650) with 95% confidence
[TestNG-PoolService-0] INFO com.tonic.common.mobile.BasePage - 🔢 DIGIT MAPPED: '2' → Real keypad coordinates (539,1650) with 95% confidence
[TestNG-PoolService-0] INFO com.tonic.common.mobile.BasePage - 🔢 DIGIT MAPPED: '0' → Real keypad coordinates (439,1860) with 95% confidence
[TestNG-PoolService-0] INFO com.tonic.common.mobile.BasePage - 🔢 DIGIT MAPPED: '2' → Real keypad coordinates (539,1650) with 95% confidence
[TestNG-PoolService-0] INFO com.tonic.common.mobile.BasePage - 🔢 DIGIT MAPPED: '4' → Real keypad coordinates (439,1440) with 95% confidence
[TestNG-PoolService-0] INFO com.tonic.common.mobile.BasePage - 🔢 DIGIT MAPPED: '6' → Real keypad coordinates (647,1440) with 95% confidence
[TestNG-PoolService-0] INFO com.tonic.common.mobile.BasePage - 🔢 DIGIT MAPPED: '0' → Real keypad coordinates (439,1860) with 95% confidence
[TestNG-PoolService-0] INFO com.tonic.common.mobile.BasePage - 🔢 DIGIT MAPPED: '0' → Real keypad coordinates (439,1860) with 95% confidence
[TestNG-PoolService-0] INFO com.tonic.common.mobile.BasePage - 🔢 DIGIT MAPPED: '0' → Real keypad coordinates (439,1860) with 95% confidence
[TestNG-PoolService-0] INFO com.tonic.common.mobile.BasePage - 🔢 DIGIT MAPPED: '1' → Real keypad coordinates (431,1650) with 95% confidence
[TestNG-PoolService-0] INFO com.tonic.common.mobile.BasePage - 🔢 DIGIT MAPPED: '0' → Real keypad coordinates (439,1860) with 95% confidence
[TestNG-PoolService-0] INFO com.tonic.common.mobile.BasePage - 🔢 DIGIT MAPPED: '5' → Real keypad coordinates (539,1440) with 95% confidence
[TestNG-PoolService-0] INFO com.tonic.common.mobile.BasePage - 🔢 DIGIT MAPPED: '3' → Real keypad coordinates (647,1650) with 95% confidence
[TestNG-PoolService-0] INFO com.tonic.common.mobile.BasePage - 🔢 DIGIT MAPPED: '8' → Real keypad coordinates (539,1215) with 95% confidence
[TestNG-PoolService-0] INFO com.tonic.common.mobile.BasePage - 🔢 DIGIT MAPPED: '8' → Real keypad coordinates (539,1215) with 95% confidence
[TestNG-PoolService-0] INFO com.tonic.common.mobile.BasePage - 🔢 DIGIT MAPPED: '7' → Real keypad coordinates (427,1215) with 95% confidence
[TestNG-PoolService-0] INFO com.tonic.common.mobile.BasePage - 🔢 DIGIT MAPPED: '9' → Real keypad coordinates (647,1215) with 95% confidence
[TestNG-PoolService-0] INFO com.tonic.common.mobile.BasePage - 🔢 DIGIT MAPPED: '3' → Real keypad coordinates (647,1650) with 95% confidence
[TestNG-PoolService-0] INFO com.tonic.common.mobile.BasePage - 🔢 DIGIT MAPPED: '2' → Real keypad coordinates (539,1650) with 95% confidence
[TestNG-PoolService-0] INFO com.tonic.common.mobile.BasePage - 🔢 DIGIT MAPPED: '6' → Real keypad coordinates (647,1440) with 95% confidence
[TestNG-PoolService-0] INFO com.tonic.common.mobile.BasePage - 🔢 DIGIT MAPPED: '8' → Real keypad coordinates (539,1215) with 95% confidence
[TestNG-PoolService-0] INFO com.tonic.common.mobile.BasePage - 🔢 DIGIT MAPPED: '8' → Real keypad coordinates (539,1215) with 95% confidence
[TestNG-PoolService-0] INFO com.tonic.common.mobile.BasePage - 🔢 DIGIT MAPPED: '7' → Real keypad coordinates (427,1215) with 95% confidence
[TestNG-PoolService-0] INFO com.tonic.common.mobile.BasePage - 🔢 DIGIT MAPPED: '9' → Real keypad coordinates (647,1215) with 95% confidence
[TestNG-PoolService-0] INFO com.tonic.common.mobile.BasePage - 🔢 DIGIT MAPPED: '3' → Real keypad coordinates (647,1650) with 95% confidence
[TestNG-PoolService-0] INFO com.tonic.common.mobile.BasePage - 🔢 DIGIT MAPPED: '1' → Real keypad coordinates (431,1650) with 95% confidence
[TestNG-PoolService-0] INFO com.tonic.common.mobile.BasePage - 🔢 DIGIT MAPPED: '3' → Real keypad coordinates (647,1650) with 95% confidence
[TestNG-PoolService-0] INFO com.tonic.common.mobile.BasePage - 🔢 DIGIT MAPPED: '1' → Real keypad coordinates (431,1650) with 95% confidence
[TestNG-PoolService-0] INFO com.tonic.common.mobile.BasePage - 🔢 DIGIT MAPPED: '4' → Real keypad coordinates (439,1440) with 95% confidence
[TestNG-PoolService-0] INFO com.tonic.common.mobile.BasePage - 🔢 DIGIT MAPPED: '9' → Real keypad coordinates (647,1215) with 95% confidence
[TestNG-PoolService-0] INFO com.tonic.common.mobile.BasePage - 🔢 DIGIT MAPPED: '9' → Real keypad coordinates (647,1215) with 95% confidence
[TestNG-PoolService-0] INFO com.tonic.common.mobile.BasePage - 🔢 DIGIT MAPPED: '1' → Real keypad coordinates (431,1650) with 95% confidence
[TestNG-PoolService-0] INFO com.tonic.common.mobile.BasePage - 🔢 DIGIT MAPPED: '3' → Real keypad coordinates (647,1650) with 95% confidence
[TestNG-PoolService-0] INFO com.tonic.common.mobile.BasePage - 🔢 DIGIT MAPPED: '8' → Real keypad coordinates (539,1215) with 95% confidence
[TestNG-PoolService-0] INFO com.tonic.common.mobile.BasePage - 🔢 DIGIT MAPPED: '1' → Real keypad coordinates (431,1650) with 95% confidence
[TestNG-PoolService-0] INFO com.tonic.common.mobile.BasePage - 🔢 DIGIT MAPPED: '4' → Real keypad coordinates (439,1440) with 95% confidence
[TestNG-PoolService-0] INFO com.tonic.common.mobile.BasePage - 🔢 DIGIT MAPPED: '6' → Real keypad coordinates (647,1440) with 95% confidence
[TestNG-PoolService-0] INFO com.tonic.common.mobile.BasePage - 🔢 DIGIT MAPPED: '2' → Real keypad coordinates (539,1650) with 95% confidence
[TestNG-PoolService-0] INFO com.tonic.common.mobile.BasePage - 🔢 DIGIT MAPPED: '1' → Real keypad coordinates (431,1650) with 95% confidence
[TestNG-PoolService-0] INFO com.tonic.common.mobile.BasePage - 🔢 DIGIT MAPPED: '9' → Real keypad coordinates (647,1215) with 95% confidence
[TestNG-PoolService-0] INFO com.tonic.common.mobile.BasePage - 🔢 DIGIT MAPPED: '7' → Real keypad coordinates (427,1215) with 95% confidence
[TestNG-PoolService-0] INFO com.tonic.common.mobile.BasePage - 🔢 DIGIT MAPPED: '3' → Real keypad coordinates (647,1650) with 95% confidence
[TestNG-PoolService-0] INFO com.tonic.common.mobile.BasePage - 🔢 DIGIT MAPPED: '9' → Real keypad coordinates (647,1215) with 95% confidence
[TestNG-PoolService-0] INFO com.tonic.common.mobile.BasePage - 🔢 DIGIT MAPPED: '4' → Real keypad coordinates (439,1440) with 95% confidence
[TestNG-PoolService-0] INFO com.tonic.common.mobile.BasePage - 🔢 DIGIT MAPPED: '2' → Real keypad coordinates (539,1650) with 95% confidence
[TestNG-PoolService-0] INFO com.tonic.common.mobile.BasePage - 🔢 DIGIT MAPPED: '4' → Real keypad coordinates (439,1440) with 95% confidence
[TestNG-PoolService-0] INFO com.tonic.common.mobile.BasePage - 🔢 DIGIT MAPPED: '6' → Real keypad coordinates (647,1440) with 95% confidence
[TestNG-PoolService-0] INFO com.tonic.common.mobile.BasePage - 🔢 DIGIT MAPPED: '9' → Real keypad coordinates (647,1215) with 95% confidence
[TestNG-PoolService-0] INFO com.tonic.common.mobile.BasePage - 🔢 DIGIT MAPPED: '6' → Real keypad coordinates (647,1440) with 95% confidence
[TestNG-PoolService-0] INFO com.tonic.common.mobile.BasePage - 🔢 DIGIT MAPPED: '1' → Real keypad coordinates (431,1650) with 95% confidence
[TestNG-PoolService-0] INFO com.tonic.common.mobile.BasePage - 🔢 DIGIT MAPPED: '5' → Real keypad coordinates (539,1440) with 95% confidence
[TestNG-PoolService-0] INFO com.tonic.common.mobile.BasePage - 🔢 DIGIT MAPPED: '8' → Real keypad coordinates (539,1215) with 95% confidence
[TestNG-PoolService-0] INFO com.tonic.common.mobile.BasePage - 🔢 DIGIT MAPPED: '8' → Real keypad coordinates (539,1215) with 95% confidence
[TestNG-PoolService-0] INFO com.tonic.common.mobile.BasePage - 🔢 DIGIT MAPPED: '8' → Real keypad coordinates (539,1215) with 95% confidence
[TestNG-PoolService-0] INFO com.tonic.common.mobile.BasePage - 🔢 DIGIT MAPPED: '1' → Real keypad coordinates (431,1650) with 95% confidence
[TestNG-PoolService-0] INFO com.tonic.common.mobile.BasePage - 🔢 DIGIT MAPPED: '9' → Real keypad coordinates (647,1215) with 95% confidence
[TestNG-PoolService-0] INFO com.tonic.common.mobile.BasePage - 🔢 DIGIT MAPPED: '8' → Real keypad coordinates (539,1215) with 95% confidence
[TestNG-PoolService-0] INFO com.tonic.common.mobile.BasePage - 🔢 DIGIT MAPPED: '1' → Real keypad coordinates (431,1650) with 95% confidence
[TestNG-PoolService-0] INFO com.tonic.common.mobile.BasePage - 🔢 DIGIT MAPPED: '2' → Real keypad coordinates (539,1650) with 95% confidence
[TestNG-PoolService-0] INFO com.tonic.common.mobile.BasePage - 🔢 DIGIT MAPPED: '2' → Real keypad coordinates (539,1650) with 95% confidence
[TestNG-PoolService-0] INFO com.tonic.common.mobile.BasePage - 🔢 DIGIT MAPPED: '0' → Real keypad coordinates (439,1860) with 95% confidence
[TestNG-PoolService-0] INFO com.tonic.common.mobile.BasePage - 🔢 DIGIT MAPPED: '2' → Real keypad coordinates (539,1650) with 95% confidence
[TestNG-PoolService-0] INFO com.tonic.common.mobile.BasePage - 🔢 DIGIT MAPPED: '4' → Real keypad coordinates (439,1440) with 95% confidence
[TestNG-PoolService-0] INFO com.tonic.common.mobile.BasePage - 🔢 DIGIT MAPPED: '5' → Real keypad coordinates (539,1440) with 95% confidence
[TestNG-PoolService-0] INFO com.tonic.common.mobile.BasePage - 🔢 DIGIT MAPPED: '9' → Real keypad coordinates (647,1215) with 95% confidence
[TestNG-PoolService-0] INFO com.tonic.common.mobile.BasePage - 🔢 DIGIT MAPPED: '6' → Real keypad coordinates (647,1440) with 95% confidence
[TestNG-PoolService-0] INFO com.tonic.common.mobile.BasePage - 🔢 DIGIT MAPPED: '1' → Real keypad coordinates (431,1650) with 95% confidence
[TestNG-PoolService-0] INFO com.tonic.common.mobile.BasePage - 🔢 DIGIT MAPPED: '3' → Real keypad coordinates (647,1650) with 95% confidence
[TestNG-PoolService-0] INFO com.tonic.common.mobile.BasePage - 🔢 DIGIT MAPPED: '1' → Real keypad coordinates (431,1650) with 95% confidence
[TestNG-PoolService-0] INFO com.tonic.common.mobile.BasePage - 🔢 DIGIT MAPPED: '3' → Real keypad coordinates (647,1650) with 95% confidence
[TestNG-PoolService-0] INFO com.tonic.common.mobile.BasePage - 🔢 DIGIT MAPPED: '6' → Real keypad coordinates (647,1440) with 95% confidence
[TestNG-PoolService-0] INFO com.tonic.common.mobile.BasePage - 🔢 DIGIT MAPPED: '2' → Real keypad coordinates (539,1650) with 95% confidence
[TestNG-PoolService-0] INFO com.tonic.common.mobile.BasePage - 🔢 DIGIT MAPPED: '7' → Real keypad coordinates (427,1215) with 95% confidence
[TestNG-PoolService-0] INFO com.tonic.common.mobile.BasePage - 🔢 DIGIT MAPPED: '6' → Real keypad coordinates (647,1440) with 95% confidence
[TestNG-PoolService-0] INFO com.tonic.common.mobile.BasePage - 🔢 DIGIT MAPPED: '1' → Real keypad coordinates (431,1650) with 95% confidence
[TestNG-PoolService-0] INFO com.tonic.common.mobile.BasePage - 🔢 DIGIT MAPPED: '1' → Real keypad coordinates (431,1650) with 95% confidence
[TestNG-PoolService-0] INFO com.tonic.common.mobile.BasePage - 🔢 DIGIT MAPPED: '4' → Real keypad coordinates (439,1440) with 95% confidence
[TestNG-PoolService-0] INFO com.tonic.common.mobile.BasePage - 🔢 DIGIT MAPPED: '5' → Real keypad coordinates (539,1440) with 95% confidence
[TestNG-PoolService-0] INFO com.tonic.common.mobile.BasePage - 🔢 DIGIT MAPPED: '4' → Real keypad coordinates (439,1440) with 95% confidence
[TestNG-PoolService-0] INFO com.tonic.common.mobile.BasePage - 🔢 DIGIT MAPPED: '5' → Real keypad coordinates (539,1440) with 95% confidence
[TestNG-PoolService-0] INFO com.tonic.common.mobile.BasePage - 🔢 DIGIT MAPPED: '7' → Real keypad coordinates (427,1215) with 95% confidence
[TestNG-PoolService-0] INFO com.tonic.common.mobile.BasePage - 🔢 DIGIT MAPPED: '0' → Real keypad coordinates (439,1860) with 95% confidence
[TestNG-PoolService-0] INFO com.tonic.common.mobile.BasePage - 🔢 DIGIT MAPPED: '0' → Real keypad coordinates (439,1860) with 95% confidence
[TestNG-PoolService-0] INFO com.tonic.common.mobile.BasePage - 🔢 DIGIT MAPPED: '0' → Real keypad coordinates (439,1860) with 95% confidence
[TestNG-PoolService-0] INFO com.tonic.common.mobile.BasePage - 🔢 DIGIT MAPPED: '1' → Real keypad coordinates (431,1650) with 95% confidence
[TestNG-PoolService-0] INFO com.tonic.common.mobile.BasePage - 🔢 DIGIT MAPPED: '4' → Real keypad coordinates (439,1440) with 95% confidence
[TestNG-PoolService-0] INFO com.tonic.common.mobile.BasePage - 🔢 DIGIT MAPPED: '1' → Real keypad coordinates (431,1650) with 95% confidence
[TestNG-PoolService-0] INFO com.tonic.common.mobile.BasePage - 🔢 DIGIT MAPPED: '9' → Real keypad coordinates (647,1215) with 95% confidence
[TestNG-PoolService-0] INFO com.tonic.common.mobile.BasePage - 🔢 DIGIT MAPPED: '2' → Real keypad coordinates (539,1650) with 95% confidence
[TestNG-PoolService-0] INFO com.tonic.common.mobile.BasePage - 🔢 DIGIT MAPPED: '6' → Real keypad coordinates (647,1440) with 95% confidence
[TestNG-PoolService-0] INFO com.tonic.common.mobile.BasePage - 🔢 DIGIT MAPPED: '5' → Real keypad coordinates (539,1440) with 95% confidence
[TestNG-PoolService-0] INFO com.tonic.common.mobile.BasePage - 🔢 DIGIT MAPPED: '8' → Real keypad coordinates (539,1215) with 95% confidence
[TestNG-PoolService-0] INFO com.tonic.common.mobile.BasePage - 🔢 DIGIT MAPPED: '2' → Real keypad coordinates (539,1650) with 95% confidence
[TestNG-PoolService-0] INFO com.tonic.common.mobile.BasePage - 🔢 DIGIT MAPPED: '3' → Real keypad coordinates (647,1650) with 95% confidence
[TestNG-PoolService-0] INFO com.tonic.common.mobile.BasePage - 🔢 DIGIT MAPPED: '2' → Real keypad coordinates (539,1650) with 95% confidence
[TestNG-PoolService-0] INFO com.tonic.common.mobile.BasePage - 🔢 DIGIT MAPPED: '0' → Real keypad coordinates (439,1860) with 95% confidence
[TestNG-PoolService-0] INFO com.tonic.common.mobile.BasePage - 🔢 DIGIT MAPPED: '6' → Real keypad coordinates (647,1440) with 95% confidence
[TestNG-PoolService-0] INFO com.tonic.common.mobile.BasePage - 🔢 DIGIT MAPPED: '5' → Real keypad coordinates (539,1440) with 95% confidence
[TestNG-PoolService-0] INFO com.tonic.common.mobile.BasePage - 🔢 DIGIT MAPPED: '8' → Real keypad coordinates (539,1215) with 95% confidence
[TestNG-PoolService-0] INFO com.tonic.common.mobile.BasePage - 🔢 DIGIT MAPPED: '2' → Real keypad coordinates (539,1650) with 95% confidence
[TestNG-PoolService-0] INFO com.tonic.common.mobile.BasePage - 🔢 DIGIT MAPPED: '2' → Real keypad coordinates (539,1650) with 95% confidence
[TestNG-PoolService-0] INFO com.tonic.common.mobile.BasePage - 🔢 DIGIT MAPPED: '8' → Real keypad coordinates (539,1215) with 95% confidence
[TestNG-PoolService-0] INFO com.tonic.common.mobile.BasePage - 🔢 DIGIT MAPPED: '7' → Real keypad coordinates (427,1215) with 95% confidence
[TestNG-PoolService-0] INFO com.tonic.common.mobile.BasePage - 🔢 DIGIT MAPPED: '6' → Real keypad coordinates (647,1440) with 95% confidence
[TestNG-PoolService-0] INFO com.tonic.common.mobile.BasePage - 🔢 DIGIT MAPPED: '1' → Real keypad coordinates (431,1650) with 95% confidence
[TestNG-PoolService-0] INFO com.tonic.common.mobile.BasePage - 🔢 DIGIT MAPPED: '6' → Real keypad coordinates (647,1440) with 95% confidence
[TestNG-PoolService-0] INFO com.tonic.common.mobile.BasePage - 🔢 DIGIT MAPPED: '1' → Real keypad coordinates (431,1650) with 95% confidence
[TestNG-PoolService-0] INFO com.tonic.common.mobile.BasePage - 🔢 DIGIT MAPPED: '3' → Real keypad coordinates (647,1650) with 95% confidence
[TestNG-PoolService-0] INFO com.tonic.common.mobile.BasePage - 🔢 DIGIT MAPPED: '6' → Real keypad coordinates (647,1440) with 95% confidence
[TestNG-PoolService-0] INFO com.tonic.common.mobile.BasePage - 🔢 DIGIT MAPPED: '2' → Real keypad coordinates (539,1650) with 95% confidence
[TestNG-PoolService-0] INFO com.tonic.common.mobile.BasePage - 🔢 DIGIT MAPPED: '9' → Real keypad coordinates (647,1215) with 95% confidence
[TestNG-PoolService-0] INFO com.tonic.common.mobile.BasePage - 🔢 DIGIT MAPPED: '5' → Real keypad coordinates (539,1440) with 95% confidence
[TestNG-PoolService-0] INFO com.tonic.common.mobile.BasePage - 🔢 DIGIT MAPPED: '3' → Real keypad coordinates (647,1650) with 95% confidence
[TestNG-PoolService-0] INFO com.tonic.common.mobile.BasePage - 🔢 DIGIT MAPPED: '1' → Real keypad coordinates (431,1650) with 95% confidence
[TestNG-PoolService-0] INFO com.tonic.common.mobile.BasePage - 🔢 DIGIT MAPPED: '6' → Real keypad coordinates (647,1440) with 95% confidence
[TestNG-PoolService-0] INFO com.tonic.common.mobile.BasePage - 🔢 DIGIT MAPPED: '4' → Real keypad coordinates (439,1440) with 95% confidence
[TestNG-PoolService-0] INFO com.tonic.common.mobile.BasePage - 🔢 DIGIT MAPPED: '3' → Real keypad coordinates (647,1650) with 95% confidence
[TestNG-PoolService-0] INFO com.tonic.common.mobile.BasePage - 🔢 DIGIT MAPPED: '8' → Real keypad coordinates (539,1215) with 95% confidence
[TestNG-PoolService-0] INFO com.tonic.common.mobile.BasePage - 🔢 DIGIT MAPPED: '9' → Real keypad coordinates (647,1215) with 95% confidence
[TestNG-PoolService-0] INFO com.tonic.common.mobile.BasePage - 🔢 DIGIT MAPPED: '1' → Real keypad coordinates (431,1650) with 95% confidence
[TestNG-PoolService-0] INFO com.tonic.common.mobile.BasePage - 🔢 DIGIT MAPPED: '7' → Real keypad coordinates (427,1215) with 95% confidence
[TestNG-PoolService-0] INFO com.tonic.common.mobile.BasePage - 🔢 DIGIT MAPPED: '9' → Real keypad coordinates (647,1215) with 95% confidence
[TestNG-PoolService-0] INFO com.tonic.common.mobile.BasePage - 🔢 DIGIT MAPPED: '6' → Real keypad coordinates (647,1440) with 95% confidence
[TestNG-PoolService-0] INFO com.tonic.common.mobile.BasePage - 🔢 DIGIT MAPPED: '5' → Real keypad coordinates (539,1440) with 95% confidence
[TestNG-PoolService-0] INFO com.tonic.common.mobile.BasePage - 🔢 DIGIT MAPPED: '2' → Real keypad coordinates (539,1650) with 95% confidence
[TestNG-PoolService-0] INFO com.tonic.common.mobile.BasePage - 🔢 DIGIT MAPPED: '7' → Real keypad coordinates (427,1215) with 95% confidence
[TestNG-PoolService-0] INFO com.tonic.common.mobile.BasePage - 🔢 DIGIT MAPPED: '6' → Real keypad coordinates (647,1440) with 95% confidence
[TestNG-PoolService-0] INFO com.tonic.common.mobile.BasePage - 🔢 DIGIT MAPPED: '1' → Real keypad coordinates (431,1650) with 95% confidence
[TestNG-PoolService-0] INFO com.tonic.common.mobile.BasePage - 🔢 DIGIT MAPPED: '1' → Real keypad coordinates (431,1650) with 95% confidence
[TestNG-PoolService-0] INFO com.tonic.common.mobile.BasePage - 🔢 DIGIT MAPPED: '4' → Real keypad coordinates (439,1440) with 95% confidence
[TestNG-PoolService-0] INFO com.tonic.common.mobile.BasePage - 🔢 DIGIT MAPPED: '5' → Real keypad coordinates (539,1440) with 95% confidence
[TestNG-PoolService-0] INFO com.tonic.common.mobile.BasePage - 🔢 DIGIT MAPPED: '4' → Real keypad coordinates (439,1440) with 95% confidence
[TestNG-PoolService-0] INFO com.tonic.common.mobile.BasePage - 🔢 DIGIT MAPPED: '5' → Real keypad coordinates (539,1440) with 95% confidence
[TestNG-PoolService-0] INFO com.tonic.common.mobile.BasePage - 🔢 DIGIT MAPPED: '7' → Real keypad coordinates (427,1215) with 95% confidence
[TestNG-PoolService-0] INFO com.tonic.common.mobile.BasePage - 🔢 DIGIT MAPPED: '5' → Real keypad coordinates (539,1440) with 95% confidence
[TestNG-PoolService-0] INFO com.tonic.common.mobile.BasePage - 🔢 DIGIT MAPPED: '8' → Real keypad coordinates (539,1215) with 95% confidence
[TestNG-PoolService-0] INFO com.tonic.common.mobile.BasePage - 🔢 DIGIT MAPPED: '1' → Real keypad coordinates (431,1650) with 95% confidence
[TestNG-PoolService-0] INFO com.tonic.common.mobile.BasePage - 🔢 DIGIT MAPPED: '4' → Real keypad coordinates (439,1440) with 95% confidence
[TestNG-PoolService-0] INFO com.tonic.common.mobile.BasePage - 🔢 DIGIT MAPPED: '5' → Real keypad coordinates (539,1440) with 95% confidence
[TestNG-PoolService-0] INFO com.tonic.common.mobile.BasePage - 🔢 DIGIT MAPPED: '4' → Real keypad coordinates (439,1440) with 95% confidence
[TestNG-PoolService-0] INFO com.tonic.common.mobile.BasePage - 🔢 DIGIT MAPPED: '2' → Real keypad coordinates (539,1650) with 95% confidence
[TestNG-PoolService-0] INFO com.tonic.common.mobile.BasePage - 🔢 DIGIT MAPPED: '1' → Real keypad coordinates (431,1650) with 95% confidence
[TestNG-PoolService-0] INFO com.tonic.common.mobile.BasePage - 🔢 DIGIT MAPPED: '1' → Real keypad coordinates (431,1650) with 95% confidence
[TestNG-PoolService-0] INFO com.tonic.common.mobile.BasePage - 🔢 DIGIT MAPPED: '0' → Real keypad coordinates (439,1860) with 95% confidence
[TestNG-PoolService-0] INFO com.tonic.common.mobile.BasePage - 🔢 DIGIT MAPPED: '9' → Real keypad coordinates (647,1215) with 95% confidence
[TestNG-PoolService-0] INFO com.tonic.common.mobile.BasePage - 🔢 DIGIT MAPPED: '9' → Real keypad coordinates (647,1215) with 95% confidence
[TestNG-PoolService-0] INFO com.tonic.common.mobile.BasePage - 🔢 DIGIT MAPPED: '5' → Real keypad coordinates (539,1440) with 95% confidence
[TestNG-PoolService-0] INFO com.tonic.common.mobile.BasePage - 🔢 DIGIT MAPPED: '3' → Real keypad coordinates (647,1650) with 95% confidence
[TestNG-PoolService-0] INFO com.tonic.common.mobile.BasePage - 🔢 DIGIT MAPPED: '1' → Real keypad coordinates (431,1650) with 95% confidence
[TestNG-PoolService-0] INFO com.tonic.common.mobile.BasePage - 🔢 DIGIT MAPPED: '3' → Real keypad coordinates (647,1650) with 95% confidence
[TestNG-PoolService-0] INFO com.tonic.common.mobile.BasePage - 🔢 DIGIT MAPPED: '0' → Real keypad coordinates (439,1860) with 95% confidence
[TestNG-PoolService-0] INFO com.tonic.common.mobile.BasePage - 🔢 DIGIT MAPPED: '5' → Real keypad coordinates (539,1440) with 95% confidence
[TestNG-PoolService-0] INFO com.tonic.common.mobile.BasePage - 🔢 DIGIT MAPPED: '0' → Real keypad coordinates (439,1860) with 95% confidence
[TestNG-PoolService-0] INFO com.tonic.common.mobile.BasePage - 🔢 DIGIT MAPPED: '0' → Real keypad coordinates (439,1860) with 95% confidence
[TestNG-PoolService-0] INFO com.tonic.common.mobile.BasePage - 🔢 DIGIT MAPPED: '2' → Real keypad coordinates (539,1650) with 95% confidence
[TestNG-PoolService-0] INFO com.tonic.common.mobile.BasePage - 🔢 DIGIT MAPPED: '2' → Real keypad coordinates (539,1650) with 95% confidence
[TestNG-PoolService-0] INFO com.tonic.common.mobile.BasePage - 🔢 DIGIT MAPPED: '4' → Real keypad coordinates (439,1440) with 95% confidence
[TestNG-PoolService-0] INFO com.tonic.common.mobile.BasePage - 🔢 DIGIT MAPPED: '7' → Real keypad coordinates (427,1215) with 95% confidence
[TestNG-PoolService-0] INFO com.tonic.common.mobile.BasePage - 🔢 DIGIT MAPPED: '2' → Real keypad coordinates (539,1650) with 95% confidence
[TestNG-PoolService-0] INFO com.tonic.common.mobile.BasePage - 🔢 DIGIT MAPPED: '4' → Real keypad coordinates (439,1440) with 95% confidence
[TestNG-PoolService-0] INFO com.tonic.common.mobile.BasePage - 🔢 DIGIT MAPPED: '1' → Real keypad coordinates (431,1650) with 95% confidence
[TestNG-PoolService-0] INFO com.tonic.common.mobile.BasePage - 🔢 DIGIT MAPPED: '4' → Real keypad coordinates (439,1440) with 95% confidence
[TestNG-PoolService-0] INFO com.tonic.common.mobile.BasePage - 🔢 DIGIT MAPPED: '2' → Real keypad coordinates (539,1650) with 95% confidence
[TestNG-PoolService-0] INFO com.tonic.common.mobile.BasePage - 🔢 DIGIT MAPPED: '8' → Real keypad coordinates (539,1215) with 95% confidence
[TestNG-PoolService-0] INFO com.tonic.common.mobile.BasePage - 🔢 DIGIT MAPPED: '7' → Real keypad coordinates (427,1215) with 95% confidence
[TestNG-PoolService-0] INFO com.tonic.common.mobile.BasePage - 🔢 DIGIT MAPPED: '2' → Real keypad coordinates (539,1650) with 95% confidence
[TestNG-PoolService-0] INFO com.tonic.common.mobile.BasePage - 🔢 DIGIT MAPPED: '4' → Real keypad coordinates (439,1440) with 95% confidence
[TestNG-PoolService-0] INFO com.tonic.common.mobile.BasePage - 🔢 DIGIT MAPPED: '1' → Real keypad coordinates (431,1650) with 95% confidence
[TestNG-PoolService-0] INFO com.tonic.common.mobile.BasePage - 🔢 DIGIT MAPPED: '3' → Real keypad coordinates (647,1650) with 95% confidence
[TestNG-PoolService-0] INFO com.tonic.common.mobile.BasePage - 🔢 DIGIT MAPPED: '8' → Real keypad coordinates (539,1215) with 95% confidence
[TestNG-PoolService-0] INFO com.tonic.common.mobile.BasePage - 🔢 DIGIT MAPPED: '6' → Real keypad coordinates (647,1440) with 95% confidence
[TestNG-PoolService-0] INFO com.tonic.common.mobile.BasePage - 🔢 DIGIT MAPPED: '2' → Real keypad coordinates (539,1650) with 95% confidence
[TestNG-PoolService-0] INFO com.tonic.common.mobile.BasePage - 🔢 DIGIT MAPPED: '5' → Real keypad coordinates (539,1440) with 95% confidence
[TestNG-PoolService-0] INFO com.tonic.common.mobile.BasePage - 🔢 DIGIT MAPPED: '1' → Real keypad coordinates (431,1650) with 95% confidence
[TestNG-PoolService-0] INFO com.tonic.common.mobile.BasePage - 🔢 DIGIT MAPPED: '7' → Real keypad coordinates (427,1215) with 95% confidence
[TestNG-PoolService-0] INFO com.tonic.common.mobile.BasePage - 🔢 DIGIT MAPPED: '2' → Real keypad coordinates (539,1650) with 95% confidence
[TestNG-PoolService-0] INFO com.tonic.common.mobile.BasePage - 🔢 DIGIT MAPPED: '4' → Real keypad coordinates (439,1440) with 95% confidence
[TestNG-PoolService-0] INFO com.tonic.common.mobile.BasePage - 🔢 DIGIT MAPPED: '2' → Real keypad coordinates (539,1650) with 95% confidence
[TestNG-PoolService-0] INFO com.tonic.common.mobile.BasePage - 🔢 DIGIT MAPPED: '1' → Real keypad coordinates (431,1650) with 95% confidence
[TestNG-PoolService-0] INFO com.tonic.common.mobile.BasePage - 🔢 DIGIT MAPPED: '8' → Real keypad coordinates (539,1215) with 95% confidence
[TestNG-PoolService-0] INFO com.tonic.common.mobile.BasePage - 🔢 DIGIT MAPPED: '5' → Real keypad coordinates (539,1440) with 95% confidence
[TestNG-PoolService-0] INFO com.tonic.common.mobile.BasePage - 🔢 DIGIT MAPPED: '4' → Real keypad coordinates (439,1440) with 95% confidence
[TestNG-PoolService-0] INFO com.tonic.common.mobile.BasePage - 🔢 DIGIT MAPPED: '2' → Real keypad coordinates (539,1650) with 95% confidence
[TestNG-PoolService-0] INFO com.tonic.common.mobile.BasePage - 🔢 DIGIT MAPPED: '1' → Real keypad coordinates (431,1650) with 95% confidence
[TestNG-PoolService-0] INFO com.tonic.common.mobile.BasePage - 🔢 DIGIT MAPPED: '1' → Real keypad coordinates (431,1650) with 95% confidence
[TestNG-PoolService-0] INFO com.tonic.common.mobile.BasePage - 🔢 DIGIT MAPPED: '0' → Real keypad coordinates (439,1860) with 95% confidence
[TestNG-PoolService-0] INFO com.tonic.common.mobile.BasePage - 🔢 DIGIT MAPPED: '9' → Real keypad coordinates (647,1215) with 95% confidence
[TestNG-PoolService-0] INFO com.tonic.common.mobile.BasePage - 🔢 DIGIT MAPPED: '7' → Real keypad coordinates (427,1215) with 95% confidence
[TestNG-PoolService-0] INFO com.tonic.common.mobile.BasePage - 🔢 DIGIT MAPPED: '3' → Real keypad coordinates (647,1650) with 95% confidence
[TestNG-PoolService-0] INFO com.tonic.common.mobile.BasePage - 🔢 DIGIT MAPPED: '8' → Real keypad coordinates (539,1215) with 95% confidence
[TestNG-PoolService-0] INFO com.tonic.common.mobile.BasePage - 🔢 DIGIT MAPPED: '1' → Real keypad coordinates (431,1650) with 95% confidence
[TestNG-PoolService-0] INFO com.tonic.common.mobile.BasePage - 🔢 DIGIT MAPPED: '3' → Real keypad coordinates (647,1650) with 95% confidence
[TestNG-PoolService-0] INFO com.tonic.common.mobile.BasePage - 🔢 DIGIT MAPPED: '0' → Real keypad coordinates (439,1860) with 95% confidence
[TestNG-PoolService-0] INFO com.tonic.common.mobile.BasePage - 🔢 DIGIT MAPPED: '5' → Real keypad coordinates (539,1440) with 95% confidence
[TestNG-PoolService-0] INFO com.tonic.common.mobile.BasePage - 🔢 DIGIT MAPPED: '0' → Real keypad coordinates (439,1860) with 95% confidence
[TestNG-PoolService-0] INFO com.tonic.common.mobile.BasePage - 🔢 DIGIT MAPPED: '8' → Real keypad coordinates (539,1215) with 95% confidence
[TestNG-PoolService-0] INFO com.tonic.common.mobile.BasePage - 🔢 DIGIT MAPPED: '1' → Real keypad coordinates (431,1650) with 95% confidence
[TestNG-PoolService-0] INFO com.tonic.common.mobile.BasePage - 🔢 DIGIT MAPPED: '9' → Real keypad coordinates (647,1215) with 95% confidence
[TestNG-PoolService-0] INFO com.tonic.common.mobile.BasePage - 🔢 DIGIT MAPPED: '7' → Real keypad coordinates (427,1215) with 95% confidence
[TestNG-PoolService-0] INFO com.tonic.common.mobile.BasePage - 🔢 DIGIT MAPPED: '5' → Real keypad coordinates (539,1440) with 95% confidence
[TestNG-PoolService-0] INFO com.tonic.common.mobile.BasePage - 🔢 DIGIT MAPPED: '7' → Real keypad coordinates (427,1215) with 95% confidence
[TestNG-PoolService-0] INFO com.tonic.common.mobile.BasePage - 🔢 DIGIT MAPPED: '1' → Real keypad coordinates (431,1650) with 95% confidence
[TestNG-PoolService-0] INFO com.tonic.common.mobile.BasePage - 🔢 DIGIT MAPPED: '1' → Real keypad coordinates (431,1650) with 95% confidence
[TestNG-PoolService-0] INFO com.tonic.common.mobile.BasePage - 🔢 DIGIT MAPPED: '0' → Real keypad coordinates (439,1860) with 95% confidence
[TestNG-PoolService-0] INFO com.tonic.common.mobile.BasePage - 🔢 DIGIT MAPPED: '9' → Real keypad coordinates (647,1215) with 95% confidence
[TestNG-PoolService-0] INFO com.tonic.common.mobile.BasePage - 🔢 DIGIT MAPPED: '9' → Real keypad coordinates (647,1215) with 95% confidence
[TestNG-PoolService-0] INFO com.tonic.common.mobile.BasePage - 🔢 DIGIT MAPPED: '5' → Real keypad coordinates (539,1440) with 95% confidence
[TestNG-PoolService-0] INFO com.tonic.common.mobile.BasePage - 🔢 DIGIT MAPPED: '3' → Real keypad coordinates (647,1650) with 95% confidence
[TestNG-PoolService-0] INFO com.tonic.common.mobile.BasePage - 🔢 DIGIT MAPPED: '1' → Real keypad coordinates (431,1650) with 95% confidence
[TestNG-PoolService-0] INFO com.tonic.common.mobile.BasePage - 🔢 DIGIT MAPPED: '3' → Real keypad coordinates (647,1650) with 95% confidence
[TestNG-PoolService-0] INFO com.tonic.common.mobile.BasePage - 🔢 DIGIT MAPPED: '0' → Real keypad coordinates (439,1860) with 95% confidence
[TestNG-PoolService-0] INFO com.tonic.common.mobile.BasePage - 🔢 DIGIT MAPPED: '5' → Real keypad coordinates (539,1440) with 95% confidence
[TestNG-PoolService-0] INFO com.tonic.common.mobile.BasePage - 🔢 DIGIT MAPPED: '0' → Real keypad coordinates (439,1860) with 95% confidence
[TestNG-PoolService-0] INFO com.tonic.common.mobile.BasePage - 🔢 DIGIT MAPPED: '9' → Real keypad coordinates (647,1215) with 95% confidence
[TestNG-PoolService-0] INFO com.tonic.common.mobile.BasePage - 🔢 DIGIT MAPPED: '1' → Real keypad coordinates (431,1650) with 95% confidence
[TestNG-PoolService-0] INFO com.tonic.common.mobile.BasePage - 🔢 DIGIT MAPPED: '5' → Real keypad coordinates (539,1440) with 95% confidence
[TestNG-PoolService-0] INFO com.tonic.common.mobile.BasePage - 🔢 DIGIT MAPPED: '7' → Real keypad coordinates (427,1215) with 95% confidence
[TestNG-PoolService-0] INFO com.tonic.common.mobile.BasePage - 🔢 DIGIT MAPPED: '5' → Real keypad coordinates (539,1440) with 95% confidence
[TestNG-PoolService-0] INFO com.tonic.common.mobile.BasePage - 🔢 DIGIT MAPPED: '7' → Real keypad coordinates (427,1215) with 95% confidence
[TestNG-PoolService-0] INFO com.tonic.common.mobile.BasePage - 🔢 DIGIT MAPPED: '1' → Real keypad coordinates (431,1650) with 95% confidence
[TestNG-PoolService-0] INFO com.tonic.common.mobile.BasePage - 🔢 DIGIT MAPPED: '3' → Real keypad coordinates (647,1650) with 95% confidence
[TestNG-PoolService-0] INFO com.tonic.common.mobile.BasePage - 🔢 DIGIT MAPPED: '2' → Real keypad coordinates (539,1650) with 95% confidence
[TestNG-PoolService-0] INFO com.tonic.common.mobile.BasePage - 🔢 DIGIT MAPPED: '4' → Real keypad coordinates (439,1440) with 95% confidence
[TestNG-PoolService-0] INFO com.tonic.common.mobile.BasePage - 🔢 DIGIT MAPPED: '9' → Real keypad coordinates (647,1215) with 95% confidence
[TestNG-PoolService-0] INFO com.tonic.common.mobile.BasePage - 🔢 DIGIT MAPPED: '5' → Real keypad coordinates (539,1440) with 95% confidence
[TestNG-PoolService-0] INFO com.tonic.common.mobile.BasePage - 🔢 DIGIT MAPPED: '3' → Real keypad coordinates (647,1650) with 95% confidence
[TestNG-PoolService-0] INFO com.tonic.common.mobile.BasePage - 🔢 DIGIT MAPPED: '1' → Real keypad coordinates (431,1650) with 95% confidence
[TestNG-PoolService-0] INFO com.tonic.common.mobile.BasePage - 🔢 DIGIT MAPPED: '5' → Real keypad coordinates (539,1440) with 95% confidence
[TestNG-PoolService-0] INFO com.tonic.common.mobile.BasePage - 🔢 DIGIT MAPPED: '2' → Real keypad coordinates (539,1650) with 95% confidence
[TestNG-PoolService-0] INFO com.tonic.common.mobile.BasePage - 🔢 DIGIT MAPPED: '0' → Real keypad coordinates (439,1860) with 95% confidence
[TestNG-PoolService-0] INFO com.tonic.common.mobile.BasePage - 🔢 DIGIT MAPPED: '0' → Real keypad coordinates (439,1860) with 95% confidence
[TestNG-PoolService-0] INFO com.tonic.common.mobile.BasePage - 🔢 DIGIT MAPPED: '0' → Real keypad coordinates (439,1860) with 95% confidence
[TestNG-PoolService-0] INFO com.tonic.common.mobile.BasePage - 🔢 DIGIT MAPPED: '2' → Real keypad coordinates (539,1650) with 95% confidence
[TestNG-PoolService-0] INFO com.tonic.common.mobile.BasePage - 🔢 DIGIT MAPPED: '2' → Real keypad coordinates (539,1650) with 95% confidence
[TestNG-PoolService-0] INFO com.tonic.common.mobile.BasePage - 🔢 DIGIT MAPPED: '4' → Real keypad coordinates (439,1440) with 95% confidence
[TestNG-PoolService-0] INFO com.tonic.common.mobile.BasePage - 🔢 DIGIT MAPPED: '7' → Real keypad coordinates (427,1215) with 95% confidence
[TestNG-PoolService-0] INFO com.tonic.common.mobile.BasePage - 🔢 DIGIT MAPPED: '2' → Real keypad coordinates (539,1650) with 95% confidence
[TestNG-PoolService-0] INFO com.tonic.common.mobile.BasePage - 🔢 DIGIT MAPPED: '4' → Real keypad coordinates (439,1440) with 95% confidence
[TestNG-PoolService-0] INFO com.tonic.common.mobile.BasePage - 🔢 DIGIT MAPPED: '1' → Real keypad coordinates (431,1650) with 95% confidence
[TestNG-PoolService-0] INFO com.tonic.common.mobile.BasePage - 🔢 DIGIT MAPPED: '4' → Real keypad coordinates (439,1440) with 95% confidence
[TestNG-PoolService-0] INFO com.tonic.common.mobile.BasePage - 🔢 DIGIT MAPPED: '2' → Real keypad coordinates (539,1650) with 95% confidence
[TestNG-PoolService-0] INFO com.tonic.common.mobile.BasePage - 🔢 DIGIT MAPPED: '8' → Real keypad coordinates (539,1215) with 95% confidence
[TestNG-PoolService-0] INFO com.tonic.common.mobile.BasePage - 🔢 DIGIT MAPPED: '7' → Real keypad coordinates (427,1215) with 95% confidence
[TestNG-PoolService-0] INFO com.tonic.common.mobile.BasePage - 🔢 DIGIT MAPPED: '2' → Real keypad coordinates (539,1650) with 95% confidence
[TestNG-PoolService-0] INFO com.tonic.common.mobile.BasePage - 🔢 DIGIT MAPPED: '4' → Real keypad coordinates (439,1440) with 95% confidence
[TestNG-PoolService-0] INFO com.tonic.common.mobile.BasePage - 🔢 DIGIT MAPPED: '1' → Real keypad coordinates (431,1650) with 95% confidence
[TestNG-PoolService-0] INFO com.tonic.common.mobile.BasePage - 🔢 DIGIT MAPPED: '3' → Real keypad coordinates (647,1650) with 95% confidence
[TestNG-PoolService-0] INFO com.tonic.common.mobile.BasePage - 🔢 DIGIT MAPPED: '8' → Real keypad coordinates (539,1215) with 95% confidence
[TestNG-PoolService-0] INFO com.tonic.common.mobile.BasePage - 🔢 DIGIT MAPPED: '6' → Real keypad coordinates (647,1440) with 95% confidence
[TestNG-PoolService-0] INFO com.tonic.common.mobile.BasePage - 🔢 DIGIT MAPPED: '2' → Real keypad coordinates (539,1650) with 95% confidence
[TestNG-PoolService-0] INFO com.tonic.common.mobile.BasePage - 🔢 DIGIT MAPPED: '5' → Real keypad coordinates (539,1440) with 95% confidence
[TestNG-PoolService-0] INFO com.tonic.common.mobile.BasePage - 🔢 DIGIT MAPPED: '1' → Real keypad coordinates (431,1650) with 95% confidence
[TestNG-PoolService-0] INFO com.tonic.common.mobile.BasePage - 🔢 DIGIT MAPPED: '7' → Real keypad coordinates (427,1215) with 95% confidence
[TestNG-PoolService-0] INFO com.tonic.common.mobile.BasePage - 🔢 DIGIT MAPPED: '2' → Real keypad coordinates (539,1650) with 95% confidence
[TestNG-PoolService-0] INFO com.tonic.common.mobile.BasePage - 🔢 DIGIT MAPPED: '4' → Real keypad coordinates (439,1440) with 95% confidence
[TestNG-PoolService-0] INFO com.tonic.common.mobile.BasePage - 🔢 DIGIT MAPPED: '2' → Real keypad coordinates (539,1650) with 95% confidence
[TestNG-PoolService-0] INFO com.tonic.common.mobile.BasePage - 🔢 DIGIT MAPPED: '1' → Real keypad coordinates (431,1650) with 95% confidence
[TestNG-PoolService-0] INFO com.tonic.common.mobile.BasePage - 🔢 DIGIT MAPPED: '1' → Real keypad coordinates (431,1650) with 95% confidence
[TestNG-PoolService-0] INFO com.tonic.common.mobile.BasePage - 🔢 DIGIT MAPPED: '0' → Real keypad coordinates (439,1860) with 95% confidence
[TestNG-PoolService-0] INFO com.tonic.common.mobile.BasePage - 🔢 DIGIT MAPPED: '7' → Real keypad coordinates (427,1215) with 95% confidence
[TestNG-PoolService-0] INFO com.tonic.common.mobile.BasePage - 🔢 DIGIT MAPPED: '5' → Real keypad coordinates (539,1440) with 95% confidence
[TestNG-PoolService-0] INFO com.tonic.common.mobile.BasePage - 🔢 DIGIT MAPPED: '7' → Real keypad coordinates (427,1215) with 95% confidence
[TestNG-PoolService-0] INFO com.tonic.common.mobile.BasePage - 🔢 DIGIT MAPPED: '1' → Real keypad coordinates (431,1650) with 95% confidence
[TestNG-PoolService-0] INFO com.tonic.common.mobile.BasePage - 🔢 DIGIT MAPPED: '3' → Real keypad coordinates (647,1650) with 95% confidence
[TestNG-PoolService-0] INFO com.tonic.common.mobile.BasePage - 🔢 DIGIT MAPPED: '2' → Real keypad coordinates (539,1650) with 95% confidence
[TestNG-PoolService-0] INFO com.tonic.common.mobile.BasePage - 🔢 DIGIT MAPPED: '4' → Real keypad coordinates (439,1440) with 95% confidence
[TestNG-PoolService-0] INFO com.tonic.common.mobile.BasePage - 🔢 DIGIT MAPPED: '9' → Real keypad coordinates (647,1215) with 95% confidence
[TestNG-PoolService-0] INFO com.tonic.common.mobile.BasePage - 🔢 DIGIT MAPPED: '5' → Real keypad coordinates (539,1440) with 95% confidence
[TestNG-PoolService-0] INFO com.tonic.common.mobile.BasePage - 🔢 DIGIT MAPPED: '3' → Real keypad coordinates (647,1650) with 95% confidence
[TestNG-PoolService-0] INFO com.tonic.common.mobile.BasePage - 🔢 DIGIT MAPPED: '1' → Real keypad coordinates (431,1650) with 95% confidence
[TestNG-PoolService-0] INFO com.tonic.common.mobile.BasePage - 🔢 DIGIT MAPPED: '5' → Real keypad coordinates (539,1440) with 95% confidence
[TestNG-PoolService-0] INFO com.tonic.common.mobile.BasePage - 🔢 DIGIT MAPPED: '2' → Real keypad coordinates (539,1650) with 95% confidence
[TestNG-PoolService-0] INFO com.tonic.common.mobile.BasePage - 🔢 DIGIT MAPPED: '0' → Real keypad coordinates (439,1860) with 95% confidence
[TestNG-PoolService-0] INFO com.tonic.common.mobile.BasePage - 🔢 DIGIT MAPPED: '7' → Real keypad coordinates (427,1215) with 95% confidence
[TestNG-PoolService-0] INFO com.tonic.common.mobile.BasePage - 🔢 DIGIT MAPPED: '4' → Real keypad coordinates (439,1440) with 95% confidence
[TestNG-PoolService-0] INFO com.tonic.common.mobile.BasePage - 🔢 DIGIT MAPPED: '6' → Real keypad coordinates (647,1440) with 95% confidence
[TestNG-PoolService-0] INFO com.tonic.common.mobile.BasePage - 🔢 DIGIT MAPPED: '1' → Real keypad coordinates (431,1650) with 95% confidence
[TestNG-PoolService-0] INFO com.tonic.common.mobile.BasePage - 🔢 DIGIT MAPPED: '2' → Real keypad coordinates (539,1650) with 95% confidence
[TestNG-PoolService-0] INFO com.tonic.common.mobile.BasePage - 🔢 DIGIT MAPPED: '0' → Real keypad coordinates (439,1860) with 95% confidence
[TestNG-PoolService-0] INFO com.tonic.common.mobile.BasePage - 🔢 DIGIT MAPPED: '2' → Real keypad coordinates (539,1650) with 95% confidence
[TestNG-PoolService-0] INFO com.tonic.common.mobile.BasePage - 🔢 DIGIT MAPPED: '5' → Real keypad coordinates (539,1440) with 95% confidence
[TestNG-PoolService-0] INFO com.tonic.common.mobile.BasePage - 🔢 DIGIT MAPPED: '9' → Real keypad coordinates (647,1215) with 95% confidence
[TestNG-PoolService-0] INFO com.tonic.common.mobile.BasePage - 🔢 DIGIT MAPPED: '7' → Real keypad coordinates (427,1215) with 95% confidence
[TestNG-PoolService-0] INFO com.tonic.common.mobile.BasePage - 🔢 DIGIT MAPPED: '1' → Real keypad coordinates (431,1650) with 95% confidence
[TestNG-PoolService-0] INFO com.tonic.common.mobile.BasePage - 🔢 DIGIT MAPPED: '2' → Real keypad coordinates (539,1650) with 95% confidence
[TestNG-PoolService-0] INFO com.tonic.common.mobile.BasePage - 🔢 DIGIT MAPPED: '8' → Real keypad coordinates (539,1215) with 95% confidence
[TestNG-PoolService-0] INFO com.tonic.common.mobile.BasePage - 🔢 DIGIT MAPPED: '0' → Real keypad coordinates (439,1860) with 95% confidence
[TestNG-PoolService-0] INFO com.tonic.common.mobile.BasePage - 🔢 DIGIT MAPPED: '2' → Real keypad coordinates (539,1650) with 95% confidence
[TestNG-PoolService-0] INFO com.tonic.common.mobile.BasePage - 🔢 DIGIT MAPPED: '7' → Real keypad coordinates (427,1215) with 95% confidence
[TestNG-PoolService-0] INFO com.tonic.common.mobile.BasePage - 🔢 DIGIT MAPPED: '8' → Real keypad coordinates (539,1215) with 95% confidence
[TestNG-PoolService-0] INFO com.tonic.common.mobile.BasePage - 🔢 DIGIT MAPPED: '4' → Real keypad coordinates (439,1440) with 95% confidence
[TestNG-PoolService-0] INFO com.tonic.common.mobile.BasePage - 🔢 DIGIT MAPPED: '1' → Real keypad coordinates (431,1650) with 95% confidence
[TestNG-PoolService-0] INFO com.tonic.common.mobile.BasePage - 🔢 DIGIT MAPPED: '6' → Real keypad coordinates (647,1440) with 95% confidence
[TestNG-PoolService-0] INFO com.tonic.common.mobile.BasePage - 🔢 DIGIT MAPPED: '1' → Real keypad coordinates (431,1650) with 95% confidence
[TestNG-PoolService-0] INFO com.tonic.common.mobile.BasePage - 🔢 DIGIT MAPPED: '1' → Real keypad coordinates (431,1650) with 95% confidence
[TestNG-PoolService-0] INFO com.tonic.common.mobile.BasePage - 🔢 DIGIT MAPPED: '0' → Real keypad coordinates (439,1860) with 95% confidence
[TestNG-PoolService-0] INFO com.tonic.common.mobile.BasePage - 🔢 DIGIT MAPPED: '3' → Real keypad coordinates (647,1650) with 95% confidence
[TestNG-PoolService-0] INFO com.tonic.common.mobile.BasePage - 🔢 DIGIT MAPPED: '2' → Real keypad coordinates (539,1650) with 95% confidence
[TestNG-PoolService-0] INFO com.tonic.common.mobile.BasePage - 🔢 DIGIT MAPPED: '5' → Real keypad coordinates (539,1440) with 95% confidence
[TestNG-PoolService-0] INFO com.tonic.common.mobile.BasePage - 🔢 DIGIT MAPPED: '9' → Real keypad coordinates (647,1215) with 95% confidence
[TestNG-PoolService-0] INFO com.tonic.common.mobile.BasePage - 🔢 DIGIT MAPPED: '7' → Real keypad coordinates (427,1215) with 95% confidence
[TestNG-PoolService-0] INFO com.tonic.common.mobile.BasePage - 🔢 DIGIT MAPPED: '1' → Real keypad coordinates (431,1650) with 95% confidence
[TestNG-PoolService-0] INFO com.tonic.common.mobile.BasePage - 🔢 DIGIT MAPPED: '2' → Real keypad coordinates (539,1650) with 95% confidence
[TestNG-PoolService-0] INFO com.tonic.common.mobile.BasePage - 🔢 DIGIT MAPPED: '6' → Real keypad coordinates (647,1440) with 95% confidence
[TestNG-PoolService-0] INFO com.tonic.common.mobile.BasePage - 🔢 DIGIT MAPPED: '1' → Real keypad coordinates (431,1650) with 95% confidence
[TestNG-PoolService-0] INFO com.tonic.common.mobile.BasePage - 🔢 DIGIT MAPPED: '2' → Real keypad coordinates (539,1650) with 95% confidence
[TestNG-PoolService-0] INFO com.tonic.common.mobile.BasePage - 🔢 DIGIT MAPPED: '6' → Real keypad coordinates (647,1440) with 95% confidence
[TestNG-PoolService-0] INFO com.tonic.common.mobile.BasePage - 🔢 DIGIT MAPPED: '5' → Real keypad coordinates (539,1440) with 95% confidence
[TestNG-PoolService-0] INFO com.tonic.common.mobile.BasePage - 🔢 DIGIT MAPPED: '4' → Real keypad coordinates (439,1440) with 95% confidence
[TestNG-PoolService-0] INFO com.tonic.common.mobile.BasePage - 🔢 DIGIT MAPPED: '0' → Real keypad coordinates (439,1860) with 95% confidence
[TestNG-PoolService-0] INFO com.tonic.common.mobile.BasePage - 🔢 DIGIT MAPPED: '0' → Real keypad coordinates (439,1860) with 95% confidence
[TestNG-PoolService-0] INFO com.tonic.common.mobile.BasePage - 🔢 DIGIT MAPPED: '6' → Real keypad coordinates (647,1440) with 95% confidence
[TestNG-PoolService-0] INFO com.tonic.common.mobile.BasePage - 🔢 DIGIT MAPPED: '5' → Real keypad coordinates (539,1440) with 95% confidence
[TestNG-PoolService-0] INFO com.tonic.common.mobile.BasePage - 🔢 DIGIT MAPPED: '3' → Real keypad coordinates (647,1650) with 95% confidence
[TestNG-PoolService-0] INFO com.tonic.common.mobile.BasePage - 🔢 DIGIT MAPPED: '9' → Real keypad coordinates (647,1215) with 95% confidence
[TestNG-PoolService-0] INFO com.tonic.common.mobile.BasePage - 🔢 DIGIT MAPPED: '2' → Real keypad coordinates (539,1650) with 95% confidence
[TestNG-PoolService-0] INFO com.tonic.common.mobile.BasePage - 🔢 DIGIT MAPPED: '4' → Real keypad coordinates (439,1440) with 95% confidence
[TestNG-PoolService-0] INFO com.tonic.common.mobile.BasePage - 🔢 DIGIT MAPPED: '0' → Real keypad coordinates (439,1860) with 95% confidence
[TestNG-PoolService-0] INFO com.tonic.common.mobile.BasePage - 🔢 DIGIT MAPPED: '3' → Real keypad coordinates (647,1650) with 95% confidence
[TestNG-PoolService-0] INFO com.tonic.common.mobile.BasePage - 🔢 DIGIT MAPPED: '8' → Real keypad coordinates (539,1215) with 95% confidence
[TestNG-PoolService-0] INFO com.tonic.common.mobile.BasePage - 🔢 DIGIT MAPPED: '3' → Real keypad coordinates (647,1650) with 95% confidence
[TestNG-PoolService-0] INFO com.tonic.common.mobile.BasePage - 🔢 DIGIT MAPPED: '9' → Real keypad coordinates (647,1215) with 95% confidence
[TestNG-PoolService-0] INFO com.tonic.common.mobile.BasePage - 🔢 DIGIT MAPPED: '2' → Real keypad coordinates (539,1650) with 95% confidence
[TestNG-PoolService-0] INFO com.tonic.common.mobile.BasePage - 🔢 DIGIT MAPPED: '4' → Real keypad coordinates (439,1440) with 95% confidence
[TestNG-PoolService-0] INFO com.tonic.common.mobile.BasePage - 🔢 DIGIT MAPPED: '0' → Real keypad coordinates (439,1860) with 95% confidence
[TestNG-PoolService-0] INFO com.tonic.common.mobile.BasePage - 🔢 DIGIT MAPPED: '5' → Real keypad coordinates (539,1440) with 95% confidence
[TestNG-PoolService-0] INFO com.tonic.common.mobile.BasePage - 🔢 DIGIT MAPPED: '5' → Real keypad coordinates (539,1440) with 95% confidence
[TestNG-PoolService-0] INFO com.tonic.common.mobile.BasePage - 🔢 DIGIT MAPPED: '1' → Real keypad coordinates (431,1650) with 95% confidence
[TestNG-PoolService-0] INFO com.tonic.common.mobile.BasePage - 🔢 DIGIT MAPPED: '8' → Real keypad coordinates (539,1215) with 95% confidence
[TestNG-PoolService-0] INFO com.tonic.common.mobile.BasePage - 🔢 DIGIT MAPPED: '1' → Real keypad coordinates (431,1650) with 95% confidence
[TestNG-PoolService-0] INFO com.tonic.common.mobile.BasePage - 🔢 DIGIT MAPPED: '1' → Real keypad coordinates (431,1650) with 95% confidence
[TestNG-PoolService-0] INFO com.tonic.common.mobile.BasePage - 🔢 DIGIT MAPPED: '1' → Real keypad coordinates (431,1650) with 95% confidence
[TestNG-PoolService-0] INFO com.tonic.common.mobile.BasePage - 🔢 DIGIT MAPPED: '1' → Real keypad coordinates (431,1650) with 95% confidence
[TestNG-PoolService-0] INFO com.tonic.common.mobile.BasePage - 🔢 DIGIT MAPPED: '1' → Real keypad coordinates (431,1650) with 95% confidence
[TestNG-PoolService-0] INFO com.tonic.common.mobile.BasePage - 🔢 DIGIT MAPPED: '0' → Real keypad coordinates (439,1860) with 95% confidence
[TestNG-PoolService-0] INFO com.tonic.common.mobile.BasePage - 🔢 DIGIT MAPPED: '3' → Real keypad coordinates (647,1650) with 95% confidence
[TestNG-PoolService-0] INFO com.tonic.common.mobile.BasePage - 🔢 DIGIT MAPPED: '2' → Real keypad coordinates (539,1650) with 95% confidence
[TestNG-PoolService-0] INFO com.tonic.common.mobile.BasePage - 🔢 DIGIT MAPPED: '5' → Real keypad coordinates (539,1440) with 95% confidence
[TestNG-PoolService-0] INFO com.tonic.common.mobile.BasePage - 🔢 DIGIT MAPPED: '9' → Real keypad coordinates (647,1215) with 95% confidence
[TestNG-PoolService-0] INFO com.tonic.common.mobile.BasePage - 🔢 DIGIT MAPPED: '7' → Real keypad coordinates (427,1215) with 95% confidence
[TestNG-PoolService-0] INFO com.tonic.common.mobile.BasePage - 🔢 DIGIT MAPPED: '1' → Real keypad coordinates (431,1650) with 95% confidence
[TestNG-PoolService-0] INFO com.tonic.common.mobile.BasePage - 🔢 DIGIT MAPPED: '2' → Real keypad coordinates (539,1650) with 95% confidence
[TestNG-PoolService-0] INFO com.tonic.common.mobile.BasePage - 🔢 DIGIT MAPPED: '6' → Real keypad coordinates (647,1440) with 95% confidence
[TestNG-PoolService-0] INFO com.tonic.common.mobile.BasePage - 🔢 DIGIT MAPPED: '1' → Real keypad coordinates (431,1650) with 95% confidence
[TestNG-PoolService-0] INFO com.tonic.common.mobile.BasePage - 🔢 DIGIT MAPPED: '2' → Real keypad coordinates (539,1650) with 95% confidence
[TestNG-PoolService-0] INFO com.tonic.common.mobile.BasePage - 🔢 DIGIT MAPPED: '6' → Real keypad coordinates (647,1440) with 95% confidence
[TestNG-PoolService-0] INFO com.tonic.common.mobile.BasePage - 🔢 DIGIT MAPPED: '5' → Real keypad coordinates (539,1440) with 95% confidence
[TestNG-PoolService-0] INFO com.tonic.common.mobile.BasePage - 🔢 DIGIT MAPPED: '4' → Real keypad coordinates (439,1440) with 95% confidence
[TestNG-PoolService-0] INFO com.tonic.common.mobile.BasePage - 🔢 DIGIT MAPPED: '9' → Real keypad coordinates (647,1215) with 95% confidence
[TestNG-PoolService-0] INFO com.tonic.common.mobile.BasePage - 🔢 DIGIT MAPPED: '6' → Real keypad coordinates (647,1440) with 95% confidence
[TestNG-PoolService-0] INFO com.tonic.common.mobile.BasePage - 🔢 DIGIT MAPPED: '1' → Real keypad coordinates (431,1650) with 95% confidence
[TestNG-PoolService-0] INFO com.tonic.common.mobile.BasePage - 🔢 DIGIT MAPPED: '7' → Real keypad coordinates (427,1215) with 95% confidence
[TestNG-PoolService-0] INFO com.tonic.common.mobile.BasePage - 🔢 DIGIT MAPPED: '0' → Real keypad coordinates (439,1860) with 95% confidence
[TestNG-PoolService-0] INFO com.tonic.common.mobile.BasePage - 🔢 DIGIT MAPPED: '2' → Real keypad coordinates (539,1650) with 95% confidence
[TestNG-PoolService-0] INFO com.tonic.common.mobile.BasePage - 🔢 DIGIT MAPPED: '6' → Real keypad coordinates (647,1440) with 95% confidence
[TestNG-PoolService-0] INFO com.tonic.common.mobile.BasePage - 🔢 DIGIT MAPPED: '9' → Real keypad coordinates (647,1215) with 95% confidence
[TestNG-PoolService-0] INFO com.tonic.common.mobile.BasePage - 🔢 DIGIT MAPPED: '2' → Real keypad coordinates (539,1650) with 95% confidence
[TestNG-PoolService-0] INFO com.tonic.common.mobile.BasePage - 🔢 DIGIT MAPPED: '1' → Real keypad coordinates (431,1650) with 95% confidence
[TestNG-PoolService-0] INFO com.tonic.common.mobile.BasePage - 🔢 DIGIT MAPPED: '2' → Real keypad coordinates (539,1650) with 95% confidence
[TestNG-PoolService-0] INFO com.tonic.common.mobile.BasePage - 🔢 DIGIT MAPPED: '8' → Real keypad coordinates (539,1215) with 95% confidence
[TestNG-PoolService-0] INFO com.tonic.common.mobile.BasePage - 🔢 DIGIT MAPPED: '0' → Real keypad coordinates (439,1860) with 95% confidence
[TestNG-PoolService-0] INFO com.tonic.common.mobile.BasePage - 🔢 DIGIT MAPPED: '2' → Real keypad coordinates (539,1650) with 95% confidence
[TestNG-PoolService-0] INFO com.tonic.common.mobile.BasePage - 🔢 DIGIT MAPPED: '7' → Real keypad coordinates (427,1215) with 95% confidence
[TestNG-PoolService-0] INFO com.tonic.common.mobile.BasePage - 🔢 DIGIT MAPPED: '8' → Real keypad coordinates (539,1215) with 95% confidence
[TestNG-PoolService-0] INFO com.tonic.common.mobile.BasePage - 🔢 DIGIT MAPPED: '4' → Real keypad coordinates (439,1440) with 95% confidence
[TestNG-PoolService-0] INFO com.tonic.common.mobile.BasePage - 🔢 DIGIT MAPPED: '0' → Real keypad coordinates (439,1860) with 95% confidence
[TestNG-PoolService-0] INFO com.tonic.common.mobile.BasePage - 🔢 DIGIT MAPPED: '0' → Real keypad coordinates (439,1860) with 95% confidence
[TestNG-PoolService-0] INFO com.tonic.common.mobile.BasePage - 🔢 DIGIT MAPPED: '1' → Real keypad coordinates (431,1650) with 95% confidence
[TestNG-PoolService-0] INFO com.tonic.common.mobile.BasePage - 🔢 DIGIT MAPPED: '0' → Real keypad coordinates (439,1860) with 95% confidence
[TestNG-PoolService-0] INFO com.tonic.common.mobile.BasePage - 🔢 DIGIT MAPPED: '5' → Real keypad coordinates (539,1440) with 95% confidence
[TestNG-PoolService-0] INFO com.tonic.common.mobile.BasePage - 🔢 DIGIT MAPPED: '4' → Real keypad coordinates (439,1440) with 95% confidence
[TestNG-PoolService-0] INFO com.tonic.common.mobile.BasePage - 🔢 DIGIT MAPPED: '8' → Real keypad coordinates (539,1215) with 95% confidence
[TestNG-PoolService-0] INFO com.tonic.common.mobile.BasePage - 🔢 DIGIT MAPPED: '2' → Real keypad coordinates (539,1650) with 95% confidence
[TestNG-PoolService-0] INFO com.tonic.common.mobile.BasePage - 🔢 DIGIT MAPPED: '7' → Real keypad coordinates (427,1215) with 95% confidence
[TestNG-PoolService-0] INFO com.tonic.common.mobile.BasePage - 🔢 DIGIT MAPPED: '6' → Real keypad coordinates (647,1440) with 95% confidence
[TestNG-PoolService-0] INFO com.tonic.common.mobile.BasePage - 🔢 DIGIT MAPPED: '1' → Real keypad coordinates (431,1650) with 95% confidence
[TestNG-PoolService-0] INFO com.tonic.common.mobile.BasePage - 🔢 DIGIT MAPPED: '3' → Real keypad coordinates (647,1650) with 95% confidence
[TestNG-PoolService-0] INFO com.tonic.common.mobile.BasePage - 🔢 DIGIT MAPPED: '4' → Real keypad coordinates (439,1440) with 95% confidence
[TestNG-PoolService-0] INFO com.tonic.common.mobile.BasePage - 🔢 DIGIT MAPPED: '8' → Real keypad coordinates (539,1215) with 95% confidence
[TestNG-PoolService-0] INFO com.tonic.common.mobile.BasePage - 🔢 DIGIT MAPPED: '2' → Real keypad coordinates (539,1650) with 95% confidence
[TestNG-PoolService-0] INFO com.tonic.common.mobile.BasePage - 🔢 DIGIT MAPPED: '7' → Real keypad coordinates (427,1215) with 95% confidence
[TestNG-PoolService-0] INFO com.tonic.common.mobile.BasePage - 🔢 DIGIT MAPPED: '5' → Real keypad coordinates (539,1440) with 95% confidence
[TestNG-PoolService-0] INFO com.tonic.common.mobile.BasePage - 🔢 DIGIT MAPPED: '9' → Real keypad coordinates (647,1215) with 95% confidence
[TestNG-PoolService-0] INFO com.tonic.common.mobile.BasePage - 🔢 DIGIT MAPPED: '2' → Real keypad coordinates (539,1650) with 95% confidence
[TestNG-PoolService-0] INFO com.tonic.common.mobile.BasePage - 🔢 DIGIT MAPPED: '9' → Real keypad coordinates (647,1215) with 95% confidence
[TestNG-PoolService-0] INFO com.tonic.common.mobile.BasePage - 🔢 DIGIT MAPPED: '3' → Real keypad coordinates (647,1650) with 95% confidence
[TestNG-PoolService-0] INFO com.tonic.common.mobile.BasePage - 🔢 DIGIT MAPPED: '4' → Real keypad coordinates (439,1440) with 95% confidence
[TestNG-PoolService-0] INFO com.tonic.common.mobile.BasePage - 🔢 DIGIT MAPPED: '4' → Real keypad coordinates (439,1440) with 95% confidence
[TestNG-PoolService-0] INFO com.tonic.common.mobile.BasePage - 🔢 DIGIT MAPPED: '8' → Real keypad coordinates (539,1215) with 95% confidence
[TestNG-PoolService-0] INFO com.tonic.common.mobile.BasePage - 🔢 DIGIT MAPPED: '2' → Real keypad coordinates (539,1650) with 95% confidence
[TestNG-PoolService-0] INFO com.tonic.common.mobile.BasePage - 🔢 DIGIT MAPPED: '8' → Real keypad coordinates (539,1215) with 95% confidence
[TestNG-PoolService-0] INFO com.tonic.common.mobile.BasePage - 🔢 DIGIT MAPPED: '1' → Real keypad coordinates (431,1650) with 95% confidence
[TestNG-PoolService-0] INFO com.tonic.common.mobile.BasePage - 🔢 DIGIT MAPPED: '1' → Real keypad coordinates (431,1650) with 95% confidence
[TestNG-PoolService-0] INFO com.tonic.common.mobile.BasePage - 🔢 DIGIT MAPPED: '2' → Real keypad coordinates (539,1650) with 95% confidence
[TestNG-PoolService-0] INFO com.tonic.common.mobile.BasePage - 🔢 DIGIT MAPPED: '0' → Real keypad coordinates (439,1860) with 95% confidence
[TestNG-PoolService-0] INFO com.tonic.common.mobile.BasePage - 🔢 DIGIT MAPPED: '2' → Real keypad coordinates (539,1650) with 95% confidence
[TestNG-PoolService-0] INFO com.tonic.common.mobile.BasePage - 🔢 DIGIT MAPPED: '6' → Real keypad coordinates (647,1440) with 95% confidence
[TestNG-PoolService-0] INFO com.tonic.common.mobile.BasePage - 🔢 DIGIT MAPPED: '8' → Real keypad coordinates (539,1215) with 95% confidence
[TestNG-PoolService-0] INFO com.tonic.common.mobile.BasePage - 🔢 DIGIT MAPPED: '8' → Real keypad coordinates (539,1215) with 95% confidence
[TestNG-PoolService-0] INFO com.tonic.common.mobile.BasePage - 🔢 DIGIT MAPPED: '2' → Real keypad coordinates (539,1650) with 95% confidence
[TestNG-PoolService-0] INFO com.tonic.common.mobile.BasePage - 🔢 DIGIT MAPPED: '0' → Real keypad coordinates (439,1860) with 95% confidence
[TestNG-PoolService-0] INFO com.tonic.common.mobile.BasePage - 🔢 DIGIT MAPPED: '0' → Real keypad coordinates (439,1860) with 95% confidence
[TestNG-PoolService-0] INFO com.tonic.common.mobile.BasePage - 🔢 DIGIT MAPPED: '2' → Real keypad coordinates (539,1650) with 95% confidence
[TestNG-PoolService-0] INFO com.tonic.common.mobile.BasePage - 🔢 DIGIT MAPPED: '8' → Real keypad coordinates (539,1215) with 95% confidence
[TestNG-PoolService-0] INFO com.tonic.common.mobile.BasePage - 🔢 DIGIT MAPPED: '0' → Real keypad coordinates (439,1860) with 95% confidence
[TestNG-PoolService-0] INFO com.tonic.common.mobile.BasePage - 🔢 DIGIT MAPPED: '2' → Real keypad coordinates (539,1650) with 95% confidence
[TestNG-PoolService-0] INFO com.tonic.common.mobile.BasePage - 🔢 DIGIT MAPPED: '5' → Real keypad coordinates (539,1440) with 95% confidence
[TestNG-PoolService-0] INFO com.tonic.common.mobile.BasePage - 🔢 DIGIT MAPPED: '2' → Real keypad coordinates (539,1650) with 95% confidence
[TestNG-PoolService-0] INFO com.tonic.common.mobile.BasePage - 🔢 DIGIT MAPPED: '1' → Real keypad coordinates (431,1650) with 95% confidence
[TestNG-PoolService-0] INFO com.tonic.common.mobile.BasePage - 🔢 DIGIT MAPPED: '1' → Real keypad coordinates (431,1650) with 95% confidence
[TestNG-PoolService-0] INFO com.tonic.common.mobile.BasePage - 🔢 DIGIT MAPPED: '3' → Real keypad coordinates (647,1650) with 95% confidence
[TestNG-PoolService-0] INFO com.tonic.common.mobile.BasePage - 🔢 DIGIT MAPPED: '2' → Real keypad coordinates (539,1650) with 95% confidence
[TestNG-PoolService-0] INFO com.tonic.common.mobile.BasePage - 🔢 DIGIT MAPPED: '3' → Real keypad coordinates (647,1650) with 95% confidence
[TestNG-PoolService-0] INFO com.tonic.common.mobile.BasePage - 🔢 DIGIT MAPPED: '7' → Real keypad coordinates (427,1215) with 95% confidence
[TestNG-PoolService-0] INFO com.tonic.common.mobile.BasePage - 🔢 DIGIT MAPPED: '2' → Real keypad coordinates (539,1650) with 95% confidence
[TestNG-PoolService-0] INFO com.tonic.common.mobile.BasePage - 🔢 DIGIT MAPPED: '6' → Real keypad coordinates (647,1440) with 95% confidence
[TestNG-PoolService-0] INFO com.tonic.common.mobile.BasePage - 🔢 DIGIT MAPPED: '8' → Real keypad coordinates (539,1215) with 95% confidence
[TestNG-PoolService-0] INFO com.tonic.common.mobile.BasePage - 🔢 DIGIT MAPPED: '8' → Real keypad coordinates (539,1215) with 95% confidence
[TestNG-PoolService-0] INFO com.tonic.common.mobile.BasePage - 🔢 DIGIT MAPPED: '2' → Real keypad coordinates (539,1650) with 95% confidence
[TestNG-PoolService-0] INFO com.tonic.common.mobile.BasePage - 🔢 DIGIT MAPPED: '9' → Real keypad coordinates (647,1215) with 95% confidence
[TestNG-PoolService-0] INFO com.tonic.common.mobile.BasePage - 🔢 DIGIT MAPPED: '5' → Real keypad coordinates (539,1440) with 95% confidence
[TestNG-PoolService-0] INFO com.tonic.common.mobile.BasePage - 🔢 DIGIT MAPPED: '2' → Real keypad coordinates (539,1650) with 95% confidence
[TestNG-PoolService-0] INFO com.tonic.common.mobile.BasePage - 🔢 DIGIT MAPPED: '8' → Real keypad coordinates (539,1215) with 95% confidence
[TestNG-PoolService-0] INFO com.tonic.common.mobile.BasePage - 🔢 DIGIT MAPPED: '0' → Real keypad coordinates (439,1860) with 95% confidence
[TestNG-PoolService-0] INFO com.tonic.common.mobile.BasePage - 🔢 DIGIT MAPPED: '2' → Real keypad coordinates (539,1650) with 95% confidence
[TestNG-PoolService-0] INFO com.tonic.common.mobile.BasePage - 🔢 DIGIT MAPPED: '6' → Real keypad coordinates (647,1440) with 95% confidence
[TestNG-PoolService-0] INFO com.tonic.common.mobile.BasePage - 🔢 DIGIT MAPPED: '6' → Real keypad coordinates (647,1440) with 95% confidence
[TestNG-PoolService-0] INFO com.tonic.common.mobile.BasePage - 🔢 DIGIT MAPPED: '1' → Real keypad coordinates (431,1650) with 95% confidence
[TestNG-PoolService-0] INFO com.tonic.common.mobile.BasePage - 🔢 DIGIT MAPPED: '1' → Real keypad coordinates (431,1650) with 95% confidence
[TestNG-PoolService-0] INFO com.tonic.common.mobile.BasePage - 🔢 DIGIT MAPPED: '4' → Real keypad coordinates (439,1440) with 95% confidence
[TestNG-PoolService-0] INFO com.tonic.common.mobile.BasePage - 🔢 DIGIT MAPPED: '3' → Real keypad coordinates (647,1650) with 95% confidence
[TestNG-PoolService-0] INFO com.tonic.common.mobile.BasePage - 🔢 DIGIT MAPPED: '3' → Real keypad coordinates (647,1650) with 95% confidence
[TestNG-PoolService-0] INFO com.tonic.common.mobile.BasePage - 🔢 DIGIT MAPPED: '2' → Real keypad coordinates (539,1650) with 95% confidence
[TestNG-PoolService-0] INFO com.tonic.common.mobile.BasePage - 🔢 DIGIT MAPPED: '2' → Real keypad coordinates (539,1650) with 95% confidence
[TestNG-PoolService-0] INFO com.tonic.common.mobile.BasePage - 🔢 DIGIT MAPPED: '6' → Real keypad coordinates (647,1440) with 95% confidence
[TestNG-PoolService-0] INFO com.tonic.common.mobile.BasePage - 🔢 DIGIT MAPPED: '8' → Real keypad coordinates (539,1215) with 95% confidence
[TestNG-PoolService-0] INFO com.tonic.common.mobile.BasePage - 🔢 DIGIT MAPPED: '8' → Real keypad coordinates (539,1215) with 95% confidence
[TestNG-PoolService-0] INFO com.tonic.common.mobile.BasePage - 🔢 DIGIT MAPPED: '4' → Real keypad coordinates (439,1440) with 95% confidence
[TestNG-PoolService-0] INFO com.tonic.common.mobile.BasePage - 🔢 DIGIT MAPPED: '8' → Real keypad coordinates (539,1215) with 95% confidence
[TestNG-PoolService-0] INFO com.tonic.common.mobile.BasePage - 🔢 DIGIT MAPPED: '5' → Real keypad coordinates (539,1440) with 95% confidence
[TestNG-PoolService-0] INFO com.tonic.common.mobile.BasePage - 🔢 DIGIT MAPPED: '2' → Real keypad coordinates (539,1650) with 95% confidence
[TestNG-PoolService-0] INFO com.tonic.common.mobile.BasePage - 🔢 DIGIT MAPPED: '8' → Real keypad coordinates (539,1215) with 95% confidence
[TestNG-PoolService-0] INFO com.tonic.common.mobile.BasePage - 🔢 DIGIT MAPPED: '0' → Real keypad coordinates (439,1860) with 95% confidence
[TestNG-PoolService-0] INFO com.tonic.common.mobile.BasePage - 🔢 DIGIT MAPPED: '2' → Real keypad coordinates (539,1650) with 95% confidence
[TestNG-PoolService-0] INFO com.tonic.common.mobile.BasePage - 🔢 DIGIT MAPPED: '5' → Real keypad coordinates (539,1440) with 95% confidence
[TestNG-PoolService-0] INFO com.tonic.common.mobile.BasePage - 🔢 DIGIT MAPPED: '6' → Real keypad coordinates (647,1440) with 95% confidence
[TestNG-PoolService-0] INFO com.tonic.common.mobile.BasePage - 🔢 DIGIT MAPPED: '1' → Real keypad coordinates (431,1650) with 95% confidence
[TestNG-PoolService-0] INFO com.tonic.common.mobile.BasePage - 🔢 DIGIT MAPPED: '1' → Real keypad coordinates (431,1650) with 95% confidence
[TestNG-PoolService-0] INFO com.tonic.common.mobile.BasePage - 🔢 DIGIT MAPPED: '5' → Real keypad coordinates (539,1440) with 95% confidence
[TestNG-PoolService-0] INFO com.tonic.common.mobile.BasePage - 🔢 DIGIT MAPPED: '5' → Real keypad coordinates (539,1440) with 95% confidence
[TestNG-PoolService-0] INFO com.tonic.common.mobile.BasePage - 🔢 DIGIT MAPPED: '1' → Real keypad coordinates (431,1650) with 95% confidence
[TestNG-PoolService-0] INFO com.tonic.common.mobile.BasePage - 🔢 DIGIT MAPPED: '3' → Real keypad coordinates (647,1650) with 95% confidence
[TestNG-PoolService-0] INFO com.tonic.common.mobile.BasePage - 🔢 DIGIT MAPPED: '2' → Real keypad coordinates (539,1650) with 95% confidence
[TestNG-PoolService-0] INFO com.tonic.common.mobile.BasePage - 🔢 DIGIT MAPPED: '6' → Real keypad coordinates (647,1440) with 95% confidence
[TestNG-PoolService-0] INFO com.tonic.common.mobile.BasePage - 🔢 DIGIT MAPPED: '8' → Real keypad coordinates (539,1215) with 95% confidence
[TestNG-PoolService-0] INFO com.tonic.common.mobile.BasePage - 🔢 DIGIT MAPPED: '8' → Real keypad coordinates (539,1215) with 95% confidence
[TestNG-PoolService-0] INFO com.tonic.common.mobile.BasePage - 🔢 DIGIT MAPPED: '6' → Real keypad coordinates (647,1440) with 95% confidence
[TestNG-PoolService-0] INFO com.tonic.common.mobile.BasePage - 🔢 DIGIT MAPPED: '3' → Real keypad coordinates (647,1650) with 95% confidence
[TestNG-PoolService-0] INFO com.tonic.common.mobile.BasePage - 🔢 DIGIT MAPPED: '7' → Real keypad coordinates (427,1215) with 95% confidence
[TestNG-PoolService-0] INFO com.tonic.common.mobile.BasePage - 🔢 DIGIT MAPPED: '2' → Real keypad coordinates (539,1650) with 95% confidence
[TestNG-PoolService-0] INFO com.tonic.common.mobile.BasePage - 🔢 DIGIT MAPPED: '8' → Real keypad coordinates (539,1215) with 95% confidence
[TestNG-PoolService-0] INFO com.tonic.common.mobile.BasePage - 🔢 DIGIT MAPPED: '0' → Real keypad coordinates (439,1860) with 95% confidence
[TestNG-PoolService-0] INFO com.tonic.common.mobile.BasePage - 🔢 DIGIT MAPPED: '2' → Real keypad coordinates (539,1650) with 95% confidence
[TestNG-PoolService-0] INFO com.tonic.common.mobile.BasePage - 🔢 DIGIT MAPPED: '7' → Real keypad coordinates (427,1215) with 95% confidence
[TestNG-PoolService-0] INFO com.tonic.common.mobile.BasePage - 🔢 DIGIT MAPPED: '1' → Real keypad coordinates (431,1650) with 95% confidence
[TestNG-PoolService-0] INFO com.tonic.common.mobile.BasePage - 🔢 DIGIT MAPPED: '1' → Real keypad coordinates (431,1650) with 95% confidence
[TestNG-PoolService-0] INFO com.tonic.common.mobile.BasePage - 🔢 DIGIT MAPPED: '6' → Real keypad coordinates (647,1440) with 95% confidence
[TestNG-PoolService-0] INFO com.tonic.common.mobile.BasePage - 🔢 DIGIT MAPPED: '6' → Real keypad coordinates (647,1440) with 95% confidence
[TestNG-PoolService-0] INFO com.tonic.common.mobile.BasePage - 🔢 DIGIT MAPPED: '7' → Real keypad coordinates (427,1215) with 95% confidence
[TestNG-PoolService-0] INFO com.tonic.common.mobile.BasePage - 🔢 DIGIT MAPPED: '4' → Real keypad coordinates (439,1440) with 95% confidence
[TestNG-PoolService-0] INFO com.tonic.common.mobile.BasePage - 🔢 DIGIT MAPPED: '2' → Real keypad coordinates (539,1650) with 95% confidence
[TestNG-PoolService-0] INFO com.tonic.common.mobile.BasePage - 🔢 DIGIT MAPPED: '6' → Real keypad coordinates (647,1440) with 95% confidence
[TestNG-PoolService-0] INFO com.tonic.common.mobile.BasePage - 🔢 DIGIT MAPPED: '8' → Real keypad coordinates (539,1215) with 95% confidence
[TestNG-PoolService-0] INFO com.tonic.common.mobile.BasePage - 🔢 DIGIT MAPPED: '8' → Real keypad coordinates (539,1215) with 95% confidence
[TestNG-PoolService-0] INFO com.tonic.common.mobile.BasePage - 🔢 DIGIT MAPPED: '9' → Real keypad coordinates (647,1215) with 95% confidence
[TestNG-PoolService-0] INFO com.tonic.common.mobile.BasePage - 🔢 DIGIT MAPPED: '6' → Real keypad coordinates (647,1440) with 95% confidence
[TestNG-PoolService-0] INFO com.tonic.common.mobile.BasePage - 🔢 DIGIT MAPPED: '9' → Real keypad coordinates (647,1215) with 95% confidence
[TestNG-PoolService-0] INFO com.tonic.common.mobile.BasePage - 🔢 DIGIT MAPPED: '2' → Real keypad coordinates (539,1650) with 95% confidence
[TestNG-PoolService-0] INFO com.tonic.common.mobile.BasePage - 🔢 DIGIT MAPPED: '8' → Real keypad coordinates (539,1215) with 95% confidence
[TestNG-PoolService-0] INFO com.tonic.common.mobile.BasePage - 🔢 DIGIT MAPPED: '0' → Real keypad coordinates (439,1860) with 95% confidence
[TestNG-PoolService-0] INFO com.tonic.common.mobile.BasePage - 🔢 DIGIT MAPPED: '2' → Real keypad coordinates (539,1650) with 95% confidence
[TestNG-PoolService-0] INFO com.tonic.common.mobile.BasePage - 🔢 DIGIT MAPPED: '0' → Real keypad coordinates (439,1860) with 95% confidence
[TestNG-PoolService-0] INFO com.tonic.common.mobile.BasePage - 🔢 DIGIT MAPPED: '2' → Real keypad coordinates (539,1650) with 95% confidence
[TestNG-PoolService-0] INFO com.tonic.common.mobile.BasePage - 🔢 DIGIT MAPPED: '1' → Real keypad coordinates (431,1650) with 95% confidence
[TestNG-PoolService-0] INFO com.tonic.common.mobile.BasePage - 🔢 DIGIT MAPPED: '2' → Real keypad coordinates (539,1650) with 95% confidence
[TestNG-PoolService-0] INFO com.tonic.common.mobile.BasePage - 🔢 DIGIT MAPPED: '1' → Real keypad coordinates (431,1650) with 95% confidence
[TestNG-PoolService-0] INFO com.tonic.common.mobile.BasePage - 🔢 DIGIT MAPPED: '1' → Real keypad coordinates (431,1650) with 95% confidence
[TestNG-PoolService-0] INFO com.tonic.common.mobile.BasePage - 🔢 DIGIT MAPPED: '7' → Real keypad coordinates (427,1215) with 95% confidence
[TestNG-PoolService-0] INFO com.tonic.common.mobile.BasePage - 🔢 DIGIT MAPPED: '9' → Real keypad coordinates (647,1215) with 95% confidence
[TestNG-PoolService-0] INFO com.tonic.common.mobile.BasePage - 🔢 DIGIT MAPPED: '8' → Real keypad coordinates (539,1215) with 95% confidence
[TestNG-PoolService-0] INFO com.tonic.common.mobile.BasePage - 🔢 DIGIT MAPPED: '8' → Real keypad coordinates (539,1215) with 95% confidence
[TestNG-PoolService-0] INFO com.tonic.common.mobile.BasePage - 🔢 DIGIT MAPPED: '2' → Real keypad coordinates (539,1650) with 95% confidence
[TestNG-PoolService-0] INFO com.tonic.common.mobile.BasePage - 🔢 DIGIT MAPPED: '6' → Real keypad coordinates (647,1440) with 95% confidence
[TestNG-PoolService-0] INFO com.tonic.common.mobile.BasePage - 🔢 DIGIT MAPPED: '8' → Real keypad coordinates (539,1215) with 95% confidence
[TestNG-PoolService-0] INFO com.tonic.common.mobile.BasePage - 🔢 DIGIT MAPPED: '8' → Real keypad coordinates (539,1215) with 95% confidence
[TestNG-PoolService-0] INFO com.tonic.common.mobile.BasePage - 🔢 DIGIT MAPPED: '1' → Real keypad coordinates (431,1650) with 95% confidence
[TestNG-PoolService-0] INFO com.tonic.common.mobile.BasePage - 🔢 DIGIT MAPPED: '0' → Real keypad coordinates (439,1860) with 95% confidence
[TestNG-PoolService-0] INFO com.tonic.common.mobile.BasePage - 🔢 DIGIT MAPPED: '9' → Real keypad coordinates (647,1215) with 95% confidence
[TestNG-PoolService-0] INFO com.tonic.common.mobile.BasePage - 🔢 DIGIT MAPPED: '3' → Real keypad coordinates (647,1650) with 95% confidence
[TestNG-PoolService-0] INFO com.tonic.common.mobile.BasePage - 🔢 DIGIT MAPPED: '2' → Real keypad coordinates (539,1650) with 95% confidence
[TestNG-PoolService-0] INFO com.tonic.common.mobile.BasePage - 🔢 DIGIT MAPPED: '8' → Real keypad coordinates (539,1215) with 95% confidence
[TestNG-PoolService-0] INFO com.tonic.common.mobile.BasePage - 🔢 DIGIT MAPPED: '0' → Real keypad coordinates (439,1860) with 95% confidence
[TestNG-PoolService-0] INFO com.tonic.common.mobile.BasePage - 🔢 DIGIT MAPPED: '2' → Real keypad coordinates (539,1650) with 95% confidence
[TestNG-PoolService-0] INFO com.tonic.common.mobile.BasePage - 🔢 DIGIT MAPPED: '9' → Real keypad coordinates (647,1215) with 95% confidence
[TestNG-PoolService-0] INFO com.tonic.common.mobile.BasePage - 🔢 DIGIT MAPPED: '2' → Real keypad coordinates (539,1650) with 95% confidence
[TestNG-PoolService-0] INFO com.tonic.common.mobile.BasePage - 🔢 DIGIT MAPPED: '1' → Real keypad coordinates (431,1650) with 95% confidence
[TestNG-PoolService-0] INFO com.tonic.common.mobile.BasePage - 🔢 DIGIT MAPPED: '1' → Real keypad coordinates (431,1650) with 95% confidence
[TestNG-PoolService-0] INFO com.tonic.common.mobile.BasePage - 🔢 DIGIT MAPPED: '8' → Real keypad coordinates (539,1215) with 95% confidence
[TestNG-PoolService-0] INFO com.tonic.common.mobile.BasePage - 🔢 DIGIT MAPPED: '1' → Real keypad coordinates (431,1650) with 95% confidence
[TestNG-PoolService-0] INFO com.tonic.common.mobile.BasePage - 🔢 DIGIT MAPPED: '1' → Real keypad coordinates (431,1650) with 95% confidence
[TestNG-PoolService-0] INFO com.tonic.common.mobile.BasePage - 🔢 DIGIT MAPPED: '2' → Real keypad coordinates (539,1650) with 95% confidence
[TestNG-PoolService-0] INFO com.tonic.common.mobile.BasePage - 🔢 DIGIT MAPPED: '1' → Real keypad coordinates (431,1650) with 95% confidence
[TestNG-PoolService-0] INFO com.tonic.common.mobile.BasePage - 🔢 DIGIT MAPPED: '2' → Real keypad coordinates (539,1650) with 95% confidence
[TestNG-PoolService-0] INFO com.tonic.common.mobile.BasePage - 🔢 DIGIT MAPPED: '6' → Real keypad coordinates (647,1440) with 95% confidence
[TestNG-PoolService-0] INFO com.tonic.common.mobile.BasePage - 🔢 DIGIT MAPPED: '8' → Real keypad coordinates (539,1215) with 95% confidence
[TestNG-PoolService-0] INFO com.tonic.common.mobile.BasePage - 🔢 DIGIT MAPPED: '8' → Real keypad coordinates (539,1215) with 95% confidence
[TestNG-PoolService-0] INFO com.tonic.common.mobile.BasePage - 🔢 DIGIT MAPPED: '1' → Real keypad coordinates (431,1650) with 95% confidence
[TestNG-PoolService-0] INFO com.tonic.common.mobile.BasePage - 🔢 DIGIT MAPPED: '1' → Real keypad coordinates (431,1650) with 95% confidence
[TestNG-PoolService-0] INFO com.tonic.common.mobile.BasePage - 🔢 DIGIT MAPPED: '9' → Real keypad coordinates (647,1215) with 95% confidence
[TestNG-PoolService-0] INFO com.tonic.common.mobile.BasePage - 🔢 DIGIT MAPPED: '7' → Real keypad coordinates (427,1215) with 95% confidence
[TestNG-PoolService-0] INFO com.tonic.common.mobile.BasePage - 🔢 DIGIT MAPPED: '2' → Real keypad coordinates (539,1650) with 95% confidence
[TestNG-PoolService-0] INFO com.tonic.common.mobile.BasePage - 🔢 DIGIT MAPPED: '8' → Real keypad coordinates (539,1215) with 95% confidence
[TestNG-PoolService-0] INFO com.tonic.common.mobile.BasePage - 🔢 DIGIT MAPPED: '0' → Real keypad coordinates (439,1860) with 95% confidence
[TestNG-PoolService-0] INFO com.tonic.common.mobile.BasePage - 🔢 DIGIT MAPPED: '2' → Real keypad coordinates (539,1650) with 95% confidence
[TestNG-PoolService-0] INFO com.tonic.common.mobile.BasePage - 🔢 DIGIT MAPPED: '8' → Real keypad coordinates (539,1215) with 95% confidence
[TestNG-PoolService-0] INFO com.tonic.common.mobile.BasePage - 🔢 DIGIT MAPPED: '8' → Real keypad coordinates (539,1215) with 95% confidence
[TestNG-PoolService-0] INFO com.tonic.common.mobile.BasePage - 🔢 DIGIT MAPPED: '1' → Real keypad coordinates (431,1650) with 95% confidence
[TestNG-PoolService-0] INFO com.tonic.common.mobile.BasePage - 🔢 DIGIT MAPPED: '1' → Real keypad coordinates (431,1650) with 95% confidence
[TestNG-PoolService-0] INFO com.tonic.common.mobile.BasePage - 🔢 DIGIT MAPPED: '9' → Real keypad coordinates (647,1215) with 95% confidence
[TestNG-PoolService-0] INFO com.tonic.common.mobile.BasePage - 🔢 DIGIT MAPPED: '1' → Real keypad coordinates (431,1650) with 95% confidence
[TestNG-PoolService-0] INFO com.tonic.common.mobile.BasePage - 🔢 DIGIT MAPPED: '2' → Real keypad coordinates (539,1650) with 95% confidence
[TestNG-PoolService-0] INFO com.tonic.common.mobile.BasePage - 🔢 DIGIT MAPPED: '1' → Real keypad coordinates (431,1650) with 95% confidence
[TestNG-PoolService-0] INFO com.tonic.common.mobile.BasePage - 🔢 DIGIT MAPPED: '6' → Real keypad coordinates (647,1440) with 95% confidence
[TestNG-PoolService-0] INFO com.tonic.common.mobile.BasePage - 🔢 DIGIT MAPPED: '2' → Real keypad coordinates (539,1650) with 95% confidence
[TestNG-PoolService-0] INFO com.tonic.common.mobile.BasePage - 🔢 DIGIT MAPPED: '6' → Real keypad coordinates (647,1440) with 95% confidence
[TestNG-PoolService-0] INFO com.tonic.common.mobile.BasePage - 🔢 DIGIT MAPPED: '8' → Real keypad coordinates (539,1215) with 95% confidence
[TestNG-PoolService-0] INFO com.tonic.common.mobile.BasePage - 🔢 DIGIT MAPPED: '8' → Real keypad coordinates (539,1215) with 95% confidence
[TestNG-PoolService-0] INFO com.tonic.common.mobile.BasePage - 🔢 DIGIT MAPPED: '1' → Real keypad coordinates (431,1650) with 95% confidence
[TestNG-PoolService-0] INFO com.tonic.common.mobile.BasePage - 🔢 DIGIT MAPPED: '2' → Real keypad coordinates (539,1650) with 95% confidence
[TestNG-PoolService-0] INFO com.tonic.common.mobile.BasePage - 🔢 DIGIT MAPPED: '7' → Real keypad coordinates (427,1215) with 95% confidence
[TestNG-PoolService-0] INFO com.tonic.common.mobile.BasePage - 🔢 DIGIT MAPPED: '3' → Real keypad coordinates (647,1650) with 95% confidence
[TestNG-PoolService-0] INFO com.tonic.common.mobile.BasePage - 🔢 DIGIT MAPPED: '2' → Real keypad coordinates (539,1650) with 95% confidence
[TestNG-PoolService-0] INFO com.tonic.common.mobile.BasePage - 🔢 DIGIT MAPPED: '8' → Real keypad coordinates (539,1215) with 95% confidence
[TestNG-PoolService-0] INFO com.tonic.common.mobile.BasePage - 🔢 DIGIT MAPPED: '0' → Real keypad coordinates (439,1860) with 95% confidence
[TestNG-PoolService-0] INFO com.tonic.common.mobile.BasePage - 🔢 DIGIT MAPPED: '2' → Real keypad coordinates (539,1650) with 95% confidence
[TestNG-PoolService-0] INFO com.tonic.common.mobile.BasePage - 🔢 DIGIT MAPPED: '5' → Real keypad coordinates (539,1440) with 95% confidence
[TestNG-PoolService-0] INFO com.tonic.common.mobile.BasePage - 🔢 DIGIT MAPPED: '5' → Real keypad coordinates (539,1440) with 95% confidence
[TestNG-PoolService-0] INFO com.tonic.common.mobile.BasePage - ✅ INTELLIGENT MAPPING: Successfully mapped 704 elements to real coordinates
[TestNG-PoolService-0] INFO com.tonic.common.mobile.BasePage - Generated 704 OCR elements with intelligent coordinate mapping
[TestNG-PoolService-0] INFO com.tonic.stepDefinitions.mobile.MobileLoginOCRSteps - MOBILE OCR LOGIN: Detected 704 elements using OCR
[TestNG-PoolService-0] INFO com.tonic.stepDefinitions.mobile.MobileLoginOCRSteps - MOBILE OCR LOGIN: Parsed 10 digit elements from OCR
[TestNG-PoolService-0] INFO com.tonic.stepDefinitions.mobile.MobileLoginOCRSteps - MOBILE OCR LOGIN: OCR detection successful: true
[TestNG-PoolService-0] INFO com.tonic.stepDefinitions.mobile.MobileLoginOCRSteps - === MOBILE OCR LOGIN: Entering first digit '7' ===
[TestNG-PoolService-0] INFO com.tonic.stepDefinitions.mobile.MobileLoginOCRSteps - MOBILE OCR LOGIN: Entering first digit '7' using OCR
[TestNG-PoolService-0] INFO com.tonic.common.mobile.BasePage - Successfully tapped at coordinates: (427, 1215)
[TestNG-PoolService-0] WARN com.tonic.common.mobile.BasePage - Mobile wait 'UI_INTERACTION' timed out after 1032ms - Error: Expected condition failed: waiting for com.tonic.common.mobile.BasePage$$Lambda/0x000007fc01647850@4ead180c (tried for 1 second(s) with 500 milliseconds interval)
Build info: version: '4.17.0', revision: 'e52b1be057*'
System info: os.name: 'Mac OS X', os.arch: 'aarch64', os.version: '15.5', java.version: '23.0.2'
Driver info: driver.version: unknown
[TestNG-PoolService-0] INFO com.tonic.stepDefinitions.mobile.MobileLoginOCRSteps - MOBILE OCR LOGIN: ✅ Clicked digit '7' using OCR at (427,1215)
[TestNG-PoolService-0] INFO com.tonic.stepDefinitions.mobile.MobileLoginOCRSteps - === MOBILE OCR LOGIN: Entering second digit '4' ===
[TestNG-PoolService-0] INFO com.tonic.stepDefinitions.mobile.MobileLoginOCRSteps - MOBILE OCR LOGIN: Entering second digit '4' using OCR
[TestNG-PoolService-0] INFO com.tonic.common.mobile.BasePage - Successfully tapped at coordinates: (439, 1440)
[TestNG-PoolService-0] WARN com.tonic.common.mobile.BasePage - Mobile wait 'UI_INTERACTION' timed out after 1024ms - Error: Expected condition failed: waiting for com.tonic.common.mobile.BasePage$$Lambda/0x000007fc01647850@4ead180c (tried for 1 second(s) with 500 milliseconds interval)
Build info: version: '4.17.0', revision: 'e52b1be057*'
System info: os.name: 'Mac OS X', os.arch: 'aarch64', os.version: '15.5', java.version: '23.0.2'
Driver info: driver.version: unknown
[TestNG-PoolService-0] INFO com.tonic.stepDefinitions.mobile.MobileLoginOCRSteps - MOBILE OCR LOGIN: ✅ Clicked digit '4' using OCR at (439,1440)
[TestNG-PoolService-0] INFO com.tonic.stepDefinitions.mobile.MobileLoginOCRSteps - === MOBILE OCR LOGIN: Entering third digit '1' ===
[TestNG-PoolService-0] INFO com.tonic.stepDefinitions.mobile.MobileLoginOCRSteps - MOBILE OCR LOGIN: Entering third digit '1' using OCR
[TestNG-PoolService-0] INFO com.tonic.common.mobile.BasePage - Successfully tapped at coordinates: (431, 1650)
[TestNG-PoolService-0] WARN com.tonic.common.mobile.BasePage - Mobile wait 'UI_INTERACTION' timed out after 1027ms - Error: Expected condition failed: waiting for com.tonic.common.mobile.BasePage$$Lambda/0x000007fc01647850@4ead180c (tried for 1 second(s) with 500 milliseconds interval)
Build info: version: '4.17.0', revision: 'e52b1be057*'
System info: os.name: 'Mac OS X', os.arch: 'aarch64', os.version: '15.5', java.version: '23.0.2'
Driver info: driver.version: unknown
[TestNG-PoolService-0] INFO com.tonic.stepDefinitions.mobile.MobileLoginOCRSteps - MOBILE OCR LOGIN: ✅ Clicked digit '1' using OCR at (431,1650)
[TestNG-PoolService-0] INFO com.tonic.stepDefinitions.mobile.MobileLoginOCRSteps - === MOBILE OCR LOGIN: Clicking 'LOGIN' button ===
[TestNG-PoolService-0] INFO com.tonic.common.mobile.BasePage - Attempting to click text 'LOGIN' using OCR coordinates
[TestNG-PoolService-0] INFO com.tonic.common.mobile.BasePage - Screenshot saved successfully: screenshots/Mobile_Login_Button_Click_1754640159078.png
[TestNG-PoolService-0] INFO com.tonic.common.mobile.BasePage - === OCR EXTRACTION: screenshots/Mobile_Login_Button_Click_1754640159078.png ===
[TestNG-PoolService-0] INFO com.tonic.common.mobile.BasePage - ✅ Using Tesseract data path: /opt/homebrew/share/tessdata
[TestNG-PoolService-0] INFO com.tonic.common.mobile.BasePage - Attempting OCR extraction with Tesseract REAL coordinates...
[TestNG-PoolService-0] INFO com.tonic.common.mobile.BasePage - 🔍 HOCR: Attempting real coordinate extraction using HOCR format
[TestNG-PoolService-0] INFO com.tonic.common.mobile.BasePage - ✅ HOCR: HOCR output generated successfully
[TestNG-PoolService-0] INFO com.tonic.common.mobile.BasePage - 🔍 HOCR PARSER: Parsing HOCR XML for real coordinates
[TestNG-PoolService-0] INFO com.tonic.common.mobile.BasePage - ✅ HOCR PARSER: Successfully parsed 0 elements with real coordinates
[TestNG-PoolService-0] INFO com.tonic.common.mobile.BasePage - 🎯 HOCR: Successfully parsed 0 elements with real coordinates
[TestNG-PoolService-0] INFO com.tonic.common.mobile.BasePage - ✅ Tesseract OCR text extraction successful:
[TestNG-PoolService-0] INFO com.tonic.common.mobile.BasePage - "<!DOCTYPE html PUBLIC "-//W3C//DTD HTML 4.01 Transitional//EN" "http://www.w3.org/TR/html4/loose.dtd">
<html>
<head>
<title></title>
<meta http-equiv="Content-Type" content="text/html;charset=utf-8" />
<meta name='ocr-system' content='tesseract'/>
</head>
<body>
  <div class='ocr_page' id='page_1' title='image "screenshots/Mobile_Login_Button_Click_1754640159078.png"; bbox 0 0 1280 2856; ppageno 0; scan_res 70 70'>
   <div class='ocr_carea' id='block_1_1' title="bbox 0 56 1280 2784">
    <p class='ocr_par' id='par_1_1' lang='eng' title="bbox 62 56 1220 1520">
     <span class='ocr_line' id='line_1_1' title="bbox 85 56 1196 101; baseline -0.002 -3; x_size 50.240505; x_descenders 6.2405062; x_ascenders 15">
      <span class='ocrx_word' id='word_1_1' title='bbox 85 58 216 98; x_wconf 84'>40290</span>
      <span class='ocrx_word' id='word_1_2' title='bbox 242 56 287 101; x_wconf 88'>@</span>
      <span class='ocrx_word' id='word_1_3' title='bbox 1065 58 1196 97; x_wconf 14'>in</span>
     </span>
     <span class='ocr_line' id='line_1_2' title="bbox 62 197 1220 246; baseline -0.001 0; x_size 53.887932; x_descenders 6.8879313; x_ascenders 14.99138">
      <span class='ocrx_word' id='word_1_4' title='bbox 62 197 394 246; x_wconf 96'>MESSAGES</span>
      <span class='ocrx_word' id='word_1_5' title='bbox 888 198 1220 245; x_wconf 96'>AVAILABLE</span>
     </span>
     <span class='ocr_line' id='line_1_3' title="bbox 136 276 1145 457; baseline 0.001 -4; x_size 192.65823; x_descenders 20.658228; x_ascenders 76">
      <span class='ocrx_word' id='word_1_6' title='bbox 136 295 316 438; x_wconf 9'>es</span>
      <span class='ocrx_word' id='word_1_7' title='bbox 965 276 1145 457; x_wconf 58'>@</span>
     </span>
     <span class='ocr_line' id='line_1_4' title="bbox 542 1109 953 1305; baseline 0 0; x_size 224.72414; x_descenders 28.724138; x_ascenders 62.517242">
      <span class='ocrx_word' id='word_1_8' title='bbox 542 1109 738 1305; x_wconf 0'>8</span>
      <span class='ocrx_word' id='word_1_9' title='bbox 757 1109 953 1305; x_wconf 0'>[9</span>
     </span>
     <span class='ocr_line' id='line_1_5' title="bbox 757 1324 953 1520; baseline 0 0; x_size 224.72414; x_descenders 28.724138; x_ascenders 62.517242">
      <span class='ocrx_word' id='word_1_10' title='bbox 757 1324 953 1520; x_wconf 74'>6</span>
     </span>
    </p>

    <p class='ocr_par' id='par_1_2' lang='eng' title="bbox 0 2597 1280 2784">
     <span class='ocr_line' id='line_1_6' title="bbox 1103 2597 1261 2654; baseline 0 0; x_size 65.392403; x_descenders 8.3924055; x_ascenders 18">
      <span class='ocrx_word' id='word_1_11' title='bbox 1103 2597 1261 2654; x_wconf 96'>tonic.</span>
     </span>
     <span class='ocr_line' id='line_1_7' title="bbox 0 2692 1280 2784; baseline 0 0; x_size 105.48276; x_descenders 13.482759; x_ascenders 29.344828">
      <span class='ocrx_word' id='word_1_12' title='bbox 0 2688 200 2802; x_wconf 52'>KGB</span>
      <span class='ocrx_word' id='word_1_13' title='bbox 237 2688 295 2802; x_wconf 66'>op</span>
      <span class='ocrx_word' id='word_1_14' title='bbox 332 2688 485 2802; x_wconf 56'>Qytss</span>
      <span class='ocrx_word' id='word_1_15' title='bbox 513 2688 637 2802; x_wconf 7'>Qyrse</span>
      <span class='ocrx_word' id='word_1_16' title='bbox 674 2688 969 2802; x_wconf 0'>sampestower212</span>
      <span class='ocrx_word' id='word_1_17' title='bbox 988 2688 1093 2802; x_wconf 92'>(CASH</span>
      <span class='ocrx_word' id='word_1_18' title='bbox 1121 2688 1197 2802; x_wconf 88'>OUT:</span>
      <span class='ocrx_word' id='word_1_19' title='bbox 1216 2688 1273 2802; x_wconf 55'>cds</span>
     </span>
    </p>
   </div>
  </div>
</body>
</html>"
[TestNG-PoolService-0] INFO com.tonic.common.mobile.BasePage - 🧠 INTELLIGENT MAPPING: Analyzing OCR text for coordinate extraction
[TestNG-PoolService-0] INFO com.tonic.common.mobile.BasePage - 📝 TEXT TO ANALYZE: "<!DOCTYPE html PUBLIC "-//W3C//DTD HTML 4.01 Transitional//EN" "http://www.w3.org/TR/html4/loose.dtd">
<html>
<head>
<title></title>
<meta http-equiv="Content-Type" content="text/html;charset=utf-8" />
<meta name='ocr-system' content='tesseract'/>
</head>
<body>
  <div class='ocr_page' id='page_1' title='image "screenshots/Mobile_Login_Button_Click_1754640159078.png"; bbox 0 0 1280 2856; ppageno 0; scan_res 70 70'>
   <div class='ocr_carea' id='block_1_1' title="bbox 0 56 1280 2784">
    <p class='ocr_par' id='par_1_1' lang='eng' title="bbox 62 56 1220 1520">
     <span class='ocr_line' id='line_1_1' title="bbox 85 56 1196 101; baseline -0.002 -3; x_size 50.240505; x_descenders 6.2405062; x_ascenders 15">
      <span class='ocrx_word' id='word_1_1' title='bbox 85 58 216 98; x_wconf 84'>40290</span>
      <span class='ocrx_word' id='word_1_2' title='bbox 242 56 287 101; x_wconf 88'>@</span>
      <span class='ocrx_word' id='word_1_3' title='bbox 1065 58 1196 97; x_wconf 14'>in</span>
     </span>
     <span class='ocr_line' id='line_1_2' title="bbox 62 197 1220 246; baseline -0.001 0; x_size 53.887932; x_descenders 6.8879313; x_ascenders 14.99138">
      <span class='ocrx_word' id='word_1_4' title='bbox 62 197 394 246; x_wconf 96'>MESSAGES</span>
      <span class='ocrx_word' id='word_1_5' title='bbox 888 198 1220 245; x_wconf 96'>AVAILABLE</span>
     </span>
     <span class='ocr_line' id='line_1_3' title="bbox 136 276 1145 457; baseline 0.001 -4; x_size 192.65823; x_descenders 20.658228; x_ascenders 76">
      <span class='ocrx_word' id='word_1_6' title='bbox 136 295 316 438; x_wconf 9'>es</span>
      <span class='ocrx_word' id='word_1_7' title='bbox 965 276 1145 457; x_wconf 58'>@</span>
     </span>
     <span class='ocr_line' id='line_1_4' title="bbox 542 1109 953 1305; baseline 0 0; x_size 224.72414; x_descenders 28.724138; x_ascenders 62.517242">
      <span class='ocrx_word' id='word_1_8' title='bbox 542 1109 738 1305; x_wconf 0'>8</span>
      <span class='ocrx_word' id='word_1_9' title='bbox 757 1109 953 1305; x_wconf 0'>[9</span>
     </span>
     <span class='ocr_line' id='line_1_5' title="bbox 757 1324 953 1520; baseline 0 0; x_size 224.72414; x_descenders 28.724138; x_ascenders 62.517242">
      <span class='ocrx_word' id='word_1_10' title='bbox 757 1324 953 1520; x_wconf 74'>6</span>
     </span>
    </p>

    <p class='ocr_par' id='par_1_2' lang='eng' title="bbox 0 2597 1280 2784">
     <span class='ocr_line' id='line_1_6' title="bbox 1103 2597 1261 2654; baseline 0 0; x_size 65.392403; x_descenders 8.3924055; x_ascenders 18">
      <span class='ocrx_word' id='word_1_11' title='bbox 1103 2597 1261 2654; x_wconf 96'>tonic.</span>
     </span>
     <span class='ocr_line' id='line_1_7' title="bbox 0 2692 1280 2784; baseline 0 0; x_size 105.48276; x_descenders 13.482759; x_ascenders 29.344828">
      <span class='ocrx_word' id='word_1_12' title='bbox 0 2688 200 2802; x_wconf 52'>KGB</span>
      <span class='ocrx_word' id='word_1_13' title='bbox 237 2688 295 2802; x_wconf 66'>op</span>
      <span class='ocrx_word' id='word_1_14' title='bbox 332 2688 485 2802; x_wconf 56'>Qytss</span>
      <span class='ocrx_word' id='word_1_15' title='bbox 513 2688 637 2802; x_wconf 7'>Qyrse</span>
      <span class='ocrx_word' id='word_1_16' title='bbox 674 2688 969 2802; x_wconf 0'>sampestower212</span>
      <span class='ocrx_word' id='word_1_17' title='bbox 988 2688 1093 2802; x_wconf 92'>(CASH</span>
      <span class='ocrx_word' id='word_1_18' title='bbox 1121 2688 1197 2802; x_wconf 88'>OUT:</span>
      <span class='ocrx_word' id='word_1_19' title='bbox 1216 2688 1273 2802; x_wconf 55'>cds</span>
     </span>
    </p>
   </div>
  </div>
</body>
</html>
"
[TestNG-PoolService-0] INFO com.tonic.common.mobile.BasePage - 🔢 DIGIT MAPPED: '3' → Real keypad coordinates (647,1650) with 95% confidence
[TestNG-PoolService-0] INFO com.tonic.common.mobile.BasePage - 🔢 DIGIT MAPPED: '4' → Real keypad coordinates (439,1440) with 95% confidence
[TestNG-PoolService-0] INFO com.tonic.common.mobile.BasePage - 🔢 DIGIT MAPPED: '0' → Real keypad coordinates (439,1860) with 95% confidence
[TestNG-PoolService-0] INFO com.tonic.common.mobile.BasePage - 🔢 DIGIT MAPPED: '1' → Real keypad coordinates (431,1650) with 95% confidence
[TestNG-PoolService-0] INFO com.tonic.common.mobile.BasePage - 🔢 DIGIT MAPPED: '3' → Real keypad coordinates (647,1650) with 95% confidence
[TestNG-PoolService-0] INFO com.tonic.common.mobile.BasePage - 🔢 DIGIT MAPPED: '4' → Real keypad coordinates (439,1440) with 95% confidence
[TestNG-PoolService-0] INFO com.tonic.common.mobile.BasePage - 🔢 DIGIT MAPPED: '8' → Real keypad coordinates (539,1215) with 95% confidence
[TestNG-PoolService-0] INFO com.tonic.common.mobile.BasePage - 🔢 DIGIT MAPPED: '1' → Real keypad coordinates (431,1650) with 95% confidence
[TestNG-PoolService-0] INFO com.tonic.common.mobile.BasePage - 🔢 DIGIT MAPPED: '1' → Real keypad coordinates (431,1650) with 95% confidence
[TestNG-PoolService-0] INFO com.tonic.common.mobile.BasePage - 🔢 DIGIT MAPPED: '7' → Real keypad coordinates (427,1215) with 95% confidence
[TestNG-PoolService-0] INFO com.tonic.common.mobile.BasePage - 🔢 DIGIT MAPPED: '5' → Real keypad coordinates (539,1440) with 95% confidence
[TestNG-PoolService-0] INFO com.tonic.common.mobile.BasePage - 🔢 DIGIT MAPPED: '4' → Real keypad coordinates (439,1440) with 95% confidence
[TestNG-PoolService-0] INFO com.tonic.common.mobile.BasePage - 🔢 DIGIT MAPPED: '6' → Real keypad coordinates (647,1440) with 95% confidence
[TestNG-PoolService-0] INFO com.tonic.common.mobile.BasePage - 🔢 DIGIT MAPPED: '4' → Real keypad coordinates (439,1440) with 95% confidence
[TestNG-PoolService-0] INFO com.tonic.common.mobile.BasePage - 🔢 DIGIT MAPPED: '0' → Real keypad coordinates (439,1860) with 95% confidence
[TestNG-PoolService-0] INFO com.tonic.common.mobile.BasePage - 🔢 DIGIT MAPPED: '1' → Real keypad coordinates (431,1650) with 95% confidence
[TestNG-PoolService-0] INFO com.tonic.common.mobile.BasePage - 🔢 DIGIT MAPPED: '5' → Real keypad coordinates (539,1440) with 95% confidence
[TestNG-PoolService-0] INFO com.tonic.common.mobile.BasePage - 🔢 DIGIT MAPPED: '9' → Real keypad coordinates (647,1215) with 95% confidence
[TestNG-PoolService-0] INFO com.tonic.common.mobile.BasePage - 🔢 DIGIT MAPPED: '0' → Real keypad coordinates (439,1860) with 95% confidence
[TestNG-PoolService-0] INFO com.tonic.common.mobile.BasePage - 🔢 DIGIT MAPPED: '7' → Real keypad coordinates (427,1215) with 95% confidence
[TestNG-PoolService-0] INFO com.tonic.common.mobile.BasePage - 🔢 DIGIT MAPPED: '8' → Real keypad coordinates (539,1215) with 95% confidence
[TestNG-PoolService-0] INFO com.tonic.common.mobile.BasePage - 🔢 DIGIT MAPPED: '0' → Real keypad coordinates (439,1860) with 95% confidence
[TestNG-PoolService-0] INFO com.tonic.common.mobile.BasePage - 🔢 DIGIT MAPPED: '0' → Real keypad coordinates (439,1860) with 95% confidence
[TestNG-PoolService-0] INFO com.tonic.common.mobile.BasePage - 🔢 DIGIT MAPPED: '1' → Real keypad coordinates (431,1650) with 95% confidence
[TestNG-PoolService-0] INFO com.tonic.common.mobile.BasePage - 🔢 DIGIT MAPPED: '2' → Real keypad coordinates (539,1650) with 95% confidence
[TestNG-PoolService-0] INFO com.tonic.common.mobile.BasePage - 🔢 DIGIT MAPPED: '8' → Real keypad coordinates (539,1215) with 95% confidence
[TestNG-PoolService-0] INFO com.tonic.common.mobile.BasePage - 🔢 DIGIT MAPPED: '0' → Real keypad coordinates (439,1860) with 95% confidence
[TestNG-PoolService-0] INFO com.tonic.common.mobile.BasePage - 🔢 DIGIT MAPPED: '2' → Real keypad coordinates (539,1650) with 95% confidence
[TestNG-PoolService-0] INFO com.tonic.common.mobile.BasePage - 🔢 DIGIT MAPPED: '8' → Real keypad coordinates (539,1215) with 95% confidence
[TestNG-PoolService-0] INFO com.tonic.common.mobile.BasePage - 🔢 DIGIT MAPPED: '5' → Real keypad coordinates (539,1440) with 95% confidence
[TestNG-PoolService-0] INFO com.tonic.common.mobile.BasePage - 🔢 DIGIT MAPPED: '6' → Real keypad coordinates (647,1440) with 95% confidence
[TestNG-PoolService-0] INFO com.tonic.common.mobile.BasePage - 🔢 DIGIT MAPPED: '0' → Real keypad coordinates (439,1860) with 95% confidence
[TestNG-PoolService-0] INFO com.tonic.common.mobile.BasePage - 🔢 DIGIT MAPPED: '7' → Real keypad coordinates (427,1215) with 95% confidence
[TestNG-PoolService-0] INFO com.tonic.common.mobile.BasePage - 🔢 DIGIT MAPPED: '0' → Real keypad coordinates (439,1860) with 95% confidence
[TestNG-PoolService-0] INFO com.tonic.common.mobile.BasePage - 🔢 DIGIT MAPPED: '7' → Real keypad coordinates (427,1215) with 95% confidence
[TestNG-PoolService-0] INFO com.tonic.common.mobile.BasePage - 🔢 DIGIT MAPPED: '0' → Real keypad coordinates (439,1860) with 95% confidence
[TestNG-PoolService-0] INFO com.tonic.common.mobile.BasePage - 🔘 LOGIN BUTTON MAPPED: → Coordinates (607,2072) with 90% confidence
[TestNG-PoolService-0] INFO com.tonic.common.mobile.BasePage - 🔢 DIGIT MAPPED: '1' → Real keypad coordinates (431,1650) with 95% confidence
[TestNG-PoolService-0] INFO com.tonic.common.mobile.BasePage - 🔢 DIGIT MAPPED: '1' → Real keypad coordinates (431,1650) with 95% confidence
[TestNG-PoolService-0] INFO com.tonic.common.mobile.BasePage - 🔢 DIGIT MAPPED: '0' → Real keypad coordinates (439,1860) with 95% confidence
[TestNG-PoolService-0] INFO com.tonic.common.mobile.BasePage - 🔢 DIGIT MAPPED: '5' → Real keypad coordinates (539,1440) with 95% confidence
[TestNG-PoolService-0] INFO com.tonic.common.mobile.BasePage - 🔢 DIGIT MAPPED: '6' → Real keypad coordinates (647,1440) with 95% confidence
[TestNG-PoolService-0] INFO com.tonic.common.mobile.BasePage - 🔢 DIGIT MAPPED: '1' → Real keypad coordinates (431,1650) with 95% confidence
[TestNG-PoolService-0] INFO com.tonic.common.mobile.BasePage - 🔢 DIGIT MAPPED: '2' → Real keypad coordinates (539,1650) with 95% confidence
[TestNG-PoolService-0] INFO com.tonic.common.mobile.BasePage - 🔢 DIGIT MAPPED: '8' → Real keypad coordinates (539,1215) with 95% confidence
[TestNG-PoolService-0] INFO com.tonic.common.mobile.BasePage - 🔢 DIGIT MAPPED: '0' → Real keypad coordinates (439,1860) with 95% confidence
[TestNG-PoolService-0] INFO com.tonic.common.mobile.BasePage - 🔢 DIGIT MAPPED: '2' → Real keypad coordinates (539,1650) with 95% confidence
[TestNG-PoolService-0] INFO com.tonic.common.mobile.BasePage - 🔢 DIGIT MAPPED: '7' → Real keypad coordinates (427,1215) with 95% confidence
[TestNG-PoolService-0] INFO com.tonic.common.mobile.BasePage - 🔢 DIGIT MAPPED: '8' → Real keypad coordinates (539,1215) with 95% confidence
[TestNG-PoolService-0] INFO com.tonic.common.mobile.BasePage - 🔢 DIGIT MAPPED: '4' → Real keypad coordinates (439,1440) with 95% confidence
[TestNG-PoolService-0] INFO com.tonic.common.mobile.BasePage - 🔢 DIGIT MAPPED: '1' → Real keypad coordinates (431,1650) with 95% confidence
[TestNG-PoolService-0] INFO com.tonic.common.mobile.BasePage - 🔢 DIGIT MAPPED: '1' → Real keypad coordinates (431,1650) with 95% confidence
[TestNG-PoolService-0] INFO com.tonic.common.mobile.BasePage - 🔢 DIGIT MAPPED: '6' → Real keypad coordinates (647,1440) with 95% confidence
[TestNG-PoolService-0] INFO com.tonic.common.mobile.BasePage - 🔢 DIGIT MAPPED: '2' → Real keypad coordinates (539,1650) with 95% confidence
[TestNG-PoolService-0] INFO com.tonic.common.mobile.BasePage - 🔢 DIGIT MAPPED: '5' → Real keypad coordinates (539,1440) with 95% confidence
[TestNG-PoolService-0] INFO com.tonic.common.mobile.BasePage - 🔢 DIGIT MAPPED: '6' → Real keypad coordinates (647,1440) with 95% confidence
[TestNG-PoolService-0] INFO com.tonic.common.mobile.BasePage - 🔢 DIGIT MAPPED: '1' → Real keypad coordinates (431,1650) with 95% confidence
[TestNG-PoolService-0] INFO com.tonic.common.mobile.BasePage - 🔢 DIGIT MAPPED: '2' → Real keypad coordinates (539,1650) with 95% confidence
[TestNG-PoolService-0] INFO com.tonic.common.mobile.BasePage - 🔢 DIGIT MAPPED: '2' → Real keypad coordinates (539,1650) with 95% confidence
[TestNG-PoolService-0] INFO com.tonic.common.mobile.BasePage - 🔢 DIGIT MAPPED: '0' → Real keypad coordinates (439,1860) with 95% confidence
[TestNG-PoolService-0] INFO com.tonic.common.mobile.BasePage - 🔢 DIGIT MAPPED: '1' → Real keypad coordinates (431,1650) with 95% confidence
[TestNG-PoolService-0] INFO com.tonic.common.mobile.BasePage - 🔢 DIGIT MAPPED: '5' → Real keypad coordinates (539,1440) with 95% confidence
[TestNG-PoolService-0] INFO com.tonic.common.mobile.BasePage - 🔢 DIGIT MAPPED: '2' → Real keypad coordinates (539,1650) with 95% confidence
[TestNG-PoolService-0] INFO com.tonic.common.mobile.BasePage - 🔢 DIGIT MAPPED: '0' → Real keypad coordinates (439,1860) with 95% confidence
[TestNG-PoolService-0] INFO com.tonic.common.mobile.BasePage - 🔢 DIGIT MAPPED: '1' → Real keypad coordinates (431,1650) with 95% confidence
[TestNG-PoolService-0] INFO com.tonic.common.mobile.BasePage - 🔢 DIGIT MAPPED: '1' → Real keypad coordinates (431,1650) with 95% confidence
[TestNG-PoolService-0] INFO com.tonic.common.mobile.BasePage - 🔢 DIGIT MAPPED: '8' → Real keypad coordinates (539,1215) with 95% confidence
[TestNG-PoolService-0] INFO com.tonic.common.mobile.BasePage - 🔢 DIGIT MAPPED: '5' → Real keypad coordinates (539,1440) with 95% confidence
[TestNG-PoolService-0] INFO com.tonic.common.mobile.BasePage - 🔢 DIGIT MAPPED: '5' → Real keypad coordinates (539,1440) with 95% confidence
[TestNG-PoolService-0] INFO com.tonic.common.mobile.BasePage - 🔢 DIGIT MAPPED: '6' → Real keypad coordinates (647,1440) with 95% confidence
[TestNG-PoolService-0] INFO com.tonic.common.mobile.BasePage - 🔢 DIGIT MAPPED: '1' → Real keypad coordinates (431,1650) with 95% confidence
[TestNG-PoolService-0] INFO com.tonic.common.mobile.BasePage - 🔢 DIGIT MAPPED: '1' → Real keypad coordinates (431,1650) with 95% confidence
[TestNG-PoolService-0] INFO com.tonic.common.mobile.BasePage - 🔢 DIGIT MAPPED: '9' → Real keypad coordinates (647,1215) with 95% confidence
[TestNG-PoolService-0] INFO com.tonic.common.mobile.BasePage - 🔢 DIGIT MAPPED: '6' → Real keypad coordinates (647,1440) with 95% confidence
[TestNG-PoolService-0] INFO com.tonic.common.mobile.BasePage - 🔢 DIGIT MAPPED: '1' → Real keypad coordinates (431,1650) with 95% confidence
[TestNG-PoolService-0] INFO com.tonic.common.mobile.BasePage - 🔢 DIGIT MAPPED: '0' → Real keypad coordinates (439,1860) with 95% confidence
[TestNG-PoolService-0] INFO com.tonic.common.mobile.BasePage - 🔢 DIGIT MAPPED: '1' → Real keypad coordinates (431,1650) with 95% confidence
[TestNG-PoolService-0] INFO com.tonic.common.mobile.BasePage - 🔢 DIGIT MAPPED: '0' → Real keypad coordinates (439,1860) with 95% confidence
[TestNG-PoolService-0] INFO com.tonic.common.mobile.BasePage - 🔢 DIGIT MAPPED: '0' → Real keypad coordinates (439,1860) with 95% confidence
[TestNG-PoolService-0] INFO com.tonic.common.mobile.BasePage - 🔢 DIGIT MAPPED: '0' → Real keypad coordinates (439,1860) with 95% confidence
[TestNG-PoolService-0] INFO com.tonic.common.mobile.BasePage - 🔢 DIGIT MAPPED: '2' → Real keypad coordinates (539,1650) with 95% confidence
[TestNG-PoolService-0] INFO com.tonic.common.mobile.BasePage - 🔢 DIGIT MAPPED: '3' → Real keypad coordinates (647,1650) with 95% confidence
[TestNG-PoolService-0] INFO com.tonic.common.mobile.BasePage - 🔢 DIGIT MAPPED: '5' → Real keypad coordinates (539,1440) with 95% confidence
[TestNG-PoolService-0] INFO com.tonic.common.mobile.BasePage - 🔢 DIGIT MAPPED: '0' → Real keypad coordinates (439,1860) with 95% confidence
[TestNG-PoolService-0] INFO com.tonic.common.mobile.BasePage - 🔢 DIGIT MAPPED: '2' → Real keypad coordinates (539,1650) with 95% confidence
[TestNG-PoolService-0] INFO com.tonic.common.mobile.BasePage - 🔢 DIGIT MAPPED: '4' → Real keypad coordinates (439,1440) with 95% confidence
[TestNG-PoolService-0] INFO com.tonic.common.mobile.BasePage - 🔢 DIGIT MAPPED: '0' → Real keypad coordinates (439,1860) with 95% confidence
[TestNG-PoolService-0] INFO com.tonic.common.mobile.BasePage - 🔢 DIGIT MAPPED: '5' → Real keypad coordinates (539,1440) with 95% confidence
[TestNG-PoolService-0] INFO com.tonic.common.mobile.BasePage - 🔢 DIGIT MAPPED: '0' → Real keypad coordinates (439,1860) with 95% confidence
[TestNG-PoolService-0] INFO com.tonic.common.mobile.BasePage - 🔢 DIGIT MAPPED: '5' → Real keypad coordinates (539,1440) with 95% confidence
[TestNG-PoolService-0] INFO com.tonic.common.mobile.BasePage - 🔢 DIGIT MAPPED: '6' → Real keypad coordinates (647,1440) with 95% confidence
[TestNG-PoolService-0] INFO com.tonic.common.mobile.BasePage - 🔢 DIGIT MAPPED: '2' → Real keypad coordinates (539,1650) with 95% confidence
[TestNG-PoolService-0] INFO com.tonic.common.mobile.BasePage - 🔢 DIGIT MAPPED: '4' → Real keypad coordinates (439,1440) with 95% confidence
[TestNG-PoolService-0] INFO com.tonic.common.mobile.BasePage - 🔢 DIGIT MAPPED: '0' → Real keypad coordinates (439,1860) with 95% confidence
[TestNG-PoolService-0] INFO com.tonic.common.mobile.BasePage - 🔢 DIGIT MAPPED: '5' → Real keypad coordinates (539,1440) with 95% confidence
[TestNG-PoolService-0] INFO com.tonic.common.mobile.BasePage - 🔢 DIGIT MAPPED: '0' → Real keypad coordinates (439,1860) with 95% confidence
[TestNG-PoolService-0] INFO com.tonic.common.mobile.BasePage - 🔢 DIGIT MAPPED: '6' → Real keypad coordinates (647,1440) with 95% confidence
[TestNG-PoolService-0] INFO com.tonic.common.mobile.BasePage - 🔢 DIGIT MAPPED: '2' → Real keypad coordinates (539,1650) with 95% confidence
[TestNG-PoolService-0] INFO com.tonic.common.mobile.BasePage - 🔢 DIGIT MAPPED: '1' → Real keypad coordinates (431,1650) with 95% confidence
[TestNG-PoolService-0] INFO com.tonic.common.mobile.BasePage - 🔢 DIGIT MAPPED: '5' → Real keypad coordinates (539,1440) with 95% confidence
[TestNG-PoolService-0] INFO com.tonic.common.mobile.BasePage - 🔢 DIGIT MAPPED: '1' → Real keypad coordinates (431,1650) with 95% confidence
[TestNG-PoolService-0] INFO com.tonic.common.mobile.BasePage - 🔢 DIGIT MAPPED: '1' → Real keypad coordinates (431,1650) with 95% confidence
[TestNG-PoolService-0] INFO com.tonic.common.mobile.BasePage - 🔢 DIGIT MAPPED: '8' → Real keypad coordinates (539,1215) with 95% confidence
[TestNG-PoolService-0] INFO com.tonic.common.mobile.BasePage - 🔢 DIGIT MAPPED: '5' → Real keypad coordinates (539,1440) with 95% confidence
[TestNG-PoolService-0] INFO com.tonic.common.mobile.BasePage - 🔢 DIGIT MAPPED: '5' → Real keypad coordinates (539,1440) with 95% confidence
[TestNG-PoolService-0] INFO com.tonic.common.mobile.BasePage - 🔢 DIGIT MAPPED: '8' → Real keypad coordinates (539,1215) with 95% confidence
[TestNG-PoolService-0] INFO com.tonic.common.mobile.BasePage - 🔢 DIGIT MAPPED: '2' → Real keypad coordinates (539,1650) with 95% confidence
[TestNG-PoolService-0] INFO com.tonic.common.mobile.BasePage - 🔢 DIGIT MAPPED: '1' → Real keypad coordinates (431,1650) with 95% confidence
[TestNG-PoolService-0] INFO com.tonic.common.mobile.BasePage - 🔢 DIGIT MAPPED: '6' → Real keypad coordinates (647,1440) with 95% confidence
[TestNG-PoolService-0] INFO com.tonic.common.mobile.BasePage - 🔢 DIGIT MAPPED: '9' → Real keypad coordinates (647,1215) with 95% confidence
[TestNG-PoolService-0] INFO com.tonic.common.mobile.BasePage - 🔢 DIGIT MAPPED: '8' → Real keypad coordinates (539,1215) with 95% confidence
[TestNG-PoolService-0] INFO com.tonic.common.mobile.BasePage - 🔢 DIGIT MAPPED: '8' → Real keypad coordinates (539,1215) with 95% confidence
[TestNG-PoolService-0] INFO com.tonic.common.mobile.BasePage - 🔢 DIGIT MAPPED: '4' → Real keypad coordinates (439,1440) with 95% confidence
[TestNG-PoolService-0] INFO com.tonic.common.mobile.BasePage - 🔢 DIGIT MAPPED: '4' → Real keypad coordinates (439,1440) with 95% confidence
[TestNG-PoolService-0] INFO com.tonic.common.mobile.BasePage - 🔢 DIGIT MAPPED: '0' → Real keypad coordinates (439,1860) with 95% confidence
[TestNG-PoolService-0] INFO com.tonic.common.mobile.BasePage - 🔢 DIGIT MAPPED: '2' → Real keypad coordinates (539,1650) with 95% confidence
[TestNG-PoolService-0] INFO com.tonic.common.mobile.BasePage - 🔢 DIGIT MAPPED: '9' → Real keypad coordinates (647,1215) with 95% confidence
[TestNG-PoolService-0] INFO com.tonic.common.mobile.BasePage - 🔢 DIGIT MAPPED: '0' → Real keypad coordinates (439,1860) with 95% confidence
[TestNG-PoolService-0] INFO com.tonic.common.mobile.BasePage - 🔢 DIGIT MAPPED: '1' → Real keypad coordinates (431,1650) with 95% confidence
[TestNG-PoolService-0] INFO com.tonic.common.mobile.BasePage - 🔢 DIGIT MAPPED: '2' → Real keypad coordinates (539,1650) with 95% confidence
[TestNG-PoolService-0] INFO com.tonic.common.mobile.BasePage - 🔢 DIGIT MAPPED: '2' → Real keypad coordinates (539,1650) with 95% confidence
[TestNG-PoolService-0] INFO com.tonic.common.mobile.BasePage - 🔢 DIGIT MAPPED: '4' → Real keypad coordinates (439,1440) with 95% confidence
[TestNG-PoolService-0] INFO com.tonic.common.mobile.BasePage - 🔢 DIGIT MAPPED: '2' → Real keypad coordinates (539,1650) with 95% confidence
[TestNG-PoolService-0] INFO com.tonic.common.mobile.BasePage - 🔢 DIGIT MAPPED: '5' → Real keypad coordinates (539,1440) with 95% confidence
[TestNG-PoolService-0] INFO com.tonic.common.mobile.BasePage - 🔢 DIGIT MAPPED: '6' → Real keypad coordinates (647,1440) with 95% confidence
[TestNG-PoolService-0] INFO com.tonic.common.mobile.BasePage - 🔢 DIGIT MAPPED: '2' → Real keypad coordinates (539,1650) with 95% confidence
[TestNG-PoolService-0] INFO com.tonic.common.mobile.BasePage - 🔢 DIGIT MAPPED: '8' → Real keypad coordinates (539,1215) with 95% confidence
[TestNG-PoolService-0] INFO com.tonic.common.mobile.BasePage - 🔢 DIGIT MAPPED: '7' → Real keypad coordinates (427,1215) with 95% confidence
[TestNG-PoolService-0] INFO com.tonic.common.mobile.BasePage - 🔢 DIGIT MAPPED: '1' → Real keypad coordinates (431,1650) with 95% confidence
[TestNG-PoolService-0] INFO com.tonic.common.mobile.BasePage - 🔢 DIGIT MAPPED: '0' → Real keypad coordinates (439,1860) with 95% confidence
[TestNG-PoolService-0] INFO com.tonic.common.mobile.BasePage - 🔢 DIGIT MAPPED: '1' → Real keypad coordinates (431,1650) with 95% confidence
[TestNG-PoolService-0] INFO com.tonic.common.mobile.BasePage - 🔢 DIGIT MAPPED: '8' → Real keypad coordinates (539,1215) with 95% confidence
[TestNG-PoolService-0] INFO com.tonic.common.mobile.BasePage - 🔢 DIGIT MAPPED: '8' → Real keypad coordinates (539,1215) with 95% confidence
[TestNG-PoolService-0] INFO com.tonic.common.mobile.BasePage - 🔢 DIGIT MAPPED: '1' → Real keypad coordinates (431,1650) with 95% confidence
[TestNG-PoolService-0] INFO com.tonic.common.mobile.BasePage - 🔢 DIGIT MAPPED: '3' → Real keypad coordinates (647,1650) with 95% confidence
[TestNG-PoolService-0] INFO com.tonic.common.mobile.BasePage - 🔢 DIGIT MAPPED: '1' → Real keypad coordinates (431,1650) with 95% confidence
[TestNG-PoolService-0] INFO com.tonic.common.mobile.BasePage - 🔢 DIGIT MAPPED: '0' → Real keypad coordinates (439,1860) with 95% confidence
[TestNG-PoolService-0] INFO com.tonic.common.mobile.BasePage - 🔢 DIGIT MAPPED: '6' → Real keypad coordinates (647,1440) with 95% confidence
[TestNG-PoolService-0] INFO com.tonic.common.mobile.BasePage - 🔢 DIGIT MAPPED: '5' → Real keypad coordinates (539,1440) with 95% confidence
[TestNG-PoolService-0] INFO com.tonic.common.mobile.BasePage - 🔢 DIGIT MAPPED: '5' → Real keypad coordinates (539,1440) with 95% confidence
[TestNG-PoolService-0] INFO com.tonic.common.mobile.BasePage - 🔢 DIGIT MAPPED: '8' → Real keypad coordinates (539,1215) with 95% confidence
[TestNG-PoolService-0] INFO com.tonic.common.mobile.BasePage - 🔢 DIGIT MAPPED: '1' → Real keypad coordinates (431,1650) with 95% confidence
[TestNG-PoolService-0] INFO com.tonic.common.mobile.BasePage - 🔢 DIGIT MAPPED: '1' → Real keypad coordinates (431,1650) with 95% confidence
[TestNG-PoolService-0] INFO com.tonic.common.mobile.BasePage - 🔢 DIGIT MAPPED: '9' → Real keypad coordinates (647,1215) with 95% confidence
[TestNG-PoolService-0] INFO com.tonic.common.mobile.BasePage - 🔢 DIGIT MAPPED: '6' → Real keypad coordinates (647,1440) with 95% confidence
[TestNG-PoolService-0] INFO com.tonic.common.mobile.BasePage - 🔢 DIGIT MAPPED: '9' → Real keypad coordinates (647,1215) with 95% confidence
[TestNG-PoolService-0] INFO com.tonic.common.mobile.BasePage - 🔢 DIGIT MAPPED: '7' → Real keypad coordinates (427,1215) with 95% confidence
[TestNG-PoolService-0] INFO com.tonic.common.mobile.BasePage - 🔢 DIGIT MAPPED: '1' → Real keypad coordinates (431,1650) with 95% confidence
[TestNG-PoolService-0] INFO com.tonic.common.mobile.BasePage - 🔢 DIGIT MAPPED: '4' → Real keypad coordinates (439,1440) with 95% confidence
[TestNG-PoolService-0] INFO com.tonic.common.mobile.BasePage - 🔢 DIGIT MAPPED: '1' → Real keypad coordinates (431,1650) with 95% confidence
[TestNG-PoolService-0] INFO com.tonic.common.mobile.BasePage - 🔢 DIGIT MAPPED: '2' → Real keypad coordinates (539,1650) with 95% confidence
[TestNG-PoolService-0] INFO com.tonic.common.mobile.BasePage - 🔢 DIGIT MAPPED: '6' → Real keypad coordinates (647,1440) with 95% confidence
[TestNG-PoolService-0] INFO com.tonic.common.mobile.BasePage - 🔢 DIGIT MAPPED: '2' → Real keypad coordinates (539,1650) with 95% confidence
[TestNG-PoolService-0] INFO com.tonic.common.mobile.BasePage - 🔢 DIGIT MAPPED: '1' → Real keypad coordinates (431,1650) with 95% confidence
[TestNG-PoolService-0] INFO com.tonic.common.mobile.BasePage - 🔢 DIGIT MAPPED: '9' → Real keypad coordinates (647,1215) with 95% confidence
[TestNG-PoolService-0] INFO com.tonic.common.mobile.BasePage - 🔢 DIGIT MAPPED: '7' → Real keypad coordinates (427,1215) with 95% confidence
[TestNG-PoolService-0] INFO com.tonic.common.mobile.BasePage - 🔢 DIGIT MAPPED: '1' → Real keypad coordinates (431,1650) with 95% confidence
[TestNG-PoolService-0] INFO com.tonic.common.mobile.BasePage - 🔢 DIGIT MAPPED: '2' → Real keypad coordinates (539,1650) with 95% confidence
[TestNG-PoolService-0] INFO com.tonic.common.mobile.BasePage - 🔢 DIGIT MAPPED: '2' → Real keypad coordinates (539,1650) with 95% confidence
[TestNG-PoolService-0] INFO com.tonic.common.mobile.BasePage - 🔢 DIGIT MAPPED: '0' → Real keypad coordinates (439,1860) with 95% confidence
[TestNG-PoolService-0] INFO com.tonic.common.mobile.BasePage - 🔢 DIGIT MAPPED: '2' → Real keypad coordinates (539,1650) with 95% confidence
[TestNG-PoolService-0] INFO com.tonic.common.mobile.BasePage - 🔢 DIGIT MAPPED: '4' → Real keypad coordinates (439,1440) with 95% confidence
[TestNG-PoolService-0] INFO com.tonic.common.mobile.BasePage - 🔢 DIGIT MAPPED: '6' → Real keypad coordinates (647,1440) with 95% confidence
[TestNG-PoolService-0] INFO com.tonic.common.mobile.BasePage - 🔢 DIGIT MAPPED: '0' → Real keypad coordinates (439,1860) with 95% confidence
[TestNG-PoolService-0] INFO com.tonic.common.mobile.BasePage - 🔢 DIGIT MAPPED: '0' → Real keypad coordinates (439,1860) with 95% confidence
[TestNG-PoolService-0] INFO com.tonic.common.mobile.BasePage - 🔢 DIGIT MAPPED: '0' → Real keypad coordinates (439,1860) with 95% confidence
[TestNG-PoolService-0] INFO com.tonic.common.mobile.BasePage - 🔢 DIGIT MAPPED: '1' → Real keypad coordinates (431,1650) with 95% confidence
[TestNG-PoolService-0] INFO com.tonic.common.mobile.BasePage - 🔢 DIGIT MAPPED: '0' → Real keypad coordinates (439,1860) with 95% confidence
[TestNG-PoolService-0] INFO com.tonic.common.mobile.BasePage - 🔢 DIGIT MAPPED: '5' → Real keypad coordinates (539,1440) with 95% confidence
[TestNG-PoolService-0] INFO com.tonic.common.mobile.BasePage - 🔢 DIGIT MAPPED: '3' → Real keypad coordinates (647,1650) with 95% confidence
[TestNG-PoolService-0] INFO com.tonic.common.mobile.BasePage - 🔢 DIGIT MAPPED: '8' → Real keypad coordinates (539,1215) with 95% confidence
[TestNG-PoolService-0] INFO com.tonic.common.mobile.BasePage - 🔢 DIGIT MAPPED: '8' → Real keypad coordinates (539,1215) with 95% confidence
[TestNG-PoolService-0] INFO com.tonic.common.mobile.BasePage - 🔢 DIGIT MAPPED: '7' → Real keypad coordinates (427,1215) with 95% confidence
[TestNG-PoolService-0] INFO com.tonic.common.mobile.BasePage - 🔢 DIGIT MAPPED: '9' → Real keypad coordinates (647,1215) with 95% confidence
[TestNG-PoolService-0] INFO com.tonic.common.mobile.BasePage - 🔢 DIGIT MAPPED: '3' → Real keypad coordinates (647,1650) with 95% confidence
[TestNG-PoolService-0] INFO com.tonic.common.mobile.BasePage - 🔢 DIGIT MAPPED: '2' → Real keypad coordinates (539,1650) with 95% confidence
[TestNG-PoolService-0] INFO com.tonic.common.mobile.BasePage - 🔢 DIGIT MAPPED: '6' → Real keypad coordinates (647,1440) with 95% confidence
[TestNG-PoolService-0] INFO com.tonic.common.mobile.BasePage - 🔢 DIGIT MAPPED: '8' → Real keypad coordinates (539,1215) with 95% confidence
[TestNG-PoolService-0] INFO com.tonic.common.mobile.BasePage - 🔢 DIGIT MAPPED: '8' → Real keypad coordinates (539,1215) with 95% confidence
[TestNG-PoolService-0] INFO com.tonic.common.mobile.BasePage - 🔢 DIGIT MAPPED: '7' → Real keypad coordinates (427,1215) with 95% confidence
[TestNG-PoolService-0] INFO com.tonic.common.mobile.BasePage - 🔢 DIGIT MAPPED: '9' → Real keypad coordinates (647,1215) with 95% confidence
[TestNG-PoolService-0] INFO com.tonic.common.mobile.BasePage - 🔢 DIGIT MAPPED: '3' → Real keypad coordinates (647,1650) with 95% confidence
[TestNG-PoolService-0] INFO com.tonic.common.mobile.BasePage - 🔢 DIGIT MAPPED: '1' → Real keypad coordinates (431,1650) with 95% confidence
[TestNG-PoolService-0] INFO com.tonic.common.mobile.BasePage - 🔢 DIGIT MAPPED: '3' → Real keypad coordinates (647,1650) with 95% confidence
[TestNG-PoolService-0] INFO com.tonic.common.mobile.BasePage - 🔢 DIGIT MAPPED: '1' → Real keypad coordinates (431,1650) with 95% confidence
[TestNG-PoolService-0] INFO com.tonic.common.mobile.BasePage - 🔢 DIGIT MAPPED: '4' → Real keypad coordinates (439,1440) with 95% confidence
[TestNG-PoolService-0] INFO com.tonic.common.mobile.BasePage - 🔢 DIGIT MAPPED: '9' → Real keypad coordinates (647,1215) with 95% confidence
[TestNG-PoolService-0] INFO com.tonic.common.mobile.BasePage - 🔢 DIGIT MAPPED: '9' → Real keypad coordinates (647,1215) with 95% confidence
[TestNG-PoolService-0] INFO com.tonic.common.mobile.BasePage - 🔢 DIGIT MAPPED: '1' → Real keypad coordinates (431,1650) with 95% confidence
[TestNG-PoolService-0] INFO com.tonic.common.mobile.BasePage - 🔢 DIGIT MAPPED: '3' → Real keypad coordinates (647,1650) with 95% confidence
[TestNG-PoolService-0] INFO com.tonic.common.mobile.BasePage - 🔢 DIGIT MAPPED: '8' → Real keypad coordinates (539,1215) with 95% confidence
[TestNG-PoolService-0] INFO com.tonic.common.mobile.BasePage - 🔢 DIGIT MAPPED: '1' → Real keypad coordinates (431,1650) with 95% confidence
[TestNG-PoolService-0] INFO com.tonic.common.mobile.BasePage - 🔢 DIGIT MAPPED: '4' → Real keypad coordinates (439,1440) with 95% confidence
[TestNG-PoolService-0] INFO com.tonic.common.mobile.BasePage - 🔢 DIGIT MAPPED: '6' → Real keypad coordinates (647,1440) with 95% confidence
[TestNG-PoolService-0] INFO com.tonic.common.mobile.BasePage - 🔢 DIGIT MAPPED: '2' → Real keypad coordinates (539,1650) with 95% confidence
[TestNG-PoolService-0] INFO com.tonic.common.mobile.BasePage - 🔢 DIGIT MAPPED: '1' → Real keypad coordinates (431,1650) with 95% confidence
[TestNG-PoolService-0] INFO com.tonic.common.mobile.BasePage - 🔢 DIGIT MAPPED: '9' → Real keypad coordinates (647,1215) with 95% confidence
[TestNG-PoolService-0] INFO com.tonic.common.mobile.BasePage - 🔢 DIGIT MAPPED: '7' → Real keypad coordinates (427,1215) with 95% confidence
[TestNG-PoolService-0] INFO com.tonic.common.mobile.BasePage - 🔢 DIGIT MAPPED: '3' → Real keypad coordinates (647,1650) with 95% confidence
[TestNG-PoolService-0] INFO com.tonic.common.mobile.BasePage - 🔢 DIGIT MAPPED: '9' → Real keypad coordinates (647,1215) with 95% confidence
[TestNG-PoolService-0] INFO com.tonic.common.mobile.BasePage - 🔢 DIGIT MAPPED: '4' → Real keypad coordinates (439,1440) with 95% confidence
[TestNG-PoolService-0] INFO com.tonic.common.mobile.BasePage - 🔢 DIGIT MAPPED: '2' → Real keypad coordinates (539,1650) with 95% confidence
[TestNG-PoolService-0] INFO com.tonic.common.mobile.BasePage - 🔢 DIGIT MAPPED: '4' → Real keypad coordinates (439,1440) with 95% confidence
[TestNG-PoolService-0] INFO com.tonic.common.mobile.BasePage - 🔢 DIGIT MAPPED: '6' → Real keypad coordinates (647,1440) with 95% confidence
[TestNG-PoolService-0] INFO com.tonic.common.mobile.BasePage - 🔢 DIGIT MAPPED: '9' → Real keypad coordinates (647,1215) with 95% confidence
[TestNG-PoolService-0] INFO com.tonic.common.mobile.BasePage - 🔢 DIGIT MAPPED: '6' → Real keypad coordinates (647,1440) with 95% confidence
[TestNG-PoolService-0] INFO com.tonic.common.mobile.BasePage - 🔢 DIGIT MAPPED: '1' → Real keypad coordinates (431,1650) with 95% confidence
[TestNG-PoolService-0] INFO com.tonic.common.mobile.BasePage - 🔢 DIGIT MAPPED: '5' → Real keypad coordinates (539,1440) with 95% confidence
[TestNG-PoolService-0] INFO com.tonic.common.mobile.BasePage - 🔢 DIGIT MAPPED: '8' → Real keypad coordinates (539,1215) with 95% confidence
[TestNG-PoolService-0] INFO com.tonic.common.mobile.BasePage - 🔢 DIGIT MAPPED: '8' → Real keypad coordinates (539,1215) with 95% confidence
[TestNG-PoolService-0] INFO com.tonic.common.mobile.BasePage - 🔢 DIGIT MAPPED: '8' → Real keypad coordinates (539,1215) with 95% confidence
[TestNG-PoolService-0] INFO com.tonic.common.mobile.BasePage - 🔢 DIGIT MAPPED: '1' → Real keypad coordinates (431,1650) with 95% confidence
[TestNG-PoolService-0] INFO com.tonic.common.mobile.BasePage - 🔢 DIGIT MAPPED: '9' → Real keypad coordinates (647,1215) with 95% confidence
[TestNG-PoolService-0] INFO com.tonic.common.mobile.BasePage - 🔢 DIGIT MAPPED: '8' → Real keypad coordinates (539,1215) with 95% confidence
[TestNG-PoolService-0] INFO com.tonic.common.mobile.BasePage - 🔢 DIGIT MAPPED: '1' → Real keypad coordinates (431,1650) with 95% confidence
[TestNG-PoolService-0] INFO com.tonic.common.mobile.BasePage - 🔢 DIGIT MAPPED: '2' → Real keypad coordinates (539,1650) with 95% confidence
[TestNG-PoolService-0] INFO com.tonic.common.mobile.BasePage - 🔢 DIGIT MAPPED: '2' → Real keypad coordinates (539,1650) with 95% confidence
[TestNG-PoolService-0] INFO com.tonic.common.mobile.BasePage - 🔢 DIGIT MAPPED: '0' → Real keypad coordinates (439,1860) with 95% confidence
[TestNG-PoolService-0] INFO com.tonic.common.mobile.BasePage - 🔢 DIGIT MAPPED: '2' → Real keypad coordinates (539,1650) with 95% confidence
[TestNG-PoolService-0] INFO com.tonic.common.mobile.BasePage - 🔢 DIGIT MAPPED: '4' → Real keypad coordinates (439,1440) with 95% confidence
[TestNG-PoolService-0] INFO com.tonic.common.mobile.BasePage - 🔢 DIGIT MAPPED: '5' → Real keypad coordinates (539,1440) with 95% confidence
[TestNG-PoolService-0] INFO com.tonic.common.mobile.BasePage - 🔢 DIGIT MAPPED: '9' → Real keypad coordinates (647,1215) with 95% confidence
[TestNG-PoolService-0] INFO com.tonic.common.mobile.BasePage - 🔢 DIGIT MAPPED: '6' → Real keypad coordinates (647,1440) with 95% confidence
[TestNG-PoolService-0] INFO com.tonic.common.mobile.BasePage - 🔢 DIGIT MAPPED: '1' → Real keypad coordinates (431,1650) with 95% confidence
[TestNG-PoolService-0] INFO com.tonic.common.mobile.BasePage - 🔢 DIGIT MAPPED: '3' → Real keypad coordinates (647,1650) with 95% confidence
[TestNG-PoolService-0] INFO com.tonic.common.mobile.BasePage - 🔢 DIGIT MAPPED: '1' → Real keypad coordinates (431,1650) with 95% confidence
[TestNG-PoolService-0] INFO com.tonic.common.mobile.BasePage - 🔢 DIGIT MAPPED: '3' → Real keypad coordinates (647,1650) with 95% confidence
[TestNG-PoolService-0] INFO com.tonic.common.mobile.BasePage - 🔢 DIGIT MAPPED: '6' → Real keypad coordinates (647,1440) with 95% confidence
[TestNG-PoolService-0] INFO com.tonic.common.mobile.BasePage - 🔢 DIGIT MAPPED: '2' → Real keypad coordinates (539,1650) with 95% confidence
[TestNG-PoolService-0] INFO com.tonic.common.mobile.BasePage - 🔢 DIGIT MAPPED: '7' → Real keypad coordinates (427,1215) with 95% confidence
[TestNG-PoolService-0] INFO com.tonic.common.mobile.BasePage - 🔢 DIGIT MAPPED: '6' → Real keypad coordinates (647,1440) with 95% confidence
[TestNG-PoolService-0] INFO com.tonic.common.mobile.BasePage - 🔢 DIGIT MAPPED: '1' → Real keypad coordinates (431,1650) with 95% confidence
[TestNG-PoolService-0] INFO com.tonic.common.mobile.BasePage - 🔢 DIGIT MAPPED: '1' → Real keypad coordinates (431,1650) with 95% confidence
[TestNG-PoolService-0] INFO com.tonic.common.mobile.BasePage - 🔢 DIGIT MAPPED: '4' → Real keypad coordinates (439,1440) with 95% confidence
[TestNG-PoolService-0] INFO com.tonic.common.mobile.BasePage - 🔢 DIGIT MAPPED: '5' → Real keypad coordinates (539,1440) with 95% confidence
[TestNG-PoolService-0] INFO com.tonic.common.mobile.BasePage - 🔢 DIGIT MAPPED: '4' → Real keypad coordinates (439,1440) with 95% confidence
[TestNG-PoolService-0] INFO com.tonic.common.mobile.BasePage - 🔢 DIGIT MAPPED: '5' → Real keypad coordinates (539,1440) with 95% confidence
[TestNG-PoolService-0] INFO com.tonic.common.mobile.BasePage - 🔢 DIGIT MAPPED: '7' → Real keypad coordinates (427,1215) with 95% confidence
[TestNG-PoolService-0] INFO com.tonic.common.mobile.BasePage - 🔢 DIGIT MAPPED: '0' → Real keypad coordinates (439,1860) with 95% confidence
[TestNG-PoolService-0] INFO com.tonic.common.mobile.BasePage - 🔢 DIGIT MAPPED: '0' → Real keypad coordinates (439,1860) with 95% confidence
[TestNG-PoolService-0] INFO com.tonic.common.mobile.BasePage - 🔢 DIGIT MAPPED: '0' → Real keypad coordinates (439,1860) with 95% confidence
[TestNG-PoolService-0] INFO com.tonic.common.mobile.BasePage - 🔢 DIGIT MAPPED: '1' → Real keypad coordinates (431,1650) with 95% confidence
[TestNG-PoolService-0] INFO com.tonic.common.mobile.BasePage - 🔢 DIGIT MAPPED: '4' → Real keypad coordinates (439,1440) with 95% confidence
[TestNG-PoolService-0] INFO com.tonic.common.mobile.BasePage - 🔢 DIGIT MAPPED: '1' → Real keypad coordinates (431,1650) with 95% confidence
[TestNG-PoolService-0] INFO com.tonic.common.mobile.BasePage - 🔢 DIGIT MAPPED: '9' → Real keypad coordinates (647,1215) with 95% confidence
[TestNG-PoolService-0] INFO com.tonic.common.mobile.BasePage - 🔢 DIGIT MAPPED: '2' → Real keypad coordinates (539,1650) with 95% confidence
[TestNG-PoolService-0] INFO com.tonic.common.mobile.BasePage - 🔢 DIGIT MAPPED: '6' → Real keypad coordinates (647,1440) with 95% confidence
[TestNG-PoolService-0] INFO com.tonic.common.mobile.BasePage - 🔢 DIGIT MAPPED: '5' → Real keypad coordinates (539,1440) with 95% confidence
[TestNG-PoolService-0] INFO com.tonic.common.mobile.BasePage - 🔢 DIGIT MAPPED: '8' → Real keypad coordinates (539,1215) with 95% confidence
[TestNG-PoolService-0] INFO com.tonic.common.mobile.BasePage - 🔢 DIGIT MAPPED: '2' → Real keypad coordinates (539,1650) with 95% confidence
[TestNG-PoolService-0] INFO com.tonic.common.mobile.BasePage - 🔢 DIGIT MAPPED: '3' → Real keypad coordinates (647,1650) with 95% confidence
[TestNG-PoolService-0] INFO com.tonic.common.mobile.BasePage - 🔢 DIGIT MAPPED: '2' → Real keypad coordinates (539,1650) with 95% confidence
[TestNG-PoolService-0] INFO com.tonic.common.mobile.BasePage - 🔢 DIGIT MAPPED: '0' → Real keypad coordinates (439,1860) with 95% confidence
[TestNG-PoolService-0] INFO com.tonic.common.mobile.BasePage - 🔢 DIGIT MAPPED: '6' → Real keypad coordinates (647,1440) with 95% confidence
[TestNG-PoolService-0] INFO com.tonic.common.mobile.BasePage - 🔢 DIGIT MAPPED: '5' → Real keypad coordinates (539,1440) with 95% confidence
[TestNG-PoolService-0] INFO com.tonic.common.mobile.BasePage - 🔢 DIGIT MAPPED: '8' → Real keypad coordinates (539,1215) with 95% confidence
[TestNG-PoolService-0] INFO com.tonic.common.mobile.BasePage - 🔢 DIGIT MAPPED: '2' → Real keypad coordinates (539,1650) with 95% confidence
[TestNG-PoolService-0] INFO com.tonic.common.mobile.BasePage - 🔢 DIGIT MAPPED: '2' → Real keypad coordinates (539,1650) with 95% confidence
[TestNG-PoolService-0] INFO com.tonic.common.mobile.BasePage - 🔢 DIGIT MAPPED: '8' → Real keypad coordinates (539,1215) with 95% confidence
[TestNG-PoolService-0] INFO com.tonic.common.mobile.BasePage - 🔢 DIGIT MAPPED: '7' → Real keypad coordinates (427,1215) with 95% confidence
[TestNG-PoolService-0] INFO com.tonic.common.mobile.BasePage - 🔢 DIGIT MAPPED: '6' → Real keypad coordinates (647,1440) with 95% confidence
[TestNG-PoolService-0] INFO com.tonic.common.mobile.BasePage - 🔢 DIGIT MAPPED: '1' → Real keypad coordinates (431,1650) with 95% confidence
[TestNG-PoolService-0] INFO com.tonic.common.mobile.BasePage - 🔢 DIGIT MAPPED: '6' → Real keypad coordinates (647,1440) with 95% confidence
[TestNG-PoolService-0] INFO com.tonic.common.mobile.BasePage - 🔢 DIGIT MAPPED: '1' → Real keypad coordinates (431,1650) with 95% confidence
[TestNG-PoolService-0] INFO com.tonic.common.mobile.BasePage - 🔢 DIGIT MAPPED: '3' → Real keypad coordinates (647,1650) with 95% confidence
[TestNG-PoolService-0] INFO com.tonic.common.mobile.BasePage - 🔢 DIGIT MAPPED: '6' → Real keypad coordinates (647,1440) with 95% confidence
[TestNG-PoolService-0] INFO com.tonic.common.mobile.BasePage - 🔢 DIGIT MAPPED: '2' → Real keypad coordinates (539,1650) with 95% confidence
[TestNG-PoolService-0] INFO com.tonic.common.mobile.BasePage - 🔢 DIGIT MAPPED: '9' → Real keypad coordinates (647,1215) with 95% confidence
[TestNG-PoolService-0] INFO com.tonic.common.mobile.BasePage - 🔢 DIGIT MAPPED: '5' → Real keypad coordinates (539,1440) with 95% confidence
[TestNG-PoolService-0] INFO com.tonic.common.mobile.BasePage - 🔢 DIGIT MAPPED: '3' → Real keypad coordinates (647,1650) with 95% confidence
[TestNG-PoolService-0] INFO com.tonic.common.mobile.BasePage - 🔢 DIGIT MAPPED: '1' → Real keypad coordinates (431,1650) with 95% confidence
[TestNG-PoolService-0] INFO com.tonic.common.mobile.BasePage - 🔢 DIGIT MAPPED: '6' → Real keypad coordinates (647,1440) with 95% confidence
[TestNG-PoolService-0] INFO com.tonic.common.mobile.BasePage - 🔢 DIGIT MAPPED: '4' → Real keypad coordinates (439,1440) with 95% confidence
[TestNG-PoolService-0] INFO com.tonic.common.mobile.BasePage - 🔢 DIGIT MAPPED: '3' → Real keypad coordinates (647,1650) with 95% confidence
[TestNG-PoolService-0] INFO com.tonic.common.mobile.BasePage - 🔢 DIGIT MAPPED: '8' → Real keypad coordinates (539,1215) with 95% confidence
[TestNG-PoolService-0] INFO com.tonic.common.mobile.BasePage - 🔢 DIGIT MAPPED: '9' → Real keypad coordinates (647,1215) with 95% confidence
[TestNG-PoolService-0] INFO com.tonic.common.mobile.BasePage - 🔢 DIGIT MAPPED: '1' → Real keypad coordinates (431,1650) with 95% confidence
[TestNG-PoolService-0] INFO com.tonic.common.mobile.BasePage - 🔢 DIGIT MAPPED: '7' → Real keypad coordinates (427,1215) with 95% confidence
[TestNG-PoolService-0] INFO com.tonic.common.mobile.BasePage - 🔢 DIGIT MAPPED: '9' → Real keypad coordinates (647,1215) with 95% confidence
[TestNG-PoolService-0] INFO com.tonic.common.mobile.BasePage - 🔢 DIGIT MAPPED: '6' → Real keypad coordinates (647,1440) with 95% confidence
[TestNG-PoolService-0] INFO com.tonic.common.mobile.BasePage - 🔢 DIGIT MAPPED: '5' → Real keypad coordinates (539,1440) with 95% confidence
[TestNG-PoolService-0] INFO com.tonic.common.mobile.BasePage - 🔢 DIGIT MAPPED: '2' → Real keypad coordinates (539,1650) with 95% confidence
[TestNG-PoolService-0] INFO com.tonic.common.mobile.BasePage - 🔢 DIGIT MAPPED: '7' → Real keypad coordinates (427,1215) with 95% confidence
[TestNG-PoolService-0] INFO com.tonic.common.mobile.BasePage - 🔢 DIGIT MAPPED: '6' → Real keypad coordinates (647,1440) with 95% confidence
[TestNG-PoolService-0] INFO com.tonic.common.mobile.BasePage - 🔢 DIGIT MAPPED: '1' → Real keypad coordinates (431,1650) with 95% confidence
[TestNG-PoolService-0] INFO com.tonic.common.mobile.BasePage - 🔢 DIGIT MAPPED: '1' → Real keypad coordinates (431,1650) with 95% confidence
[TestNG-PoolService-0] INFO com.tonic.common.mobile.BasePage - 🔢 DIGIT MAPPED: '4' → Real keypad coordinates (439,1440) with 95% confidence
[TestNG-PoolService-0] INFO com.tonic.common.mobile.BasePage - 🔢 DIGIT MAPPED: '5' → Real keypad coordinates (539,1440) with 95% confidence
[TestNG-PoolService-0] INFO com.tonic.common.mobile.BasePage - 🔢 DIGIT MAPPED: '4' → Real keypad coordinates (439,1440) with 95% confidence
[TestNG-PoolService-0] INFO com.tonic.common.mobile.BasePage - 🔢 DIGIT MAPPED: '5' → Real keypad coordinates (539,1440) with 95% confidence
[TestNG-PoolService-0] INFO com.tonic.common.mobile.BasePage - 🔢 DIGIT MAPPED: '7' → Real keypad coordinates (427,1215) with 95% confidence
[TestNG-PoolService-0] INFO com.tonic.common.mobile.BasePage - 🔢 DIGIT MAPPED: '5' → Real keypad coordinates (539,1440) with 95% confidence
[TestNG-PoolService-0] INFO com.tonic.common.mobile.BasePage - 🔢 DIGIT MAPPED: '8' → Real keypad coordinates (539,1215) with 95% confidence
[TestNG-PoolService-0] INFO com.tonic.common.mobile.BasePage - 🔢 DIGIT MAPPED: '1' → Real keypad coordinates (431,1650) with 95% confidence
[TestNG-PoolService-0] INFO com.tonic.common.mobile.BasePage - 🔢 DIGIT MAPPED: '4' → Real keypad coordinates (439,1440) with 95% confidence
[TestNG-PoolService-0] INFO com.tonic.common.mobile.BasePage - 🔢 DIGIT MAPPED: '5' → Real keypad coordinates (539,1440) with 95% confidence
[TestNG-PoolService-0] INFO com.tonic.common.mobile.BasePage - 🔢 DIGIT MAPPED: '4' → Real keypad coordinates (439,1440) with 95% confidence
[TestNG-PoolService-0] INFO com.tonic.common.mobile.BasePage - 🔢 DIGIT MAPPED: '2' → Real keypad coordinates (539,1650) with 95% confidence
[TestNG-PoolService-0] INFO com.tonic.common.mobile.BasePage - 🔢 DIGIT MAPPED: '1' → Real keypad coordinates (431,1650) with 95% confidence
[TestNG-PoolService-0] INFO com.tonic.common.mobile.BasePage - 🔢 DIGIT MAPPED: '1' → Real keypad coordinates (431,1650) with 95% confidence
[TestNG-PoolService-0] INFO com.tonic.common.mobile.BasePage - 🔢 DIGIT MAPPED: '0' → Real keypad coordinates (439,1860) with 95% confidence
[TestNG-PoolService-0] INFO com.tonic.common.mobile.BasePage - 🔢 DIGIT MAPPED: '9' → Real keypad coordinates (647,1215) with 95% confidence
[TestNG-PoolService-0] INFO com.tonic.common.mobile.BasePage - 🔢 DIGIT MAPPED: '9' → Real keypad coordinates (647,1215) with 95% confidence
[TestNG-PoolService-0] INFO com.tonic.common.mobile.BasePage - 🔢 DIGIT MAPPED: '5' → Real keypad coordinates (539,1440) with 95% confidence
[TestNG-PoolService-0] INFO com.tonic.common.mobile.BasePage - 🔢 DIGIT MAPPED: '3' → Real keypad coordinates (647,1650) with 95% confidence
[TestNG-PoolService-0] INFO com.tonic.common.mobile.BasePage - 🔢 DIGIT MAPPED: '1' → Real keypad coordinates (431,1650) with 95% confidence
[TestNG-PoolService-0] INFO com.tonic.common.mobile.BasePage - 🔢 DIGIT MAPPED: '3' → Real keypad coordinates (647,1650) with 95% confidence
[TestNG-PoolService-0] INFO com.tonic.common.mobile.BasePage - 🔢 DIGIT MAPPED: '0' → Real keypad coordinates (439,1860) with 95% confidence
[TestNG-PoolService-0] INFO com.tonic.common.mobile.BasePage - 🔢 DIGIT MAPPED: '5' → Real keypad coordinates (539,1440) with 95% confidence
[TestNG-PoolService-0] INFO com.tonic.common.mobile.BasePage - 🔢 DIGIT MAPPED: '0' → Real keypad coordinates (439,1860) with 95% confidence
[TestNG-PoolService-0] INFO com.tonic.common.mobile.BasePage - 🔢 DIGIT MAPPED: '0' → Real keypad coordinates (439,1860) with 95% confidence
[TestNG-PoolService-0] INFO com.tonic.common.mobile.BasePage - 🔢 DIGIT MAPPED: '2' → Real keypad coordinates (539,1650) with 95% confidence
[TestNG-PoolService-0] INFO com.tonic.common.mobile.BasePage - 🔢 DIGIT MAPPED: '2' → Real keypad coordinates (539,1650) with 95% confidence
[TestNG-PoolService-0] INFO com.tonic.common.mobile.BasePage - 🔢 DIGIT MAPPED: '4' → Real keypad coordinates (439,1440) with 95% confidence
[TestNG-PoolService-0] INFO com.tonic.common.mobile.BasePage - 🔢 DIGIT MAPPED: '7' → Real keypad coordinates (427,1215) with 95% confidence
[TestNG-PoolService-0] INFO com.tonic.common.mobile.BasePage - 🔢 DIGIT MAPPED: '2' → Real keypad coordinates (539,1650) with 95% confidence
[TestNG-PoolService-0] INFO com.tonic.common.mobile.BasePage - 🔢 DIGIT MAPPED: '4' → Real keypad coordinates (439,1440) with 95% confidence
[TestNG-PoolService-0] INFO com.tonic.common.mobile.BasePage - 🔢 DIGIT MAPPED: '1' → Real keypad coordinates (431,1650) with 95% confidence
[TestNG-PoolService-0] INFO com.tonic.common.mobile.BasePage - 🔢 DIGIT MAPPED: '4' → Real keypad coordinates (439,1440) with 95% confidence
[TestNG-PoolService-0] INFO com.tonic.common.mobile.BasePage - 🔢 DIGIT MAPPED: '2' → Real keypad coordinates (539,1650) with 95% confidence
[TestNG-PoolService-0] INFO com.tonic.common.mobile.BasePage - 🔢 DIGIT MAPPED: '8' → Real keypad coordinates (539,1215) with 95% confidence
[TestNG-PoolService-0] INFO com.tonic.common.mobile.BasePage - 🔢 DIGIT MAPPED: '7' → Real keypad coordinates (427,1215) with 95% confidence
[TestNG-PoolService-0] INFO com.tonic.common.mobile.BasePage - 🔢 DIGIT MAPPED: '2' → Real keypad coordinates (539,1650) with 95% confidence
[TestNG-PoolService-0] INFO com.tonic.common.mobile.BasePage - 🔢 DIGIT MAPPED: '4' → Real keypad coordinates (439,1440) with 95% confidence
[TestNG-PoolService-0] INFO com.tonic.common.mobile.BasePage - 🔢 DIGIT MAPPED: '1' → Real keypad coordinates (431,1650) with 95% confidence
[TestNG-PoolService-0] INFO com.tonic.common.mobile.BasePage - 🔢 DIGIT MAPPED: '3' → Real keypad coordinates (647,1650) with 95% confidence
[TestNG-PoolService-0] INFO com.tonic.common.mobile.BasePage - 🔢 DIGIT MAPPED: '8' → Real keypad coordinates (539,1215) with 95% confidence
[TestNG-PoolService-0] INFO com.tonic.common.mobile.BasePage - 🔢 DIGIT MAPPED: '6' → Real keypad coordinates (647,1440) with 95% confidence
[TestNG-PoolService-0] INFO com.tonic.common.mobile.BasePage - 🔢 DIGIT MAPPED: '2' → Real keypad coordinates (539,1650) with 95% confidence
[TestNG-PoolService-0] INFO com.tonic.common.mobile.BasePage - 🔢 DIGIT MAPPED: '5' → Real keypad coordinates (539,1440) with 95% confidence
[TestNG-PoolService-0] INFO com.tonic.common.mobile.BasePage - 🔢 DIGIT MAPPED: '1' → Real keypad coordinates (431,1650) with 95% confidence
[TestNG-PoolService-0] INFO com.tonic.common.mobile.BasePage - 🔢 DIGIT MAPPED: '7' → Real keypad coordinates (427,1215) with 95% confidence
[TestNG-PoolService-0] INFO com.tonic.common.mobile.BasePage - 🔢 DIGIT MAPPED: '2' → Real keypad coordinates (539,1650) with 95% confidence
[TestNG-PoolService-0] INFO com.tonic.common.mobile.BasePage - 🔢 DIGIT MAPPED: '4' → Real keypad coordinates (439,1440) with 95% confidence
[TestNG-PoolService-0] INFO com.tonic.common.mobile.BasePage - 🔢 DIGIT MAPPED: '2' → Real keypad coordinates (539,1650) with 95% confidence
[TestNG-PoolService-0] INFO com.tonic.common.mobile.BasePage - 🔢 DIGIT MAPPED: '1' → Real keypad coordinates (431,1650) with 95% confidence
[TestNG-PoolService-0] INFO com.tonic.common.mobile.BasePage - 🔢 DIGIT MAPPED: '8' → Real keypad coordinates (539,1215) with 95% confidence
[TestNG-PoolService-0] INFO com.tonic.common.mobile.BasePage - 🔢 DIGIT MAPPED: '5' → Real keypad coordinates (539,1440) with 95% confidence
[TestNG-PoolService-0] INFO com.tonic.common.mobile.BasePage - 🔢 DIGIT MAPPED: '4' → Real keypad coordinates (439,1440) with 95% confidence
[TestNG-PoolService-0] INFO com.tonic.common.mobile.BasePage - 🔢 DIGIT MAPPED: '2' → Real keypad coordinates (539,1650) with 95% confidence
[TestNG-PoolService-0] INFO com.tonic.common.mobile.BasePage - 🔢 DIGIT MAPPED: '1' → Real keypad coordinates (431,1650) with 95% confidence
[TestNG-PoolService-0] INFO com.tonic.common.mobile.BasePage - 🔢 DIGIT MAPPED: '1' → Real keypad coordinates (431,1650) with 95% confidence
[TestNG-PoolService-0] INFO com.tonic.common.mobile.BasePage - 🔢 DIGIT MAPPED: '0' → Real keypad coordinates (439,1860) with 95% confidence
[TestNG-PoolService-0] INFO com.tonic.common.mobile.BasePage - 🔢 DIGIT MAPPED: '9' → Real keypad coordinates (647,1215) with 95% confidence
[TestNG-PoolService-0] INFO com.tonic.common.mobile.BasePage - 🔢 DIGIT MAPPED: '7' → Real keypad coordinates (427,1215) with 95% confidence
[TestNG-PoolService-0] INFO com.tonic.common.mobile.BasePage - 🔢 DIGIT MAPPED: '3' → Real keypad coordinates (647,1650) with 95% confidence
[TestNG-PoolService-0] INFO com.tonic.common.mobile.BasePage - 🔢 DIGIT MAPPED: '8' → Real keypad coordinates (539,1215) with 95% confidence
[TestNG-PoolService-0] INFO com.tonic.common.mobile.BasePage - 🔢 DIGIT MAPPED: '1' → Real keypad coordinates (431,1650) with 95% confidence
[TestNG-PoolService-0] INFO com.tonic.common.mobile.BasePage - 🔢 DIGIT MAPPED: '3' → Real keypad coordinates (647,1650) with 95% confidence
[TestNG-PoolService-0] INFO com.tonic.common.mobile.BasePage - 🔢 DIGIT MAPPED: '0' → Real keypad coordinates (439,1860) with 95% confidence
[TestNG-PoolService-0] INFO com.tonic.common.mobile.BasePage - 🔢 DIGIT MAPPED: '5' → Real keypad coordinates (539,1440) with 95% confidence
[TestNG-PoolService-0] INFO com.tonic.common.mobile.BasePage - 🔢 DIGIT MAPPED: '0' → Real keypad coordinates (439,1860) with 95% confidence
[TestNG-PoolService-0] INFO com.tonic.common.mobile.BasePage - 🔢 DIGIT MAPPED: '8' → Real keypad coordinates (539,1215) with 95% confidence
[TestNG-PoolService-0] INFO com.tonic.common.mobile.BasePage - 🔢 DIGIT MAPPED: '1' → Real keypad coordinates (431,1650) with 95% confidence
[TestNG-PoolService-0] INFO com.tonic.common.mobile.BasePage - 🔢 DIGIT MAPPED: '9' → Real keypad coordinates (647,1215) with 95% confidence
[TestNG-PoolService-0] INFO com.tonic.common.mobile.BasePage - 🔢 DIGIT MAPPED: '7' → Real keypad coordinates (427,1215) with 95% confidence
[TestNG-PoolService-0] INFO com.tonic.common.mobile.BasePage - 🔢 DIGIT MAPPED: '5' → Real keypad coordinates (539,1440) with 95% confidence
[TestNG-PoolService-0] INFO com.tonic.common.mobile.BasePage - 🔢 DIGIT MAPPED: '7' → Real keypad coordinates (427,1215) with 95% confidence
[TestNG-PoolService-0] INFO com.tonic.common.mobile.BasePage - 🔢 DIGIT MAPPED: '1' → Real keypad coordinates (431,1650) with 95% confidence
[TestNG-PoolService-0] INFO com.tonic.common.mobile.BasePage - 🔢 DIGIT MAPPED: '1' → Real keypad coordinates (431,1650) with 95% confidence
[TestNG-PoolService-0] INFO com.tonic.common.mobile.BasePage - 🔢 DIGIT MAPPED: '0' → Real keypad coordinates (439,1860) with 95% confidence
[TestNG-PoolService-0] INFO com.tonic.common.mobile.BasePage - 🔢 DIGIT MAPPED: '9' → Real keypad coordinates (647,1215) with 95% confidence
[TestNG-PoolService-0] INFO com.tonic.common.mobile.BasePage - 🔢 DIGIT MAPPED: '9' → Real keypad coordinates (647,1215) with 95% confidence
[TestNG-PoolService-0] INFO com.tonic.common.mobile.BasePage - 🔢 DIGIT MAPPED: '5' → Real keypad coordinates (539,1440) with 95% confidence
[TestNG-PoolService-0] INFO com.tonic.common.mobile.BasePage - 🔢 DIGIT MAPPED: '3' → Real keypad coordinates (647,1650) with 95% confidence
[TestNG-PoolService-0] INFO com.tonic.common.mobile.BasePage - 🔢 DIGIT MAPPED: '1' → Real keypad coordinates (431,1650) with 95% confidence
[TestNG-PoolService-0] INFO com.tonic.common.mobile.BasePage - 🔢 DIGIT MAPPED: '3' → Real keypad coordinates (647,1650) with 95% confidence
[TestNG-PoolService-0] INFO com.tonic.common.mobile.BasePage - 🔢 DIGIT MAPPED: '0' → Real keypad coordinates (439,1860) with 95% confidence
[TestNG-PoolService-0] INFO com.tonic.common.mobile.BasePage - 🔢 DIGIT MAPPED: '5' → Real keypad coordinates (539,1440) with 95% confidence
[TestNG-PoolService-0] INFO com.tonic.common.mobile.BasePage - 🔢 DIGIT MAPPED: '0' → Real keypad coordinates (439,1860) with 95% confidence
[TestNG-PoolService-0] INFO com.tonic.common.mobile.BasePage - 🔢 DIGIT MAPPED: '9' → Real keypad coordinates (647,1215) with 95% confidence
[TestNG-PoolService-0] INFO com.tonic.common.mobile.BasePage - 🔢 DIGIT MAPPED: '1' → Real keypad coordinates (431,1650) with 95% confidence
[TestNG-PoolService-0] INFO com.tonic.common.mobile.BasePage - 🔢 DIGIT MAPPED: '5' → Real keypad coordinates (539,1440) with 95% confidence
[TestNG-PoolService-0] INFO com.tonic.common.mobile.BasePage - 🔢 DIGIT MAPPED: '7' → Real keypad coordinates (427,1215) with 95% confidence
[TestNG-PoolService-0] INFO com.tonic.common.mobile.BasePage - 🔢 DIGIT MAPPED: '5' → Real keypad coordinates (539,1440) with 95% confidence
[TestNG-PoolService-0] INFO com.tonic.common.mobile.BasePage - 🔢 DIGIT MAPPED: '7' → Real keypad coordinates (427,1215) with 95% confidence
[TestNG-PoolService-0] INFO com.tonic.common.mobile.BasePage - 🔢 DIGIT MAPPED: '1' → Real keypad coordinates (431,1650) with 95% confidence
[TestNG-PoolService-0] INFO com.tonic.common.mobile.BasePage - 🔢 DIGIT MAPPED: '3' → Real keypad coordinates (647,1650) with 95% confidence
[TestNG-PoolService-0] INFO com.tonic.common.mobile.BasePage - 🔢 DIGIT MAPPED: '2' → Real keypad coordinates (539,1650) with 95% confidence
[TestNG-PoolService-0] INFO com.tonic.common.mobile.BasePage - 🔢 DIGIT MAPPED: '4' → Real keypad coordinates (439,1440) with 95% confidence
[TestNG-PoolService-0] INFO com.tonic.common.mobile.BasePage - 🔢 DIGIT MAPPED: '9' → Real keypad coordinates (647,1215) with 95% confidence
[TestNG-PoolService-0] INFO com.tonic.common.mobile.BasePage - 🔢 DIGIT MAPPED: '5' → Real keypad coordinates (539,1440) with 95% confidence
[TestNG-PoolService-0] INFO com.tonic.common.mobile.BasePage - 🔢 DIGIT MAPPED: '3' → Real keypad coordinates (647,1650) with 95% confidence
[TestNG-PoolService-0] INFO com.tonic.common.mobile.BasePage - 🔢 DIGIT MAPPED: '1' → Real keypad coordinates (431,1650) with 95% confidence
[TestNG-PoolService-0] INFO com.tonic.common.mobile.BasePage - 🔢 DIGIT MAPPED: '5' → Real keypad coordinates (539,1440) with 95% confidence
[TestNG-PoolService-0] INFO com.tonic.common.mobile.BasePage - 🔢 DIGIT MAPPED: '2' → Real keypad coordinates (539,1650) with 95% confidence
[TestNG-PoolService-0] INFO com.tonic.common.mobile.BasePage - 🔢 DIGIT MAPPED: '0' → Real keypad coordinates (439,1860) with 95% confidence
[TestNG-PoolService-0] INFO com.tonic.common.mobile.BasePage - 🔢 DIGIT MAPPED: '0' → Real keypad coordinates (439,1860) with 95% confidence
[TestNG-PoolService-0] INFO com.tonic.common.mobile.BasePage - 🔢 DIGIT MAPPED: '0' → Real keypad coordinates (439,1860) with 95% confidence
[TestNG-PoolService-0] INFO com.tonic.common.mobile.BasePage - 🔢 DIGIT MAPPED: '2' → Real keypad coordinates (539,1650) with 95% confidence
[TestNG-PoolService-0] INFO com.tonic.common.mobile.BasePage - 🔢 DIGIT MAPPED: '2' → Real keypad coordinates (539,1650) with 95% confidence
[TestNG-PoolService-0] INFO com.tonic.common.mobile.BasePage - 🔢 DIGIT MAPPED: '4' → Real keypad coordinates (439,1440) with 95% confidence
[TestNG-PoolService-0] INFO com.tonic.common.mobile.BasePage - 🔢 DIGIT MAPPED: '7' → Real keypad coordinates (427,1215) with 95% confidence
[TestNG-PoolService-0] INFO com.tonic.common.mobile.BasePage - 🔢 DIGIT MAPPED: '2' → Real keypad coordinates (539,1650) with 95% confidence
[TestNG-PoolService-0] INFO com.tonic.common.mobile.BasePage - 🔢 DIGIT MAPPED: '4' → Real keypad coordinates (439,1440) with 95% confidence
[TestNG-PoolService-0] INFO com.tonic.common.mobile.BasePage - 🔢 DIGIT MAPPED: '1' → Real keypad coordinates (431,1650) with 95% confidence
[TestNG-PoolService-0] INFO com.tonic.common.mobile.BasePage - 🔢 DIGIT MAPPED: '4' → Real keypad coordinates (439,1440) with 95% confidence
[TestNG-PoolService-0] INFO com.tonic.common.mobile.BasePage - 🔢 DIGIT MAPPED: '2' → Real keypad coordinates (539,1650) with 95% confidence
[TestNG-PoolService-0] INFO com.tonic.common.mobile.BasePage - 🔢 DIGIT MAPPED: '8' → Real keypad coordinates (539,1215) with 95% confidence
[TestNG-PoolService-0] INFO com.tonic.common.mobile.BasePage - 🔢 DIGIT MAPPED: '7' → Real keypad coordinates (427,1215) with 95% confidence
[TestNG-PoolService-0] INFO com.tonic.common.mobile.BasePage - 🔢 DIGIT MAPPED: '2' → Real keypad coordinates (539,1650) with 95% confidence
[TestNG-PoolService-0] INFO com.tonic.common.mobile.BasePage - 🔢 DIGIT MAPPED: '4' → Real keypad coordinates (439,1440) with 95% confidence
[TestNG-PoolService-0] INFO com.tonic.common.mobile.BasePage - 🔢 DIGIT MAPPED: '1' → Real keypad coordinates (431,1650) with 95% confidence
[TestNG-PoolService-0] INFO com.tonic.common.mobile.BasePage - 🔢 DIGIT MAPPED: '3' → Real keypad coordinates (647,1650) with 95% confidence
[TestNG-PoolService-0] INFO com.tonic.common.mobile.BasePage - 🔢 DIGIT MAPPED: '8' → Real keypad coordinates (539,1215) with 95% confidence
[TestNG-PoolService-0] INFO com.tonic.common.mobile.BasePage - 🔢 DIGIT MAPPED: '6' → Real keypad coordinates (647,1440) with 95% confidence
[TestNG-PoolService-0] INFO com.tonic.common.mobile.BasePage - 🔢 DIGIT MAPPED: '2' → Real keypad coordinates (539,1650) with 95% confidence
[TestNG-PoolService-0] INFO com.tonic.common.mobile.BasePage - 🔢 DIGIT MAPPED: '5' → Real keypad coordinates (539,1440) with 95% confidence
[TestNG-PoolService-0] INFO com.tonic.common.mobile.BasePage - 🔢 DIGIT MAPPED: '1' → Real keypad coordinates (431,1650) with 95% confidence
[TestNG-PoolService-0] INFO com.tonic.common.mobile.BasePage - 🔢 DIGIT MAPPED: '7' → Real keypad coordinates (427,1215) with 95% confidence
[TestNG-PoolService-0] INFO com.tonic.common.mobile.BasePage - 🔢 DIGIT MAPPED: '2' → Real keypad coordinates (539,1650) with 95% confidence
[TestNG-PoolService-0] INFO com.tonic.common.mobile.BasePage - 🔢 DIGIT MAPPED: '4' → Real keypad coordinates (439,1440) with 95% confidence
[TestNG-PoolService-0] INFO com.tonic.common.mobile.BasePage - 🔢 DIGIT MAPPED: '2' → Real keypad coordinates (539,1650) with 95% confidence
[TestNG-PoolService-0] INFO com.tonic.common.mobile.BasePage - 🔢 DIGIT MAPPED: '1' → Real keypad coordinates (431,1650) with 95% confidence
[TestNG-PoolService-0] INFO com.tonic.common.mobile.BasePage - 🔢 DIGIT MAPPED: '1' → Real keypad coordinates (431,1650) with 95% confidence
[TestNG-PoolService-0] INFO com.tonic.common.mobile.BasePage - 🔢 DIGIT MAPPED: '0' → Real keypad coordinates (439,1860) with 95% confidence
[TestNG-PoolService-0] INFO com.tonic.common.mobile.BasePage - 🔢 DIGIT MAPPED: '7' → Real keypad coordinates (427,1215) with 95% confidence
[TestNG-PoolService-0] INFO com.tonic.common.mobile.BasePage - 🔢 DIGIT MAPPED: '5' → Real keypad coordinates (539,1440) with 95% confidence
[TestNG-PoolService-0] INFO com.tonic.common.mobile.BasePage - 🔢 DIGIT MAPPED: '7' → Real keypad coordinates (427,1215) with 95% confidence
[TestNG-PoolService-0] INFO com.tonic.common.mobile.BasePage - 🔢 DIGIT MAPPED: '1' → Real keypad coordinates (431,1650) with 95% confidence
[TestNG-PoolService-0] INFO com.tonic.common.mobile.BasePage - 🔢 DIGIT MAPPED: '3' → Real keypad coordinates (647,1650) with 95% confidence
[TestNG-PoolService-0] INFO com.tonic.common.mobile.BasePage - 🔢 DIGIT MAPPED: '2' → Real keypad coordinates (539,1650) with 95% confidence
[TestNG-PoolService-0] INFO com.tonic.common.mobile.BasePage - 🔢 DIGIT MAPPED: '4' → Real keypad coordinates (439,1440) with 95% confidence
[TestNG-PoolService-0] INFO com.tonic.common.mobile.BasePage - 🔢 DIGIT MAPPED: '9' → Real keypad coordinates (647,1215) with 95% confidence
[TestNG-PoolService-0] INFO com.tonic.common.mobile.BasePage - 🔢 DIGIT MAPPED: '5' → Real keypad coordinates (539,1440) with 95% confidence
[TestNG-PoolService-0] INFO com.tonic.common.mobile.BasePage - 🔢 DIGIT MAPPED: '3' → Real keypad coordinates (647,1650) with 95% confidence
[TestNG-PoolService-0] INFO com.tonic.common.mobile.BasePage - 🔢 DIGIT MAPPED: '1' → Real keypad coordinates (431,1650) with 95% confidence
[TestNG-PoolService-0] INFO com.tonic.common.mobile.BasePage - 🔢 DIGIT MAPPED: '5' → Real keypad coordinates (539,1440) with 95% confidence
[TestNG-PoolService-0] INFO com.tonic.common.mobile.BasePage - 🔢 DIGIT MAPPED: '2' → Real keypad coordinates (539,1650) with 95% confidence
[TestNG-PoolService-0] INFO com.tonic.common.mobile.BasePage - 🔢 DIGIT MAPPED: '0' → Real keypad coordinates (439,1860) with 95% confidence
[TestNG-PoolService-0] INFO com.tonic.common.mobile.BasePage - 🔢 DIGIT MAPPED: '7' → Real keypad coordinates (427,1215) with 95% confidence
[TestNG-PoolService-0] INFO com.tonic.common.mobile.BasePage - 🔢 DIGIT MAPPED: '4' → Real keypad coordinates (439,1440) with 95% confidence
[TestNG-PoolService-0] INFO com.tonic.common.mobile.BasePage - 🔢 DIGIT MAPPED: '6' → Real keypad coordinates (647,1440) with 95% confidence
[TestNG-PoolService-0] INFO com.tonic.common.mobile.BasePage - 🔢 DIGIT MAPPED: '1' → Real keypad coordinates (431,1650) with 95% confidence
[TestNG-PoolService-0] INFO com.tonic.common.mobile.BasePage - 🔢 DIGIT MAPPED: '2' → Real keypad coordinates (539,1650) with 95% confidence
[TestNG-PoolService-0] INFO com.tonic.common.mobile.BasePage - 🔢 DIGIT MAPPED: '0' → Real keypad coordinates (439,1860) with 95% confidence
[TestNG-PoolService-0] INFO com.tonic.common.mobile.BasePage - 🔢 DIGIT MAPPED: '2' → Real keypad coordinates (539,1650) with 95% confidence
[TestNG-PoolService-0] INFO com.tonic.common.mobile.BasePage - 🔢 DIGIT MAPPED: '5' → Real keypad coordinates (539,1440) with 95% confidence
[TestNG-PoolService-0] INFO com.tonic.common.mobile.BasePage - 🔢 DIGIT MAPPED: '9' → Real keypad coordinates (647,1215) with 95% confidence
[TestNG-PoolService-0] INFO com.tonic.common.mobile.BasePage - 🔢 DIGIT MAPPED: '7' → Real keypad coordinates (427,1215) with 95% confidence
[TestNG-PoolService-0] INFO com.tonic.common.mobile.BasePage - 🔢 DIGIT MAPPED: '1' → Real keypad coordinates (431,1650) with 95% confidence
[TestNG-PoolService-0] INFO com.tonic.common.mobile.BasePage - 🔢 DIGIT MAPPED: '2' → Real keypad coordinates (539,1650) with 95% confidence
[TestNG-PoolService-0] INFO com.tonic.common.mobile.BasePage - 🔢 DIGIT MAPPED: '8' → Real keypad coordinates (539,1215) with 95% confidence
[TestNG-PoolService-0] INFO com.tonic.common.mobile.BasePage - 🔢 DIGIT MAPPED: '0' → Real keypad coordinates (439,1860) with 95% confidence
[TestNG-PoolService-0] INFO com.tonic.common.mobile.BasePage - 🔢 DIGIT MAPPED: '2' → Real keypad coordinates (539,1650) with 95% confidence
[TestNG-PoolService-0] INFO com.tonic.common.mobile.BasePage - 🔢 DIGIT MAPPED: '7' → Real keypad coordinates (427,1215) with 95% confidence
[TestNG-PoolService-0] INFO com.tonic.common.mobile.BasePage - 🔢 DIGIT MAPPED: '8' → Real keypad coordinates (539,1215) with 95% confidence
[TestNG-PoolService-0] INFO com.tonic.common.mobile.BasePage - 🔢 DIGIT MAPPED: '4' → Real keypad coordinates (439,1440) with 95% confidence
[TestNG-PoolService-0] INFO com.tonic.common.mobile.BasePage - 🔢 DIGIT MAPPED: '1' → Real keypad coordinates (431,1650) with 95% confidence
[TestNG-PoolService-0] INFO com.tonic.common.mobile.BasePage - 🔢 DIGIT MAPPED: '6' → Real keypad coordinates (647,1440) with 95% confidence
[TestNG-PoolService-0] INFO com.tonic.common.mobile.BasePage - 🔢 DIGIT MAPPED: '1' → Real keypad coordinates (431,1650) with 95% confidence
[TestNG-PoolService-0] INFO com.tonic.common.mobile.BasePage - 🔢 DIGIT MAPPED: '1' → Real keypad coordinates (431,1650) with 95% confidence
[TestNG-PoolService-0] INFO com.tonic.common.mobile.BasePage - 🔢 DIGIT MAPPED: '0' → Real keypad coordinates (439,1860) with 95% confidence
[TestNG-PoolService-0] INFO com.tonic.common.mobile.BasePage - 🔢 DIGIT MAPPED: '3' → Real keypad coordinates (647,1650) with 95% confidence
[TestNG-PoolService-0] INFO com.tonic.common.mobile.BasePage - 🔢 DIGIT MAPPED: '2' → Real keypad coordinates (539,1650) with 95% confidence
[TestNG-PoolService-0] INFO com.tonic.common.mobile.BasePage - 🔢 DIGIT MAPPED: '5' → Real keypad coordinates (539,1440) with 95% confidence
[TestNG-PoolService-0] INFO com.tonic.common.mobile.BasePage - 🔢 DIGIT MAPPED: '9' → Real keypad coordinates (647,1215) with 95% confidence
[TestNG-PoolService-0] INFO com.tonic.common.mobile.BasePage - 🔢 DIGIT MAPPED: '7' → Real keypad coordinates (427,1215) with 95% confidence
[TestNG-PoolService-0] INFO com.tonic.common.mobile.BasePage - 🔢 DIGIT MAPPED: '1' → Real keypad coordinates (431,1650) with 95% confidence
[TestNG-PoolService-0] INFO com.tonic.common.mobile.BasePage - 🔢 DIGIT MAPPED: '2' → Real keypad coordinates (539,1650) with 95% confidence
[TestNG-PoolService-0] INFO com.tonic.common.mobile.BasePage - 🔢 DIGIT MAPPED: '6' → Real keypad coordinates (647,1440) with 95% confidence
[TestNG-PoolService-0] INFO com.tonic.common.mobile.BasePage - 🔢 DIGIT MAPPED: '1' → Real keypad coordinates (431,1650) with 95% confidence
[TestNG-PoolService-0] INFO com.tonic.common.mobile.BasePage - 🔢 DIGIT MAPPED: '2' → Real keypad coordinates (539,1650) with 95% confidence
[TestNG-PoolService-0] INFO com.tonic.common.mobile.BasePage - 🔢 DIGIT MAPPED: '6' → Real keypad coordinates (647,1440) with 95% confidence
[TestNG-PoolService-0] INFO com.tonic.common.mobile.BasePage - 🔢 DIGIT MAPPED: '5' → Real keypad coordinates (539,1440) with 95% confidence
[TestNG-PoolService-0] INFO com.tonic.common.mobile.BasePage - 🔢 DIGIT MAPPED: '4' → Real keypad coordinates (439,1440) with 95% confidence
[TestNG-PoolService-0] INFO com.tonic.common.mobile.BasePage - 🔢 DIGIT MAPPED: '0' → Real keypad coordinates (439,1860) with 95% confidence
[TestNG-PoolService-0] INFO com.tonic.common.mobile.BasePage - 🔢 DIGIT MAPPED: '0' → Real keypad coordinates (439,1860) with 95% confidence
[TestNG-PoolService-0] INFO com.tonic.common.mobile.BasePage - 🔢 DIGIT MAPPED: '6' → Real keypad coordinates (647,1440) with 95% confidence
[TestNG-PoolService-0] INFO com.tonic.common.mobile.BasePage - 🔢 DIGIT MAPPED: '5' → Real keypad coordinates (539,1440) with 95% confidence
[TestNG-PoolService-0] INFO com.tonic.common.mobile.BasePage - 🔢 DIGIT MAPPED: '3' → Real keypad coordinates (647,1650) with 95% confidence
[TestNG-PoolService-0] INFO com.tonic.common.mobile.BasePage - 🔢 DIGIT MAPPED: '9' → Real keypad coordinates (647,1215) with 95% confidence
[TestNG-PoolService-0] INFO com.tonic.common.mobile.BasePage - 🔢 DIGIT MAPPED: '2' → Real keypad coordinates (539,1650) with 95% confidence
[TestNG-PoolService-0] INFO com.tonic.common.mobile.BasePage - 🔢 DIGIT MAPPED: '4' → Real keypad coordinates (439,1440) with 95% confidence
[TestNG-PoolService-0] INFO com.tonic.common.mobile.BasePage - 🔢 DIGIT MAPPED: '0' → Real keypad coordinates (439,1860) with 95% confidence
[TestNG-PoolService-0] INFO com.tonic.common.mobile.BasePage - 🔢 DIGIT MAPPED: '3' → Real keypad coordinates (647,1650) with 95% confidence
[TestNG-PoolService-0] INFO com.tonic.common.mobile.BasePage - 🔢 DIGIT MAPPED: '8' → Real keypad coordinates (539,1215) with 95% confidence
[TestNG-PoolService-0] INFO com.tonic.common.mobile.BasePage - 🔢 DIGIT MAPPED: '3' → Real keypad coordinates (647,1650) with 95% confidence
[TestNG-PoolService-0] INFO com.tonic.common.mobile.BasePage - 🔢 DIGIT MAPPED: '9' → Real keypad coordinates (647,1215) with 95% confidence
[TestNG-PoolService-0] INFO com.tonic.common.mobile.BasePage - 🔢 DIGIT MAPPED: '2' → Real keypad coordinates (539,1650) with 95% confidence
[TestNG-PoolService-0] INFO com.tonic.common.mobile.BasePage - 🔢 DIGIT MAPPED: '4' → Real keypad coordinates (439,1440) with 95% confidence
[TestNG-PoolService-0] INFO com.tonic.common.mobile.BasePage - 🔢 DIGIT MAPPED: '0' → Real keypad coordinates (439,1860) with 95% confidence
[TestNG-PoolService-0] INFO com.tonic.common.mobile.BasePage - 🔢 DIGIT MAPPED: '5' → Real keypad coordinates (539,1440) with 95% confidence
[TestNG-PoolService-0] INFO com.tonic.common.mobile.BasePage - 🔢 DIGIT MAPPED: '5' → Real keypad coordinates (539,1440) with 95% confidence
[TestNG-PoolService-0] INFO com.tonic.common.mobile.BasePage - 🔢 DIGIT MAPPED: '1' → Real keypad coordinates (431,1650) with 95% confidence
[TestNG-PoolService-0] INFO com.tonic.common.mobile.BasePage - 🔢 DIGIT MAPPED: '8' → Real keypad coordinates (539,1215) with 95% confidence
[TestNG-PoolService-0] INFO com.tonic.common.mobile.BasePage - 🔢 DIGIT MAPPED: '1' → Real keypad coordinates (431,1650) with 95% confidence
[TestNG-PoolService-0] INFO com.tonic.common.mobile.BasePage - 🔢 DIGIT MAPPED: '1' → Real keypad coordinates (431,1650) with 95% confidence
[TestNG-PoolService-0] INFO com.tonic.common.mobile.BasePage - 🔢 DIGIT MAPPED: '1' → Real keypad coordinates (431,1650) with 95% confidence
[TestNG-PoolService-0] INFO com.tonic.common.mobile.BasePage - 🔢 DIGIT MAPPED: '1' → Real keypad coordinates (431,1650) with 95% confidence
[TestNG-PoolService-0] INFO com.tonic.common.mobile.BasePage - 🔢 DIGIT MAPPED: '1' → Real keypad coordinates (431,1650) with 95% confidence
[TestNG-PoolService-0] INFO com.tonic.common.mobile.BasePage - 🔢 DIGIT MAPPED: '0' → Real keypad coordinates (439,1860) with 95% confidence
[TestNG-PoolService-0] INFO com.tonic.common.mobile.BasePage - 🔢 DIGIT MAPPED: '3' → Real keypad coordinates (647,1650) with 95% confidence
[TestNG-PoolService-0] INFO com.tonic.common.mobile.BasePage - 🔢 DIGIT MAPPED: '2' → Real keypad coordinates (539,1650) with 95% confidence
[TestNG-PoolService-0] INFO com.tonic.common.mobile.BasePage - 🔢 DIGIT MAPPED: '5' → Real keypad coordinates (539,1440) with 95% confidence
[TestNG-PoolService-0] INFO com.tonic.common.mobile.BasePage - 🔢 DIGIT MAPPED: '9' → Real keypad coordinates (647,1215) with 95% confidence
[TestNG-PoolService-0] INFO com.tonic.common.mobile.BasePage - 🔢 DIGIT MAPPED: '7' → Real keypad coordinates (427,1215) with 95% confidence
[TestNG-PoolService-0] INFO com.tonic.common.mobile.BasePage - 🔢 DIGIT MAPPED: '1' → Real keypad coordinates (431,1650) with 95% confidence
[TestNG-PoolService-0] INFO com.tonic.common.mobile.BasePage - 🔢 DIGIT MAPPED: '2' → Real keypad coordinates (539,1650) with 95% confidence
[TestNG-PoolService-0] INFO com.tonic.common.mobile.BasePage - 🔢 DIGIT MAPPED: '6' → Real keypad coordinates (647,1440) with 95% confidence
[TestNG-PoolService-0] INFO com.tonic.common.mobile.BasePage - 🔢 DIGIT MAPPED: '1' → Real keypad coordinates (431,1650) with 95% confidence
[TestNG-PoolService-0] INFO com.tonic.common.mobile.BasePage - 🔢 DIGIT MAPPED: '2' → Real keypad coordinates (539,1650) with 95% confidence
[TestNG-PoolService-0] INFO com.tonic.common.mobile.BasePage - 🔢 DIGIT MAPPED: '6' → Real keypad coordinates (647,1440) with 95% confidence
[TestNG-PoolService-0] INFO com.tonic.common.mobile.BasePage - 🔢 DIGIT MAPPED: '5' → Real keypad coordinates (539,1440) with 95% confidence
[TestNG-PoolService-0] INFO com.tonic.common.mobile.BasePage - 🔢 DIGIT MAPPED: '4' → Real keypad coordinates (439,1440) with 95% confidence
[TestNG-PoolService-0] INFO com.tonic.common.mobile.BasePage - 🔢 DIGIT MAPPED: '9' → Real keypad coordinates (647,1215) with 95% confidence
[TestNG-PoolService-0] INFO com.tonic.common.mobile.BasePage - 🔢 DIGIT MAPPED: '6' → Real keypad coordinates (647,1440) with 95% confidence
[TestNG-PoolService-0] INFO com.tonic.common.mobile.BasePage - 🔢 DIGIT MAPPED: '1' → Real keypad coordinates (431,1650) with 95% confidence
[TestNG-PoolService-0] INFO com.tonic.common.mobile.BasePage - 🔢 DIGIT MAPPED: '7' → Real keypad coordinates (427,1215) with 95% confidence
[TestNG-PoolService-0] INFO com.tonic.common.mobile.BasePage - 🔢 DIGIT MAPPED: '0' → Real keypad coordinates (439,1860) with 95% confidence
[TestNG-PoolService-0] INFO com.tonic.common.mobile.BasePage - 🔢 DIGIT MAPPED: '2' → Real keypad coordinates (539,1650) with 95% confidence
[TestNG-PoolService-0] INFO com.tonic.common.mobile.BasePage - 🔢 DIGIT MAPPED: '6' → Real keypad coordinates (647,1440) with 95% confidence
[TestNG-PoolService-0] INFO com.tonic.common.mobile.BasePage - 🔢 DIGIT MAPPED: '9' → Real keypad coordinates (647,1215) with 95% confidence
[TestNG-PoolService-0] INFO com.tonic.common.mobile.BasePage - 🔢 DIGIT MAPPED: '2' → Real keypad coordinates (539,1650) with 95% confidence
[TestNG-PoolService-0] INFO com.tonic.common.mobile.BasePage - 🔢 DIGIT MAPPED: '1' → Real keypad coordinates (431,1650) with 95% confidence
[TestNG-PoolService-0] INFO com.tonic.common.mobile.BasePage - 🔢 DIGIT MAPPED: '2' → Real keypad coordinates (539,1650) with 95% confidence
[TestNG-PoolService-0] INFO com.tonic.common.mobile.BasePage - 🔢 DIGIT MAPPED: '8' → Real keypad coordinates (539,1215) with 95% confidence
[TestNG-PoolService-0] INFO com.tonic.common.mobile.BasePage - 🔢 DIGIT MAPPED: '0' → Real keypad coordinates (439,1860) with 95% confidence
[TestNG-PoolService-0] INFO com.tonic.common.mobile.BasePage - 🔢 DIGIT MAPPED: '2' → Real keypad coordinates (539,1650) with 95% confidence
[TestNG-PoolService-0] INFO com.tonic.common.mobile.BasePage - 🔢 DIGIT MAPPED: '7' → Real keypad coordinates (427,1215) with 95% confidence
[TestNG-PoolService-0] INFO com.tonic.common.mobile.BasePage - 🔢 DIGIT MAPPED: '8' → Real keypad coordinates (539,1215) with 95% confidence
[TestNG-PoolService-0] INFO com.tonic.common.mobile.BasePage - 🔢 DIGIT MAPPED: '4' → Real keypad coordinates (439,1440) with 95% confidence
[TestNG-PoolService-0] INFO com.tonic.common.mobile.BasePage - 🔢 DIGIT MAPPED: '0' → Real keypad coordinates (439,1860) with 95% confidence
[TestNG-PoolService-0] INFO com.tonic.common.mobile.BasePage - 🔢 DIGIT MAPPED: '0' → Real keypad coordinates (439,1860) with 95% confidence
[TestNG-PoolService-0] INFO com.tonic.common.mobile.BasePage - 🔢 DIGIT MAPPED: '1' → Real keypad coordinates (431,1650) with 95% confidence
[TestNG-PoolService-0] INFO com.tonic.common.mobile.BasePage - 🔢 DIGIT MAPPED: '0' → Real keypad coordinates (439,1860) with 95% confidence
[TestNG-PoolService-0] INFO com.tonic.common.mobile.BasePage - 🔢 DIGIT MAPPED: '5' → Real keypad coordinates (539,1440) with 95% confidence
[TestNG-PoolService-0] INFO com.tonic.common.mobile.BasePage - 🔢 DIGIT MAPPED: '4' → Real keypad coordinates (439,1440) with 95% confidence
[TestNG-PoolService-0] INFO com.tonic.common.mobile.BasePage - 🔢 DIGIT MAPPED: '8' → Real keypad coordinates (539,1215) with 95% confidence
[TestNG-PoolService-0] INFO com.tonic.common.mobile.BasePage - 🔢 DIGIT MAPPED: '2' → Real keypad coordinates (539,1650) with 95% confidence
[TestNG-PoolService-0] INFO com.tonic.common.mobile.BasePage - 🔢 DIGIT MAPPED: '7' → Real keypad coordinates (427,1215) with 95% confidence
[TestNG-PoolService-0] INFO com.tonic.common.mobile.BasePage - 🔢 DIGIT MAPPED: '6' → Real keypad coordinates (647,1440) with 95% confidence
[TestNG-PoolService-0] INFO com.tonic.common.mobile.BasePage - 🔢 DIGIT MAPPED: '1' → Real keypad coordinates (431,1650) with 95% confidence
[TestNG-PoolService-0] INFO com.tonic.common.mobile.BasePage - 🔢 DIGIT MAPPED: '3' → Real keypad coordinates (647,1650) with 95% confidence
[TestNG-PoolService-0] INFO com.tonic.common.mobile.BasePage - 🔢 DIGIT MAPPED: '4' → Real keypad coordinates (439,1440) with 95% confidence
[TestNG-PoolService-0] INFO com.tonic.common.mobile.BasePage - 🔢 DIGIT MAPPED: '8' → Real keypad coordinates (539,1215) with 95% confidence
[TestNG-PoolService-0] INFO com.tonic.common.mobile.BasePage - 🔢 DIGIT MAPPED: '2' → Real keypad coordinates (539,1650) with 95% confidence
[TestNG-PoolService-0] INFO com.tonic.common.mobile.BasePage - 🔢 DIGIT MAPPED: '7' → Real keypad coordinates (427,1215) with 95% confidence
[TestNG-PoolService-0] INFO com.tonic.common.mobile.BasePage - 🔢 DIGIT MAPPED: '5' → Real keypad coordinates (539,1440) with 95% confidence
[TestNG-PoolService-0] INFO com.tonic.common.mobile.BasePage - 🔢 DIGIT MAPPED: '9' → Real keypad coordinates (647,1215) with 95% confidence
[TestNG-PoolService-0] INFO com.tonic.common.mobile.BasePage - 🔢 DIGIT MAPPED: '2' → Real keypad coordinates (539,1650) with 95% confidence
[TestNG-PoolService-0] INFO com.tonic.common.mobile.BasePage - 🔢 DIGIT MAPPED: '9' → Real keypad coordinates (647,1215) with 95% confidence
[TestNG-PoolService-0] INFO com.tonic.common.mobile.BasePage - 🔢 DIGIT MAPPED: '3' → Real keypad coordinates (647,1650) with 95% confidence
[TestNG-PoolService-0] INFO com.tonic.common.mobile.BasePage - 🔢 DIGIT MAPPED: '4' → Real keypad coordinates (439,1440) with 95% confidence
[TestNG-PoolService-0] INFO com.tonic.common.mobile.BasePage - 🔢 DIGIT MAPPED: '4' → Real keypad coordinates (439,1440) with 95% confidence
[TestNG-PoolService-0] INFO com.tonic.common.mobile.BasePage - 🔢 DIGIT MAPPED: '8' → Real keypad coordinates (539,1215) with 95% confidence
[TestNG-PoolService-0] INFO com.tonic.common.mobile.BasePage - 🔢 DIGIT MAPPED: '2' → Real keypad coordinates (539,1650) with 95% confidence
[TestNG-PoolService-0] INFO com.tonic.common.mobile.BasePage - 🔢 DIGIT MAPPED: '8' → Real keypad coordinates (539,1215) with 95% confidence
[TestNG-PoolService-0] INFO com.tonic.common.mobile.BasePage - 🔢 DIGIT MAPPED: '1' → Real keypad coordinates (431,1650) with 95% confidence
[TestNG-PoolService-0] INFO com.tonic.common.mobile.BasePage - 🔢 DIGIT MAPPED: '1' → Real keypad coordinates (431,1650) with 95% confidence
[TestNG-PoolService-0] INFO com.tonic.common.mobile.BasePage - 🔢 DIGIT MAPPED: '2' → Real keypad coordinates (539,1650) with 95% confidence
[TestNG-PoolService-0] INFO com.tonic.common.mobile.BasePage - 🔢 DIGIT MAPPED: '0' → Real keypad coordinates (439,1860) with 95% confidence
[TestNG-PoolService-0] INFO com.tonic.common.mobile.BasePage - 🔢 DIGIT MAPPED: '2' → Real keypad coordinates (539,1650) with 95% confidence
[TestNG-PoolService-0] INFO com.tonic.common.mobile.BasePage - 🔢 DIGIT MAPPED: '6' → Real keypad coordinates (647,1440) with 95% confidence
[TestNG-PoolService-0] INFO com.tonic.common.mobile.BasePage - 🔢 DIGIT MAPPED: '8' → Real keypad coordinates (539,1215) with 95% confidence
[TestNG-PoolService-0] INFO com.tonic.common.mobile.BasePage - 🔢 DIGIT MAPPED: '8' → Real keypad coordinates (539,1215) with 95% confidence
[TestNG-PoolService-0] INFO com.tonic.common.mobile.BasePage - 🔢 DIGIT MAPPED: '2' → Real keypad coordinates (539,1650) with 95% confidence
[TestNG-PoolService-0] INFO com.tonic.common.mobile.BasePage - 🔢 DIGIT MAPPED: '0' → Real keypad coordinates (439,1860) with 95% confidence
[TestNG-PoolService-0] INFO com.tonic.common.mobile.BasePage - 🔢 DIGIT MAPPED: '0' → Real keypad coordinates (439,1860) with 95% confidence
[TestNG-PoolService-0] INFO com.tonic.common.mobile.BasePage - 🔢 DIGIT MAPPED: '2' → Real keypad coordinates (539,1650) with 95% confidence
[TestNG-PoolService-0] INFO com.tonic.common.mobile.BasePage - 🔢 DIGIT MAPPED: '8' → Real keypad coordinates (539,1215) with 95% confidence
[TestNG-PoolService-0] INFO com.tonic.common.mobile.BasePage - 🔢 DIGIT MAPPED: '0' → Real keypad coordinates (439,1860) with 95% confidence
[TestNG-PoolService-0] INFO com.tonic.common.mobile.BasePage - 🔢 DIGIT MAPPED: '2' → Real keypad coordinates (539,1650) with 95% confidence
[TestNG-PoolService-0] INFO com.tonic.common.mobile.BasePage - 🔢 DIGIT MAPPED: '5' → Real keypad coordinates (539,1440) with 95% confidence
[TestNG-PoolService-0] INFO com.tonic.common.mobile.BasePage - 🔢 DIGIT MAPPED: '2' → Real keypad coordinates (539,1650) with 95% confidence
[TestNG-PoolService-0] INFO com.tonic.common.mobile.BasePage - 🔢 DIGIT MAPPED: '1' → Real keypad coordinates (431,1650) with 95% confidence
[TestNG-PoolService-0] INFO com.tonic.common.mobile.BasePage - 🔢 DIGIT MAPPED: '1' → Real keypad coordinates (431,1650) with 95% confidence
[TestNG-PoolService-0] INFO com.tonic.common.mobile.BasePage - 🔢 DIGIT MAPPED: '3' → Real keypad coordinates (647,1650) with 95% confidence
[TestNG-PoolService-0] INFO com.tonic.common.mobile.BasePage - 🔢 DIGIT MAPPED: '2' → Real keypad coordinates (539,1650) with 95% confidence
[TestNG-PoolService-0] INFO com.tonic.common.mobile.BasePage - 🔢 DIGIT MAPPED: '3' → Real keypad coordinates (647,1650) with 95% confidence
[TestNG-PoolService-0] INFO com.tonic.common.mobile.BasePage - 🔢 DIGIT MAPPED: '7' → Real keypad coordinates (427,1215) with 95% confidence
[TestNG-PoolService-0] INFO com.tonic.common.mobile.BasePage - 🔢 DIGIT MAPPED: '2' → Real keypad coordinates (539,1650) with 95% confidence
[TestNG-PoolService-0] INFO com.tonic.common.mobile.BasePage - 🔢 DIGIT MAPPED: '6' → Real keypad coordinates (647,1440) with 95% confidence
[TestNG-PoolService-0] INFO com.tonic.common.mobile.BasePage - 🔢 DIGIT MAPPED: '8' → Real keypad coordinates (539,1215) with 95% confidence
[TestNG-PoolService-0] INFO com.tonic.common.mobile.BasePage - 🔢 DIGIT MAPPED: '8' → Real keypad coordinates (539,1215) with 95% confidence
[TestNG-PoolService-0] INFO com.tonic.common.mobile.BasePage - 🔢 DIGIT MAPPED: '2' → Real keypad coordinates (539,1650) with 95% confidence
[TestNG-PoolService-0] INFO com.tonic.common.mobile.BasePage - 🔢 DIGIT MAPPED: '9' → Real keypad coordinates (647,1215) with 95% confidence
[TestNG-PoolService-0] INFO com.tonic.common.mobile.BasePage - 🔢 DIGIT MAPPED: '5' → Real keypad coordinates (539,1440) with 95% confidence
[TestNG-PoolService-0] INFO com.tonic.common.mobile.BasePage - 🔢 DIGIT MAPPED: '2' → Real keypad coordinates (539,1650) with 95% confidence
[TestNG-PoolService-0] INFO com.tonic.common.mobile.BasePage - 🔢 DIGIT MAPPED: '8' → Real keypad coordinates (539,1215) with 95% confidence
[TestNG-PoolService-0] INFO com.tonic.common.mobile.BasePage - 🔢 DIGIT MAPPED: '0' → Real keypad coordinates (439,1860) with 95% confidence
[TestNG-PoolService-0] INFO com.tonic.common.mobile.BasePage - 🔢 DIGIT MAPPED: '2' → Real keypad coordinates (539,1650) with 95% confidence
[TestNG-PoolService-0] INFO com.tonic.common.mobile.BasePage - 🔢 DIGIT MAPPED: '6' → Real keypad coordinates (647,1440) with 95% confidence
[TestNG-PoolService-0] INFO com.tonic.common.mobile.BasePage - 🔢 DIGIT MAPPED: '6' → Real keypad coordinates (647,1440) with 95% confidence
[TestNG-PoolService-0] INFO com.tonic.common.mobile.BasePage - 🔢 DIGIT MAPPED: '1' → Real keypad coordinates (431,1650) with 95% confidence
[TestNG-PoolService-0] INFO com.tonic.common.mobile.BasePage - 🔢 DIGIT MAPPED: '1' → Real keypad coordinates (431,1650) with 95% confidence
[TestNG-PoolService-0] INFO com.tonic.common.mobile.BasePage - 🔢 DIGIT MAPPED: '4' → Real keypad coordinates (439,1440) with 95% confidence
[TestNG-PoolService-0] INFO com.tonic.common.mobile.BasePage - 🔢 DIGIT MAPPED: '3' → Real keypad coordinates (647,1650) with 95% confidence
[TestNG-PoolService-0] INFO com.tonic.common.mobile.BasePage - 🔢 DIGIT MAPPED: '3' → Real keypad coordinates (647,1650) with 95% confidence
[TestNG-PoolService-0] INFO com.tonic.common.mobile.BasePage - 🔢 DIGIT MAPPED: '2' → Real keypad coordinates (539,1650) with 95% confidence
[TestNG-PoolService-0] INFO com.tonic.common.mobile.BasePage - 🔢 DIGIT MAPPED: '2' → Real keypad coordinates (539,1650) with 95% confidence
[TestNG-PoolService-0] INFO com.tonic.common.mobile.BasePage - 🔢 DIGIT MAPPED: '6' → Real keypad coordinates (647,1440) with 95% confidence
[TestNG-PoolService-0] INFO com.tonic.common.mobile.BasePage - 🔢 DIGIT MAPPED: '8' → Real keypad coordinates (539,1215) with 95% confidence
[TestNG-PoolService-0] INFO com.tonic.common.mobile.BasePage - 🔢 DIGIT MAPPED: '8' → Real keypad coordinates (539,1215) with 95% confidence
[TestNG-PoolService-0] INFO com.tonic.common.mobile.BasePage - 🔢 DIGIT MAPPED: '4' → Real keypad coordinates (439,1440) with 95% confidence
[TestNG-PoolService-0] INFO com.tonic.common.mobile.BasePage - 🔢 DIGIT MAPPED: '8' → Real keypad coordinates (539,1215) with 95% confidence
[TestNG-PoolService-0] INFO com.tonic.common.mobile.BasePage - 🔢 DIGIT MAPPED: '5' → Real keypad coordinates (539,1440) with 95% confidence
[TestNG-PoolService-0] INFO com.tonic.common.mobile.BasePage - 🔢 DIGIT MAPPED: '2' → Real keypad coordinates (539,1650) with 95% confidence
[TestNG-PoolService-0] INFO com.tonic.common.mobile.BasePage - 🔢 DIGIT MAPPED: '8' → Real keypad coordinates (539,1215) with 95% confidence
[TestNG-PoolService-0] INFO com.tonic.common.mobile.BasePage - 🔢 DIGIT MAPPED: '0' → Real keypad coordinates (439,1860) with 95% confidence
[TestNG-PoolService-0] INFO com.tonic.common.mobile.BasePage - 🔢 DIGIT MAPPED: '2' → Real keypad coordinates (539,1650) with 95% confidence
[TestNG-PoolService-0] INFO com.tonic.common.mobile.BasePage - 🔢 DIGIT MAPPED: '5' → Real keypad coordinates (539,1440) with 95% confidence
[TestNG-PoolService-0] INFO com.tonic.common.mobile.BasePage - 🔢 DIGIT MAPPED: '6' → Real keypad coordinates (647,1440) with 95% confidence
[TestNG-PoolService-0] INFO com.tonic.common.mobile.BasePage - 🔢 DIGIT MAPPED: '1' → Real keypad coordinates (431,1650) with 95% confidence
[TestNG-PoolService-0] INFO com.tonic.common.mobile.BasePage - 🔢 DIGIT MAPPED: '1' → Real keypad coordinates (431,1650) with 95% confidence
[TestNG-PoolService-0] INFO com.tonic.common.mobile.BasePage - 🔢 DIGIT MAPPED: '5' → Real keypad coordinates (539,1440) with 95% confidence
[TestNG-PoolService-0] INFO com.tonic.common.mobile.BasePage - 🔢 DIGIT MAPPED: '5' → Real keypad coordinates (539,1440) with 95% confidence
[TestNG-PoolService-0] INFO com.tonic.common.mobile.BasePage - 🔢 DIGIT MAPPED: '1' → Real keypad coordinates (431,1650) with 95% confidence
[TestNG-PoolService-0] INFO com.tonic.common.mobile.BasePage - 🔢 DIGIT MAPPED: '3' → Real keypad coordinates (647,1650) with 95% confidence
[TestNG-PoolService-0] INFO com.tonic.common.mobile.BasePage - 🔢 DIGIT MAPPED: '2' → Real keypad coordinates (539,1650) with 95% confidence
[TestNG-PoolService-0] INFO com.tonic.common.mobile.BasePage - 🔢 DIGIT MAPPED: '6' → Real keypad coordinates (647,1440) with 95% confidence
[TestNG-PoolService-0] INFO com.tonic.common.mobile.BasePage - 🔢 DIGIT MAPPED: '8' → Real keypad coordinates (539,1215) with 95% confidence
[TestNG-PoolService-0] INFO com.tonic.common.mobile.BasePage - 🔢 DIGIT MAPPED: '8' → Real keypad coordinates (539,1215) with 95% confidence
[TestNG-PoolService-0] INFO com.tonic.common.mobile.BasePage - 🔢 DIGIT MAPPED: '6' → Real keypad coordinates (647,1440) with 95% confidence
[TestNG-PoolService-0] INFO com.tonic.common.mobile.BasePage - 🔢 DIGIT MAPPED: '3' → Real keypad coordinates (647,1650) with 95% confidence
[TestNG-PoolService-0] INFO com.tonic.common.mobile.BasePage - 🔢 DIGIT MAPPED: '7' → Real keypad coordinates (427,1215) with 95% confidence
[TestNG-PoolService-0] INFO com.tonic.common.mobile.BasePage - 🔢 DIGIT MAPPED: '2' → Real keypad coordinates (539,1650) with 95% confidence
[TestNG-PoolService-0] INFO com.tonic.common.mobile.BasePage - 🔢 DIGIT MAPPED: '8' → Real keypad coordinates (539,1215) with 95% confidence
[TestNG-PoolService-0] INFO com.tonic.common.mobile.BasePage - 🔢 DIGIT MAPPED: '0' → Real keypad coordinates (439,1860) with 95% confidence
[TestNG-PoolService-0] INFO com.tonic.common.mobile.BasePage - 🔢 DIGIT MAPPED: '2' → Real keypad coordinates (539,1650) with 95% confidence
[TestNG-PoolService-0] INFO com.tonic.common.mobile.BasePage - 🔢 DIGIT MAPPED: '7' → Real keypad coordinates (427,1215) with 95% confidence
[TestNG-PoolService-0] INFO com.tonic.common.mobile.BasePage - 🔢 DIGIT MAPPED: '1' → Real keypad coordinates (431,1650) with 95% confidence
[TestNG-PoolService-0] INFO com.tonic.common.mobile.BasePage - 🔢 DIGIT MAPPED: '1' → Real keypad coordinates (431,1650) with 95% confidence
[TestNG-PoolService-0] INFO com.tonic.common.mobile.BasePage - 🔢 DIGIT MAPPED: '6' → Real keypad coordinates (647,1440) with 95% confidence
[TestNG-PoolService-0] INFO com.tonic.common.mobile.BasePage - 🔢 DIGIT MAPPED: '6' → Real keypad coordinates (647,1440) with 95% confidence
[TestNG-PoolService-0] INFO com.tonic.common.mobile.BasePage - 🔢 DIGIT MAPPED: '7' → Real keypad coordinates (427,1215) with 95% confidence
[TestNG-PoolService-0] INFO com.tonic.common.mobile.BasePage - 🔢 DIGIT MAPPED: '4' → Real keypad coordinates (439,1440) with 95% confidence
[TestNG-PoolService-0] INFO com.tonic.common.mobile.BasePage - 🔢 DIGIT MAPPED: '2' → Real keypad coordinates (539,1650) with 95% confidence
[TestNG-PoolService-0] INFO com.tonic.common.mobile.BasePage - 🔢 DIGIT MAPPED: '6' → Real keypad coordinates (647,1440) with 95% confidence
[TestNG-PoolService-0] INFO com.tonic.common.mobile.BasePage - 🔢 DIGIT MAPPED: '8' → Real keypad coordinates (539,1215) with 95% confidence
[TestNG-PoolService-0] INFO com.tonic.common.mobile.BasePage - 🔢 DIGIT MAPPED: '8' → Real keypad coordinates (539,1215) with 95% confidence
[TestNG-PoolService-0] INFO com.tonic.common.mobile.BasePage - 🔢 DIGIT MAPPED: '9' → Real keypad coordinates (647,1215) with 95% confidence
[TestNG-PoolService-0] INFO com.tonic.common.mobile.BasePage - 🔢 DIGIT MAPPED: '6' → Real keypad coordinates (647,1440) with 95% confidence
[TestNG-PoolService-0] INFO com.tonic.common.mobile.BasePage - 🔢 DIGIT MAPPED: '9' → Real keypad coordinates (647,1215) with 95% confidence
[TestNG-PoolService-0] INFO com.tonic.common.mobile.BasePage - 🔢 DIGIT MAPPED: '2' → Real keypad coordinates (539,1650) with 95% confidence
[TestNG-PoolService-0] INFO com.tonic.common.mobile.BasePage - 🔢 DIGIT MAPPED: '8' → Real keypad coordinates (539,1215) with 95% confidence
[TestNG-PoolService-0] INFO com.tonic.common.mobile.BasePage - 🔢 DIGIT MAPPED: '0' → Real keypad coordinates (439,1860) with 95% confidence
[TestNG-PoolService-0] INFO com.tonic.common.mobile.BasePage - 🔢 DIGIT MAPPED: '2' → Real keypad coordinates (539,1650) with 95% confidence
[TestNG-PoolService-0] INFO com.tonic.common.mobile.BasePage - 🔢 DIGIT MAPPED: '0' → Real keypad coordinates (439,1860) with 95% confidence
[TestNG-PoolService-0] INFO com.tonic.common.mobile.BasePage - 🔢 DIGIT MAPPED: '2' → Real keypad coordinates (539,1650) with 95% confidence
[TestNG-PoolService-0] INFO com.tonic.common.mobile.BasePage - 🔢 DIGIT MAPPED: '1' → Real keypad coordinates (431,1650) with 95% confidence
[TestNG-PoolService-0] INFO com.tonic.common.mobile.BasePage - 🔢 DIGIT MAPPED: '2' → Real keypad coordinates (539,1650) with 95% confidence
[TestNG-PoolService-0] INFO com.tonic.common.mobile.BasePage - 🔢 DIGIT MAPPED: '1' → Real keypad coordinates (431,1650) with 95% confidence
[TestNG-PoolService-0] INFO com.tonic.common.mobile.BasePage - 🔢 DIGIT MAPPED: '1' → Real keypad coordinates (431,1650) with 95% confidence
[TestNG-PoolService-0] INFO com.tonic.common.mobile.BasePage - 🔢 DIGIT MAPPED: '7' → Real keypad coordinates (427,1215) with 95% confidence
[TestNG-PoolService-0] INFO com.tonic.common.mobile.BasePage - 🔢 DIGIT MAPPED: '9' → Real keypad coordinates (647,1215) with 95% confidence
[TestNG-PoolService-0] INFO com.tonic.common.mobile.BasePage - 🔢 DIGIT MAPPED: '8' → Real keypad coordinates (539,1215) with 95% confidence
[TestNG-PoolService-0] INFO com.tonic.common.mobile.BasePage - 🔢 DIGIT MAPPED: '8' → Real keypad coordinates (539,1215) with 95% confidence
[TestNG-PoolService-0] INFO com.tonic.common.mobile.BasePage - 🔢 DIGIT MAPPED: '2' → Real keypad coordinates (539,1650) with 95% confidence
[TestNG-PoolService-0] INFO com.tonic.common.mobile.BasePage - 🔢 DIGIT MAPPED: '6' → Real keypad coordinates (647,1440) with 95% confidence
[TestNG-PoolService-0] INFO com.tonic.common.mobile.BasePage - 🔢 DIGIT MAPPED: '8' → Real keypad coordinates (539,1215) with 95% confidence
[TestNG-PoolService-0] INFO com.tonic.common.mobile.BasePage - 🔢 DIGIT MAPPED: '8' → Real keypad coordinates (539,1215) with 95% confidence
[TestNG-PoolService-0] INFO com.tonic.common.mobile.BasePage - 🔢 DIGIT MAPPED: '1' → Real keypad coordinates (431,1650) with 95% confidence
[TestNG-PoolService-0] INFO com.tonic.common.mobile.BasePage - 🔢 DIGIT MAPPED: '0' → Real keypad coordinates (439,1860) with 95% confidence
[TestNG-PoolService-0] INFO com.tonic.common.mobile.BasePage - 🔢 DIGIT MAPPED: '9' → Real keypad coordinates (647,1215) with 95% confidence
[TestNG-PoolService-0] INFO com.tonic.common.mobile.BasePage - 🔢 DIGIT MAPPED: '3' → Real keypad coordinates (647,1650) with 95% confidence
[TestNG-PoolService-0] INFO com.tonic.common.mobile.BasePage - 🔢 DIGIT MAPPED: '2' → Real keypad coordinates (539,1650) with 95% confidence
[TestNG-PoolService-0] INFO com.tonic.common.mobile.BasePage - 🔢 DIGIT MAPPED: '8' → Real keypad coordinates (539,1215) with 95% confidence
[TestNG-PoolService-0] INFO com.tonic.common.mobile.BasePage - 🔢 DIGIT MAPPED: '0' → Real keypad coordinates (439,1860) with 95% confidence
[TestNG-PoolService-0] INFO com.tonic.common.mobile.BasePage - 🔢 DIGIT MAPPED: '2' → Real keypad coordinates (539,1650) with 95% confidence
[TestNG-PoolService-0] INFO com.tonic.common.mobile.BasePage - 🔢 DIGIT MAPPED: '9' → Real keypad coordinates (647,1215) with 95% confidence
[TestNG-PoolService-0] INFO com.tonic.common.mobile.BasePage - 🔢 DIGIT MAPPED: '2' → Real keypad coordinates (539,1650) with 95% confidence
[TestNG-PoolService-0] INFO com.tonic.common.mobile.BasePage - 🔢 DIGIT MAPPED: '1' → Real keypad coordinates (431,1650) with 95% confidence
[TestNG-PoolService-0] INFO com.tonic.common.mobile.BasePage - 🔢 DIGIT MAPPED: '1' → Real keypad coordinates (431,1650) with 95% confidence
[TestNG-PoolService-0] INFO com.tonic.common.mobile.BasePage - 🔢 DIGIT MAPPED: '8' → Real keypad coordinates (539,1215) with 95% confidence
[TestNG-PoolService-0] INFO com.tonic.common.mobile.BasePage - 🔢 DIGIT MAPPED: '1' → Real keypad coordinates (431,1650) with 95% confidence
[TestNG-PoolService-0] INFO com.tonic.common.mobile.BasePage - 🔢 DIGIT MAPPED: '1' → Real keypad coordinates (431,1650) with 95% confidence
[TestNG-PoolService-0] INFO com.tonic.common.mobile.BasePage - 🔢 DIGIT MAPPED: '2' → Real keypad coordinates (539,1650) with 95% confidence
[TestNG-PoolService-0] INFO com.tonic.common.mobile.BasePage - 🔢 DIGIT MAPPED: '1' → Real keypad coordinates (431,1650) with 95% confidence
[TestNG-PoolService-0] INFO com.tonic.common.mobile.BasePage - 🔢 DIGIT MAPPED: '2' → Real keypad coordinates (539,1650) with 95% confidence
[TestNG-PoolService-0] INFO com.tonic.common.mobile.BasePage - 🔢 DIGIT MAPPED: '6' → Real keypad coordinates (647,1440) with 95% confidence
[TestNG-PoolService-0] INFO com.tonic.common.mobile.BasePage - 🔢 DIGIT MAPPED: '8' → Real keypad coordinates (539,1215) with 95% confidence
[TestNG-PoolService-0] INFO com.tonic.common.mobile.BasePage - 🔢 DIGIT MAPPED: '8' → Real keypad coordinates (539,1215) with 95% confidence
[TestNG-PoolService-0] INFO com.tonic.common.mobile.BasePage - 🔢 DIGIT MAPPED: '1' → Real keypad coordinates (431,1650) with 95% confidence
[TestNG-PoolService-0] INFO com.tonic.common.mobile.BasePage - 🔢 DIGIT MAPPED: '1' → Real keypad coordinates (431,1650) with 95% confidence
[TestNG-PoolService-0] INFO com.tonic.common.mobile.BasePage - 🔢 DIGIT MAPPED: '9' → Real keypad coordinates (647,1215) with 95% confidence
[TestNG-PoolService-0] INFO com.tonic.common.mobile.BasePage - 🔢 DIGIT MAPPED: '7' → Real keypad coordinates (427,1215) with 95% confidence
[TestNG-PoolService-0] INFO com.tonic.common.mobile.BasePage - 🔢 DIGIT MAPPED: '2' → Real keypad coordinates (539,1650) with 95% confidence
[TestNG-PoolService-0] INFO com.tonic.common.mobile.BasePage - 🔢 DIGIT MAPPED: '8' → Real keypad coordinates (539,1215) with 95% confidence
[TestNG-PoolService-0] INFO com.tonic.common.mobile.BasePage - 🔢 DIGIT MAPPED: '0' → Real keypad coordinates (439,1860) with 95% confidence
[TestNG-PoolService-0] INFO com.tonic.common.mobile.BasePage - 🔢 DIGIT MAPPED: '2' → Real keypad coordinates (539,1650) with 95% confidence
[TestNG-PoolService-0] INFO com.tonic.common.mobile.BasePage - 🔢 DIGIT MAPPED: '8' → Real keypad coordinates (539,1215) with 95% confidence
[TestNG-PoolService-0] INFO com.tonic.common.mobile.BasePage - 🔢 DIGIT MAPPED: '8' → Real keypad coordinates (539,1215) with 95% confidence
[TestNG-PoolService-0] INFO com.tonic.common.mobile.BasePage - 🔢 DIGIT MAPPED: '1' → Real keypad coordinates (431,1650) with 95% confidence
[TestNG-PoolService-0] INFO com.tonic.common.mobile.BasePage - 🔢 DIGIT MAPPED: '1' → Real keypad coordinates (431,1650) with 95% confidence
[TestNG-PoolService-0] INFO com.tonic.common.mobile.BasePage - 🔢 DIGIT MAPPED: '9' → Real keypad coordinates (647,1215) with 95% confidence
[TestNG-PoolService-0] INFO com.tonic.common.mobile.BasePage - 🔢 DIGIT MAPPED: '1' → Real keypad coordinates (431,1650) with 95% confidence
[TestNG-PoolService-0] INFO com.tonic.common.mobile.BasePage - 🔢 DIGIT MAPPED: '2' → Real keypad coordinates (539,1650) with 95% confidence
[TestNG-PoolService-0] INFO com.tonic.common.mobile.BasePage - 🔢 DIGIT MAPPED: '1' → Real keypad coordinates (431,1650) with 95% confidence
[TestNG-PoolService-0] INFO com.tonic.common.mobile.BasePage - 🔢 DIGIT MAPPED: '6' → Real keypad coordinates (647,1440) with 95% confidence
[TestNG-PoolService-0] INFO com.tonic.common.mobile.BasePage - 🔢 DIGIT MAPPED: '2' → Real keypad coordinates (539,1650) with 95% confidence
[TestNG-PoolService-0] INFO com.tonic.common.mobile.BasePage - 🔢 DIGIT MAPPED: '6' → Real keypad coordinates (647,1440) with 95% confidence
[TestNG-PoolService-0] INFO com.tonic.common.mobile.BasePage - 🔢 DIGIT MAPPED: '8' → Real keypad coordinates (539,1215) with 95% confidence
[TestNG-PoolService-0] INFO com.tonic.common.mobile.BasePage - 🔢 DIGIT MAPPED: '8' → Real keypad coordinates (539,1215) with 95% confidence
[TestNG-PoolService-0] INFO com.tonic.common.mobile.BasePage - 🔢 DIGIT MAPPED: '1' → Real keypad coordinates (431,1650) with 95% confidence
[TestNG-PoolService-0] INFO com.tonic.common.mobile.BasePage - 🔢 DIGIT MAPPED: '2' → Real keypad coordinates (539,1650) with 95% confidence
[TestNG-PoolService-0] INFO com.tonic.common.mobile.BasePage - 🔢 DIGIT MAPPED: '7' → Real keypad coordinates (427,1215) with 95% confidence
[TestNG-PoolService-0] INFO com.tonic.common.mobile.BasePage - 🔢 DIGIT MAPPED: '3' → Real keypad coordinates (647,1650) with 95% confidence
[TestNG-PoolService-0] INFO com.tonic.common.mobile.BasePage - 🔢 DIGIT MAPPED: '2' → Real keypad coordinates (539,1650) with 95% confidence
[TestNG-PoolService-0] INFO com.tonic.common.mobile.BasePage - 🔢 DIGIT MAPPED: '8' → Real keypad coordinates (539,1215) with 95% confidence
[TestNG-PoolService-0] INFO com.tonic.common.mobile.BasePage - 🔢 DIGIT MAPPED: '0' → Real keypad coordinates (439,1860) with 95% confidence
[TestNG-PoolService-0] INFO com.tonic.common.mobile.BasePage - 🔢 DIGIT MAPPED: '2' → Real keypad coordinates (539,1650) with 95% confidence
[TestNG-PoolService-0] INFO com.tonic.common.mobile.BasePage - 🔢 DIGIT MAPPED: '5' → Real keypad coordinates (539,1440) with 95% confidence
[TestNG-PoolService-0] INFO com.tonic.common.mobile.BasePage - 🔢 DIGIT MAPPED: '5' → Real keypad coordinates (539,1440) with 95% confidence
[TestNG-PoolService-0] INFO com.tonic.common.mobile.BasePage - ✅ INTELLIGENT MAPPING: Successfully mapped 704 elements to real coordinates
[TestNG-PoolService-0] INFO com.tonic.common.mobile.BasePage - Generated 704 OCR elements with intelligent coordinate mapping
[TestNG-PoolService-0] INFO com.tonic.common.mobile.BasePage - Found text 'LOGIN' at coordinates (607, 2072) with confidence {:.2f}
[TestNG-PoolService-0] INFO com.tonic.common.mobile.BasePage - Successfully tapped at coordinates: (607, 2072)
[TestNG-PoolService-0] WARN com.tonic.common.mobile.BasePage - Mobile wait 'UI_INTERACTION' timed out after 1019ms - Error: Expected condition failed: waiting for com.tonic.common.mobile.BasePage$$Lambda/0x000007fc01647850@4ead180c (tried for 1 second(s) with 500 milliseconds interval)
Build info: version: '4.17.0', revision: 'e52b1be057*'
System info: os.name: 'Mac OS X', os.arch: 'aarch64', os.version: '15.5', java.version: '23.0.2'
Driver info: driver.version: unknown
[TestNG-PoolService-0] INFO com.tonic.stepDefinitions.mobile.MobileLoginOCRSteps - MOBILE OCR LOGIN: ✅ Successfully clicked 'LOGIN' using OCR coordinates
[TestNG-PoolService-0] INFO com.tonic.stepDefinitions.mobile.MobileLoginOCRSteps - === MOBILE OCR LOGIN: Verifying login success ===
[TestNG-PoolService-0] INFO com.tonic.common.mobile.BasePage - Screenshot saved successfully: screenshots/Mobile_Login_Verification_1754640168565.png
[TestNG-PoolService-0] INFO com.tonic.common.mobile.BasePage - === OCR EXTRACTION: screenshots/Mobile_Login_Verification_1754640168565.png ===
[TestNG-PoolService-0] INFO com.tonic.common.mobile.BasePage - ✅ Using Tesseract data path: /opt/homebrew/share/tessdata
[TestNG-PoolService-0] INFO com.tonic.common.mobile.BasePage - Attempting OCR extraction with Tesseract REAL coordinates...
[TestNG-PoolService-0] INFO com.tonic.common.mobile.BasePage - 🔍 HOCR: Attempting real coordinate extraction using HOCR format
[TestNG-PoolService-0] INFO com.tonic.common.mobile.BasePage - ✅ HOCR: HOCR output generated successfully
[TestNG-PoolService-0] INFO com.tonic.common.mobile.BasePage - 🔍 HOCR PARSER: Parsing HOCR XML for real coordinates
[TestNG-PoolService-0] INFO com.tonic.common.mobile.BasePage - ✅ HOCR PARSER: Successfully parsed 0 elements with real coordinates
[TestNG-PoolService-0] INFO com.tonic.common.mobile.BasePage - 🎯 HOCR: Successfully parsed 0 elements with real coordinates
[TestNG-PoolService-0] INFO com.tonic.common.mobile.BasePage - ✅ Tesseract OCR text extraction successful:
[TestNG-PoolService-0] INFO com.tonic.common.mobile.BasePage - "<!DOCTYPE html PUBLIC "-//W3C//DTD HTML 4.01 Transitional//EN" "http://www.w3.org/TR/html4/loose.dtd">
<html>
<head>
<title></title>
<meta http-equiv="Content-Type" content="text/html;charset=utf-8" />
<meta name='ocr-system' content='tesseract'/>
</head>
<body>
  <div class='ocr_page' id='page_1' title='image "screenshots/Mobile_Login_Verification_1754640168565.png"; bbox 0 0 1280 2856; ppageno 0; scan_res 70 70'>
   <div class='ocr_carea' id='block_1_1' title="bbox 0 56 1280 2856">
    <p class='ocr_par' id='par_1_1' lang='eng' title="bbox 0 56 1280 2856">
     <span class='ocr_line' id='line_1_1' title="bbox 85 56 1196 101; baseline 0.004 -9; x_size 44.126396; x_descenders 5.1263962; x_ascenders 15">
      <span class='ocrx_word' id='word_1_1' title='bbox 85 58 216 98; x_wconf 91'>4029</span>
      <span class='ocrx_word' id='word_1_2' title='bbox 242 56 287 101; x_wconf 91'>@</span>
      <span class='ocrx_word' id='word_1_3' title='bbox 1065 59 1151 96; x_wconf 15'>win</span>
      <span class='ocrx_word' id='word_1_4' title='bbox 1173 58 1196 97; x_wconf 85'>|</span>
     </span>
     <span class='ocr_line' id='line_1_2' title="bbox 58 210 1194 293; baseline 0.001 -18; x_size 75; x_descenders 13; x_ascenders 26">
      <span class='ocrx_word' id='word_1_5' title='bbox 58 221 85 282; x_wconf 92'>$</span>
      <span class='ocrx_word' id='word_1_6' title='bbox 116 210 343 293; x_wconf 90'>TipName</span>
      <span class='ocrx_word' id='word_1_7' title='bbox 839 213 913 286; x_wconf 93'>©</span>
      <span class='ocrx_word' id='word_1_8' title='bbox 953 228 1050 289; x_wconf 96'>Typ</span>
      <span class='ocrx_word' id='word_1_9' title='bbox 1070 226 1194 276; x_wconf 96'>Total</span>
     </span>
     <span class='ocr_line' id='line_1_3' title="bbox 20 1556 1164 1604; baseline 0.001 -1; x_size 55.689594; x_descenders 7.6895938; x_ascenders 12">
      <span class='ocrx_word' id='word_1_10' title='bbox 20 1556 249 1604; x_wconf 39'>Amount</span>
      <span class='ocrx_word' id='word_1_11' title='bbox 274 1556 329 1604; x_wconf 39'>Pe</span>
      <span class='ocrx_word' id='word_1_12' title='bbox 424 1556 544 1604; x_wconf 83'>0.00</span>
      <span class='ocrx_word' id='word_1_13' title='bbox 640 1556 949 1604; x_wconf 90'>AmountDt</span>
      <span class='ocrx_word' id='word_1_14' title='bbox 1044 1556 1164 1604; x_wconf 95'>0.00</span>
     </span>
     <span class='ocr_line' id='line_1_4' title="bbox 0 2784 1280 2856; baseline 0 0; x_size 83.355263; x_descenders 11.355261; x_ascenders 18.838621">
      <span class='ocrx_word' id='word_1_15' title='bbox 0 2784 1280 2856; x_wconf 35'>ee</span>
     </span>
    </p>
   </div>
  </div>
</body>
</html>"
[TestNG-PoolService-0] INFO com.tonic.common.mobile.BasePage - 🧠 INTELLIGENT MAPPING: Analyzing OCR text for coordinate extraction
[TestNG-PoolService-0] INFO com.tonic.common.mobile.BasePage - 📝 TEXT TO ANALYZE: "<!DOCTYPE html PUBLIC "-//W3C//DTD HTML 4.01 Transitional//EN" "http://www.w3.org/TR/html4/loose.dtd">
<html>
<head>
<title></title>
<meta http-equiv="Content-Type" content="text/html;charset=utf-8" />
<meta name='ocr-system' content='tesseract'/>
</head>
<body>
  <div class='ocr_page' id='page_1' title='image "screenshots/Mobile_Login_Verification_1754640168565.png"; bbox 0 0 1280 2856; ppageno 0; scan_res 70 70'>
   <div class='ocr_carea' id='block_1_1' title="bbox 0 56 1280 2856">
    <p class='ocr_par' id='par_1_1' lang='eng' title="bbox 0 56 1280 2856">
     <span class='ocr_line' id='line_1_1' title="bbox 85 56 1196 101; baseline 0.004 -9; x_size 44.126396; x_descenders 5.1263962; x_ascenders 15">
      <span class='ocrx_word' id='word_1_1' title='bbox 85 58 216 98; x_wconf 91'>4029</span>
      <span class='ocrx_word' id='word_1_2' title='bbox 242 56 287 101; x_wconf 91'>@</span>
      <span class='ocrx_word' id='word_1_3' title='bbox 1065 59 1151 96; x_wconf 15'>win</span>
      <span class='ocrx_word' id='word_1_4' title='bbox 1173 58 1196 97; x_wconf 85'>|</span>
     </span>
     <span class='ocr_line' id='line_1_2' title="bbox 58 210 1194 293; baseline 0.001 -18; x_size 75; x_descenders 13; x_ascenders 26">
      <span class='ocrx_word' id='word_1_5' title='bbox 58 221 85 282; x_wconf 92'>$</span>
      <span class='ocrx_word' id='word_1_6' title='bbox 116 210 343 293; x_wconf 90'>TipName</span>
      <span class='ocrx_word' id='word_1_7' title='bbox 839 213 913 286; x_wconf 93'>©</span>
      <span class='ocrx_word' id='word_1_8' title='bbox 953 228 1050 289; x_wconf 96'>Typ</span>
      <span class='ocrx_word' id='word_1_9' title='bbox 1070 226 1194 276; x_wconf 96'>Total</span>
     </span>
     <span class='ocr_line' id='line_1_3' title="bbox 20 1556 1164 1604; baseline 0.001 -1; x_size 55.689594; x_descenders 7.6895938; x_ascenders 12">
      <span class='ocrx_word' id='word_1_10' title='bbox 20 1556 249 1604; x_wconf 39'>Amount</span>
      <span class='ocrx_word' id='word_1_11' title='bbox 274 1556 329 1604; x_wconf 39'>Pe</span>
      <span class='ocrx_word' id='word_1_12' title='bbox 424 1556 544 1604; x_wconf 83'>0.00</span>
      <span class='ocrx_word' id='word_1_13' title='bbox 640 1556 949 1604; x_wconf 90'>AmountDt</span>
      <span class='ocrx_word' id='word_1_14' title='bbox 1044 1556 1164 1604; x_wconf 95'>0.00</span>
     </span>
     <span class='ocr_line' id='line_1_4' title="bbox 0 2784 1280 2856; baseline 0 0; x_size 83.355263; x_descenders 11.355261; x_ascenders 18.838621">
      <span class='ocrx_word' id='word_1_15' title='bbox 0 2784 1280 2856; x_wconf 35'>ee</span>
     </span>
    </p>
   </div>
  </div>
</body>
</html>
"
[TestNG-PoolService-0] INFO com.tonic.common.mobile.BasePage - 🔢 DIGIT MAPPED: '3' → Real keypad coordinates (647,1650) with 95% confidence
[TestNG-PoolService-0] INFO com.tonic.common.mobile.BasePage - 🔢 DIGIT MAPPED: '4' → Real keypad coordinates (439,1440) with 95% confidence
[TestNG-PoolService-0] INFO com.tonic.common.mobile.BasePage - 🔢 DIGIT MAPPED: '0' → Real keypad coordinates (439,1860) with 95% confidence
[TestNG-PoolService-0] INFO com.tonic.common.mobile.BasePage - 🔢 DIGIT MAPPED: '1' → Real keypad coordinates (431,1650) with 95% confidence
[TestNG-PoolService-0] INFO com.tonic.common.mobile.BasePage - 🔢 DIGIT MAPPED: '3' → Real keypad coordinates (647,1650) with 95% confidence
[TestNG-PoolService-0] INFO com.tonic.common.mobile.BasePage - 🔢 DIGIT MAPPED: '4' → Real keypad coordinates (439,1440) with 95% confidence
[TestNG-PoolService-0] INFO com.tonic.common.mobile.BasePage - 🔢 DIGIT MAPPED: '8' → Real keypad coordinates (539,1215) with 95% confidence
[TestNG-PoolService-0] INFO com.tonic.common.mobile.BasePage - 🔢 DIGIT MAPPED: '1' → Real keypad coordinates (431,1650) with 95% confidence
[TestNG-PoolService-0] INFO com.tonic.common.mobile.BasePage - 🔢 DIGIT MAPPED: '1' → Real keypad coordinates (431,1650) with 95% confidence
[TestNG-PoolService-0] INFO com.tonic.common.mobile.BasePage - 🔢 DIGIT MAPPED: '7' → Real keypad coordinates (427,1215) with 95% confidence
[TestNG-PoolService-0] INFO com.tonic.common.mobile.BasePage - 🔢 DIGIT MAPPED: '5' → Real keypad coordinates (539,1440) with 95% confidence
[TestNG-PoolService-0] INFO com.tonic.common.mobile.BasePage - 🔢 DIGIT MAPPED: '4' → Real keypad coordinates (439,1440) with 95% confidence
[TestNG-PoolService-0] INFO com.tonic.common.mobile.BasePage - 🔢 DIGIT MAPPED: '6' → Real keypad coordinates (647,1440) with 95% confidence
[TestNG-PoolService-0] INFO com.tonic.common.mobile.BasePage - 🔢 DIGIT MAPPED: '4' → Real keypad coordinates (439,1440) with 95% confidence
[TestNG-PoolService-0] INFO com.tonic.common.mobile.BasePage - 🔢 DIGIT MAPPED: '0' → Real keypad coordinates (439,1860) with 95% confidence
[TestNG-PoolService-0] INFO com.tonic.common.mobile.BasePage - 🔢 DIGIT MAPPED: '1' → Real keypad coordinates (431,1650) with 95% confidence
[TestNG-PoolService-0] INFO com.tonic.common.mobile.BasePage - 🔢 DIGIT MAPPED: '6' → Real keypad coordinates (647,1440) with 95% confidence
[TestNG-PoolService-0] INFO com.tonic.common.mobile.BasePage - 🔢 DIGIT MAPPED: '8' → Real keypad coordinates (539,1215) with 95% confidence
[TestNG-PoolService-0] INFO com.tonic.common.mobile.BasePage - 🔢 DIGIT MAPPED: '5' → Real keypad coordinates (539,1440) with 95% confidence
[TestNG-PoolService-0] INFO com.tonic.common.mobile.BasePage - 🔢 DIGIT MAPPED: '6' → Real keypad coordinates (647,1440) with 95% confidence
[TestNG-PoolService-0] INFO com.tonic.common.mobile.BasePage - 🔢 DIGIT MAPPED: '5' → Real keypad coordinates (539,1440) with 95% confidence
[TestNG-PoolService-0] INFO com.tonic.common.mobile.BasePage - 🔢 DIGIT MAPPED: '0' → Real keypad coordinates (439,1860) with 95% confidence
[TestNG-PoolService-0] INFO com.tonic.common.mobile.BasePage - 🔢 DIGIT MAPPED: '0' → Real keypad coordinates (439,1860) with 95% confidence
[TestNG-PoolService-0] INFO com.tonic.common.mobile.BasePage - 🔢 DIGIT MAPPED: '1' → Real keypad coordinates (431,1650) with 95% confidence
[TestNG-PoolService-0] INFO com.tonic.common.mobile.BasePage - 🔢 DIGIT MAPPED: '2' → Real keypad coordinates (539,1650) with 95% confidence
[TestNG-PoolService-0] INFO com.tonic.common.mobile.BasePage - 🔢 DIGIT MAPPED: '8' → Real keypad coordinates (539,1215) with 95% confidence
[TestNG-PoolService-0] INFO com.tonic.common.mobile.BasePage - 🔢 DIGIT MAPPED: '0' → Real keypad coordinates (439,1860) with 95% confidence
[TestNG-PoolService-0] INFO com.tonic.common.mobile.BasePage - 🔢 DIGIT MAPPED: '2' → Real keypad coordinates (539,1650) with 95% confidence
[TestNG-PoolService-0] INFO com.tonic.common.mobile.BasePage - 🔢 DIGIT MAPPED: '8' → Real keypad coordinates (539,1215) with 95% confidence
[TestNG-PoolService-0] INFO com.tonic.common.mobile.BasePage - 🔢 DIGIT MAPPED: '5' → Real keypad coordinates (539,1440) with 95% confidence
[TestNG-PoolService-0] INFO com.tonic.common.mobile.BasePage - 🔢 DIGIT MAPPED: '6' → Real keypad coordinates (647,1440) with 95% confidence
[TestNG-PoolService-0] INFO com.tonic.common.mobile.BasePage - 🔢 DIGIT MAPPED: '0' → Real keypad coordinates (439,1860) with 95% confidence
[TestNG-PoolService-0] INFO com.tonic.common.mobile.BasePage - 🔢 DIGIT MAPPED: '7' → Real keypad coordinates (427,1215) with 95% confidence
[TestNG-PoolService-0] INFO com.tonic.common.mobile.BasePage - 🔢 DIGIT MAPPED: '0' → Real keypad coordinates (439,1860) with 95% confidence
[TestNG-PoolService-0] INFO com.tonic.common.mobile.BasePage - 🔢 DIGIT MAPPED: '7' → Real keypad coordinates (427,1215) with 95% confidence
[TestNG-PoolService-0] INFO com.tonic.common.mobile.BasePage - 🔢 DIGIT MAPPED: '0' → Real keypad coordinates (439,1860) with 95% confidence
[TestNG-PoolService-0] INFO com.tonic.common.mobile.BasePage - 🔘 LOGIN BUTTON MAPPED: → Coordinates (607,2072) with 90% confidence
[TestNG-PoolService-0] INFO com.tonic.common.mobile.BasePage - 🔢 DIGIT MAPPED: '1' → Real keypad coordinates (431,1650) with 95% confidence
[TestNG-PoolService-0] INFO com.tonic.common.mobile.BasePage - 🔢 DIGIT MAPPED: '1' → Real keypad coordinates (431,1650) with 95% confidence
[TestNG-PoolService-0] INFO com.tonic.common.mobile.BasePage - 🔢 DIGIT MAPPED: '0' → Real keypad coordinates (439,1860) with 95% confidence
[TestNG-PoolService-0] INFO com.tonic.common.mobile.BasePage - 🔢 DIGIT MAPPED: '5' → Real keypad coordinates (539,1440) with 95% confidence
[TestNG-PoolService-0] INFO com.tonic.common.mobile.BasePage - 🔢 DIGIT MAPPED: '6' → Real keypad coordinates (647,1440) with 95% confidence
[TestNG-PoolService-0] INFO com.tonic.common.mobile.BasePage - 🔢 DIGIT MAPPED: '1' → Real keypad coordinates (431,1650) with 95% confidence
[TestNG-PoolService-0] INFO com.tonic.common.mobile.BasePage - 🔢 DIGIT MAPPED: '2' → Real keypad coordinates (539,1650) with 95% confidence
[TestNG-PoolService-0] INFO com.tonic.common.mobile.BasePage - 🔢 DIGIT MAPPED: '8' → Real keypad coordinates (539,1215) with 95% confidence
[TestNG-PoolService-0] INFO com.tonic.common.mobile.BasePage - 🔢 DIGIT MAPPED: '0' → Real keypad coordinates (439,1860) with 95% confidence
[TestNG-PoolService-0] INFO com.tonic.common.mobile.BasePage - 🔢 DIGIT MAPPED: '2' → Real keypad coordinates (539,1650) with 95% confidence
[TestNG-PoolService-0] INFO com.tonic.common.mobile.BasePage - 🔢 DIGIT MAPPED: '8' → Real keypad coordinates (539,1215) with 95% confidence
[TestNG-PoolService-0] INFO com.tonic.common.mobile.BasePage - 🔢 DIGIT MAPPED: '5' → Real keypad coordinates (539,1440) with 95% confidence
[TestNG-PoolService-0] INFO com.tonic.common.mobile.BasePage - 🔢 DIGIT MAPPED: '6' → Real keypad coordinates (647,1440) with 95% confidence
[TestNG-PoolService-0] INFO com.tonic.common.mobile.BasePage - 🔢 DIGIT MAPPED: '1' → Real keypad coordinates (431,1650) with 95% confidence
[TestNG-PoolService-0] INFO com.tonic.common.mobile.BasePage - 🔢 DIGIT MAPPED: '1' → Real keypad coordinates (431,1650) with 95% confidence
[TestNG-PoolService-0] INFO com.tonic.common.mobile.BasePage - 🔢 DIGIT MAPPED: '0' → Real keypad coordinates (439,1860) with 95% confidence
[TestNG-PoolService-0] INFO com.tonic.common.mobile.BasePage - 🔢 DIGIT MAPPED: '5' → Real keypad coordinates (539,1440) with 95% confidence
[TestNG-PoolService-0] INFO com.tonic.common.mobile.BasePage - 🔢 DIGIT MAPPED: '6' → Real keypad coordinates (647,1440) with 95% confidence
[TestNG-PoolService-0] INFO com.tonic.common.mobile.BasePage - 🔢 DIGIT MAPPED: '1' → Real keypad coordinates (431,1650) with 95% confidence
[TestNG-PoolService-0] INFO com.tonic.common.mobile.BasePage - 🔢 DIGIT MAPPED: '2' → Real keypad coordinates (539,1650) with 95% confidence
[TestNG-PoolService-0] INFO com.tonic.common.mobile.BasePage - 🔢 DIGIT MAPPED: '8' → Real keypad coordinates (539,1215) with 95% confidence
[TestNG-PoolService-0] INFO com.tonic.common.mobile.BasePage - 🔢 DIGIT MAPPED: '0' → Real keypad coordinates (439,1860) with 95% confidence
[TestNG-PoolService-0] INFO com.tonic.common.mobile.BasePage - 🔢 DIGIT MAPPED: '2' → Real keypad coordinates (539,1650) with 95% confidence
[TestNG-PoolService-0] INFO com.tonic.common.mobile.BasePage - 🔢 DIGIT MAPPED: '8' → Real keypad coordinates (539,1215) with 95% confidence
[TestNG-PoolService-0] INFO com.tonic.common.mobile.BasePage - 🔢 DIGIT MAPPED: '5' → Real keypad coordinates (539,1440) with 95% confidence
[TestNG-PoolService-0] INFO com.tonic.common.mobile.BasePage - 🔢 DIGIT MAPPED: '6' → Real keypad coordinates (647,1440) with 95% confidence
[TestNG-PoolService-0] INFO com.tonic.common.mobile.BasePage - 🔢 DIGIT MAPPED: '1' → Real keypad coordinates (431,1650) with 95% confidence
[TestNG-PoolService-0] INFO com.tonic.common.mobile.BasePage - 🔢 DIGIT MAPPED: '1' → Real keypad coordinates (431,1650) with 95% confidence
[TestNG-PoolService-0] INFO com.tonic.common.mobile.BasePage - 🔢 DIGIT MAPPED: '8' → Real keypad coordinates (539,1215) with 95% confidence
[TestNG-PoolService-0] INFO com.tonic.common.mobile.BasePage - 🔢 DIGIT MAPPED: '5' → Real keypad coordinates (539,1440) with 95% confidence
[TestNG-PoolService-0] INFO com.tonic.common.mobile.BasePage - 🔢 DIGIT MAPPED: '5' → Real keypad coordinates (539,1440) with 95% confidence
[TestNG-PoolService-0] INFO com.tonic.common.mobile.BasePage - 🔢 DIGIT MAPPED: '6' → Real keypad coordinates (647,1440) with 95% confidence
[TestNG-PoolService-0] INFO com.tonic.common.mobile.BasePage - 🔢 DIGIT MAPPED: '1' → Real keypad coordinates (431,1650) with 95% confidence
[TestNG-PoolService-0] INFO com.tonic.common.mobile.BasePage - 🔢 DIGIT MAPPED: '1' → Real keypad coordinates (431,1650) with 95% confidence
[TestNG-PoolService-0] INFO com.tonic.common.mobile.BasePage - 🔢 DIGIT MAPPED: '9' → Real keypad coordinates (647,1215) with 95% confidence
[TestNG-PoolService-0] INFO com.tonic.common.mobile.BasePage - 🔢 DIGIT MAPPED: '6' → Real keypad coordinates (647,1440) with 95% confidence
[TestNG-PoolService-0] INFO com.tonic.common.mobile.BasePage - 🔢 DIGIT MAPPED: '1' → Real keypad coordinates (431,1650) with 95% confidence
[TestNG-PoolService-0] INFO com.tonic.common.mobile.BasePage - 🔢 DIGIT MAPPED: '0' → Real keypad coordinates (439,1860) with 95% confidence
[TestNG-PoolService-0] INFO com.tonic.common.mobile.BasePage - 🔢 DIGIT MAPPED: '1' → Real keypad coordinates (431,1650) with 95% confidence
[TestNG-PoolService-0] INFO com.tonic.common.mobile.BasePage - 🔢 DIGIT MAPPED: '0' → Real keypad coordinates (439,1860) with 95% confidence
[TestNG-PoolService-0] INFO com.tonic.common.mobile.BasePage - 🔢 DIGIT MAPPED: '0' → Real keypad coordinates (439,1860) with 95% confidence
[TestNG-PoolService-0] INFO com.tonic.common.mobile.BasePage - 🔢 DIGIT MAPPED: '0' → Real keypad coordinates (439,1860) with 95% confidence
[TestNG-PoolService-0] INFO com.tonic.common.mobile.BasePage - 🔢 DIGIT MAPPED: '4' → Real keypad coordinates (439,1440) with 95% confidence
[TestNG-PoolService-0] INFO com.tonic.common.mobile.BasePage - 🔢 DIGIT MAPPED: '9' → Real keypad coordinates (647,1215) with 95% confidence
[TestNG-PoolService-0] INFO com.tonic.common.mobile.BasePage - 🔢 DIGIT MAPPED: '4' → Real keypad coordinates (439,1440) with 95% confidence
[TestNG-PoolService-0] INFO com.tonic.common.mobile.BasePage - 🔢 DIGIT MAPPED: '4' → Real keypad coordinates (439,1440) with 95% confidence
[TestNG-PoolService-0] INFO com.tonic.common.mobile.BasePage - 🔢 DIGIT MAPPED: '1' → Real keypad coordinates (431,1650) with 95% confidence
[TestNG-PoolService-0] INFO com.tonic.common.mobile.BasePage - 🔢 DIGIT MAPPED: '2' → Real keypad coordinates (539,1650) with 95% confidence
[TestNG-PoolService-0] INFO com.tonic.common.mobile.BasePage - 🔢 DIGIT MAPPED: '6' → Real keypad coordinates (647,1440) with 95% confidence
[TestNG-PoolService-0] INFO com.tonic.common.mobile.BasePage - 🔢 DIGIT MAPPED: '3' → Real keypad coordinates (647,1650) with 95% confidence
[TestNG-PoolService-0] INFO com.tonic.common.mobile.BasePage - 🔢 DIGIT MAPPED: '9' → Real keypad coordinates (647,1215) with 95% confidence
[TestNG-PoolService-0] INFO com.tonic.common.mobile.BasePage - 🔢 DIGIT MAPPED: '6' → Real keypad coordinates (647,1440) with 95% confidence
[TestNG-PoolService-0] INFO com.tonic.common.mobile.BasePage - 🔢 DIGIT MAPPED: '5' → Real keypad coordinates (539,1440) with 95% confidence
[TestNG-PoolService-0] INFO com.tonic.common.mobile.BasePage - 🔢 DIGIT MAPPED: '1' → Real keypad coordinates (431,1650) with 95% confidence
[TestNG-PoolService-0] INFO com.tonic.common.mobile.BasePage - 🔢 DIGIT MAPPED: '2' → Real keypad coordinates (539,1650) with 95% confidence
[TestNG-PoolService-0] INFO com.tonic.common.mobile.BasePage - 🔢 DIGIT MAPPED: '6' → Real keypad coordinates (647,1440) with 95% confidence
[TestNG-PoolService-0] INFO com.tonic.common.mobile.BasePage - 🔢 DIGIT MAPPED: '3' → Real keypad coordinates (647,1650) with 95% confidence
[TestNG-PoolService-0] INFO com.tonic.common.mobile.BasePage - 🔢 DIGIT MAPPED: '9' → Real keypad coordinates (647,1215) with 95% confidence
[TestNG-PoolService-0] INFO com.tonic.common.mobile.BasePage - 🔢 DIGIT MAPPED: '6' → Real keypad coordinates (647,1440) with 95% confidence
[TestNG-PoolService-0] INFO com.tonic.common.mobile.BasePage - 🔢 DIGIT MAPPED: '2' → Real keypad coordinates (539,1650) with 95% confidence
[TestNG-PoolService-0] INFO com.tonic.common.mobile.BasePage - 🔢 DIGIT MAPPED: '1' → Real keypad coordinates (431,1650) with 95% confidence
[TestNG-PoolService-0] INFO com.tonic.common.mobile.BasePage - 🔢 DIGIT MAPPED: '5' → Real keypad coordinates (539,1440) with 95% confidence
[TestNG-PoolService-0] INFO com.tonic.common.mobile.BasePage - 🔢 DIGIT MAPPED: '1' → Real keypad coordinates (431,1650) with 95% confidence
[TestNG-PoolService-0] INFO com.tonic.common.mobile.BasePage - 🔢 DIGIT MAPPED: '1' → Real keypad coordinates (431,1650) with 95% confidence
[TestNG-PoolService-0] INFO com.tonic.common.mobile.BasePage - 🔢 DIGIT MAPPED: '8' → Real keypad coordinates (539,1215) with 95% confidence
[TestNG-PoolService-0] INFO com.tonic.common.mobile.BasePage - 🔢 DIGIT MAPPED: '5' → Real keypad coordinates (539,1440) with 95% confidence
[TestNG-PoolService-0] INFO com.tonic.common.mobile.BasePage - 🔢 DIGIT MAPPED: '5' → Real keypad coordinates (539,1440) with 95% confidence
[TestNG-PoolService-0] INFO com.tonic.common.mobile.BasePage - 🔢 DIGIT MAPPED: '8' → Real keypad coordinates (539,1215) with 95% confidence
[TestNG-PoolService-0] INFO com.tonic.common.mobile.BasePage - 🔢 DIGIT MAPPED: '2' → Real keypad coordinates (539,1650) with 95% confidence
[TestNG-PoolService-0] INFO com.tonic.common.mobile.BasePage - 🔢 DIGIT MAPPED: '1' → Real keypad coordinates (431,1650) with 95% confidence
[TestNG-PoolService-0] INFO com.tonic.common.mobile.BasePage - 🔢 DIGIT MAPPED: '6' → Real keypad coordinates (647,1440) with 95% confidence
[TestNG-PoolService-0] INFO com.tonic.common.mobile.BasePage - 🔢 DIGIT MAPPED: '9' → Real keypad coordinates (647,1215) with 95% confidence
[TestNG-PoolService-0] INFO com.tonic.common.mobile.BasePage - 🔢 DIGIT MAPPED: '8' → Real keypad coordinates (539,1215) with 95% confidence
[TestNG-PoolService-0] INFO com.tonic.common.mobile.BasePage - 🔢 DIGIT MAPPED: '9' → Real keypad coordinates (647,1215) with 95% confidence
[TestNG-PoolService-0] INFO com.tonic.common.mobile.BasePage - 🔢 DIGIT MAPPED: '1' → Real keypad coordinates (431,1650) with 95% confidence
[TestNG-PoolService-0] INFO com.tonic.common.mobile.BasePage - 🔢 DIGIT MAPPED: '4' → Real keypad coordinates (439,1440) with 95% confidence
[TestNG-PoolService-0] INFO com.tonic.common.mobile.BasePage - 🔢 DIGIT MAPPED: '0' → Real keypad coordinates (439,1860) with 95% confidence
[TestNG-PoolService-0] INFO com.tonic.common.mobile.BasePage - 🔢 DIGIT MAPPED: '2' → Real keypad coordinates (539,1650) with 95% confidence
[TestNG-PoolService-0] INFO com.tonic.common.mobile.BasePage - 🔢 DIGIT MAPPED: '9' → Real keypad coordinates (647,1215) with 95% confidence
[TestNG-PoolService-0] INFO com.tonic.common.mobile.BasePage - 🔢 DIGIT MAPPED: '1' → Real keypad coordinates (431,1650) with 95% confidence
[TestNG-PoolService-0] INFO com.tonic.common.mobile.BasePage - 🔢 DIGIT MAPPED: '2' → Real keypad coordinates (539,1650) with 95% confidence
[TestNG-PoolService-0] INFO com.tonic.common.mobile.BasePage - 🔢 DIGIT MAPPED: '2' → Real keypad coordinates (539,1650) with 95% confidence
[TestNG-PoolService-0] INFO com.tonic.common.mobile.BasePage - 🔢 DIGIT MAPPED: '4' → Real keypad coordinates (439,1440) with 95% confidence
[TestNG-PoolService-0] INFO com.tonic.common.mobile.BasePage - 🔢 DIGIT MAPPED: '2' → Real keypad coordinates (539,1650) with 95% confidence
[TestNG-PoolService-0] INFO com.tonic.common.mobile.BasePage - 🔢 DIGIT MAPPED: '5' → Real keypad coordinates (539,1440) with 95% confidence
[TestNG-PoolService-0] INFO com.tonic.common.mobile.BasePage - 🔢 DIGIT MAPPED: '6' → Real keypad coordinates (647,1440) with 95% confidence
[TestNG-PoolService-0] INFO com.tonic.common.mobile.BasePage - 🔢 DIGIT MAPPED: '2' → Real keypad coordinates (539,1650) with 95% confidence
[TestNG-PoolService-0] INFO com.tonic.common.mobile.BasePage - 🔢 DIGIT MAPPED: '8' → Real keypad coordinates (539,1215) with 95% confidence
[TestNG-PoolService-0] INFO com.tonic.common.mobile.BasePage - 🔢 DIGIT MAPPED: '7' → Real keypad coordinates (427,1215) with 95% confidence
[TestNG-PoolService-0] INFO com.tonic.common.mobile.BasePage - 🔢 DIGIT MAPPED: '1' → Real keypad coordinates (431,1650) with 95% confidence
[TestNG-PoolService-0] INFO com.tonic.common.mobile.BasePage - 🔢 DIGIT MAPPED: '0' → Real keypad coordinates (439,1860) with 95% confidence
[TestNG-PoolService-0] INFO com.tonic.common.mobile.BasePage - 🔢 DIGIT MAPPED: '1' → Real keypad coordinates (431,1650) with 95% confidence
[TestNG-PoolService-0] INFO com.tonic.common.mobile.BasePage - 🔢 DIGIT MAPPED: '9' → Real keypad coordinates (647,1215) with 95% confidence
[TestNG-PoolService-0] INFO com.tonic.common.mobile.BasePage - 🔢 DIGIT MAPPED: '1' → Real keypad coordinates (431,1650) with 95% confidence
[TestNG-PoolService-0] INFO com.tonic.common.mobile.BasePage - 🔢 DIGIT MAPPED: '1' → Real keypad coordinates (431,1650) with 95% confidence
[TestNG-PoolService-0] INFO com.tonic.common.mobile.BasePage - 🔢 DIGIT MAPPED: '3' → Real keypad coordinates (647,1650) with 95% confidence
[TestNG-PoolService-0] INFO com.tonic.common.mobile.BasePage - 🔢 DIGIT MAPPED: '1' → Real keypad coordinates (431,1650) with 95% confidence
[TestNG-PoolService-0] INFO com.tonic.common.mobile.BasePage - 🔢 DIGIT MAPPED: '0' → Real keypad coordinates (439,1860) with 95% confidence
[TestNG-PoolService-0] INFO com.tonic.common.mobile.BasePage - 🔢 DIGIT MAPPED: '6' → Real keypad coordinates (647,1440) with 95% confidence
[TestNG-PoolService-0] INFO com.tonic.common.mobile.BasePage - 🔢 DIGIT MAPPED: '5' → Real keypad coordinates (539,1440) with 95% confidence
[TestNG-PoolService-0] INFO com.tonic.common.mobile.BasePage - 🔢 DIGIT MAPPED: '5' → Real keypad coordinates (539,1440) with 95% confidence
[TestNG-PoolService-0] INFO com.tonic.common.mobile.BasePage - 🔢 DIGIT MAPPED: '9' → Real keypad coordinates (647,1215) with 95% confidence
[TestNG-PoolService-0] INFO com.tonic.common.mobile.BasePage - 🔢 DIGIT MAPPED: '1' → Real keypad coordinates (431,1650) with 95% confidence
[TestNG-PoolService-0] INFO com.tonic.common.mobile.BasePage - 🔢 DIGIT MAPPED: '1' → Real keypad coordinates (431,1650) with 95% confidence
[TestNG-PoolService-0] INFO com.tonic.common.mobile.BasePage - 🔢 DIGIT MAPPED: '5' → Real keypad coordinates (539,1440) with 95% confidence
[TestNG-PoolService-0] INFO com.tonic.common.mobile.BasePage - 🔢 DIGIT MAPPED: '1' → Real keypad coordinates (431,1650) with 95% confidence
[TestNG-PoolService-0] INFO com.tonic.common.mobile.BasePage - 🔢 DIGIT MAPPED: '9' → Real keypad coordinates (647,1215) with 95% confidence
[TestNG-PoolService-0] INFO com.tonic.common.mobile.BasePage - 🔢 DIGIT MAPPED: '6' → Real keypad coordinates (647,1440) with 95% confidence
[TestNG-PoolService-0] INFO com.tonic.common.mobile.BasePage - 🔢 DIGIT MAPPED: '1' → Real keypad coordinates (431,1650) with 95% confidence
[TestNG-PoolService-0] INFO com.tonic.common.mobile.BasePage - 🔢 DIGIT MAPPED: '5' → Real keypad coordinates (539,1440) with 95% confidence
[TestNG-PoolService-0] INFO com.tonic.common.mobile.BasePage - 🔢 DIGIT MAPPED: '1' → Real keypad coordinates (431,1650) with 95% confidence
[TestNG-PoolService-0] INFO com.tonic.common.mobile.BasePage - 🔢 DIGIT MAPPED: '4' → Real keypad coordinates (439,1440) with 95% confidence
[TestNG-PoolService-0] INFO com.tonic.common.mobile.BasePage - 🔢 DIGIT MAPPED: '1' → Real keypad coordinates (431,1650) with 95% confidence
[TestNG-PoolService-0] INFO com.tonic.common.mobile.BasePage - 🔢 DIGIT MAPPED: '1' → Real keypad coordinates (431,1650) with 95% confidence
[TestNG-PoolService-0] INFO com.tonic.common.mobile.BasePage - 🔢 DIGIT MAPPED: '7' → Real keypad coordinates (427,1215) with 95% confidence
[TestNG-PoolService-0] INFO com.tonic.common.mobile.BasePage - 🔢 DIGIT MAPPED: '3' → Real keypad coordinates (647,1650) with 95% confidence
[TestNG-PoolService-0] INFO com.tonic.common.mobile.BasePage - 🔢 DIGIT MAPPED: '5' → Real keypad coordinates (539,1440) with 95% confidence
[TestNG-PoolService-0] INFO com.tonic.common.mobile.BasePage - 🔢 DIGIT MAPPED: '8' → Real keypad coordinates (539,1215) with 95% confidence
[TestNG-PoolService-0] INFO com.tonic.common.mobile.BasePage - 🔢 DIGIT MAPPED: '1' → Real keypad coordinates (431,1650) with 95% confidence
[TestNG-PoolService-0] INFO com.tonic.common.mobile.BasePage - 🔢 DIGIT MAPPED: '1' → Real keypad coordinates (431,1650) with 95% confidence
[TestNG-PoolService-0] INFO com.tonic.common.mobile.BasePage - 🔢 DIGIT MAPPED: '9' → Real keypad coordinates (647,1215) with 95% confidence
[TestNG-PoolService-0] INFO com.tonic.common.mobile.BasePage - 🔢 DIGIT MAPPED: '6' → Real keypad coordinates (647,1440) with 95% confidence
[TestNG-PoolService-0] INFO com.tonic.common.mobile.BasePage - 🔢 DIGIT MAPPED: '9' → Real keypad coordinates (647,1215) with 95% confidence
[TestNG-PoolService-0] INFO com.tonic.common.mobile.BasePage - 🔢 DIGIT MAPPED: '7' → Real keypad coordinates (427,1215) with 95% confidence
[TestNG-PoolService-0] INFO com.tonic.common.mobile.BasePage - 🔢 DIGIT MAPPED: '8' → Real keypad coordinates (539,1215) with 95% confidence
[TestNG-PoolService-0] INFO com.tonic.common.mobile.BasePage - 🔢 DIGIT MAPPED: '5' → Real keypad coordinates (539,1440) with 95% confidence
[TestNG-PoolService-0] INFO com.tonic.common.mobile.BasePage - 🔢 DIGIT MAPPED: '1' → Real keypad coordinates (431,1650) with 95% confidence
[TestNG-PoolService-0] INFO com.tonic.common.mobile.BasePage - 🔢 DIGIT MAPPED: '2' → Real keypad coordinates (539,1650) with 95% confidence
[TestNG-PoolService-0] INFO com.tonic.common.mobile.BasePage - 🔢 DIGIT MAPPED: '5' → Real keypad coordinates (539,1440) with 95% confidence
[TestNG-PoolService-0] INFO com.tonic.common.mobile.BasePage - 🔢 DIGIT MAPPED: '8' → Real keypad coordinates (539,1215) with 95% confidence
[TestNG-PoolService-0] INFO com.tonic.common.mobile.BasePage - 🔢 DIGIT MAPPED: '2' → Real keypad coordinates (539,1650) with 95% confidence
[TestNG-PoolService-0] INFO com.tonic.common.mobile.BasePage - 🔢 DIGIT MAPPED: '1' → Real keypad coordinates (431,1650) with 95% confidence
[TestNG-PoolService-0] INFO com.tonic.common.mobile.BasePage - 🔢 DIGIT MAPPED: '0' → Real keypad coordinates (439,1860) with 95% confidence
[TestNG-PoolService-0] INFO com.tonic.common.mobile.BasePage - 🔢 DIGIT MAPPED: '1' → Real keypad coordinates (431,1650) with 95% confidence
[TestNG-PoolService-0] INFO com.tonic.common.mobile.BasePage - 🔢 DIGIT MAPPED: '1' → Real keypad coordinates (431,1650) with 95% confidence
[TestNG-PoolService-0] INFO com.tonic.common.mobile.BasePage - 🔢 DIGIT MAPPED: '9' → Real keypad coordinates (647,1215) with 95% confidence
[TestNG-PoolService-0] INFO com.tonic.common.mobile.BasePage - 🔢 DIGIT MAPPED: '4' → Real keypad coordinates (439,1440) with 95% confidence
[TestNG-PoolService-0] INFO com.tonic.common.mobile.BasePage - 🔢 DIGIT MAPPED: '2' → Real keypad coordinates (539,1650) with 95% confidence
[TestNG-PoolService-0] INFO com.tonic.common.mobile.BasePage - 🔢 DIGIT MAPPED: '9' → Real keypad coordinates (647,1215) with 95% confidence
[TestNG-PoolService-0] INFO com.tonic.common.mobile.BasePage - 🔢 DIGIT MAPPED: '3' → Real keypad coordinates (647,1650) with 95% confidence
[TestNG-PoolService-0] INFO com.tonic.common.mobile.BasePage - 🔢 DIGIT MAPPED: '0' → Real keypad coordinates (439,1860) with 95% confidence
[TestNG-PoolService-0] INFO com.tonic.common.mobile.BasePage - 🔢 DIGIT MAPPED: '0' → Real keypad coordinates (439,1860) with 95% confidence
[TestNG-PoolService-0] INFO com.tonic.common.mobile.BasePage - 🔢 DIGIT MAPPED: '0' → Real keypad coordinates (439,1860) with 95% confidence
[TestNG-PoolService-0] INFO com.tonic.common.mobile.BasePage - 🔢 DIGIT MAPPED: '1' → Real keypad coordinates (431,1650) with 95% confidence
[TestNG-PoolService-0] INFO com.tonic.common.mobile.BasePage - 🔢 DIGIT MAPPED: '1' → Real keypad coordinates (431,1650) with 95% confidence
[TestNG-PoolService-0] INFO com.tonic.common.mobile.BasePage - 🔢 DIGIT MAPPED: '8' → Real keypad coordinates (539,1215) with 95% confidence
[TestNG-PoolService-0] INFO com.tonic.common.mobile.BasePage - 🔢 DIGIT MAPPED: '7' → Real keypad coordinates (427,1215) with 95% confidence
[TestNG-PoolService-0] INFO com.tonic.common.mobile.BasePage - 🔢 DIGIT MAPPED: '5' → Real keypad coordinates (539,1440) with 95% confidence
[TestNG-PoolService-0] INFO com.tonic.common.mobile.BasePage - 🔢 DIGIT MAPPED: '1' → Real keypad coordinates (431,1650) with 95% confidence
[TestNG-PoolService-0] INFO com.tonic.common.mobile.BasePage - 🔢 DIGIT MAPPED: '3' → Real keypad coordinates (647,1650) with 95% confidence
[TestNG-PoolService-0] INFO com.tonic.common.mobile.BasePage - 🔢 DIGIT MAPPED: '2' → Real keypad coordinates (539,1650) with 95% confidence
[TestNG-PoolService-0] INFO com.tonic.common.mobile.BasePage - 🔢 DIGIT MAPPED: '6' → Real keypad coordinates (647,1440) with 95% confidence
[TestNG-PoolService-0] INFO com.tonic.common.mobile.BasePage - 🔢 DIGIT MAPPED: '1' → Real keypad coordinates (431,1650) with 95% confidence
[TestNG-PoolService-0] INFO com.tonic.common.mobile.BasePage - 🔢 DIGIT MAPPED: '5' → Real keypad coordinates (539,1440) with 95% confidence
[TestNG-PoolService-0] INFO com.tonic.common.mobile.BasePage - 🔢 DIGIT MAPPED: '5' → Real keypad coordinates (539,1440) with 95% confidence
[TestNG-PoolService-0] INFO com.tonic.common.mobile.BasePage - 🔢 DIGIT MAPPED: '8' → Real keypad coordinates (539,1215) with 95% confidence
[TestNG-PoolService-0] INFO com.tonic.common.mobile.BasePage - 🔢 DIGIT MAPPED: '2' → Real keypad coordinates (539,1650) with 95% confidence
[TestNG-PoolService-0] INFO com.tonic.common.mobile.BasePage - 🔢 DIGIT MAPPED: '2' → Real keypad coordinates (539,1650) with 95% confidence
[TestNG-PoolService-0] INFO com.tonic.common.mobile.BasePage - 🔢 DIGIT MAPPED: '1' → Real keypad coordinates (431,1650) with 95% confidence
[TestNG-PoolService-0] INFO com.tonic.common.mobile.BasePage - 🔢 DIGIT MAPPED: '8' → Real keypad coordinates (539,1215) with 95% confidence
[TestNG-PoolService-0] INFO com.tonic.common.mobile.BasePage - 🔢 DIGIT MAPPED: '5' → Real keypad coordinates (539,1440) with 95% confidence
[TestNG-PoolService-0] INFO com.tonic.common.mobile.BasePage - 🔢 DIGIT MAPPED: '2' → Real keypad coordinates (539,1650) with 95% confidence
[TestNG-PoolService-0] INFO com.tonic.common.mobile.BasePage - 🔢 DIGIT MAPPED: '8' → Real keypad coordinates (539,1215) with 95% confidence
[TestNG-PoolService-0] INFO com.tonic.common.mobile.BasePage - 🔢 DIGIT MAPPED: '2' → Real keypad coordinates (539,1650) with 95% confidence
[TestNG-PoolService-0] INFO com.tonic.common.mobile.BasePage - 🔢 DIGIT MAPPED: '9' → Real keypad coordinates (647,1215) with 95% confidence
[TestNG-PoolService-0] INFO com.tonic.common.mobile.BasePage - 🔢 DIGIT MAPPED: '2' → Real keypad coordinates (539,1650) with 95% confidence
[TestNG-PoolService-0] INFO com.tonic.common.mobile.BasePage - 🔢 DIGIT MAPPED: '1' → Real keypad coordinates (431,1650) with 95% confidence
[TestNG-PoolService-0] INFO com.tonic.common.mobile.BasePage - 🔢 DIGIT MAPPED: '6' → Real keypad coordinates (647,1440) with 95% confidence
[TestNG-PoolService-0] INFO com.tonic.common.mobile.BasePage - 🔢 DIGIT MAPPED: '1' → Real keypad coordinates (431,1650) with 95% confidence
[TestNG-PoolService-0] INFO com.tonic.common.mobile.BasePage - 🔢 DIGIT MAPPED: '1' → Real keypad coordinates (431,1650) with 95% confidence
[TestNG-PoolService-0] INFO com.tonic.common.mobile.BasePage - 🔢 DIGIT MAPPED: '6' → Real keypad coordinates (647,1440) with 95% confidence
[TestNG-PoolService-0] INFO com.tonic.common.mobile.BasePage - 🔢 DIGIT MAPPED: '2' → Real keypad coordinates (539,1650) with 95% confidence
[TestNG-PoolService-0] INFO com.tonic.common.mobile.BasePage - 🔢 DIGIT MAPPED: '1' → Real keypad coordinates (431,1650) with 95% confidence
[TestNG-PoolService-0] INFO com.tonic.common.mobile.BasePage - 🔢 DIGIT MAPPED: '0' → Real keypad coordinates (439,1860) with 95% confidence
[TestNG-PoolService-0] INFO com.tonic.common.mobile.BasePage - 🔢 DIGIT MAPPED: '3' → Real keypad coordinates (647,1650) with 95% confidence
[TestNG-PoolService-0] INFO com.tonic.common.mobile.BasePage - 🔢 DIGIT MAPPED: '4' → Real keypad coordinates (439,1440) with 95% confidence
[TestNG-PoolService-0] INFO com.tonic.common.mobile.BasePage - 🔢 DIGIT MAPPED: '3' → Real keypad coordinates (647,1650) with 95% confidence
[TestNG-PoolService-0] INFO com.tonic.common.mobile.BasePage - 🔢 DIGIT MAPPED: '2' → Real keypad coordinates (539,1650) with 95% confidence
[TestNG-PoolService-0] INFO com.tonic.common.mobile.BasePage - 🔢 DIGIT MAPPED: '9' → Real keypad coordinates (647,1215) with 95% confidence
[TestNG-PoolService-0] INFO com.tonic.common.mobile.BasePage - 🔢 DIGIT MAPPED: '3' → Real keypad coordinates (647,1650) with 95% confidence
[TestNG-PoolService-0] INFO com.tonic.common.mobile.BasePage - 🔢 DIGIT MAPPED: '9' → Real keypad coordinates (647,1215) with 95% confidence
[TestNG-PoolService-0] INFO com.tonic.common.mobile.BasePage - 🔢 DIGIT MAPPED: '0' → Real keypad coordinates (439,1860) with 95% confidence
[TestNG-PoolService-0] INFO com.tonic.common.mobile.BasePage - 🔢 DIGIT MAPPED: '1' → Real keypad coordinates (431,1650) with 95% confidence
[TestNG-PoolService-0] INFO com.tonic.common.mobile.BasePage - 🔢 DIGIT MAPPED: '7' → Real keypad coordinates (427,1215) with 95% confidence
[TestNG-PoolService-0] INFO com.tonic.common.mobile.BasePage - 🔢 DIGIT MAPPED: '8' → Real keypad coordinates (539,1215) with 95% confidence
[TestNG-PoolService-0] INFO com.tonic.common.mobile.BasePage - 🔢 DIGIT MAPPED: '3' → Real keypad coordinates (647,1650) with 95% confidence
[TestNG-PoolService-0] INFO com.tonic.common.mobile.BasePage - 🔢 DIGIT MAPPED: '9' → Real keypad coordinates (647,1215) with 95% confidence
[TestNG-PoolService-0] INFO com.tonic.common.mobile.BasePage - 🔢 DIGIT MAPPED: '2' → Real keypad coordinates (539,1650) with 95% confidence
[TestNG-PoolService-0] INFO com.tonic.common.mobile.BasePage - 🔢 DIGIT MAPPED: '1' → Real keypad coordinates (431,1650) with 95% confidence
[TestNG-PoolService-0] INFO com.tonic.common.mobile.BasePage - 🔢 DIGIT MAPPED: '3' → Real keypad coordinates (647,1650) with 95% confidence
[TestNG-PoolService-0] INFO com.tonic.common.mobile.BasePage - 🔢 DIGIT MAPPED: '9' → Real keypad coordinates (647,1215) with 95% confidence
[TestNG-PoolService-0] INFO com.tonic.common.mobile.BasePage - 🔢 DIGIT MAPPED: '1' → Real keypad coordinates (431,1650) with 95% confidence
[TestNG-PoolService-0] INFO com.tonic.common.mobile.BasePage - 🔢 DIGIT MAPPED: '3' → Real keypad coordinates (647,1650) with 95% confidence
[TestNG-PoolService-0] INFO com.tonic.common.mobile.BasePage - 🔢 DIGIT MAPPED: '2' → Real keypad coordinates (539,1650) with 95% confidence
[TestNG-PoolService-0] INFO com.tonic.common.mobile.BasePage - 🔢 DIGIT MAPPED: '8' → Real keypad coordinates (539,1215) with 95% confidence
[TestNG-PoolService-0] INFO com.tonic.common.mobile.BasePage - 🔢 DIGIT MAPPED: '6' → Real keypad coordinates (647,1440) with 95% confidence
[TestNG-PoolService-0] INFO com.tonic.common.mobile.BasePage - 🔢 DIGIT MAPPED: '9' → Real keypad coordinates (647,1215) with 95% confidence
[TestNG-PoolService-0] INFO com.tonic.common.mobile.BasePage - 🔢 DIGIT MAPPED: '3' → Real keypad coordinates (647,1650) with 95% confidence
[TestNG-PoolService-0] INFO com.tonic.common.mobile.BasePage - 🔢 DIGIT MAPPED: '1' → Real keypad coordinates (431,1650) with 95% confidence
[TestNG-PoolService-0] INFO com.tonic.common.mobile.BasePage - 🔢 DIGIT MAPPED: '8' → Real keypad coordinates (539,1215) with 95% confidence
[TestNG-PoolService-0] INFO com.tonic.common.mobile.BasePage - 🔢 DIGIT MAPPED: '9' → Real keypad coordinates (647,1215) with 95% confidence
[TestNG-PoolService-0] INFO com.tonic.common.mobile.BasePage - 🔢 DIGIT MAPPED: '5' → Real keypad coordinates (539,1440) with 95% confidence
[TestNG-PoolService-0] INFO com.tonic.common.mobile.BasePage - 🔢 DIGIT MAPPED: '3' → Real keypad coordinates (647,1650) with 95% confidence
[TestNG-PoolService-0] INFO com.tonic.common.mobile.BasePage - 🔢 DIGIT MAPPED: '2' → Real keypad coordinates (539,1650) with 95% confidence
[TestNG-PoolService-0] INFO com.tonic.common.mobile.BasePage - 🔢 DIGIT MAPPED: '2' → Real keypad coordinates (539,1650) with 95% confidence
[TestNG-PoolService-0] INFO com.tonic.common.mobile.BasePage - 🔢 DIGIT MAPPED: '8' → Real keypad coordinates (539,1215) with 95% confidence
[TestNG-PoolService-0] INFO com.tonic.common.mobile.BasePage - 🔢 DIGIT MAPPED: '1' → Real keypad coordinates (431,1650) with 95% confidence
[TestNG-PoolService-0] INFO com.tonic.common.mobile.BasePage - 🔢 DIGIT MAPPED: '0' → Real keypad coordinates (439,1860) with 95% confidence
[TestNG-PoolService-0] INFO com.tonic.common.mobile.BasePage - 🔢 DIGIT MAPPED: '5' → Real keypad coordinates (539,1440) with 95% confidence
[TestNG-PoolService-0] INFO com.tonic.common.mobile.BasePage - 🔢 DIGIT MAPPED: '0' → Real keypad coordinates (439,1860) with 95% confidence
[TestNG-PoolService-0] INFO com.tonic.common.mobile.BasePage - 🔢 DIGIT MAPPED: '2' → Real keypad coordinates (539,1650) with 95% confidence
[TestNG-PoolService-0] INFO com.tonic.common.mobile.BasePage - 🔢 DIGIT MAPPED: '8' → Real keypad coordinates (539,1215) with 95% confidence
[TestNG-PoolService-0] INFO com.tonic.common.mobile.BasePage - 🔢 DIGIT MAPPED: '9' → Real keypad coordinates (647,1215) with 95% confidence
[TestNG-PoolService-0] INFO com.tonic.common.mobile.BasePage - 🔢 DIGIT MAPPED: '9' → Real keypad coordinates (647,1215) with 95% confidence
[TestNG-PoolService-0] INFO com.tonic.common.mobile.BasePage - 🔢 DIGIT MAPPED: '6' → Real keypad coordinates (647,1440) with 95% confidence
[TestNG-PoolService-0] INFO com.tonic.common.mobile.BasePage - 🔢 DIGIT MAPPED: '1' → Real keypad coordinates (431,1650) with 95% confidence
[TestNG-PoolService-0] INFO com.tonic.common.mobile.BasePage - 🔢 DIGIT MAPPED: '9' → Real keypad coordinates (647,1215) with 95% confidence
[TestNG-PoolService-0] INFO com.tonic.common.mobile.BasePage - 🔢 DIGIT MAPPED: '1' → Real keypad coordinates (431,1650) with 95% confidence
[TestNG-PoolService-0] INFO com.tonic.common.mobile.BasePage - 🔢 DIGIT MAPPED: '0' → Real keypad coordinates (439,1860) with 95% confidence
[TestNG-PoolService-0] INFO com.tonic.common.mobile.BasePage - 🔢 DIGIT MAPPED: '7' → Real keypad coordinates (427,1215) with 95% confidence
[TestNG-PoolService-0] INFO com.tonic.common.mobile.BasePage - 🔢 DIGIT MAPPED: '0' → Real keypad coordinates (439,1860) with 95% confidence
[TestNG-PoolService-0] INFO com.tonic.common.mobile.BasePage - 🔢 DIGIT MAPPED: '2' → Real keypad coordinates (539,1650) with 95% confidence
[TestNG-PoolService-0] INFO com.tonic.common.mobile.BasePage - 🔢 DIGIT MAPPED: '2' → Real keypad coordinates (539,1650) with 95% confidence
[TestNG-PoolService-0] INFO com.tonic.common.mobile.BasePage - 🔢 DIGIT MAPPED: '6' → Real keypad coordinates (647,1440) with 95% confidence
[TestNG-PoolService-0] INFO com.tonic.common.mobile.BasePage - 🔢 DIGIT MAPPED: '1' → Real keypad coordinates (431,1650) with 95% confidence
[TestNG-PoolService-0] INFO com.tonic.common.mobile.BasePage - 🔢 DIGIT MAPPED: '1' → Real keypad coordinates (431,1650) with 95% confidence
[TestNG-PoolService-0] INFO com.tonic.common.mobile.BasePage - 🔢 DIGIT MAPPED: '9' → Real keypad coordinates (647,1215) with 95% confidence
[TestNG-PoolService-0] INFO com.tonic.common.mobile.BasePage - 🔢 DIGIT MAPPED: '4' → Real keypad coordinates (439,1440) with 95% confidence
[TestNG-PoolService-0] INFO com.tonic.common.mobile.BasePage - 🔢 DIGIT MAPPED: '2' → Real keypad coordinates (539,1650) with 95% confidence
[TestNG-PoolService-0] INFO com.tonic.common.mobile.BasePage - 🔢 DIGIT MAPPED: '7' → Real keypad coordinates (427,1215) with 95% confidence
[TestNG-PoolService-0] INFO com.tonic.common.mobile.BasePage - 🔢 DIGIT MAPPED: '6' → Real keypad coordinates (647,1440) with 95% confidence
[TestNG-PoolService-0] INFO com.tonic.common.mobile.BasePage - 🔢 DIGIT MAPPED: '9' → Real keypad coordinates (647,1215) with 95% confidence
[TestNG-PoolService-0] INFO com.tonic.common.mobile.BasePage - 🔢 DIGIT MAPPED: '6' → Real keypad coordinates (647,1440) with 95% confidence
[TestNG-PoolService-0] INFO com.tonic.common.mobile.BasePage - 🔢 DIGIT MAPPED: '1' → Real keypad coordinates (431,1650) with 95% confidence
[TestNG-PoolService-0] INFO com.tonic.common.mobile.BasePage - 🔢 DIGIT MAPPED: '3' → Real keypad coordinates (647,1650) with 95% confidence
[TestNG-PoolService-0] INFO com.tonic.common.mobile.BasePage - 🔢 DIGIT MAPPED: '2' → Real keypad coordinates (539,1650) with 95% confidence
[TestNG-PoolService-0] INFO com.tonic.common.mobile.BasePage - 🔢 DIGIT MAPPED: '0' → Real keypad coordinates (439,1860) with 95% confidence
[TestNG-PoolService-0] INFO com.tonic.common.mobile.BasePage - 🔢 DIGIT MAPPED: '1' → Real keypad coordinates (431,1650) with 95% confidence
[TestNG-PoolService-0] INFO com.tonic.common.mobile.BasePage - 🔢 DIGIT MAPPED: '5' → Real keypad coordinates (539,1440) with 95% confidence
[TestNG-PoolService-0] INFO com.tonic.common.mobile.BasePage - 🔢 DIGIT MAPPED: '5' → Real keypad coordinates (539,1440) with 95% confidence
[TestNG-PoolService-0] INFO com.tonic.common.mobile.BasePage - 🔢 DIGIT MAPPED: '6' → Real keypad coordinates (647,1440) with 95% confidence
[TestNG-PoolService-0] INFO com.tonic.common.mobile.BasePage - 🔢 DIGIT MAPPED: '1' → Real keypad coordinates (431,1650) with 95% confidence
[TestNG-PoolService-0] INFO com.tonic.common.mobile.BasePage - 🔢 DIGIT MAPPED: '1' → Real keypad coordinates (431,1650) with 95% confidence
[TestNG-PoolService-0] INFO com.tonic.common.mobile.BasePage - 🔢 DIGIT MAPPED: '6' → Real keypad coordinates (647,1440) with 95% confidence
[TestNG-PoolService-0] INFO com.tonic.common.mobile.BasePage - 🔢 DIGIT MAPPED: '4' → Real keypad coordinates (439,1440) with 95% confidence
[TestNG-PoolService-0] INFO com.tonic.common.mobile.BasePage - 🔢 DIGIT MAPPED: '1' → Real keypad coordinates (431,1650) with 95% confidence
[TestNG-PoolService-0] INFO com.tonic.common.mobile.BasePage - 🔢 DIGIT MAPPED: '6' → Real keypad coordinates (647,1440) with 95% confidence
[TestNG-PoolService-0] INFO com.tonic.common.mobile.BasePage - 🔢 DIGIT MAPPED: '0' → Real keypad coordinates (439,1860) with 95% confidence
[TestNG-PoolService-0] INFO com.tonic.common.mobile.BasePage - 🔢 DIGIT MAPPED: '4' → Real keypad coordinates (439,1440) with 95% confidence
[TestNG-PoolService-0] INFO com.tonic.common.mobile.BasePage - 🔢 DIGIT MAPPED: '0' → Real keypad coordinates (439,1860) with 95% confidence
[TestNG-PoolService-0] INFO com.tonic.common.mobile.BasePage - 🔢 DIGIT MAPPED: '0' → Real keypad coordinates (439,1860) with 95% confidence
[TestNG-PoolService-0] INFO com.tonic.common.mobile.BasePage - 🔢 DIGIT MAPPED: '0' → Real keypad coordinates (439,1860) with 95% confidence
[TestNG-PoolService-0] INFO com.tonic.common.mobile.BasePage - 🔢 DIGIT MAPPED: '1' → Real keypad coordinates (431,1650) with 95% confidence
[TestNG-PoolService-0] INFO com.tonic.common.mobile.BasePage - 🔢 DIGIT MAPPED: '1' → Real keypad coordinates (431,1650) with 95% confidence
[TestNG-PoolService-0] INFO com.tonic.common.mobile.BasePage - 🔢 DIGIT MAPPED: '5' → Real keypad coordinates (539,1440) with 95% confidence
[TestNG-PoolService-0] INFO com.tonic.common.mobile.BasePage - 🔢 DIGIT MAPPED: '5' → Real keypad coordinates (539,1440) with 95% confidence
[TestNG-PoolService-0] INFO com.tonic.common.mobile.BasePage - 🔢 DIGIT MAPPED: '6' → Real keypad coordinates (647,1440) with 95% confidence
[TestNG-PoolService-0] INFO com.tonic.common.mobile.BasePage - 🔢 DIGIT MAPPED: '8' → Real keypad coordinates (539,1215) with 95% confidence
[TestNG-PoolService-0] INFO com.tonic.common.mobile.BasePage - 🔢 DIGIT MAPPED: '9' → Real keypad coordinates (647,1215) with 95% confidence
[TestNG-PoolService-0] INFO com.tonic.common.mobile.BasePage - 🔢 DIGIT MAPPED: '5' → Real keypad coordinates (539,1440) with 95% confidence
[TestNG-PoolService-0] INFO com.tonic.common.mobile.BasePage - 🔢 DIGIT MAPPED: '9' → Real keypad coordinates (647,1215) with 95% confidence
[TestNG-PoolService-0] INFO com.tonic.common.mobile.BasePage - 🔢 DIGIT MAPPED: '4' → Real keypad coordinates (439,1440) with 95% confidence
[TestNG-PoolService-0] INFO com.tonic.common.mobile.BasePage - 🔢 DIGIT MAPPED: '7' → Real keypad coordinates (427,1215) with 95% confidence
[TestNG-PoolService-0] INFO com.tonic.common.mobile.BasePage - 🔢 DIGIT MAPPED: '6' → Real keypad coordinates (647,1440) with 95% confidence
[TestNG-PoolService-0] INFO com.tonic.common.mobile.BasePage - 🔢 DIGIT MAPPED: '8' → Real keypad coordinates (539,1215) with 95% confidence
[TestNG-PoolService-0] INFO com.tonic.common.mobile.BasePage - 🔢 DIGIT MAPPED: '9' → Real keypad coordinates (647,1215) with 95% confidence
[TestNG-PoolService-0] INFO com.tonic.common.mobile.BasePage - 🔢 DIGIT MAPPED: '5' → Real keypad coordinates (539,1440) with 95% confidence
[TestNG-PoolService-0] INFO com.tonic.common.mobile.BasePage - 🔢 DIGIT MAPPED: '9' → Real keypad coordinates (647,1215) with 95% confidence
[TestNG-PoolService-0] INFO com.tonic.common.mobile.BasePage - 🔢 DIGIT MAPPED: '3' → Real keypad coordinates (647,1650) with 95% confidence
[TestNG-PoolService-0] INFO com.tonic.common.mobile.BasePage - 🔢 DIGIT MAPPED: '8' → Real keypad coordinates (539,1215) with 95% confidence
[TestNG-PoolService-0] INFO com.tonic.common.mobile.BasePage - 🔢 DIGIT MAPPED: '1' → Real keypad coordinates (431,1650) with 95% confidence
[TestNG-PoolService-0] INFO com.tonic.common.mobile.BasePage - 🔢 DIGIT MAPPED: '2' → Real keypad coordinates (539,1650) with 95% confidence
[TestNG-PoolService-0] INFO com.tonic.common.mobile.BasePage - 🔢 DIGIT MAPPED: '1' → Real keypad coordinates (431,1650) with 95% confidence
[TestNG-PoolService-0] INFO com.tonic.common.mobile.BasePage - 🔢 DIGIT MAPPED: '1' → Real keypad coordinates (431,1650) with 95% confidence
[TestNG-PoolService-0] INFO com.tonic.common.mobile.BasePage - 🔢 DIGIT MAPPED: '0' → Real keypad coordinates (439,1860) with 95% confidence
[TestNG-PoolService-0] INFO com.tonic.common.mobile.BasePage - 🔢 DIGIT MAPPED: '2' → Real keypad coordinates (539,1650) with 95% confidence
[TestNG-PoolService-0] INFO com.tonic.common.mobile.BasePage - 🔢 DIGIT MAPPED: '0' → Real keypad coordinates (439,1860) with 95% confidence
[TestNG-PoolService-0] INFO com.tonic.common.mobile.BasePage - 🔢 DIGIT MAPPED: '1' → Real keypad coordinates (431,1650) with 95% confidence
[TestNG-PoolService-0] INFO com.tonic.common.mobile.BasePage - 🔢 DIGIT MAPPED: '5' → Real keypad coordinates (539,1440) with 95% confidence
[TestNG-PoolService-0] INFO com.tonic.common.mobile.BasePage - 🔢 DIGIT MAPPED: '5' → Real keypad coordinates (539,1440) with 95% confidence
[TestNG-PoolService-0] INFO com.tonic.common.mobile.BasePage - 🔢 DIGIT MAPPED: '6' → Real keypad coordinates (647,1440) with 95% confidence
[TestNG-PoolService-0] INFO com.tonic.common.mobile.BasePage - 🔢 DIGIT MAPPED: '2' → Real keypad coordinates (539,1650) with 95% confidence
[TestNG-PoolService-0] INFO com.tonic.common.mobile.BasePage - 🔢 DIGIT MAPPED: '4' → Real keypad coordinates (439,1440) with 95% confidence
[TestNG-PoolService-0] INFO com.tonic.common.mobile.BasePage - 🔢 DIGIT MAPPED: '9' → Real keypad coordinates (647,1215) with 95% confidence
[TestNG-PoolService-0] INFO com.tonic.common.mobile.BasePage - 🔢 DIGIT MAPPED: '1' → Real keypad coordinates (431,1650) with 95% confidence
[TestNG-PoolService-0] INFO com.tonic.common.mobile.BasePage - 🔢 DIGIT MAPPED: '6' → Real keypad coordinates (647,1440) with 95% confidence
[TestNG-PoolService-0] INFO com.tonic.common.mobile.BasePage - 🔢 DIGIT MAPPED: '0' → Real keypad coordinates (439,1860) with 95% confidence
[TestNG-PoolService-0] INFO com.tonic.common.mobile.BasePage - 🔢 DIGIT MAPPED: '4' → Real keypad coordinates (439,1440) with 95% confidence
[TestNG-PoolService-0] INFO com.tonic.common.mobile.BasePage - 🔢 DIGIT MAPPED: '3' → Real keypad coordinates (647,1650) with 95% confidence
[TestNG-PoolService-0] INFO com.tonic.common.mobile.BasePage - 🔢 DIGIT MAPPED: '9' → Real keypad coordinates (647,1215) with 95% confidence
[TestNG-PoolService-0] INFO com.tonic.common.mobile.BasePage - 🔢 DIGIT MAPPED: '1' → Real keypad coordinates (431,1650) with 95% confidence
[TestNG-PoolService-0] INFO com.tonic.common.mobile.BasePage - 🔢 DIGIT MAPPED: '1' → Real keypad coordinates (431,1650) with 95% confidence
[TestNG-PoolService-0] INFO com.tonic.common.mobile.BasePage - 🔢 DIGIT MAPPED: '1' → Real keypad coordinates (431,1650) with 95% confidence
[TestNG-PoolService-0] INFO com.tonic.common.mobile.BasePage - 🔢 DIGIT MAPPED: '2' → Real keypad coordinates (539,1650) with 95% confidence
[TestNG-PoolService-0] INFO com.tonic.common.mobile.BasePage - 🔢 DIGIT MAPPED: '7' → Real keypad coordinates (427,1215) with 95% confidence
[TestNG-PoolService-0] INFO com.tonic.common.mobile.BasePage - 🔢 DIGIT MAPPED: '4' → Real keypad coordinates (439,1440) with 95% confidence
[TestNG-PoolService-0] INFO com.tonic.common.mobile.BasePage - 🔢 DIGIT MAPPED: '1' → Real keypad coordinates (431,1650) with 95% confidence
[TestNG-PoolService-0] INFO com.tonic.common.mobile.BasePage - 🔢 DIGIT MAPPED: '5' → Real keypad coordinates (539,1440) with 95% confidence
[TestNG-PoolService-0] INFO com.tonic.common.mobile.BasePage - 🔢 DIGIT MAPPED: '5' → Real keypad coordinates (539,1440) with 95% confidence
[TestNG-PoolService-0] INFO com.tonic.common.mobile.BasePage - 🔢 DIGIT MAPPED: '6' → Real keypad coordinates (647,1440) with 95% confidence
[TestNG-PoolService-0] INFO com.tonic.common.mobile.BasePage - 🔢 DIGIT MAPPED: '3' → Real keypad coordinates (647,1650) with 95% confidence
[TestNG-PoolService-0] INFO com.tonic.common.mobile.BasePage - 🔢 DIGIT MAPPED: '2' → Real keypad coordinates (539,1650) with 95% confidence
[TestNG-PoolService-0] INFO com.tonic.common.mobile.BasePage - 🔢 DIGIT MAPPED: '9' → Real keypad coordinates (647,1215) with 95% confidence
[TestNG-PoolService-0] INFO com.tonic.common.mobile.BasePage - 🔢 DIGIT MAPPED: '1' → Real keypad coordinates (431,1650) with 95% confidence
[TestNG-PoolService-0] INFO com.tonic.common.mobile.BasePage - 🔢 DIGIT MAPPED: '6' → Real keypad coordinates (647,1440) with 95% confidence
[TestNG-PoolService-0] INFO com.tonic.common.mobile.BasePage - 🔢 DIGIT MAPPED: '0' → Real keypad coordinates (439,1860) with 95% confidence
[TestNG-PoolService-0] INFO com.tonic.common.mobile.BasePage - 🔢 DIGIT MAPPED: '4' → Real keypad coordinates (439,1440) with 95% confidence
[TestNG-PoolService-0] INFO com.tonic.common.mobile.BasePage - 🔢 DIGIT MAPPED: '3' → Real keypad coordinates (647,1650) with 95% confidence
[TestNG-PoolService-0] INFO com.tonic.common.mobile.BasePage - 🔢 DIGIT MAPPED: '9' → Real keypad coordinates (647,1215) with 95% confidence
[TestNG-PoolService-0] INFO com.tonic.common.mobile.BasePage - 🔢 DIGIT MAPPED: '1' → Real keypad coordinates (431,1650) with 95% confidence
[TestNG-PoolService-0] INFO com.tonic.common.mobile.BasePage - 🔢 DIGIT MAPPED: '1' → Real keypad coordinates (431,1650) with 95% confidence
[TestNG-PoolService-0] INFO com.tonic.common.mobile.BasePage - 🔢 DIGIT MAPPED: '2' → Real keypad coordinates (539,1650) with 95% confidence
[TestNG-PoolService-0] INFO com.tonic.common.mobile.BasePage - 🔢 DIGIT MAPPED: '4' → Real keypad coordinates (439,1440) with 95% confidence
[TestNG-PoolService-0] INFO com.tonic.common.mobile.BasePage - 🔢 DIGIT MAPPED: '2' → Real keypad coordinates (539,1650) with 95% confidence
[TestNG-PoolService-0] INFO com.tonic.common.mobile.BasePage - 🔢 DIGIT MAPPED: '4' → Real keypad coordinates (439,1440) with 95% confidence
[TestNG-PoolService-0] INFO com.tonic.common.mobile.BasePage - 🔢 DIGIT MAPPED: '1' → Real keypad coordinates (431,1650) with 95% confidence
[TestNG-PoolService-0] INFO com.tonic.common.mobile.BasePage - 🔢 DIGIT MAPPED: '5' → Real keypad coordinates (539,1440) with 95% confidence
[TestNG-PoolService-0] INFO com.tonic.common.mobile.BasePage - 🔢 DIGIT MAPPED: '5' → Real keypad coordinates (539,1440) with 95% confidence
[TestNG-PoolService-0] INFO com.tonic.common.mobile.BasePage - 🔢 DIGIT MAPPED: '6' → Real keypad coordinates (647,1440) with 95% confidence
[TestNG-PoolService-0] INFO com.tonic.common.mobile.BasePage - 🔢 DIGIT MAPPED: '5' → Real keypad coordinates (539,1440) with 95% confidence
[TestNG-PoolService-0] INFO com.tonic.common.mobile.BasePage - 🔢 DIGIT MAPPED: '4' → Real keypad coordinates (439,1440) with 95% confidence
[TestNG-PoolService-0] INFO com.tonic.common.mobile.BasePage - 🔢 DIGIT MAPPED: '4' → Real keypad coordinates (439,1440) with 95% confidence
[TestNG-PoolService-0] INFO com.tonic.common.mobile.BasePage - 🔢 DIGIT MAPPED: '1' → Real keypad coordinates (431,1650) with 95% confidence
[TestNG-PoolService-0] INFO com.tonic.common.mobile.BasePage - 🔢 DIGIT MAPPED: '6' → Real keypad coordinates (647,1440) with 95% confidence
[TestNG-PoolService-0] INFO com.tonic.common.mobile.BasePage - 🔢 DIGIT MAPPED: '0' → Real keypad coordinates (439,1860) with 95% confidence
[TestNG-PoolService-0] INFO com.tonic.common.mobile.BasePage - 🔢 DIGIT MAPPED: '4' → Real keypad coordinates (439,1440) with 95% confidence
[TestNG-PoolService-0] INFO com.tonic.common.mobile.BasePage - 🔢 DIGIT MAPPED: '8' → Real keypad coordinates (539,1215) with 95% confidence
[TestNG-PoolService-0] INFO com.tonic.common.mobile.BasePage - 🔢 DIGIT MAPPED: '3' → Real keypad coordinates (647,1650) with 95% confidence
[TestNG-PoolService-0] INFO com.tonic.common.mobile.BasePage - 🔢 DIGIT MAPPED: '0' → Real keypad coordinates (439,1860) with 95% confidence
[TestNG-PoolService-0] INFO com.tonic.common.mobile.BasePage - 🔢 DIGIT MAPPED: '0' → Real keypad coordinates (439,1860) with 95% confidence
[TestNG-PoolService-0] INFO com.tonic.common.mobile.BasePage - 🔢 DIGIT MAPPED: '0' → Real keypad coordinates (439,1860) with 95% confidence
[TestNG-PoolService-0] INFO com.tonic.common.mobile.BasePage - 🔢 DIGIT MAPPED: '1' → Real keypad coordinates (431,1650) with 95% confidence
[TestNG-PoolService-0] INFO com.tonic.common.mobile.BasePage - 🔢 DIGIT MAPPED: '1' → Real keypad coordinates (431,1650) with 95% confidence
[TestNG-PoolService-0] INFO com.tonic.common.mobile.BasePage - 🔢 DIGIT MAPPED: '3' → Real keypad coordinates (647,1650) with 95% confidence
[TestNG-PoolService-0] INFO com.tonic.common.mobile.BasePage - 🔢 DIGIT MAPPED: '6' → Real keypad coordinates (647,1440) with 95% confidence
[TestNG-PoolService-0] INFO com.tonic.common.mobile.BasePage - 🔢 DIGIT MAPPED: '4' → Real keypad coordinates (439,1440) with 95% confidence
[TestNG-PoolService-0] INFO com.tonic.common.mobile.BasePage - 🔢 DIGIT MAPPED: '0' → Real keypad coordinates (439,1860) with 95% confidence
[TestNG-PoolService-0] INFO com.tonic.common.mobile.BasePage - 🔢 DIGIT MAPPED: '1' → Real keypad coordinates (431,1650) with 95% confidence
[TestNG-PoolService-0] INFO com.tonic.common.mobile.BasePage - 🔢 DIGIT MAPPED: '5' → Real keypad coordinates (539,1440) with 95% confidence
[TestNG-PoolService-0] INFO com.tonic.common.mobile.BasePage - 🔢 DIGIT MAPPED: '5' → Real keypad coordinates (539,1440) with 95% confidence
[TestNG-PoolService-0] INFO com.tonic.common.mobile.BasePage - 🔢 DIGIT MAPPED: '6' → Real keypad coordinates (647,1440) with 95% confidence
[TestNG-PoolService-0] INFO com.tonic.common.mobile.BasePage - 🔢 DIGIT MAPPED: '9' → Real keypad coordinates (647,1215) with 95% confidence
[TestNG-PoolService-0] INFO com.tonic.common.mobile.BasePage - 🔢 DIGIT MAPPED: '4' → Real keypad coordinates (439,1440) with 95% confidence
[TestNG-PoolService-0] INFO com.tonic.common.mobile.BasePage - 🔢 DIGIT MAPPED: '9' → Real keypad coordinates (647,1215) with 95% confidence
[TestNG-PoolService-0] INFO com.tonic.common.mobile.BasePage - 🔢 DIGIT MAPPED: '1' → Real keypad coordinates (431,1650) with 95% confidence
[TestNG-PoolService-0] INFO com.tonic.common.mobile.BasePage - 🔢 DIGIT MAPPED: '6' → Real keypad coordinates (647,1440) with 95% confidence
[TestNG-PoolService-0] INFO com.tonic.common.mobile.BasePage - 🔢 DIGIT MAPPED: '0' → Real keypad coordinates (439,1860) with 95% confidence
[TestNG-PoolService-0] INFO com.tonic.common.mobile.BasePage - 🔢 DIGIT MAPPED: '4' → Real keypad coordinates (439,1440) with 95% confidence
[TestNG-PoolService-0] INFO com.tonic.common.mobile.BasePage - 🔢 DIGIT MAPPED: '9' → Real keypad coordinates (647,1215) with 95% confidence
[TestNG-PoolService-0] INFO com.tonic.common.mobile.BasePage - 🔢 DIGIT MAPPED: '0' → Real keypad coordinates (439,1860) with 95% confidence
[TestNG-PoolService-0] INFO com.tonic.common.mobile.BasePage - 🔢 DIGIT MAPPED: '1' → Real keypad coordinates (431,1650) with 95% confidence
[TestNG-PoolService-0] INFO com.tonic.common.mobile.BasePage - 🔢 DIGIT MAPPED: '1' → Real keypad coordinates (431,1650) with 95% confidence
[TestNG-PoolService-0] INFO com.tonic.common.mobile.BasePage - 🔢 DIGIT MAPPED: '4' → Real keypad coordinates (439,1440) with 95% confidence
[TestNG-PoolService-0] INFO com.tonic.common.mobile.BasePage - 🔢 DIGIT MAPPED: '1' → Real keypad coordinates (431,1650) with 95% confidence
[TestNG-PoolService-0] INFO com.tonic.common.mobile.BasePage - 🔢 DIGIT MAPPED: '0' → Real keypad coordinates (439,1860) with 95% confidence
[TestNG-PoolService-0] INFO com.tonic.common.mobile.BasePage - 🔢 DIGIT MAPPED: '4' → Real keypad coordinates (439,1440) with 95% confidence
[TestNG-PoolService-0] INFO com.tonic.common.mobile.BasePage - 🔢 DIGIT MAPPED: '4' → Real keypad coordinates (439,1440) with 95% confidence
[TestNG-PoolService-0] INFO com.tonic.common.mobile.BasePage - 🔢 DIGIT MAPPED: '1' → Real keypad coordinates (431,1650) with 95% confidence
[TestNG-PoolService-0] INFO com.tonic.common.mobile.BasePage - 🔢 DIGIT MAPPED: '5' → Real keypad coordinates (539,1440) with 95% confidence
[TestNG-PoolService-0] INFO com.tonic.common.mobile.BasePage - 🔢 DIGIT MAPPED: '5' → Real keypad coordinates (539,1440) with 95% confidence
[TestNG-PoolService-0] INFO com.tonic.common.mobile.BasePage - 🔢 DIGIT MAPPED: '6' → Real keypad coordinates (647,1440) with 95% confidence
[TestNG-PoolService-0] INFO com.tonic.common.mobile.BasePage - 🔢 DIGIT MAPPED: '1' → Real keypad coordinates (431,1650) with 95% confidence
[TestNG-PoolService-0] INFO com.tonic.common.mobile.BasePage - 🔢 DIGIT MAPPED: '1' → Real keypad coordinates (431,1650) with 95% confidence
[TestNG-PoolService-0] INFO com.tonic.common.mobile.BasePage - 🔢 DIGIT MAPPED: '6' → Real keypad coordinates (647,1440) with 95% confidence
[TestNG-PoolService-0] INFO com.tonic.common.mobile.BasePage - 🔢 DIGIT MAPPED: '4' → Real keypad coordinates (439,1440) with 95% confidence
[TestNG-PoolService-0] INFO com.tonic.common.mobile.BasePage - 🔢 DIGIT MAPPED: '1' → Real keypad coordinates (431,1650) with 95% confidence
[TestNG-PoolService-0] INFO com.tonic.common.mobile.BasePage - 🔢 DIGIT MAPPED: '6' → Real keypad coordinates (647,1440) with 95% confidence
[TestNG-PoolService-0] INFO com.tonic.common.mobile.BasePage - 🔢 DIGIT MAPPED: '0' → Real keypad coordinates (439,1860) with 95% confidence
[TestNG-PoolService-0] INFO com.tonic.common.mobile.BasePage - 🔢 DIGIT MAPPED: '4' → Real keypad coordinates (439,1440) with 95% confidence
[TestNG-PoolService-0] INFO com.tonic.common.mobile.BasePage - 🔢 DIGIT MAPPED: '9' → Real keypad coordinates (647,1215) with 95% confidence
[TestNG-PoolService-0] INFO com.tonic.common.mobile.BasePage - 🔢 DIGIT MAPPED: '5' → Real keypad coordinates (539,1440) with 95% confidence
[TestNG-PoolService-0] INFO com.tonic.common.mobile.BasePage - 🔢 DIGIT MAPPED: '0' → Real keypad coordinates (439,1860) with 95% confidence
[TestNG-PoolService-0] INFO com.tonic.common.mobile.BasePage - 🔢 DIGIT MAPPED: '0' → Real keypad coordinates (439,1860) with 95% confidence
[TestNG-PoolService-0] INFO com.tonic.common.mobile.BasePage - 🔢 DIGIT MAPPED: '0' → Real keypad coordinates (439,1860) with 95% confidence
[TestNG-PoolService-0] INFO com.tonic.common.mobile.BasePage - 🔢 DIGIT MAPPED: '1' → Real keypad coordinates (431,1650) with 95% confidence
[TestNG-PoolService-0] INFO com.tonic.common.mobile.BasePage - 🔢 DIGIT MAPPED: '4' → Real keypad coordinates (439,1440) with 95% confidence
[TestNG-PoolService-0] INFO com.tonic.common.mobile.BasePage - 🔢 DIGIT MAPPED: '0' → Real keypad coordinates (439,1860) with 95% confidence
[TestNG-PoolService-0] INFO com.tonic.common.mobile.BasePage - 🔢 DIGIT MAPPED: '2' → Real keypad coordinates (539,1650) with 95% confidence
[TestNG-PoolService-0] INFO com.tonic.common.mobile.BasePage - 🔢 DIGIT MAPPED: '7' → Real keypad coordinates (427,1215) with 95% confidence
[TestNG-PoolService-0] INFO com.tonic.common.mobile.BasePage - 🔢 DIGIT MAPPED: '8' → Real keypad coordinates (539,1215) with 95% confidence
[TestNG-PoolService-0] INFO com.tonic.common.mobile.BasePage - 🔢 DIGIT MAPPED: '4' → Real keypad coordinates (439,1440) with 95% confidence
[TestNG-PoolService-0] INFO com.tonic.common.mobile.BasePage - 🔢 DIGIT MAPPED: '1' → Real keypad coordinates (431,1650) with 95% confidence
[TestNG-PoolService-0] INFO com.tonic.common.mobile.BasePage - 🔢 DIGIT MAPPED: '2' → Real keypad coordinates (539,1650) with 95% confidence
[TestNG-PoolService-0] INFO com.tonic.common.mobile.BasePage - 🔢 DIGIT MAPPED: '8' → Real keypad coordinates (539,1215) with 95% confidence
[TestNG-PoolService-0] INFO com.tonic.common.mobile.BasePage - 🔢 DIGIT MAPPED: '0' → Real keypad coordinates (439,1860) with 95% confidence
[TestNG-PoolService-0] INFO com.tonic.common.mobile.BasePage - 🔢 DIGIT MAPPED: '2' → Real keypad coordinates (539,1650) with 95% confidence
[TestNG-PoolService-0] INFO com.tonic.common.mobile.BasePage - 🔢 DIGIT MAPPED: '8' → Real keypad coordinates (539,1215) with 95% confidence
[TestNG-PoolService-0] INFO com.tonic.common.mobile.BasePage - 🔢 DIGIT MAPPED: '5' → Real keypad coordinates (539,1440) with 95% confidence
[TestNG-PoolService-0] INFO com.tonic.common.mobile.BasePage - 🔢 DIGIT MAPPED: '6' → Real keypad coordinates (647,1440) with 95% confidence
[TestNG-PoolService-0] INFO com.tonic.common.mobile.BasePage - 🔢 DIGIT MAPPED: '0' → Real keypad coordinates (439,1860) with 95% confidence
[TestNG-PoolService-0] INFO com.tonic.common.mobile.BasePage - 🔢 DIGIT MAPPED: '0' → Real keypad coordinates (439,1860) with 95% confidence
[TestNG-PoolService-0] INFO com.tonic.common.mobile.BasePage - 🔢 DIGIT MAPPED: '8' → Real keypad coordinates (539,1215) with 95% confidence
[TestNG-PoolService-0] INFO com.tonic.common.mobile.BasePage - 🔢 DIGIT MAPPED: '3' → Real keypad coordinates (647,1650) with 95% confidence
[TestNG-PoolService-0] INFO com.tonic.common.mobile.BasePage - 🔢 DIGIT MAPPED: '3' → Real keypad coordinates (647,1650) with 95% confidence
[TestNG-PoolService-0] INFO com.tonic.common.mobile.BasePage - 🔢 DIGIT MAPPED: '5' → Real keypad coordinates (539,1440) with 95% confidence
[TestNG-PoolService-0] INFO com.tonic.common.mobile.BasePage - 🔢 DIGIT MAPPED: '5' → Real keypad coordinates (539,1440) with 95% confidence
[TestNG-PoolService-0] INFO com.tonic.common.mobile.BasePage - 🔢 DIGIT MAPPED: '2' → Real keypad coordinates (539,1650) with 95% confidence
[TestNG-PoolService-0] INFO com.tonic.common.mobile.BasePage - 🔢 DIGIT MAPPED: '6' → Real keypad coordinates (647,1440) with 95% confidence
[TestNG-PoolService-0] INFO com.tonic.common.mobile.BasePage - 🔢 DIGIT MAPPED: '3' → Real keypad coordinates (647,1650) with 95% confidence
[TestNG-PoolService-0] INFO com.tonic.common.mobile.BasePage - 🔢 DIGIT MAPPED: '1' → Real keypad coordinates (431,1650) with 95% confidence
[TestNG-PoolService-0] INFO com.tonic.common.mobile.BasePage - 🔢 DIGIT MAPPED: '1' → Real keypad coordinates (431,1650) with 95% confidence
[TestNG-PoolService-0] INFO com.tonic.common.mobile.BasePage - 🔢 DIGIT MAPPED: '3' → Real keypad coordinates (647,1650) with 95% confidence
[TestNG-PoolService-0] INFO com.tonic.common.mobile.BasePage - 🔢 DIGIT MAPPED: '5' → Real keypad coordinates (539,1440) with 95% confidence
[TestNG-PoolService-0] INFO com.tonic.common.mobile.BasePage - 🔢 DIGIT MAPPED: '5' → Real keypad coordinates (539,1440) with 95% confidence
[TestNG-PoolService-0] INFO com.tonic.common.mobile.BasePage - 🔢 DIGIT MAPPED: '2' → Real keypad coordinates (539,1650) with 95% confidence
[TestNG-PoolService-0] INFO com.tonic.common.mobile.BasePage - 🔢 DIGIT MAPPED: '6' → Real keypad coordinates (647,1440) with 95% confidence
[TestNG-PoolService-0] INFO com.tonic.common.mobile.BasePage - 🔢 DIGIT MAPPED: '1' → Real keypad coordinates (431,1650) with 95% confidence
[TestNG-PoolService-0] INFO com.tonic.common.mobile.BasePage - 🔢 DIGIT MAPPED: '1' → Real keypad coordinates (431,1650) with 95% confidence
[TestNG-PoolService-0] INFO com.tonic.common.mobile.BasePage - 🔢 DIGIT MAPPED: '8' → Real keypad coordinates (539,1215) with 95% confidence
[TestNG-PoolService-0] INFO com.tonic.common.mobile.BasePage - 🔢 DIGIT MAPPED: '8' → Real keypad coordinates (539,1215) with 95% confidence
[TestNG-PoolService-0] INFO com.tonic.common.mobile.BasePage - 🔢 DIGIT MAPPED: '3' → Real keypad coordinates (647,1650) with 95% confidence
[TestNG-PoolService-0] INFO com.tonic.common.mobile.BasePage - 🔢 DIGIT MAPPED: '8' → Real keypad coordinates (539,1215) with 95% confidence
[TestNG-PoolService-0] INFO com.tonic.common.mobile.BasePage - 🔢 DIGIT MAPPED: '6' → Real keypad coordinates (647,1440) with 95% confidence
[TestNG-PoolService-0] INFO com.tonic.common.mobile.BasePage - 🔢 DIGIT MAPPED: '2' → Real keypad coordinates (539,1650) with 95% confidence
[TestNG-PoolService-0] INFO com.tonic.common.mobile.BasePage - 🔢 DIGIT MAPPED: '1' → Real keypad coordinates (431,1650) with 95% confidence
[TestNG-PoolService-0] INFO com.tonic.common.mobile.BasePage - 🔢 DIGIT MAPPED: '1' → Real keypad coordinates (431,1650) with 95% confidence
[TestNG-PoolService-0] INFO com.tonic.common.mobile.BasePage - 🔢 DIGIT MAPPED: '1' → Real keypad coordinates (431,1650) with 95% confidence
[TestNG-PoolService-0] INFO com.tonic.common.mobile.BasePage - 🔢 DIGIT MAPPED: '5' → Real keypad coordinates (539,1440) with 95% confidence
[TestNG-PoolService-0] INFO com.tonic.common.mobile.BasePage - 🔢 DIGIT MAPPED: '0' → Real keypad coordinates (439,1860) with 95% confidence
[TestNG-PoolService-0] INFO com.tonic.common.mobile.BasePage - 🔢 DIGIT MAPPED: '2' → Real keypad coordinates (539,1650) with 95% confidence
[TestNG-PoolService-0] INFO com.tonic.common.mobile.BasePage - 🔢 DIGIT MAPPED: '7' → Real keypad coordinates (427,1215) with 95% confidence
[TestNG-PoolService-0] INFO com.tonic.common.mobile.BasePage - 🔢 DIGIT MAPPED: '8' → Real keypad coordinates (539,1215) with 95% confidence
[TestNG-PoolService-0] INFO com.tonic.common.mobile.BasePage - 🔢 DIGIT MAPPED: '4' → Real keypad coordinates (439,1440) with 95% confidence
[TestNG-PoolService-0] INFO com.tonic.common.mobile.BasePage - 🔢 DIGIT MAPPED: '1' → Real keypad coordinates (431,1650) with 95% confidence
[TestNG-PoolService-0] INFO com.tonic.common.mobile.BasePage - 🔢 DIGIT MAPPED: '2' → Real keypad coordinates (539,1650) with 95% confidence
[TestNG-PoolService-0] INFO com.tonic.common.mobile.BasePage - 🔢 DIGIT MAPPED: '8' → Real keypad coordinates (539,1215) with 95% confidence
[TestNG-PoolService-0] INFO com.tonic.common.mobile.BasePage - 🔢 DIGIT MAPPED: '0' → Real keypad coordinates (439,1860) with 95% confidence
[TestNG-PoolService-0] INFO com.tonic.common.mobile.BasePage - 🔢 DIGIT MAPPED: '2' → Real keypad coordinates (539,1650) with 95% confidence
[TestNG-PoolService-0] INFO com.tonic.common.mobile.BasePage - 🔢 DIGIT MAPPED: '8' → Real keypad coordinates (539,1215) with 95% confidence
[TestNG-PoolService-0] INFO com.tonic.common.mobile.BasePage - 🔢 DIGIT MAPPED: '5' → Real keypad coordinates (539,1440) with 95% confidence
[TestNG-PoolService-0] INFO com.tonic.common.mobile.BasePage - 🔢 DIGIT MAPPED: '6' → Real keypad coordinates (647,1440) with 95% confidence
[TestNG-PoolService-0] INFO com.tonic.common.mobile.BasePage - 🔢 DIGIT MAPPED: '3' → Real keypad coordinates (647,1650) with 95% confidence
[TestNG-PoolService-0] INFO com.tonic.common.mobile.BasePage - 🔢 DIGIT MAPPED: '5' → Real keypad coordinates (539,1440) with 95% confidence
[TestNG-PoolService-0] INFO com.tonic.common.mobile.BasePage - ✅ INTELLIGENT MAPPING: Successfully mapped 470 elements to real coordinates
[TestNG-PoolService-0] INFO com.tonic.common.mobile.BasePage - Generated 470 OCR elements with intelligent coordinate mapping
[TestNG-PoolService-0] INFO com.tonic.stepDefinitions.mobile.MobileLoginOCRSteps - MOBILE OCR LOGIN: ✅ Login success detected - found: '3'
[TestNG-PoolService-0] INFO com.tonic.stepDefinitions.mobile.MobileLoginOCRSteps - MOBILE OCR LOGIN: Login verification completed
[TestNG-PoolService-0] INFO com.tonic.stepDefinitions.mobile.MobileLoginOCRSteps - === MOBILE OCR LOGIN: Taking post-login screenshot ===
[TestNG-PoolService-0] INFO com.tonic.common.mobile.BasePage - Screenshot saved successfully: screenshots/Mobile_Login_Post_Login_OCR_1754640169458.png
[TestNG-PoolService-0] INFO com.tonic.stepDefinitions.mobile.MobileLoginOCRSteps - MOBILE OCR LOGIN: Post-login screenshot captured: screenshots/Mobile_Login_Post_Login_OCR_1754640169458.png
]]></system-err>
  </testcase>
</testsuite>