<?xml version="1.0" encoding="UTF-8"?>
<!-- Generated by org.testng.reporters.JUnitReportReporter -->
<testsuite hostname="Gauravs-MacBook-Air-V.local" failures="0" tests="1" name="com.tonic.tests.web.LoginTest" time="3.973" errors="0" timestamp="2025-05-23T19:26:01 AEST" skipped="0">
  <testcase classname="com.tonic.tests.web.LoginTest" name="loginWithValidCredentials" time="3.973"/>
</testsuite> <!-- com.tonic.tests.web.LoginTest -->
